<?xml version="1.0" encoding="UTF-8"?>
<testsuite xmlns:xsi="http://www.w3.org/2001/XMLSchema-instance" xsi:noNamespaceSchemaLocation="https://maven.apache.org/surefire/maven-surefire-plugin/xsd/surefire-test-report-3.0.xsd" version="3.0" name="TestSuite" time="83.416" tests="4" errors="0" skipped="2" failures="1">
  <properties>
    <property name="sun.desktop" value="windows"/>
    <property name="awt.toolkit" value="sun.awt.windows.WToolkit"/>
    <property name="java.specification.version" value="11"/>
    <property name="webdriver.chrome.driver" value="C:\Users\Haideruzzaman\.cache\selenium\chromedriver\win32\89.0.4389.23\chromedriver.exe"/>
    <property name="sun.cpu.isalist" value="amd64"/>
    <property name="sun.jnu.encoding" value="Cp1252"/>
    <property name="java.class.path" value="C:\Development\JavaProject_AWS\target\test-classes;C:\Development\JavaProject_AWS\target\classes;C:\Users\Haideruzzaman\.m2\repository\org\seleniumhq\selenium\selenium-java\3.141.59\selenium-java-3.141.59.jar;C:\Users\Haideruzzaman\.m2\repository\org\seleniumhq\selenium\selenium-api\3.141.59\selenium-api-3.141.59.jar;C:\Users\Haideruzzaman\.m2\repository\org\seleniumhq\selenium\selenium-chrome-driver\3.141.59\selenium-chrome-driver-3.141.59.jar;C:\Users\Haideruzzaman\.m2\repository\org\seleniumhq\selenium\selenium-edge-driver\3.141.59\selenium-edge-driver-3.141.59.jar;C:\Users\Haideruzzaman\.m2\repository\org\seleniumhq\selenium\selenium-firefox-driver\3.141.59\selenium-firefox-driver-3.141.59.jar;C:\Users\Haideruzzaman\.m2\repository\org\seleniumhq\selenium\selenium-ie-driver\3.141.59\selenium-ie-driver-3.141.59.jar;C:\Users\Haideruzzaman\.m2\repository\org\seleniumhq\selenium\selenium-opera-driver\3.141.59\selenium-opera-driver-3.141.59.jar;C:\Users\Haideruzzaman\.m2\repository\org\seleniumhq\selenium\selenium-remote-driver\3.141.59\selenium-remote-driver-3.141.59.jar;C:\Users\Haideruzzaman\.m2\repository\org\seleniumhq\selenium\selenium-safari-driver\3.141.59\selenium-safari-driver-3.141.59.jar;C:\Users\Haideruzzaman\.m2\repository\org\seleniumhq\selenium\selenium-support\3.141.59\selenium-support-3.141.59.jar;C:\Users\Haideruzzaman\.m2\repository\net\bytebuddy\byte-buddy\1.8.15\byte-buddy-1.8.15.jar;C:\Users\Haideruzzaman\.m2\repository\org\apache\commons\commons-exec\1.3\commons-exec-1.3.jar;C:\Users\Haideruzzaman\.m2\repository\com\google\guava\guava\25.0-jre\guava-25.0-jre.jar;C:\Users\Haideruzzaman\.m2\repository\com\google\code\findbugs\jsr305\1.3.9\jsr305-1.3.9.jar;C:\Users\Haideruzzaman\.m2\repository\org\checkerframework\checker-compat-qual\2.0.0\checker-compat-qual-2.0.0.jar;C:\Users\Haideruzzaman\.m2\repository\com\google\errorprone\error_prone_annotations\2.1.3\error_prone_annotations-2.1.3.jar;C:\Users\Haideruzzaman\.m2\repository\com\google\j2objc\j2objc-annotations\1.1\j2objc-annotations-1.1.jar;C:\Users\Haideruzzaman\.m2\repository\org\codehaus\mojo\animal-sniffer-annotations\1.14\animal-sniffer-annotations-1.14.jar;C:\Users\Haideruzzaman\.m2\repository\com\squareup\okhttp3\okhttp\3.11.0\okhttp-3.11.0.jar;C:\Users\Haideruzzaman\.m2\repository\com\squareup\okio\okio\1.14.0\okio-1.14.0.jar;C:\Users\Haideruzzaman\.m2\repository\io\github\bonigarcia\webdrivermanager\4.3.1\webdrivermanager-4.3.1.jar;C:\Users\Haideruzzaman\.m2\repository\org\slf4j\slf4j-api\1.7.30\slf4j-api-1.7.30.jar;C:\Users\Haideruzzaman\.m2\repository\commons-io\commons-io\2.8.0\commons-io-2.8.0.jar;C:\Users\Haideruzzaman\.m2\repository\com\google\code\gson\gson\2.8.6\gson-2.8.6.jar;C:\Users\Haideruzzaman\.m2\repository\org\apache\commons\commons-lang3\3.11\commons-lang3-3.11.jar;C:\Users\Haideruzzaman\.m2\repository\org\apache\httpcomponents\client5\httpclient5\5.0.3\httpclient5-5.0.3.jar;C:\Users\Haideruzzaman\.m2\repository\org\apache\httpcomponents\core5\httpcore5\5.0.2\httpcore5-5.0.2.jar;C:\Users\Haideruzzaman\.m2\repository\org\apache\httpcomponents\core5\httpcore5-h2\5.0.2\httpcore5-h2-5.0.2.jar;C:\Users\Haideruzzaman\.m2\repository\commons-codec\commons-codec\1.13\commons-codec-1.13.jar;C:\Users\Haideruzzaman\.m2\repository\org\rauschig\jarchivelib\1.1.0\jarchivelib-1.1.0.jar;C:\Users\Haideruzzaman\.m2\repository\org\jsoup\jsoup\1.13.1\jsoup-1.13.1.jar;C:\Users\Haideruzzaman\.m2\repository\org\testng\testng\7.3.0\testng-7.3.0.jar;C:\Users\Haideruzzaman\.m2\repository\com\beust\jcommander\1.78\jcommander-1.78.jar;C:\Users\Haideruzzaman\.m2\repository\org\apache\ant\ant\1.10.3\ant-1.10.3.jar;C:\Users\Haideruzzaman\.m2\repository\org\apache\ant\ant-launcher\1.10.3\ant-launcher-1.10.3.jar;C:\Users\Haideruzzaman\.m2\repository\junit\junit\4.12\junit-4.12.jar;C:\Users\Haideruzzaman\.m2\repository\org\hamcrest\hamcrest-core\1.3\hamcrest-core-1.3.jar;C:\Users\Haideruzzaman\.m2\repository\com\google\inject\guice\4.2.2\guice-4.2.2-no_aop.jar;C:\Users\Haideruzzaman\.m2\repository\javax\inject\javax.inject\1\javax.inject-1.jar;C:\Users\Haideruzzaman\.m2\repository\aopalliance\aopalliance\1.0\aopalliance-1.0.jar;C:\Users\Haideruzzaman\.m2\repository\org\yaml\snakeyaml\1.21\snakeyaml-1.21.jar;C:\Users\Haideruzzaman\.m2\repository\org\apache\maven\plugins\maven-surefire-plugin\3.0.0-M5\maven-surefire-plugin-3.0.0-M5.jar;C:\Users\Haideruzzaman\.m2\repository\org\apache\maven\surefire\maven-surefire-common\3.0.0-M5\maven-surefire-common-3.0.0-M5.jar;C:\Users\Haideruzzaman\.m2\repository\org\apache\maven\surefire\surefire-api\3.0.0-M5\surefire-api-3.0.0-M5.jar;C:\Users\Haideruzzaman\.m2\repository\org\apache\maven\surefire\surefire-logger-api\3.0.0-M5\surefire-logger-api-3.0.0-M5.jar;C:\Users\Haideruzzaman\.m2\repository\org\apache\maven\surefire\surefire-extensions-api\3.0.0-M5\surefire-extensions-api-3.0.0-M5.jar;C:\Users\Haideruzzaman\.m2\repository\org\apache\maven\surefire\surefire-booter\3.0.0-M5\surefire-booter-3.0.0-M5.jar;C:\Users\Haideruzzaman\.m2\repository\org\apache\maven\surefire\surefire-extensions-spi\3.0.0-M5\surefire-extensions-spi-3.0.0-M5.jar;C:\Users\Haideruzzaman\.m2\repository\org\apache\maven\maven-toolchain\3.0-alpha-2\maven-toolchain-3.0-alpha-2.jar;C:\Users\Haideruzzaman\.m2\repository\org\apache\maven\shared\maven-artifact-transfer\0.11.0\maven-artifact-transfer-0.11.0.jar;C:\Users\Haideruzzaman\.m2\repository\org\apache\maven\shared\maven-common-artifact-filters\3.0.1\maven-common-artifact-filters-3.0.1.jar;C:\Users\Haideruzzaman\.m2\repository\org\apache\maven\maven-model\3.0\maven-model-3.0.jar;C:\Users\Haideruzzaman\.m2\repository\org\apache\maven\maven-plugin-api\3.0\maven-plugin-api-3.0.jar;C:\Users\Haideruzzaman\.m2\repository\org\sonatype\sisu\sisu-inject-plexus\1.4.2\sisu-inject-plexus-1.4.2.jar;C:\Users\Haideruzzaman\.m2\repository\org\codehaus\plexus\plexus-classworlds\2.2.3\plexus-classworlds-2.2.3.jar;C:\Users\Haideruzzaman\.m2\repository\org\sonatype\sisu\sisu-inject-bean\1.4.2\sisu-inject-bean-1.4.2.jar;C:\Users\Haideruzzaman\.m2\repository\org\sonatype\sisu\sisu-guice\2.1.7\sisu-guice-2.1.7-noaop.jar;C:\Users\Haideruzzaman\.m2\repository\org\apache\maven\shared\maven-shared-utils\3.1.0\maven-shared-utils-3.1.0.jar;C:\Users\Haideruzzaman\.m2\repository\org\codehaus\plexus\plexus-java\1.0.5\plexus-java-1.0.5.jar;C:\Users\Haideruzzaman\.m2\repository\org\ow2\asm\asm\7.2\asm-7.2.jar;C:\Users\Haideruzzaman\.m2\repository\com\thoughtworks\qdox\qdox\2.0-M9\qdox-2.0-M9.jar;C:\Users\Haideruzzaman\.m2\repository\org\apache\maven\surefire\surefire-shared-utils\3.0.0-M4\surefire-shared-utils-3.0.0-M4.jar;C:\Users\Haideruzzaman\.m2\repository\org\apache\logging\log4j\log4j-api\2.14.0\log4j-api-2.14.0.jar;C:\Users\Haideruzzaman\.m2\repository\org\apache\logging\log4j\log4j-core\2.14.0\log4j-core-2.14.0.jar;C:\Users\Haideruzzaman\.m2\repository\org\apache\poi\poi-ooxml\5.0.0\poi-ooxml-5.0.0.jar;C:\Users\Haideruzzaman\.m2\repository\org\apache\poi\poi\5.0.0\poi-5.0.0.jar;C:\Users\Haideruzzaman\.m2\repository\org\slf4j\jcl-over-slf4j\1.7.30\jcl-over-slf4j-1.7.30.jar;C:\Users\Haideruzzaman\.m2\repository\org\apache\commons\commons-collections4\4.4\commons-collections4-4.4.jar;C:\Users\Haideruzzaman\.m2\repository\org\apache\commons\commons-math3\3.6.1\commons-math3-3.6.1.jar;C:\Users\Haideruzzaman\.m2\repository\com\zaxxer\SparseBitSet\1.2\SparseBitSet-1.2.jar;C:\Users\Haideruzzaman\.m2\repository\org\apache\poi\poi-ooxml-lite\5.0.0\poi-ooxml-lite-5.0.0.jar;C:\Users\Haideruzzaman\.m2\repository\org\apache\xmlbeans\xmlbeans\4.0.0\xmlbeans-4.0.0.jar;C:\Users\Haideruzzaman\.m2\repository\org\apache\commons\commons-compress\1.20\commons-compress-1.20.jar;C:\Users\Haideruzzaman\.m2\repository\com\github\virtuald\curvesapi\1.06\curvesapi-1.06.jar;C:\Users\Haideruzzaman\.m2\repository\org\bouncycastle\bcpkix-jdk15on\1.68\bcpkix-jdk15on-1.68.jar;C:\Users\Haideruzzaman\.m2\repository\org\bouncycastle\bcprov-jdk15on\1.68\bcprov-jdk15on-1.68.jar;C:\Users\Haideruzzaman\.m2\repository\org\apache\santuario\xmlsec\2.2.1\xmlsec-2.2.1.jar;C:\Users\Haideruzzaman\.m2\repository\com\fasterxml\woodstox\woodstox-core\5.2.1\woodstox-core-5.2.1.jar;C:\Users\Haideruzzaman\.m2\repository\org\codehaus\woodstox\stax2-api\4.2\stax2-api-4.2.jar;C:\Users\Haideruzzaman\.m2\repository\jakarta\xml\bind\jakarta.xml.bind-api\2.3.2\jakarta.xml.bind-api-2.3.2.jar;C:\Users\Haideruzzaman\.m2\repository\jakarta\activation\jakarta.activation-api\1.2.1\jakarta.activation-api-1.2.1.jar;C:\Users\Haideruzzaman\.m2\repository\org\apache\xmlgraphics\batik-all\1.13\batik-all-1.13.jar;C:\Users\Haideruzzaman\.m2\repository\org\apache\xmlgraphics\batik-anim\1.13\batik-anim-1.13.jar;C:\Users\Haideruzzaman\.m2\repository\org\apache\xmlgraphics\batik-shared-resources\1.13\batik-shared-resources-1.13.jar;C:\Users\Haideruzzaman\.m2\repository\xml-apis\xml-apis-ext\1.3.04\xml-apis-ext-1.3.04.jar;C:\Users\Haideruzzaman\.m2\repository\org\apache\xmlgraphics\batik-awt-util\1.13\batik-awt-util-1.13.jar;C:\Users\Haideruzzaman\.m2\repository\org\apache\xmlgraphics\xmlgraphics-commons\2.4\xmlgraphics-commons-2.4.jar;C:\Users\Haideruzzaman\.m2\repository\org\apache\xmlgraphics\batik-bridge\1.13\batik-bridge-1.13.jar;C:\Users\Haideruzzaman\.m2\repository\org\apache\xmlgraphics\batik-codec\1.13\batik-codec-1.13.jar;C:\Users\Haideruzzaman\.m2\repository\org\apache\xmlgraphics\batik-constants\1.13\batik-constants-1.13.jar;C:\Users\Haideruzzaman\.m2\repository\org\apache\xmlgraphics\batik-css\1.13\batik-css-1.13.jar;C:\Users\Haideruzzaman\.m2\repository\org\apache\xmlgraphics\batik-dom\1.13\batik-dom-1.13.jar;C:\Users\Haideruzzaman\.m2\repository\xalan\xalan\2.7.2\xalan-2.7.2.jar;C:\Users\Haideruzzaman\.m2\repository\xalan\serializer\2.7.2\serializer-2.7.2.jar;C:\Users\Haideruzzaman\.m2\repository\xml-apis\xml-apis\1.4.01\xml-apis-1.4.01.jar;C:\Users\Haideruzzaman\.m2\repository\org\apache\xmlgraphics\batik-ext\1.13\batik-ext-1.13.jar;C:\Users\Haideruzzaman\.m2\repository\org\apache\xmlgraphics\batik-extension\1.13\batik-extension-1.13.jar;C:\Users\Haideruzzaman\.m2\repository\org\apache\xmlgraphics\batik-gui-util\1.13\batik-gui-util-1.13.jar;C:\Users\Haideruzzaman\.m2\repository\org\apache\xmlgraphics\batik-gvt\1.13\batik-gvt-1.13.jar;C:\Users\Haideruzzaman\.m2\repository\org\apache\xmlgraphics\batik-i18n\1.13\batik-i18n-1.13.jar;C:\Users\Haideruzzaman\.m2\repository\org\apache\xmlgraphics\batik-parser\1.13\batik-parser-1.13.jar;C:\Users\Haideruzzaman\.m2\repository\org\apache\xmlgraphics\batik-rasterizer-ext\1.13\batik-rasterizer-ext-1.13.jar;C:\Users\Haideruzzaman\.m2\repository\org\apache\xmlgraphics\batik-rasterizer\1.13\batik-rasterizer-1.13.jar;C:\Users\Haideruzzaman\.m2\repository\org\apache\xmlgraphics\batik-script\1.13\batik-script-1.13.jar;C:\Users\Haideruzzaman\.m2\repository\org\apache\xmlgraphics\batik-slideshow\1.13\batik-slideshow-1.13.jar;C:\Users\Haideruzzaman\.m2\repository\org\apache\xmlgraphics\batik-squiggle-ext\1.13\batik-squiggle-ext-1.13.jar;C:\Users\Haideruzzaman\.m2\repository\org\apache\xmlgraphics\batik-squiggle\1.13\batik-squiggle-1.13.jar;C:\Users\Haideruzzaman\.m2\repository\org\apache\xmlgraphics\batik-svg-dom\1.13\batik-svg-dom-1.13.jar;C:\Users\Haideruzzaman\.m2\repository\org\apache\xmlgraphics\batik-svgbrowser\1.13\batik-svgbrowser-1.13.jar;C:\Users\Haideruzzaman\.m2\repository\org\apache\xmlgraphics\batik-svggen\1.13\batik-svggen-1.13.jar;C:\Users\Haideruzzaman\.m2\repository\org\apache\xmlgraphics\batik-svgpp\1.13\batik-svgpp-1.13.jar;C:\Users\Haideruzzaman\.m2\repository\org\apache\xmlgraphics\batik-svgrasterizer\1.13\batik-svgrasterizer-1.13.jar;C:\Users\Haideruzzaman\.m2\repository\org\apache\xmlgraphics\batik-swing\1.13\batik-swing-1.13.jar;C:\Users\Haideruzzaman\.m2\repository\org\apache\xmlgraphics\batik-transcoder\1.13\batik-transcoder-1.13.jar;C:\Users\Haideruzzaman\.m2\repository\org\apache\xmlgraphics\batik-util\1.13\batik-util-1.13.jar;C:\Users\Haideruzzaman\.m2\repository\org\apache\xmlgraphics\batik-ttf2svg\1.13\batik-ttf2svg-1.13.jar;C:\Users\Haideruzzaman\.m2\repository\org\apache\xmlgraphics\batik-xml\1.13\batik-xml-1.13.jar;C:\Users\Haideruzzaman\.m2\repository\de\rototor\pdfbox\graphics2d\0.30\graphics2d-0.30.jar;C:\Users\Haideruzzaman\.m2\repository\org\apache\pdfbox\pdfbox\2.0.22\pdfbox-2.0.22.jar;C:\Users\Haideruzzaman\.m2\repository\org\apache\pdfbox\fontbox\2.0.22\fontbox-2.0.22.jar;C:\Users\Haideruzzaman\.m2\repository\org\postgresql\postgresql\42.2.19\postgresql-42.2.19.jar;C:\Users\Haideruzzaman\.m2\repository\org\checkerframework\checker-qual\3.5.0\checker-qual-3.5.0.jar;C:\Users\Haideruzzaman\.m2\repository\io\rest-assured\rest-assured\4.3.3\rest-assured-4.3.3.jar;C:\Users\Haideruzzaman\.m2\repository\org\codehaus\groovy\groovy\3.0.7\groovy-3.0.7.jar;C:\Users\Haideruzzaman\.m2\repository\org\codehaus\groovy\groovy-xml\3.0.7\groovy-xml-3.0.7.jar;C:\Users\Haideruzzaman\.m2\repository\org\apache\httpcomponents\httpclient\4.5.3\httpclient-4.5.3.jar;C:\Users\Haideruzzaman\.m2\repository\org\apache\httpcomponents\httpcore\4.4.6\httpcore-4.4.6.jar;C:\Users\Haideruzzaman\.m2\repository\commons-logging\commons-logging\1.2\commons-logging-1.2.jar;C:\Users\Haideruzzaman\.m2\repository\org\apache\httpcomponents\httpmime\4.5.3\httpmime-4.5.3.jar;C:\Users\Haideruzzaman\.m2\repository\org\hamcrest\hamcrest\2.1\hamcrest-2.1.jar;C:\Users\Haideruzzaman\.m2\repository\org\ccil\cowan\tagsoup\tagsoup\1.2.1\tagsoup-1.2.1.jar;C:\Users\Haideruzzaman\.m2\repository\io\rest-assured\json-path\4.3.3\json-path-4.3.3.jar;C:\Users\Haideruzzaman\.m2\repository\org\codehaus\groovy\groovy-json\3.0.7\groovy-json-3.0.7.jar;C:\Users\Haideruzzaman\.m2\repository\io\rest-assured\rest-assured-common\4.3.3\rest-assured-common-4.3.3.jar;C:\Users\Haideruzzaman\.m2\repository\io\rest-assured\xml-path\4.3.3\xml-path-4.3.3.jar;C:\Users\Haideruzzaman\.m2\repository\com\sun\xml\bind\jaxb-impl\2.3.3\jaxb-impl-2.3.3.jar;C:\Users\Haideruzzaman\.m2\repository\com\googlecode\json-simple\json-simple\1.1.1\json-simple-1.1.1.jar;"/>
    <property name="java.vm.vendor" value="Oracle Corporation"/>
    <property name="sun.arch.data.model" value="64"/>
    <property name="user.variant" value=""/>
    <property name="java.vendor.url" value="https://openjdk.java.net/"/>
    <property name="user.timezone" value="America/New_York"/>
    <property name="java.vm.specification.version" value="11"/>
    <property name="os.name" value="Windows 10"/>
    <property name="sun.java.launcher" value="SUN_STANDARD"/>
    <property name="user.country" value="US"/>
    <property name="sun.boot.library.path" value="C:\Program Files\Java\jdk-11.0.10\bin"/>
    <property name="sun.java.command" value="C:\Users\Haideruzzaman\AppData\Local\Temp\surefire3650815351493921136\surefirebooter17581754677399224330.jar C:\Users\Haideruzzaman\AppData\Local\Temp\surefire3650815351493921136 2021-04-03T17-05-12_488-jvmRun1 surefire12944450697329435697tmp surefire_02951975214776448790tmp"/>
    <property name="jdk.debug" value="release"/>
    <property name="surefire.test.class.path" value="C:\Development\JavaProject_AWS\target\test-classes;C:\Development\JavaProject_AWS\target\classes;C:\Users\Haideruzzaman\.m2\repository\org\seleniumhq\selenium\selenium-java\3.141.59\selenium-java-3.141.59.jar;C:\Users\Haideruzzaman\.m2\repository\org\seleniumhq\selenium\selenium-api\3.141.59\selenium-api-3.141.59.jar;C:\Users\Haideruzzaman\.m2\repository\org\seleniumhq\selenium\selenium-chrome-driver\3.141.59\selenium-chrome-driver-3.141.59.jar;C:\Users\Haideruzzaman\.m2\repository\org\seleniumhq\selenium\selenium-edge-driver\3.141.59\selenium-edge-driver-3.141.59.jar;C:\Users\Haideruzzaman\.m2\repository\org\seleniumhq\selenium\selenium-firefox-driver\3.141.59\selenium-firefox-driver-3.141.59.jar;C:\Users\Haideruzzaman\.m2\repository\org\seleniumhq\selenium\selenium-ie-driver\3.141.59\selenium-ie-driver-3.141.59.jar;C:\Users\Haideruzzaman\.m2\repository\org\seleniumhq\selenium\selenium-opera-driver\3.141.59\selenium-opera-driver-3.141.59.jar;C:\Users\Haideruzzaman\.m2\repository\org\seleniumhq\selenium\selenium-remote-driver\3.141.59\selenium-remote-driver-3.141.59.jar;C:\Users\Haideruzzaman\.m2\repository\org\seleniumhq\selenium\selenium-safari-driver\3.141.59\selenium-safari-driver-3.141.59.jar;C:\Users\Haideruzzaman\.m2\repository\org\seleniumhq\selenium\selenium-support\3.141.59\selenium-support-3.141.59.jar;C:\Users\Haideruzzaman\.m2\repository\net\bytebuddy\byte-buddy\1.8.15\byte-buddy-1.8.15.jar;C:\Users\Haideruzzaman\.m2\repository\org\apache\commons\commons-exec\1.3\commons-exec-1.3.jar;C:\Users\Haideruzzaman\.m2\repository\com\google\guava\guava\25.0-jre\guava-25.0-jre.jar;C:\Users\Haideruzzaman\.m2\repository\com\google\code\findbugs\jsr305\1.3.9\jsr305-1.3.9.jar;C:\Users\Haideruzzaman\.m2\repository\org\checkerframework\checker-compat-qual\2.0.0\checker-compat-qual-2.0.0.jar;C:\Users\Haideruzzaman\.m2\repository\com\google\errorprone\error_prone_annotations\2.1.3\error_prone_annotations-2.1.3.jar;C:\Users\Haideruzzaman\.m2\repository\com\google\j2objc\j2objc-annotations\1.1\j2objc-annotations-1.1.jar;C:\Users\Haideruzzaman\.m2\repository\org\codehaus\mojo\animal-sniffer-annotations\1.14\animal-sniffer-annotations-1.14.jar;C:\Users\Haideruzzaman\.m2\repository\com\squareup\okhttp3\okhttp\3.11.0\okhttp-3.11.0.jar;C:\Users\Haideruzzaman\.m2\repository\com\squareup\okio\okio\1.14.0\okio-1.14.0.jar;C:\Users\Haideruzzaman\.m2\repository\io\github\bonigarcia\webdrivermanager\4.3.1\webdrivermanager-4.3.1.jar;C:\Users\Haideruzzaman\.m2\repository\org\slf4j\slf4j-api\1.7.30\slf4j-api-1.7.30.jar;C:\Users\Haideruzzaman\.m2\repository\commons-io\commons-io\2.8.0\commons-io-2.8.0.jar;C:\Users\Haideruzzaman\.m2\repository\com\google\code\gson\gson\2.8.6\gson-2.8.6.jar;C:\Users\Haideruzzaman\.m2\repository\org\apache\commons\commons-lang3\3.11\commons-lang3-3.11.jar;C:\Users\Haideruzzaman\.m2\repository\org\apache\httpcomponents\client5\httpclient5\5.0.3\httpclient5-5.0.3.jar;C:\Users\Haideruzzaman\.m2\repository\org\apache\httpcomponents\core5\httpcore5\5.0.2\httpcore5-5.0.2.jar;C:\Users\Haideruzzaman\.m2\repository\org\apache\httpcomponents\core5\httpcore5-h2\5.0.2\httpcore5-h2-5.0.2.jar;C:\Users\Haideruzzaman\.m2\repository\commons-codec\commons-codec\1.13\commons-codec-1.13.jar;C:\Users\Haideruzzaman\.m2\repository\org\rauschig\jarchivelib\1.1.0\jarchivelib-1.1.0.jar;C:\Users\Haideruzzaman\.m2\repository\org\jsoup\jsoup\1.13.1\jsoup-1.13.1.jar;C:\Users\Haideruzzaman\.m2\repository\org\testng\testng\7.3.0\testng-7.3.0.jar;C:\Users\Haideruzzaman\.m2\repository\com\beust\jcommander\1.78\jcommander-1.78.jar;C:\Users\Haideruzzaman\.m2\repository\org\apache\ant\ant\1.10.3\ant-1.10.3.jar;C:\Users\Haideruzzaman\.m2\repository\org\apache\ant\ant-launcher\1.10.3\ant-launcher-1.10.3.jar;C:\Users\Haideruzzaman\.m2\repository\junit\junit\4.12\junit-4.12.jar;C:\Users\Haideruzzaman\.m2\repository\org\hamcrest\hamcrest-core\1.3\hamcrest-core-1.3.jar;C:\Users\Haideruzzaman\.m2\repository\com\google\inject\guice\4.2.2\guice-4.2.2-no_aop.jar;C:\Users\Haideruzzaman\.m2\repository\javax\inject\javax.inject\1\javax.inject-1.jar;C:\Users\Haideruzzaman\.m2\repository\aopalliance\aopalliance\1.0\aopalliance-1.0.jar;C:\Users\Haideruzzaman\.m2\repository\org\yaml\snakeyaml\1.21\snakeyaml-1.21.jar;C:\Users\Haideruzzaman\.m2\repository\org\apache\maven\plugins\maven-surefire-plugin\3.0.0-M5\maven-surefire-plugin-3.0.0-M5.jar;C:\Users\Haideruzzaman\.m2\repository\org\apache\maven\surefire\maven-surefire-common\3.0.0-M5\maven-surefire-common-3.0.0-M5.jar;C:\Users\Haideruzzaman\.m2\repository\org\apache\maven\surefire\surefire-api\3.0.0-M5\surefire-api-3.0.0-M5.jar;C:\Users\Haideruzzaman\.m2\repository\org\apache\maven\surefire\surefire-logger-api\3.0.0-M5\surefire-logger-api-3.0.0-M5.jar;C:\Users\Haideruzzaman\.m2\repository\org\apache\maven\surefire\surefire-extensions-api\3.0.0-M5\surefire-extensions-api-3.0.0-M5.jar;C:\Users\Haideruzzaman\.m2\repository\org\apache\maven\surefire\surefire-booter\3.0.0-M5\surefire-booter-3.0.0-M5.jar;C:\Users\Haideruzzaman\.m2\repository\org\apache\maven\surefire\surefire-extensions-spi\3.0.0-M5\surefire-extensions-spi-3.0.0-M5.jar;C:\Users\Haideruzzaman\.m2\repository\org\apache\maven\maven-toolchain\3.0-alpha-2\maven-toolchain-3.0-alpha-2.jar;C:\Users\Haideruzzaman\.m2\repository\org\apache\maven\shared\maven-artifact-transfer\0.11.0\maven-artifact-transfer-0.11.0.jar;C:\Users\Haideruzzaman\.m2\repository\org\apache\maven\shared\maven-common-artifact-filters\3.0.1\maven-common-artifact-filters-3.0.1.jar;C:\Users\Haideruzzaman\.m2\repository\org\apache\maven\maven-model\3.0\maven-model-3.0.jar;C:\Users\Haideruzzaman\.m2\repository\org\apache\maven\maven-plugin-api\3.0\maven-plugin-api-3.0.jar;C:\Users\Haideruzzaman\.m2\repository\org\sonatype\sisu\sisu-inject-plexus\1.4.2\sisu-inject-plexus-1.4.2.jar;C:\Users\Haideruzzaman\.m2\repository\org\codehaus\plexus\plexus-classworlds\2.2.3\plexus-classworlds-2.2.3.jar;C:\Users\Haideruzzaman\.m2\repository\org\sonatype\sisu\sisu-inject-bean\1.4.2\sisu-inject-bean-1.4.2.jar;C:\Users\Haideruzzaman\.m2\repository\org\sonatype\sisu\sisu-guice\2.1.7\sisu-guice-2.1.7-noaop.jar;C:\Users\Haideruzzaman\.m2\repository\org\apache\maven\shared\maven-shared-utils\3.1.0\maven-shared-utils-3.1.0.jar;C:\Users\Haideruzzaman\.m2\repository\org\codehaus\plexus\plexus-java\1.0.5\plexus-java-1.0.5.jar;C:\Users\Haideruzzaman\.m2\repository\org\ow2\asm\asm\7.2\asm-7.2.jar;C:\Users\Haideruzzaman\.m2\repository\com\thoughtworks\qdox\qdox\2.0-M9\qdox-2.0-M9.jar;C:\Users\Haideruzzaman\.m2\repository\org\apache\maven\surefire\surefire-shared-utils\3.0.0-M4\surefire-shared-utils-3.0.0-M4.jar;C:\Users\Haideruzzaman\.m2\repository\org\apache\logging\log4j\log4j-api\2.14.0\log4j-api-2.14.0.jar;C:\Users\Haideruzzaman\.m2\repository\org\apache\logging\log4j\log4j-core\2.14.0\log4j-core-2.14.0.jar;C:\Users\Haideruzzaman\.m2\repository\org\apache\poi\poi-ooxml\5.0.0\poi-ooxml-5.0.0.jar;C:\Users\Haideruzzaman\.m2\repository\org\apache\poi\poi\5.0.0\poi-5.0.0.jar;C:\Users\Haideruzzaman\.m2\repository\org\slf4j\jcl-over-slf4j\1.7.30\jcl-over-slf4j-1.7.30.jar;C:\Users\Haideruzzaman\.m2\repository\org\apache\commons\commons-collections4\4.4\commons-collections4-4.4.jar;C:\Users\Haideruzzaman\.m2\repository\org\apache\commons\commons-math3\3.6.1\commons-math3-3.6.1.jar;C:\Users\Haideruzzaman\.m2\repository\com\zaxxer\SparseBitSet\1.2\SparseBitSet-1.2.jar;C:\Users\Haideruzzaman\.m2\repository\org\apache\poi\poi-ooxml-lite\5.0.0\poi-ooxml-lite-5.0.0.jar;C:\Users\Haideruzzaman\.m2\repository\org\apache\xmlbeans\xmlbeans\4.0.0\xmlbeans-4.0.0.jar;C:\Users\Haideruzzaman\.m2\repository\org\apache\commons\commons-compress\1.20\commons-compress-1.20.jar;C:\Users\Haideruzzaman\.m2\repository\com\github\virtuald\curvesapi\1.06\curvesapi-1.06.jar;C:\Users\Haideruzzaman\.m2\repository\org\bouncycastle\bcpkix-jdk15on\1.68\bcpkix-jdk15on-1.68.jar;C:\Users\Haideruzzaman\.m2\repository\org\bouncycastle\bcprov-jdk15on\1.68\bcprov-jdk15on-1.68.jar;C:\Users\Haideruzzaman\.m2\repository\org\apache\santuario\xmlsec\2.2.1\xmlsec-2.2.1.jar;C:\Users\Haideruzzaman\.m2\repository\com\fasterxml\woodstox\woodstox-core\5.2.1\woodstox-core-5.2.1.jar;C:\Users\Haideruzzaman\.m2\repository\org\codehaus\woodstox\stax2-api\4.2\stax2-api-4.2.jar;C:\Users\Haideruzzaman\.m2\repository\jakarta\xml\bind\jakarta.xml.bind-api\2.3.2\jakarta.xml.bind-api-2.3.2.jar;C:\Users\Haideruzzaman\.m2\repository\jakarta\activation\jakarta.activation-api\1.2.1\jakarta.activation-api-1.2.1.jar;C:\Users\Haideruzzaman\.m2\repository\org\apache\xmlgraphics\batik-all\1.13\batik-all-1.13.jar;C:\Users\Haideruzzaman\.m2\repository\org\apache\xmlgraphics\batik-anim\1.13\batik-anim-1.13.jar;C:\Users\Haideruzzaman\.m2\repository\org\apache\xmlgraphics\batik-shared-resources\1.13\batik-shared-resources-1.13.jar;C:\Users\Haideruzzaman\.m2\repository\xml-apis\xml-apis-ext\1.3.04\xml-apis-ext-1.3.04.jar;C:\Users\Haideruzzaman\.m2\repository\org\apache\xmlgraphics\batik-awt-util\1.13\batik-awt-util-1.13.jar;C:\Users\Haideruzzaman\.m2\repository\org\apache\xmlgraphics\xmlgraphics-commons\2.4\xmlgraphics-commons-2.4.jar;C:\Users\Haideruzzaman\.m2\repository\org\apache\xmlgraphics\batik-bridge\1.13\batik-bridge-1.13.jar;C:\Users\Haideruzzaman\.m2\repository\org\apache\xmlgraphics\batik-codec\1.13\batik-codec-1.13.jar;C:\Users\Haideruzzaman\.m2\repository\org\apache\xmlgraphics\batik-constants\1.13\batik-constants-1.13.jar;C:\Users\Haideruzzaman\.m2\repository\org\apache\xmlgraphics\batik-css\1.13\batik-css-1.13.jar;C:\Users\Haideruzzaman\.m2\repository\org\apache\xmlgraphics\batik-dom\1.13\batik-dom-1.13.jar;C:\Users\Haideruzzaman\.m2\repository\xalan\xalan\2.7.2\xalan-2.7.2.jar;C:\Users\Haideruzzaman\.m2\repository\xalan\serializer\2.7.2\serializer-2.7.2.jar;C:\Users\Haideruzzaman\.m2\repository\xml-apis\xml-apis\1.4.01\xml-apis-1.4.01.jar;C:\Users\Haideruzzaman\.m2\repository\org\apache\xmlgraphics\batik-ext\1.13\batik-ext-1.13.jar;C:\Users\Haideruzzaman\.m2\repository\org\apache\xmlgraphics\batik-extension\1.13\batik-extension-1.13.jar;C:\Users\Haideruzzaman\.m2\repository\org\apache\xmlgraphics\batik-gui-util\1.13\batik-gui-util-1.13.jar;C:\Users\Haideruzzaman\.m2\repository\org\apache\xmlgraphics\batik-gvt\1.13\batik-gvt-1.13.jar;C:\Users\Haideruzzaman\.m2\repository\org\apache\xmlgraphics\batik-i18n\1.13\batik-i18n-1.13.jar;C:\Users\Haideruzzaman\.m2\repository\org\apache\xmlgraphics\batik-parser\1.13\batik-parser-1.13.jar;C:\Users\Haideruzzaman\.m2\repository\org\apache\xmlgraphics\batik-rasterizer-ext\1.13\batik-rasterizer-ext-1.13.jar;C:\Users\Haideruzzaman\.m2\repository\org\apache\xmlgraphics\batik-rasterizer\1.13\batik-rasterizer-1.13.jar;C:\Users\Haideruzzaman\.m2\repository\org\apache\xmlgraphics\batik-script\1.13\batik-script-1.13.jar;C:\Users\Haideruzzaman\.m2\repository\org\apache\xmlgraphics\batik-slideshow\1.13\batik-slideshow-1.13.jar;C:\Users\Haideruzzaman\.m2\repository\org\apache\xmlgraphics\batik-squiggle-ext\1.13\batik-squiggle-ext-1.13.jar;C:\Users\Haideruzzaman\.m2\repository\org\apache\xmlgraphics\batik-squiggle\1.13\batik-squiggle-1.13.jar;C:\Users\Haideruzzaman\.m2\repository\org\apache\xmlgraphics\batik-svg-dom\1.13\batik-svg-dom-1.13.jar;C:\Users\Haideruzzaman\.m2\repository\org\apache\xmlgraphics\batik-svgbrowser\1.13\batik-svgbrowser-1.13.jar;C:\Users\Haideruzzaman\.m2\repository\org\apache\xmlgraphics\batik-svggen\1.13\batik-svggen-1.13.jar;C:\Users\Haideruzzaman\.m2\repository\org\apache\xmlgraphics\batik-svgpp\1.13\batik-svgpp-1.13.jar;C:\Users\Haideruzzaman\.m2\repository\org\apache\xmlgraphics\batik-svgrasterizer\1.13\batik-svgrasterizer-1.13.jar;C:\Users\Haideruzzaman\.m2\repository\org\apache\xmlgraphics\batik-swing\1.13\batik-swing-1.13.jar;C:\Users\Haideruzzaman\.m2\repository\org\apache\xmlgraphics\batik-transcoder\1.13\batik-transcoder-1.13.jar;C:\Users\Haideruzzaman\.m2\repository\org\apache\xmlgraphics\batik-util\1.13\batik-util-1.13.jar;C:\Users\Haideruzzaman\.m2\repository\org\apache\xmlgraphics\batik-ttf2svg\1.13\batik-ttf2svg-1.13.jar;C:\Users\Haideruzzaman\.m2\repository\org\apache\xmlgraphics\batik-xml\1.13\batik-xml-1.13.jar;C:\Users\Haideruzzaman\.m2\repository\de\rototor\pdfbox\graphics2d\0.30\graphics2d-0.30.jar;C:\Users\Haideruzzaman\.m2\repository\org\apache\pdfbox\pdfbox\2.0.22\pdfbox-2.0.22.jar;C:\Users\Haideruzzaman\.m2\repository\org\apache\pdfbox\fontbox\2.0.22\fontbox-2.0.22.jar;C:\Users\Haideruzzaman\.m2\repository\org\postgresql\postgresql\42.2.19\postgresql-42.2.19.jar;C:\Users\Haideruzzaman\.m2\repository\org\checkerframework\checker-qual\3.5.0\checker-qual-3.5.0.jar;C:\Users\Haideruzzaman\.m2\repository\io\rest-assured\rest-assured\4.3.3\rest-assured-4.3.3.jar;C:\Users\Haideruzzaman\.m2\repository\org\codehaus\groovy\groovy\3.0.7\groovy-3.0.7.jar;C:\Users\Haideruzzaman\.m2\repository\org\codehaus\groovy\groovy-xml\3.0.7\groovy-xml-3.0.7.jar;C:\Users\Haideruzzaman\.m2\repository\org\apache\httpcomponents\httpclient\4.5.3\httpclient-4.5.3.jar;C:\Users\Haideruzzaman\.m2\repository\org\apache\httpcomponents\httpcore\4.4.6\httpcore-4.4.6.jar;C:\Users\Haideruzzaman\.m2\repository\commons-logging\commons-logging\1.2\commons-logging-1.2.jar;C:\Users\Haideruzzaman\.m2\repository\org\apache\httpcomponents\httpmime\4.5.3\httpmime-4.5.3.jar;C:\Users\Haideruzzaman\.m2\repository\org\hamcrest\hamcrest\2.1\hamcrest-2.1.jar;C:\Users\Haideruzzaman\.m2\repository\org\ccil\cowan\tagsoup\tagsoup\1.2.1\tagsoup-1.2.1.jar;C:\Users\Haideruzzaman\.m2\repository\io\rest-assured\json-path\4.3.3\json-path-4.3.3.jar;C:\Users\Haideruzzaman\.m2\repository\org\codehaus\groovy\groovy-json\3.0.7\groovy-json-3.0.7.jar;C:\Users\Haideruzzaman\.m2\repository\io\rest-assured\rest-assured-common\4.3.3\rest-assured-common-4.3.3.jar;C:\Users\Haideruzzaman\.m2\repository\io\rest-assured\xml-path\4.3.3\xml-path-4.3.3.jar;C:\Users\Haideruzzaman\.m2\repository\com\sun\xml\bind\jaxb-impl\2.3.3\jaxb-impl-2.3.3.jar;C:\Users\Haideruzzaman\.m2\repository\com\googlecode\json-simple\json-simple\1.1.1\json-simple-1.1.1.jar;"/>
    <property name="sun.cpu.endian" value="little"/>
    <property name="user.home" value="C:\Users\Haideruzzaman"/>
    <property name="user.language" value="en"/>
    <property name="java.specification.vendor" value="Oracle Corporation"/>
    <property name="java.version.date" value="2021-01-19"/>
    <property name="java.home" value="C:\Program Files\Java\jdk-11.0.10"/>
    <property name="file.separator" value="\"/>
    <property name="basedir" value="C:\Development\JavaProject_AWS"/>
    <property name="java.vm.compressedOopsMode" value="32-bit"/>
    <property name="line.separator" value="&#10;"/>
    <property name="java.specification.name" value="Java Platform API Specification"/>
    <property name="java.vm.specification.vendor" value="Oracle Corporation"/>
    <property name="java.awt.graphicsenv" value="sun.awt.Win32GraphicsEnvironment"/>
    <property name="surefire.real.class.path" value="C:\Users\Haideruzzaman\AppData\Local\Temp\surefire3650815351493921136\surefirebooter17581754677399224330.jar"/>
    <property name="user.script" value=""/>
    <property name="sun.management.compiler" value="HotSpot 64-Bit Tiered Compilers"/>
    <property name="java.runtime.version" value="11.0.10+8-LTS-162"/>
    <property name="user.name" value="Haideruzzaman"/>
    <property name="path.separator" value=";"/>
    <property name="os.version" value="10.0"/>
    <property name="java.runtime.name" value="Java(TM) SE Runtime Environment"/>
    <property name="file.encoding" value="Cp1252"/>
    <property name="java.vm.name" value="Java HotSpot(TM) 64-Bit Server VM"/>
    <property name="java.vendor.version" value="18.9"/>
    <property name="localRepository" value="C:\Users\Haideruzzaman\.m2\repository"/>
    <property name="java.vendor.url.bug" value="https://bugreport.java.com/bugreport/"/>
    <property name="java.io.tmpdir" value="C:\Users\HAIDER~1\AppData\Local\Temp\"/>
    <property name="java.version" value="11.0.10"/>
    <property name="user.dir" value="C:\Development\JavaProject_AWS"/>
    <property name="os.arch" value="amd64"/>
    <property name="java.vm.specification.name" value="Java Virtual Machine Specification"/>
    <property name="java.awt.printerjob" value="sun.awt.windows.WPrinterJob"/>
    <property name="sun.os.patch.level" value=""/>
    <property name="java.library.path" value="C:\Program Files\Java\jdk-11.0.10\bin;C:\WINDOWS\Sun\Java\bin;C:\WINDOWS\system32;C:\WINDOWS;C:\Program Files\Common Files\Oracle\Java\javapath;C:\oraclexe\app\oracle\product\11.2.0\server\bin;C:\ProgramData\Oracle\Java\javapath;C:\Program Files (x86)\Intel\iCLS Client\;C:\Program Files\Intel\iCLS Client\;C:\WINDOWS\system32;C:\WINDOWS;C:\WINDOWS\System32\Wbem;C:\WINDOWS\System32\WindowsPowerShell\v1.0\;C:\Program Files\Intel\Intel(R) Management Engine Components\DAL;C:\Program Files\Intel\Intel(R) Management Engine Components\IPT;C:\Program Files (x86)\Intel\Intel(R) Management Engine Components\DAL;C:\Program Files (x86)\Intel\Intel(R) Management Engine Components\IPT;C:\Program Files\Microsoft SQL Server\110\Tools\Binn\;C:\Program Files\Java\jdk\bin;C:\Program Files\Git\cmd;C:\WINDOWS\System32\OpenSSH\;C:\Program Files\Java\jdk-11.0.10\bin;C:\Program Files\nodejs\;C:\maven\apache-maven-3.6.3\bin;C:\Users\Haideruzzaman\AppData\Local\Microsoft\WindowsApps;C:\Users\Haideruzzaman\AppData\Roaming\npm;C:\Users\Haideruzzaman\AppData\Local\Programs\Microsoft VS Code\bin;;."/>
    <property name="java.vendor" value="Oracle Corporation"/>
    <property name="java.vm.info" value="mixed mode"/>
    <property name="java.vm.version" value="11.0.10+8-LTS-162"/>
    <property name="sun.io.unicode.encoding" value="UnicodeLittle"/>
    <property name="java.class.version" value="55.0"/>
  </properties>
  <testcase name="calculateRate" classname="automation_test.mortgage_calculator.CalculateMonthlyPayment" time="10.897">
    <system-out><![CDATA[[TestNGContentHandler] [WARN] It is strongly recommended to add "<!DOCTYPE suite SYSTEM "https://testng.org/testng-1.0.dtd" >" at the top of your file, otherwise TestNG may fail or not work as expected.
17:05:16.180 [TestNG-test=Mortgage_Calculator-2] INFO  utilities.TestEnvironment - Execute test with chrome browser in local machine
17:05:16.180 [TestNG-test=Mortgage_Calculator-1] INFO  utilities.TestEnvironment - Execute test with chrome browser in local machine
2021-04-03 17:05:16,220 TestNG-test=Mortgage_Calculator-2 ERROR FileManager (logs/${ctx:threadName}.log) java.io.IOException: The filename, directory name, or volume label syntax is incorrect java.io.IOException: The filename, directory name, or volume label syntax is incorrect
	at java.base/java.io.WinNTFileSystem.canonicalize0(Native Method)
	at java.base/java.io.WinNTFileSystem.canonicalize(WinNTFileSystem.java:438)
	at java.base/java.io.File.getCanonicalPath(File.java:620)
	at java.base/java.io.File.getCanonicalFile(File.java:645)
	at org.apache.logging.log4j.core.util.FileUtils.makeParentDirs(FileUtils.java:133)
	at org.apache.logging.log4j.core.appender.FileManager$FileManagerFactory.createManager(FileManager.java:434)
	at org.apache.logging.log4j.core.appender.FileManager$FileManagerFactory.createManager(FileManager.java:422)
	at org.apache.logging.log4j.core.appender.AbstractManager.getManager(AbstractManager.java:113)
	at org.apache.logging.log4j.core.appender.OutputStreamManager.getManager(OutputStreamManager.java:100)
	at org.apache.logging.log4j.core.appender.FileManager.getFileManager(FileManager.java:182)
	at org.apache.logging.log4j.core.appender.FileAppender$Builder.build(FileAppender.java:96)
	at org.apache.logging.log4j.core.appender.FileAppender$Builder.build(FileAppender.java:52)
	at org.apache.logging.log4j.core.config.plugins.util.PluginBuilder.build(PluginBuilder.java:122)
	at org.apache.logging.log4j.core.config.AbstractConfiguration.createPluginObject(AbstractConfiguration.java:1002)
	at org.apache.logging.log4j.core.config.AbstractConfiguration.createConfiguration(AbstractConfiguration.java:942)
	at org.apache.logging.log4j.core.appender.routing.RoutingAppender.createAppender(RoutingAppender.java:299)
	at org.apache.logging.log4j.core.appender.routing.RoutingAppender.getControl(RoutingAppender.java:271)
	at org.apache.logging.log4j.core.appender.routing.RoutingAppender.append(RoutingAppender.java:229)
	at org.apache.logging.log4j.core.config.AppenderControl.tryCallAppender(AppenderControl.java:156)
	at org.apache.logging.log4j.core.config.AppenderControl.callAppender0(AppenderControl.java:129)
	at org.apache.logging.log4j.core.config.AppenderControl.callAppenderPreventRecursion(AppenderControl.java:120)
	at org.apache.logging.log4j.core.config.AppenderControl.callAppender(AppenderControl.java:84)
	at org.apache.logging.log4j.core.config.LoggerConfig.callAppenders(LoggerConfig.java:543)
	at org.apache.logging.log4j.core.config.LoggerConfig.processLogEvent(LoggerConfig.java:502)
	at org.apache.logging.log4j.core.config.LoggerConfig.log(LoggerConfig.java:485)
	at org.apache.logging.log4j.core.config.LoggerConfig.log(LoggerConfig.java:460)
	at org.apache.logging.log4j.core.config.AwaitCompletionReliabilityStrategy.log(AwaitCompletionReliabilityStrategy.java:82)
	at org.apache.logging.log4j.core.Logger.log(Logger.java:161)
	at org.apache.logging.log4j.spi.AbstractLogger.tryLogMessage(AbstractLogger.java:2198)
	at org.apache.logging.log4j.spi.AbstractLogger.logMessageTrackRecursion(AbstractLogger.java:2152)
	at org.apache.logging.log4j.spi.AbstractLogger.logMessageSafely(AbstractLogger.java:2135)
	at org.apache.logging.log4j.spi.AbstractLogger.logMessage(AbstractLogger.java:2011)
	at org.apache.logging.log4j.spi.AbstractLogger.logIfEnabled(AbstractLogger.java:1983)
	at org.apache.logging.log4j.spi.AbstractLogger.info(AbstractLogger.java:1320)
	at utilities.TestEnvironment.selectTestExecutionEnvironment(TestEnvironment.java:50)
	at automation_test.mortgage_calculator.CalculateMonthlyPayment.BrowserInitialization(CalculateMonthlyPayment.java:35)
	at java.base/jdk.internal.reflect.NativeMethodAccessorImpl.invoke0(Native Method)
	at java.base/jdk.internal.reflect.NativeMethodAccessorImpl.invoke(NativeMethodAccessorImpl.java:62)
	at java.base/jdk.internal.reflect.DelegatingMethodAccessorImpl.invoke(DelegatingMethodAccessorImpl.java:43)
	at java.base/java.lang.reflect.Method.invoke(Method.java:566)
	at org.testng.internal.MethodInvocationHelper.invokeMethod(MethodInvocationHelper.java:132)
	at org.testng.internal.MethodInvocationHelper.invokeMethodConsideringTimeout(MethodInvocationHelper.java:61)
	at org.testng.internal.ConfigInvoker.invokeConfigurationMethod(ConfigInvoker.java:366)
	at org.testng.internal.ConfigInvoker.invokeConfigurations(ConfigInvoker.java:320)
	at org.testng.internal.TestInvoker.runConfigMethods(TestInvoker.java:701)
	at org.testng.internal.TestInvoker.invokeMethod(TestInvoker.java:527)
	at org.testng.internal.TestInvoker.invokeTestMethod(TestInvoker.java:174)
	at org.testng.internal.MethodRunner.runInSequence(MethodRunner.java:46)
	at org.testng.internal.TestInvoker$MethodInvocationAgent.invoke(TestInvoker.java:822)
	at org.testng.internal.TestInvoker.invokeTestMethods(TestInvoker.java:147)
	at org.testng.internal.TestMethodWorker.invokeTestMethods(TestMethodWorker.java:146)
	at org.testng.internal.TestMethodWorker.run(TestMethodWorker.java:128)
	at java.base/java.util.concurrent.ThreadPoolExecutor.runWorker(ThreadPoolExecutor.java:1128)
	at java.base/java.util.concurrent.ThreadPoolExecutor$Worker.run(ThreadPoolExecutor.java:628)
	at java.base/java.lang.Thread.run(Thread.java:834)

2021-04-03 17:05:16,230 TestNG-test=Mortgage_Calculator-2 ERROR Could not create plugin of type class org.apache.logging.log4j.core.appender.FileAppender for element File: java.lang.IllegalStateException: ManagerFactory [org.apache.logging.log4j.core.appender.FileManager$FileManagerFactory@6f4b3b3a] unable to create manager for [logs/${ctx:threadName}.log] with data [org.apache.logging.log4j.core.appender.FileManager$FactoryData@2bdb6366] java.lang.IllegalStateException: ManagerFactory [org.apache.logging.log4j.core.appender.FileManager$FileManagerFactory@6f4b3b3a] unable to create manager for [logs/${ctx:threadName}.log] with data [org.apache.logging.log4j.core.appender.FileManager$FactoryData@2bdb6366]
	at org.apache.logging.log4j.core.appender.AbstractManager.getManager(AbstractManager.java:115)
	at org.apache.logging.log4j.core.appender.OutputStreamManager.getManager(OutputStreamManager.java:100)
	at org.apache.logging.log4j.core.appender.FileManager.getFileManager(FileManager.java:182)
	at org.apache.logging.log4j.core.appender.FileAppender$Builder.build(FileAppender.java:96)
	at org.apache.logging.log4j.core.appender.FileAppender$Builder.build(FileAppender.java:52)
	at org.apache.logging.log4j.core.config.plugins.util.PluginBuilder.build(PluginBuilder.java:122)
	at org.apache.logging.log4j.core.config.AbstractConfiguration.createPluginObject(AbstractConfiguration.java:1002)
	at org.apache.logging.log4j.core.config.AbstractConfiguration.createConfiguration(AbstractConfiguration.java:942)
	at org.apache.logging.log4j.core.appender.routing.RoutingAppender.createAppender(RoutingAppender.java:299)
	at org.apache.logging.log4j.core.appender.routing.RoutingAppender.getControl(RoutingAppender.java:271)
	at org.apache.logging.log4j.core.appender.routing.RoutingAppender.append(RoutingAppender.java:229)
	at org.apache.logging.log4j.core.config.AppenderControl.tryCallAppender(AppenderControl.java:156)
	at org.apache.logging.log4j.core.config.AppenderControl.callAppender0(AppenderControl.java:129)
	at org.apache.logging.log4j.core.config.AppenderControl.callAppenderPreventRecursion(AppenderControl.java:120)
	at org.apache.logging.log4j.core.config.AppenderControl.callAppender(AppenderControl.java:84)
	at org.apache.logging.log4j.core.config.LoggerConfig.callAppenders(LoggerConfig.java:543)
	at org.apache.logging.log4j.core.config.LoggerConfig.processLogEvent(LoggerConfig.java:502)
	at org.apache.logging.log4j.core.config.LoggerConfig.log(LoggerConfig.java:485)
	at org.apache.logging.log4j.core.config.LoggerConfig.log(LoggerConfig.java:460)
	at org.apache.logging.log4j.core.config.AwaitCompletionReliabilityStrategy.log(AwaitCompletionReliabilityStrategy.java:82)
	at org.apache.logging.log4j.core.Logger.log(Logger.java:161)
	at org.apache.logging.log4j.spi.AbstractLogger.tryLogMessage(AbstractLogger.java:2198)
	at org.apache.logging.log4j.spi.AbstractLogger.logMessageTrackRecursion(AbstractLogger.java:2152)
	at org.apache.logging.log4j.spi.AbstractLogger.logMessageSafely(AbstractLogger.java:2135)
	at org.apache.logging.log4j.spi.AbstractLogger.logMessage(AbstractLogger.java:2011)
	at org.apache.logging.log4j.spi.AbstractLogger.logIfEnabled(AbstractLogger.java:1983)
	at org.apache.logging.log4j.spi.AbstractLogger.info(AbstractLogger.java:1320)
	at utilities.TestEnvironment.selectTestExecutionEnvironment(TestEnvironment.java:50)
	at automation_test.mortgage_calculator.CalculateMonthlyPayment.BrowserInitialization(CalculateMonthlyPayment.java:35)
	at java.base/jdk.internal.reflect.NativeMethodAccessorImpl.invoke0(Native Method)
	at java.base/jdk.internal.reflect.NativeMethodAccessorImpl.invoke(NativeMethodAccessorImpl.java:62)
	at java.base/jdk.internal.reflect.DelegatingMethodAccessorImpl.invoke(DelegatingMethodAccessorImpl.java:43)
	at java.base/java.lang.reflect.Method.invoke(Method.java:566)
	at org.testng.internal.MethodInvocationHelper.invokeMethod(MethodInvocationHelper.java:132)
	at org.testng.internal.MethodInvocationHelper.invokeMethodConsideringTimeout(MethodInvocationHelper.java:61)
	at org.testng.internal.ConfigInvoker.invokeConfigurationMethod(ConfigInvoker.java:366)
	at org.testng.internal.ConfigInvoker.invokeConfigurations(ConfigInvoker.java:320)
	at org.testng.internal.TestInvoker.runConfigMethods(TestInvoker.java:701)
	at org.testng.internal.TestInvoker.invokeMethod(TestInvoker.java:527)
	at org.testng.internal.TestInvoker.invokeTestMethod(TestInvoker.java:174)
	at org.testng.internal.MethodRunner.runInSequence(MethodRunner.java:46)
	at org.testng.internal.TestInvoker$MethodInvocationAgent.invoke(TestInvoker.java:822)
	at org.testng.internal.TestInvoker.invokeTestMethods(TestInvoker.java:147)
	at org.testng.internal.TestMethodWorker.invokeTestMethods(TestMethodWorker.java:146)
	at org.testng.internal.TestMethodWorker.run(TestMethodWorker.java:128)
	at java.base/java.util.concurrent.ThreadPoolExecutor.runWorker(ThreadPoolExecutor.java:1128)
	at java.base/java.util.concurrent.ThreadPoolExecutor$Worker.run(ThreadPoolExecutor.java:628)
	at java.base/java.lang.Thread.run(Thread.java:834)

2021-04-03 17:05:16,230 TestNG-test=Mortgage_Calculator-2 ERROR Unable to invoke factory method in class org.apache.logging.log4j.core.appender.FileAppender for element File: java.lang.IllegalStateException: No factory method found for class org.apache.logging.log4j.core.appender.FileAppender java.lang.IllegalStateException: No factory method found for class org.apache.logging.log4j.core.appender.FileAppender
	at org.apache.logging.log4j.core.config.plugins.util.PluginBuilder.findFactoryMethod(PluginBuilder.java:234)
	at org.apache.logging.log4j.core.config.plugins.util.PluginBuilder.build(PluginBuilder.java:134)
	at org.apache.logging.log4j.core.config.AbstractConfiguration.createPluginObject(AbstractConfiguration.java:1002)
	at org.apache.logging.log4j.core.config.AbstractConfiguration.createConfiguration(AbstractConfiguration.java:942)
	at org.apache.logging.log4j.core.appender.routing.RoutingAppender.createAppender(RoutingAppender.java:299)
	at org.apache.logging.log4j.core.appender.routing.RoutingAppender.getControl(RoutingAppender.java:271)
	at org.apache.logging.log4j.core.appender.routing.RoutingAppender.append(RoutingAppender.java:229)
	at org.apache.logging.log4j.core.config.AppenderControl.tryCallAppender(AppenderControl.java:156)
	at org.apache.logging.log4j.core.config.AppenderControl.callAppender0(AppenderControl.java:129)
	at org.apache.logging.log4j.core.config.AppenderControl.callAppenderPreventRecursion(AppenderControl.java:120)
	at org.apache.logging.log4j.core.config.AppenderControl.callAppender(AppenderControl.java:84)
	at org.apache.logging.log4j.core.config.LoggerConfig.callAppenders(LoggerConfig.java:543)
	at org.apache.logging.log4j.core.config.LoggerConfig.processLogEvent(LoggerConfig.java:502)
	at org.apache.logging.log4j.core.config.LoggerConfig.log(LoggerConfig.java:485)
	at org.apache.logging.log4j.core.config.LoggerConfig.log(LoggerConfig.java:460)
	at org.apache.logging.log4j.core.config.AwaitCompletionReliabilityStrategy.log(AwaitCompletionReliabilityStrategy.java:82)
	at org.apache.logging.log4j.core.Logger.log(Logger.java:161)
	at org.apache.logging.log4j.spi.AbstractLogger.tryLogMessage(AbstractLogger.java:2198)
	at org.apache.logging.log4j.spi.AbstractLogger.logMessageTrackRecursion(AbstractLogger.java:2152)
	at org.apache.logging.log4j.spi.AbstractLogger.logMessageSafely(AbstractLogger.java:2135)
	at org.apache.logging.log4j.spi.AbstractLogger.logMessage(AbstractLogger.java:2011)
	at org.apache.logging.log4j.spi.AbstractLogger.logIfEnabled(AbstractLogger.java:1983)
	at org.apache.logging.log4j.spi.AbstractLogger.info(AbstractLogger.java:1320)
	at utilities.TestEnvironment.selectTestExecutionEnvironment(TestEnvironment.java:50)
	at automation_test.mortgage_calculator.CalculateMonthlyPayment.BrowserInitialization(CalculateMonthlyPayment.java:35)
	at java.base/jdk.internal.reflect.NativeMethodAccessorImpl.invoke0(Native Method)
	at java.base/jdk.internal.reflect.NativeMethodAccessorImpl.invoke(NativeMethodAccessorImpl.java:62)
	at java.base/jdk.internal.reflect.DelegatingMethodAccessorImpl.invoke(DelegatingMethodAccessorImpl.java:43)
	at java.base/java.lang.reflect.Method.invoke(Method.java:566)
	at org.testng.internal.MethodInvocationHelper.invokeMethod(MethodInvocationHelper.java:132)
	at org.testng.internal.MethodInvocationHelper.invokeMethodConsideringTimeout(MethodInvocationHelper.java:61)
	at org.testng.internal.ConfigInvoker.invokeConfigurationMethod(ConfigInvoker.java:366)
	at org.testng.internal.ConfigInvoker.invokeConfigurations(ConfigInvoker.java:320)
	at org.testng.internal.TestInvoker.runConfigMethods(TestInvoker.java:701)
	at org.testng.internal.TestInvoker.invokeMethod(TestInvoker.java:527)
	at org.testng.internal.TestInvoker.invokeTestMethod(TestInvoker.java:174)
	at org.testng.internal.MethodRunner.runInSequence(MethodRunner.java:46)
	at org.testng.internal.TestInvoker$MethodInvocationAgent.invoke(TestInvoker.java:822)
	at org.testng.internal.TestInvoker.invokeTestMethods(TestInvoker.java:147)
	at org.testng.internal.TestMethodWorker.invokeTestMethods(TestMethodWorker.java:146)
	at org.testng.internal.TestMethodWorker.run(TestMethodWorker.java:128)
	at java.base/java.util.concurrent.ThreadPoolExecutor.runWorker(ThreadPoolExecutor.java:1128)
	at java.base/java.util.concurrent.ThreadPoolExecutor$Worker.run(ThreadPoolExecutor.java:628)
	at java.base/java.lang.Thread.run(Thread.java:834)

2021-04-03 17:05:16,240 TestNG-test=Mortgage_Calculator-2 ERROR Unable to create Appender of type File
2021-04-03 17:05:16,240 TestNG-test=Mortgage_Calculator-1 ERROR FileManager (logs/${ctx:threadName}.log) java.io.IOException: The filename, directory name, or volume label syntax is incorrect java.io.IOException: The filename, directory name, or volume label syntax is incorrect
	at java.base/java.io.WinNTFileSystem.canonicalize0(Native Method)
	at java.base/java.io.WinNTFileSystem.canonicalize(WinNTFileSystem.java:438)
	at java.base/java.io.File.getCanonicalPath(File.java:620)
	at java.base/java.io.File.getCanonicalFile(File.java:645)
	at org.apache.logging.log4j.core.util.FileUtils.makeParentDirs(FileUtils.java:133)
	at org.apache.logging.log4j.core.appender.FileManager$FileManagerFactory.createManager(FileManager.java:434)
	at org.apache.logging.log4j.core.appender.FileManager$FileManagerFactory.createManager(FileManager.java:422)
	at org.apache.logging.log4j.core.appender.AbstractManager.getManager(AbstractManager.java:113)
	at org.apache.logging.log4j.core.appender.OutputStreamManager.getManager(OutputStreamManager.java:100)
	at org.apache.logging.log4j.core.appender.FileManager.getFileManager(FileManager.java:182)
	at org.apache.logging.log4j.core.appender.FileAppender$Builder.build(FileAppender.java:96)
	at org.apache.logging.log4j.core.appender.FileAppender$Builder.build(FileAppender.java:52)
	at org.apache.logging.log4j.core.config.plugins.util.PluginBuilder.build(PluginBuilder.java:122)
	at org.apache.logging.log4j.core.config.AbstractConfiguration.createPluginObject(AbstractConfiguration.java:1002)
	at org.apache.logging.log4j.core.config.AbstractConfiguration.createConfiguration(AbstractConfiguration.java:942)
	at org.apache.logging.log4j.core.appender.routing.RoutingAppender.createAppender(RoutingAppender.java:299)
	at org.apache.logging.log4j.core.appender.routing.RoutingAppender.getControl(RoutingAppender.java:271)
	at org.apache.logging.log4j.core.appender.routing.RoutingAppender.append(RoutingAppender.java:229)
	at org.apache.logging.log4j.core.config.AppenderControl.tryCallAppender(AppenderControl.java:156)
	at org.apache.logging.log4j.core.config.AppenderControl.callAppender0(AppenderControl.java:129)
	at org.apache.logging.log4j.core.config.AppenderControl.callAppenderPreventRecursion(AppenderControl.java:120)
	at org.apache.logging.log4j.core.config.AppenderControl.callAppender(AppenderControl.java:84)
	at org.apache.logging.log4j.core.config.LoggerConfig.callAppenders(LoggerConfig.java:543)
	at org.apache.logging.log4j.core.config.LoggerConfig.processLogEvent(LoggerConfig.java:502)
	at org.apache.logging.log4j.core.config.LoggerConfig.log(LoggerConfig.java:485)
	at org.apache.logging.log4j.core.config.LoggerConfig.log(LoggerConfig.java:460)
	at org.apache.logging.log4j.core.config.AwaitCompletionReliabilityStrategy.log(AwaitCompletionReliabilityStrategy.java:82)
	at org.apache.logging.log4j.core.Logger.log(Logger.java:161)
	at org.apache.logging.log4j.spi.AbstractLogger.tryLogMessage(AbstractLogger.java:2198)
	at org.apache.logging.log4j.spi.AbstractLogger.logMessageTrackRecursion(AbstractLogger.java:2152)
	at org.apache.logging.log4j.spi.AbstractLogger.logMessageSafely(AbstractLogger.java:2135)
	at org.apache.logging.log4j.spi.AbstractLogger.logMessage(AbstractLogger.java:2011)
	at org.apache.logging.log4j.spi.AbstractLogger.logIfEnabled(AbstractLogger.java:1983)
	at org.apache.logging.log4j.spi.AbstractLogger.info(AbstractLogger.java:1320)
	at utilities.TestEnvironment.selectTestExecutionEnvironment(TestEnvironment.java:50)
	at automation_test.mortgage_calculator.CalculateApr.BrowserInitialization(CalculateApr.java:36)
	at java.base/jdk.internal.reflect.NativeMethodAccessorImpl.invoke0(Native Method)
	at java.base/jdk.internal.reflect.NativeMethodAccessorImpl.invoke(NativeMethodAccessorImpl.java:62)
	at java.base/jdk.internal.reflect.DelegatingMethodAccessorImpl.invoke(DelegatingMethodAccessorImpl.java:43)
	at java.base/java.lang.reflect.Method.invoke(Method.java:566)
	at org.testng.internal.MethodInvocationHelper.invokeMethod(MethodInvocationHelper.java:132)
	at org.testng.internal.MethodInvocationHelper.invokeMethodConsideringTimeout(MethodInvocationHelper.java:61)
	at org.testng.internal.ConfigInvoker.invokeConfigurationMethod(ConfigInvoker.java:366)
	at org.testng.internal.ConfigInvoker.invokeConfigurations(ConfigInvoker.java:320)
	at org.testng.internal.TestInvoker.runConfigMethods(TestInvoker.java:701)
	at org.testng.internal.TestInvoker.invokeMethod(TestInvoker.java:527)
	at org.testng.internal.TestInvoker.invokeTestMethod(TestInvoker.java:174)
	at org.testng.internal.MethodRunner.runInSequence(MethodRunner.java:46)
	at org.testng.internal.TestInvoker$MethodInvocationAgent.invoke(TestInvoker.java:822)
	at org.testng.internal.TestInvoker.invokeTestMethods(TestInvoker.java:147)
	at org.testng.internal.TestMethodWorker.invokeTestMethods(TestMethodWorker.java:146)
	at org.testng.internal.TestMethodWorker.run(TestMethodWorker.java:128)
	at java.base/java.util.concurrent.ThreadPoolExecutor.runWorker(ThreadPoolExecutor.java:1128)
	at java.base/java.util.concurrent.ThreadPoolExecutor$Worker.run(ThreadPoolExecutor.java:628)
	at java.base/java.lang.Thread.run(Thread.java:834)

2021-04-03 17:05:16,250 TestNG-test=Mortgage_Calculator-1 ERROR Could not create plugin of type class org.apache.logging.log4j.core.appender.FileAppender for element File: java.lang.IllegalStateException: ManagerFactory [org.apache.logging.log4j.core.appender.FileManager$FileManagerFactory@6f4b3b3a] unable to create manager for [logs/${ctx:threadName}.log] with data [org.apache.logging.log4j.core.appender.FileManager$FactoryData@40693870] java.lang.IllegalStateException: ManagerFactory [org.apache.logging.log4j.core.appender.FileManager$FileManagerFactory@6f4b3b3a] unable to create manager for [logs/${ctx:threadName}.log] with data [org.apache.logging.log4j.core.appender.FileManager$FactoryData@40693870]
	at org.apache.logging.log4j.core.appender.AbstractManager.getManager(AbstractManager.java:115)
	at org.apache.logging.log4j.core.appender.OutputStreamManager.getManager(OutputStreamManager.java:100)
	at org.apache.logging.log4j.core.appender.FileManager.getFileManager(FileManager.java:182)
	at org.apache.logging.log4j.core.appender.FileAppender$Builder.build(FileAppender.java:96)
	at org.apache.logging.log4j.core.appender.FileAppender$Builder.build(FileAppender.java:52)
	at org.apache.logging.log4j.core.config.plugins.util.PluginBuilder.build(PluginBuilder.java:122)
	at org.apache.logging.log4j.core.config.AbstractConfiguration.createPluginObject(AbstractConfiguration.java:1002)
	at org.apache.logging.log4j.core.config.AbstractConfiguration.createConfiguration(AbstractConfiguration.java:942)
	at org.apache.logging.log4j.core.appender.routing.RoutingAppender.createAppender(RoutingAppender.java:299)
	at org.apache.logging.log4j.core.appender.routing.RoutingAppender.getControl(RoutingAppender.java:271)
	at org.apache.logging.log4j.core.appender.routing.RoutingAppender.append(RoutingAppender.java:229)
	at org.apache.logging.log4j.core.config.AppenderControl.tryCallAppender(AppenderControl.java:156)
	at org.apache.logging.log4j.core.config.AppenderControl.callAppender0(AppenderControl.java:129)
	at org.apache.logging.log4j.core.config.AppenderControl.callAppenderPreventRecursion(AppenderControl.java:120)
	at org.apache.logging.log4j.core.config.AppenderControl.callAppender(AppenderControl.java:84)
	at org.apache.logging.log4j.core.config.LoggerConfig.callAppenders(LoggerConfig.java:543)
	at org.apache.logging.log4j.core.config.LoggerConfig.processLogEvent(LoggerConfig.java:502)
	at org.apache.logging.log4j.core.config.LoggerConfig.log(LoggerConfig.java:485)
	at org.apache.logging.log4j.core.config.LoggerConfig.log(LoggerConfig.java:460)
	at org.apache.logging.log4j.core.config.AwaitCompletionReliabilityStrategy.log(AwaitCompletionReliabilityStrategy.java:82)
	at org.apache.logging.log4j.core.Logger.log(Logger.java:161)
	at org.apache.logging.log4j.spi.AbstractLogger.tryLogMessage(AbstractLogger.java:2198)
	at org.apache.logging.log4j.spi.AbstractLogger.logMessageTrackRecursion(AbstractLogger.java:2152)
	at org.apache.logging.log4j.spi.AbstractLogger.logMessageSafely(AbstractLogger.java:2135)
	at org.apache.logging.log4j.spi.AbstractLogger.logMessage(AbstractLogger.java:2011)
	at org.apache.logging.log4j.spi.AbstractLogger.logIfEnabled(AbstractLogger.java:1983)
	at org.apache.logging.log4j.spi.AbstractLogger.info(AbstractLogger.java:1320)
	at utilities.TestEnvironment.selectTestExecutionEnvironment(TestEnvironment.java:50)
	at automation_test.mortgage_calculator.CalculateApr.BrowserInitialization(CalculateApr.java:36)
	at java.base/jdk.internal.reflect.NativeMethodAccessorImpl.invoke0(Native Method)
	at java.base/jdk.internal.reflect.NativeMethodAccessorImpl.invoke(NativeMethodAccessorImpl.java:62)
	at java.base/jdk.internal.reflect.DelegatingMethodAccessorImpl.invoke(DelegatingMethodAccessorImpl.java:43)
	at java.base/java.lang.reflect.Method.invoke(Method.java:566)
	at org.testng.internal.MethodInvocationHelper.invokeMethod(MethodInvocationHelper.java:132)
	at org.testng.internal.MethodInvocationHelper.invokeMethodConsideringTimeout(MethodInvocationHelper.java:61)
	at org.testng.internal.ConfigInvoker.invokeConfigurationMethod(ConfigInvoker.java:366)
	at org.testng.internal.ConfigInvoker.invokeConfigurations(ConfigInvoker.java:320)
	at org.testng.internal.TestInvoker.runConfigMethods(TestInvoker.java:701)
	at org.testng.internal.TestInvoker.invokeMethod(TestInvoker.java:527)
	at org.testng.internal.TestInvoker.invokeTestMethod(TestInvoker.java:174)
	at org.testng.internal.MethodRunner.runInSequence(MethodRunner.java:46)
	at org.testng.internal.TestInvoker$MethodInvocationAgent.invoke(TestInvoker.java:822)
	at org.testng.internal.TestInvoker.invokeTestMethods(TestInvoker.java:147)
	at org.testng.internal.TestMethodWorker.invokeTestMethods(TestMethodWorker.java:146)
	at org.testng.internal.TestMethodWorker.run(TestMethodWorker.java:128)
	at java.base/java.util.concurrent.ThreadPoolExecutor.runWorker(ThreadPoolExecutor.java:1128)
	at java.base/java.util.concurrent.ThreadPoolExecutor$Worker.run(ThreadPoolExecutor.java:628)
	at java.base/java.lang.Thread.run(Thread.java:834)

2021-04-03 17:05:16,260 TestNG-test=Mortgage_Calculator-1 ERROR Unable to invoke factory method in class org.apache.logging.log4j.core.appender.FileAppender for element File: java.lang.IllegalStateException: No factory method found for class org.apache.logging.log4j.core.appender.FileAppender java.lang.IllegalStateException: No factory method found for class org.apache.logging.log4j.core.appender.FileAppender
	at org.apache.logging.log4j.core.config.plugins.util.PluginBuilder.findFactoryMethod(PluginBuilder.java:234)
	at org.apache.logging.log4j.core.config.plugins.util.PluginBuilder.build(PluginBuilder.java:134)
	at org.apache.logging.log4j.core.config.AbstractConfiguration.createPluginObject(AbstractConfiguration.java:1002)
	at org.apache.logging.log4j.core.config.AbstractConfiguration.createConfiguration(AbstractConfiguration.java:942)
	at org.apache.logging.log4j.core.appender.routing.RoutingAppender.createAppender(RoutingAppender.java:299)
	at org.apache.logging.log4j.core.appender.routing.RoutingAppender.getControl(RoutingAppender.java:271)
	at org.apache.logging.log4j.core.appender.routing.RoutingAppender.append(RoutingAppender.java:229)
	at org.apache.logging.log4j.core.config.AppenderControl.tryCallAppender(AppenderControl.java:156)
	at org.apache.logging.log4j.core.config.AppenderControl.callAppender0(AppenderControl.java:129)
	at org.apache.logging.log4j.core.config.AppenderControl.callAppenderPreventRecursion(AppenderControl.java:120)
	at org.apache.logging.log4j.core.config.AppenderControl.callAppender(AppenderControl.java:84)
	at org.apache.logging.log4j.core.config.LoggerConfig.callAppenders(LoggerConfig.java:543)
	at org.apache.logging.log4j.core.config.LoggerConfig.processLogEvent(LoggerConfig.java:502)
	at org.apache.logging.log4j.core.config.LoggerConfig.log(LoggerConfig.java:485)
	at org.apache.logging.log4j.core.config.LoggerConfig.log(LoggerConfig.java:460)
	at org.apache.logging.log4j.core.config.AwaitCompletionReliabilityStrategy.log(AwaitCompletionReliabilityStrategy.java:82)
	at org.apache.logging.log4j.core.Logger.log(Logger.java:161)
	at org.apache.logging.log4j.spi.AbstractLogger.tryLogMessage(AbstractLogger.java:2198)
	at org.apache.logging.log4j.spi.AbstractLogger.logMessageTrackRecursion(AbstractLogger.java:2152)
	at org.apache.logging.log4j.spi.AbstractLogger.logMessageSafely(AbstractLogger.java:2135)
	at org.apache.logging.log4j.spi.AbstractLogger.logMessage(AbstractLogger.java:2011)
	at org.apache.logging.log4j.spi.AbstractLogger.logIfEnabled(AbstractLogger.java:1983)
	at org.apache.logging.log4j.spi.AbstractLogger.info(AbstractLogger.java:1320)
	at utilities.TestEnvironment.selectTestExecutionEnvironment(TestEnvironment.java:50)
	at automation_test.mortgage_calculator.CalculateApr.BrowserInitialization(CalculateApr.java:36)
	at java.base/jdk.internal.reflect.NativeMethodAccessorImpl.invoke0(Native Method)
	at java.base/jdk.internal.reflect.NativeMethodAccessorImpl.invoke(NativeMethodAccessorImpl.java:62)
	at java.base/jdk.internal.reflect.DelegatingMethodAccessorImpl.invoke(DelegatingMethodAccessorImpl.java:43)
	at java.base/java.lang.reflect.Method.invoke(Method.java:566)
	at org.testng.internal.MethodInvocationHelper.invokeMethod(MethodInvocationHelper.java:132)
	at org.testng.internal.MethodInvocationHelper.invokeMethodConsideringTimeout(MethodInvocationHelper.java:61)
	at org.testng.internal.ConfigInvoker.invokeConfigurationMethod(ConfigInvoker.java:366)
	at org.testng.internal.ConfigInvoker.invokeConfigurations(ConfigInvoker.java:320)
	at org.testng.internal.TestInvoker.runConfigMethods(TestInvoker.java:701)
	at org.testng.internal.TestInvoker.invokeMethod(TestInvoker.java:527)
	at org.testng.internal.TestInvoker.invokeTestMethod(TestInvoker.java:174)
	at org.testng.internal.MethodRunner.runInSequence(MethodRunner.java:46)
	at org.testng.internal.TestInvoker$MethodInvocationAgent.invoke(TestInvoker.java:822)
	at org.testng.internal.TestInvoker.invokeTestMethods(TestInvoker.java:147)
	at org.testng.internal.TestMethodWorker.invokeTestMethods(TestMethodWorker.java:146)
	at org.testng.internal.TestMethodWorker.run(TestMethodWorker.java:128)
	at java.base/java.util.concurrent.ThreadPoolExecutor.runWorker(ThreadPoolExecutor.java:1128)
	at java.base/java.util.concurrent.ThreadPoolExecutor$Worker.run(ThreadPoolExecutor.java:628)
	at java.base/java.lang.Thread.run(Thread.java:834)

2021-04-03 17:05:16,260 TestNG-test=Mortgage_Calculator-1 ERROR Unable to create Appender of type File
17:05:23.271 [TestNG-test=Mortgage_Calculator-2] INFO  Testing.TestNgMavenTest - Launch browser :https://www.mortgagecalculator.org/
2021-04-03 17:05:23,271 TestNG-test=Mortgage_Calculator-2 ERROR FileManager (logs/${ctx:threadName}.log) java.io.IOException: The filename, directory name, or volume label syntax is incorrect java.io.IOException: The filename, directory name, or volume label syntax is incorrect
	at java.base/java.io.WinNTFileSystem.canonicalize0(Native Method)
	at java.base/java.io.WinNTFileSystem.canonicalize(WinNTFileSystem.java:438)
	at java.base/java.io.File.getCanonicalPath(File.java:620)
	at java.base/java.io.File.getCanonicalFile(File.java:645)
	at org.apache.logging.log4j.core.util.FileUtils.makeParentDirs(FileUtils.java:133)
	at org.apache.logging.log4j.core.appender.FileManager$FileManagerFactory.createManager(FileManager.java:434)
	at org.apache.logging.log4j.core.appender.FileManager$FileManagerFactory.createManager(FileManager.java:422)
	at org.apache.logging.log4j.core.appender.AbstractManager.getManager(AbstractManager.java:113)
	at org.apache.logging.log4j.core.appender.OutputStreamManager.getManager(OutputStreamManager.java:100)
	at org.apache.logging.log4j.core.appender.FileManager.getFileManager(FileManager.java:182)
	at org.apache.logging.log4j.core.appender.FileAppender$Builder.build(FileAppender.java:96)
	at org.apache.logging.log4j.core.appender.FileAppender$Builder.build(FileAppender.java:52)
	at org.apache.logging.log4j.core.config.plugins.util.PluginBuilder.build(PluginBuilder.java:122)
	at org.apache.logging.log4j.core.config.AbstractConfiguration.createPluginObject(AbstractConfiguration.java:1002)
	at org.apache.logging.log4j.core.config.AbstractConfiguration.createConfiguration(AbstractConfiguration.java:942)
	at org.apache.logging.log4j.core.appender.routing.RoutingAppender.createAppender(RoutingAppender.java:299)
	at org.apache.logging.log4j.core.appender.routing.RoutingAppender.getControl(RoutingAppender.java:271)
	at org.apache.logging.log4j.core.appender.routing.RoutingAppender.append(RoutingAppender.java:229)
	at org.apache.logging.log4j.core.config.AppenderControl.tryCallAppender(AppenderControl.java:156)
	at org.apache.logging.log4j.core.config.AppenderControl.callAppender0(AppenderControl.java:129)
	at org.apache.logging.log4j.core.config.AppenderControl.callAppenderPreventRecursion(AppenderControl.java:120)
	at org.apache.logging.log4j.core.config.AppenderControl.callAppender(AppenderControl.java:84)
	at org.apache.logging.log4j.core.config.LoggerConfig.callAppenders(LoggerConfig.java:543)
	at org.apache.logging.log4j.core.config.LoggerConfig.processLogEvent(LoggerConfig.java:502)
	at org.apache.logging.log4j.core.config.LoggerConfig.log(LoggerConfig.java:485)
	at org.apache.logging.log4j.core.config.LoggerConfig.log(LoggerConfig.java:460)
	at org.apache.logging.log4j.core.config.AwaitCompletionReliabilityStrategy.log(AwaitCompletionReliabilityStrategy.java:82)
	at org.apache.logging.log4j.core.Logger.log(Logger.java:161)
	at org.apache.logging.log4j.spi.AbstractLogger.tryLogMessage(AbstractLogger.java:2198)
	at org.apache.logging.log4j.spi.AbstractLogger.logMessageTrackRecursion(AbstractLogger.java:2152)
	at org.apache.logging.log4j.spi.AbstractLogger.logMessageSafely(AbstractLogger.java:2135)
	at org.apache.logging.log4j.spi.AbstractLogger.logMessage(AbstractLogger.java:2011)
	at org.apache.logging.log4j.spi.AbstractLogger.logIfEnabled(AbstractLogger.java:1983)
	at org.apache.logging.log4j.spi.AbstractLogger.info(AbstractLogger.java:1320)
	at command_provider.BrowserActions.OPenBrowser(BrowserActions.java:21)
	at automation_test.mortgage_calculator.CalculateMonthlyPayment.BrowserInitialization(CalculateMonthlyPayment.java:38)
	at java.base/jdk.internal.reflect.NativeMethodAccessorImpl.invoke0(Native Method)
	at java.base/jdk.internal.reflect.NativeMethodAccessorImpl.invoke(NativeMethodAccessorImpl.java:62)
	at java.base/jdk.internal.reflect.DelegatingMethodAccessorImpl.invoke(DelegatingMethodAccessorImpl.java:43)
	at java.base/java.lang.reflect.Method.invoke(Method.java:566)
	at org.testng.internal.MethodInvocationHelper.invokeMethod(MethodInvocationHelper.java:132)
	at org.testng.internal.MethodInvocationHelper.invokeMethodConsideringTimeout(MethodInvocationHelper.java:61)
	at org.testng.internal.ConfigInvoker.invokeConfigurationMethod(ConfigInvoker.java:366)
	at org.testng.internal.ConfigInvoker.invokeConfigurations(ConfigInvoker.java:320)
	at org.testng.internal.TestInvoker.runConfigMethods(TestInvoker.java:701)
	at org.testng.internal.TestInvoker.invokeMethod(TestInvoker.java:527)
	at org.testng.internal.TestInvoker.invokeTestMethod(TestInvoker.java:174)
	at org.testng.internal.MethodRunner.runInSequence(MethodRunner.java:46)
	at org.testng.internal.TestInvoker$MethodInvocationAgent.invoke(TestInvoker.java:822)
	at org.testng.internal.TestInvoker.invokeTestMethods(TestInvoker.java:147)
	at org.testng.internal.TestMethodWorker.invokeTestMethods(TestMethodWorker.java:146)
	at org.testng.internal.TestMethodWorker.run(TestMethodWorker.java:128)
	at java.base/java.util.concurrent.ThreadPoolExecutor.runWorker(ThreadPoolExecutor.java:1128)
	at java.base/java.util.concurrent.ThreadPoolExecutor$Worker.run(ThreadPoolExecutor.java:628)
	at java.base/java.lang.Thread.run(Thread.java:834)

2021-04-03 17:05:23,286 TestNG-test=Mortgage_Calculator-2 ERROR Could not create plugin of type class org.apache.logging.log4j.core.appender.FileAppender for element File: java.lang.IllegalStateException: ManagerFactory [org.apache.logging.log4j.core.appender.FileManager$FileManagerFactory@6f4b3b3a] unable to create manager for [logs/${ctx:threadName}.log] with data [org.apache.logging.log4j.core.appender.FileManager$FactoryData@3e8f1bc] java.lang.IllegalStateException: ManagerFactory [org.apache.logging.log4j.core.appender.FileManager$FileManagerFactory@6f4b3b3a] unable to create manager for [logs/${ctx:threadName}.log] with data [org.apache.logging.log4j.core.appender.FileManager$FactoryData@3e8f1bc]
	at org.apache.logging.log4j.core.appender.AbstractManager.getManager(AbstractManager.java:115)
	at org.apache.logging.log4j.core.appender.OutputStreamManager.getManager(OutputStreamManager.java:100)
	at org.apache.logging.log4j.core.appender.FileManager.getFileManager(FileManager.java:182)
	at org.apache.logging.log4j.core.appender.FileAppender$Builder.build(FileAppender.java:96)
	at org.apache.logging.log4j.core.appender.FileAppender$Builder.build(FileAppender.java:52)
	at org.apache.logging.log4j.core.config.plugins.util.PluginBuilder.build(PluginBuilder.java:122)
	at org.apache.logging.log4j.core.config.AbstractConfiguration.createPluginObject(AbstractConfiguration.java:1002)
	at org.apache.logging.log4j.core.config.AbstractConfiguration.createConfiguration(AbstractConfiguration.java:942)
	at org.apache.logging.log4j.core.appender.routing.RoutingAppender.createAppender(RoutingAppender.java:299)
	at org.apache.logging.log4j.core.appender.routing.RoutingAppender.getControl(RoutingAppender.java:271)
	at org.apache.logging.log4j.core.appender.routing.RoutingAppender.append(RoutingAppender.java:229)
	at org.apache.logging.log4j.core.config.AppenderControl.tryCallAppender(AppenderControl.java:156)
	at org.apache.logging.log4j.core.config.AppenderControl.callAppender0(AppenderControl.java:129)
	at org.apache.logging.log4j.core.config.AppenderControl.callAppenderPreventRecursion(AppenderControl.java:120)
	at org.apache.logging.log4j.core.config.AppenderControl.callAppender(AppenderControl.java:84)
	at org.apache.logging.log4j.core.config.LoggerConfig.callAppenders(LoggerConfig.java:543)
	at org.apache.logging.log4j.core.config.LoggerConfig.processLogEvent(LoggerConfig.java:502)
	at org.apache.logging.log4j.core.config.LoggerConfig.log(LoggerConfig.java:485)
	at org.apache.logging.log4j.core.config.LoggerConfig.log(LoggerConfig.java:460)
	at org.apache.logging.log4j.core.config.AwaitCompletionReliabilityStrategy.log(AwaitCompletionReliabilityStrategy.java:82)
	at org.apache.logging.log4j.core.Logger.log(Logger.java:161)
	at org.apache.logging.log4j.spi.AbstractLogger.tryLogMessage(AbstractLogger.java:2198)
	at org.apache.logging.log4j.spi.AbstractLogger.logMessageTrackRecursion(AbstractLogger.java:2152)
	at org.apache.logging.log4j.spi.AbstractLogger.logMessageSafely(AbstractLogger.java:2135)
	at org.apache.logging.log4j.spi.AbstractLogger.logMessage(AbstractLogger.java:2011)
	at org.apache.logging.log4j.spi.AbstractLogger.logIfEnabled(AbstractLogger.java:1983)
	at org.apache.logging.log4j.spi.AbstractLogger.info(AbstractLogger.java:1320)
	at command_provider.BrowserActions.OPenBrowser(BrowserActions.java:21)
	at automation_test.mortgage_calculator.CalculateMonthlyPayment.BrowserInitialization(CalculateMonthlyPayment.java:38)
	at java.base/jdk.internal.reflect.NativeMethodAccessorImpl.invoke0(Native Method)
	at java.base/jdk.internal.reflect.NativeMethodAccessorImpl.invoke(NativeMethodAccessorImpl.java:62)
	at java.base/jdk.internal.reflect.DelegatingMethodAccessorImpl.invoke(DelegatingMethodAccessorImpl.java:43)
	at java.base/java.lang.reflect.Method.invoke(Method.java:566)
	at org.testng.internal.MethodInvocationHelper.invokeMethod(MethodInvocationHelper.java:132)
	at org.testng.internal.MethodInvocationHelper.invokeMethodConsideringTimeout(MethodInvocationHelper.java:61)
	at org.testng.internal.ConfigInvoker.invokeConfigurationMethod(ConfigInvoker.java:366)
	at org.testng.internal.ConfigInvoker.invokeConfigurations(ConfigInvoker.java:320)
	at org.testng.internal.TestInvoker.runConfigMethods(TestInvoker.java:701)
	at org.testng.internal.TestInvoker.invokeMethod(TestInvoker.java:527)
	at org.testng.internal.TestInvoker.invokeTestMethod(TestInvoker.java:174)
	at org.testng.internal.MethodRunner.runInSequence(MethodRunner.java:46)
	at org.testng.internal.TestInvoker$MethodInvocationAgent.invoke(TestInvoker.java:822)
	at org.testng.internal.TestInvoker.invokeTestMethods(TestInvoker.java:147)
	at org.testng.internal.TestMethodWorker.invokeTestMethods(TestMethodWorker.java:146)
	at org.testng.internal.TestMethodWorker.run(TestMethodWorker.java:128)
	at java.base/java.util.concurrent.ThreadPoolExecutor.runWorker(ThreadPoolExecutor.java:1128)
	at java.base/java.util.concurrent.ThreadPoolExecutor$Worker.run(ThreadPoolExecutor.java:628)
	at java.base/java.lang.Thread.run(Thread.java:834)

2021-04-03 17:05:23,286 TestNG-test=Mortgage_Calculator-2 ERROR Unable to invoke factory method in class org.apache.logging.log4j.core.appender.FileAppender for element File: java.lang.IllegalStateException: No factory method found for class org.apache.logging.log4j.core.appender.FileAppender java.lang.IllegalStateException: No factory method found for class org.apache.logging.log4j.core.appender.FileAppender
	at org.apache.logging.log4j.core.config.plugins.util.PluginBuilder.findFactoryMethod(PluginBuilder.java:234)
	at org.apache.logging.log4j.core.config.plugins.util.PluginBuilder.build(PluginBuilder.java:134)
	at org.apache.logging.log4j.core.config.AbstractConfiguration.createPluginObject(AbstractConfiguration.java:1002)
	at org.apache.logging.log4j.core.config.AbstractConfiguration.createConfiguration(AbstractConfiguration.java:942)
	at org.apache.logging.log4j.core.appender.routing.RoutingAppender.createAppender(RoutingAppender.java:299)
	at org.apache.logging.log4j.core.appender.routing.RoutingAppender.getControl(RoutingAppender.java:271)
	at org.apache.logging.log4j.core.appender.routing.RoutingAppender.append(RoutingAppender.java:229)
	at org.apache.logging.log4j.core.config.AppenderControl.tryCallAppender(AppenderControl.java:156)
	at org.apache.logging.log4j.core.config.AppenderControl.callAppender0(AppenderControl.java:129)
	at org.apache.logging.log4j.core.config.AppenderControl.callAppenderPreventRecursion(AppenderControl.java:120)
	at org.apache.logging.log4j.core.config.AppenderControl.callAppender(AppenderControl.java:84)
	at org.apache.logging.log4j.core.config.LoggerConfig.callAppenders(LoggerConfig.java:543)
	at org.apache.logging.log4j.core.config.LoggerConfig.processLogEvent(LoggerConfig.java:502)
	at org.apache.logging.log4j.core.config.LoggerConfig.log(LoggerConfig.java:485)
	at org.apache.logging.log4j.core.config.LoggerConfig.log(LoggerConfig.java:460)
	at org.apache.logging.log4j.core.config.AwaitCompletionReliabilityStrategy.log(AwaitCompletionReliabilityStrategy.java:82)
	at org.apache.logging.log4j.core.Logger.log(Logger.java:161)
	at org.apache.logging.log4j.spi.AbstractLogger.tryLogMessage(AbstractLogger.java:2198)
	at org.apache.logging.log4j.spi.AbstractLogger.logMessageTrackRecursion(AbstractLogger.java:2152)
	at org.apache.logging.log4j.spi.AbstractLogger.logMessageSafely(AbstractLogger.java:2135)
	at org.apache.logging.log4j.spi.AbstractLogger.logMessage(AbstractLogger.java:2011)
	at org.apache.logging.log4j.spi.AbstractLogger.logIfEnabled(AbstractLogger.java:1983)
	at org.apache.logging.log4j.spi.AbstractLogger.info(AbstractLogger.java:1320)
	at command_provider.BrowserActions.OPenBrowser(BrowserActions.java:21)
	at automation_test.mortgage_calculator.CalculateMonthlyPayment.BrowserInitialization(CalculateMonthlyPayment.java:38)
	at java.base/jdk.internal.reflect.NativeMethodAccessorImpl.invoke0(Native Method)
	at java.base/jdk.internal.reflect.NativeMethodAccessorImpl.invoke(NativeMethodAccessorImpl.java:62)
	at java.base/jdk.internal.reflect.DelegatingMethodAccessorImpl.invoke(DelegatingMethodAccessorImpl.java:43)
	at java.base/java.lang.reflect.Method.invoke(Method.java:566)
	at org.testng.internal.MethodInvocationHelper.invokeMethod(MethodInvocationHelper.java:132)
	at org.testng.internal.MethodInvocationHelper.invokeMethodConsideringTimeout(MethodInvocationHelper.java:61)
	at org.testng.internal.ConfigInvoker.invokeConfigurationMethod(ConfigInvoker.java:366)
	at org.testng.internal.ConfigInvoker.invokeConfigurations(ConfigInvoker.java:320)
	at org.testng.internal.TestInvoker.runConfigMethods(TestInvoker.java:701)
	at org.testng.internal.TestInvoker.invokeMethod(TestInvoker.java:527)
	at org.testng.internal.TestInvoker.invokeTestMethod(TestInvoker.java:174)
	at org.testng.internal.MethodRunner.runInSequence(MethodRunner.java:46)
	at org.testng.internal.TestInvoker$MethodInvocationAgent.invoke(TestInvoker.java:822)
	at org.testng.internal.TestInvoker.invokeTestMethods(TestInvoker.java:147)
	at org.testng.internal.TestMethodWorker.invokeTestMethods(TestMethodWorker.java:146)
	at org.testng.internal.TestMethodWorker.run(TestMethodWorker.java:128)
	at java.base/java.util.concurrent.ThreadPoolExecutor.runWorker(ThreadPoolExecutor.java:1128)
	at java.base/java.util.concurrent.ThreadPoolExecutor$Worker.run(ThreadPoolExecutor.java:628)
	at java.base/java.lang.Thread.run(Thread.java:834)

2021-04-03 17:05:23,286 TestNG-test=Mortgage_Calculator-2 ERROR Unable to create Appender of type File
17:05:23.286 [TestNG-test=Mortgage_Calculator-1] INFO  Testing.TestNgMavenTest - Launch browser :https://www.mortgagecalculator.org/
2021-04-03 17:05:23,286 TestNG-test=Mortgage_Calculator-1 ERROR FileManager (logs/${ctx:threadName}.log) java.io.IOException: The filename, directory name, or volume label syntax is incorrect java.io.IOException: The filename, directory name, or volume label syntax is incorrect
	at java.base/java.io.WinNTFileSystem.canonicalize0(Native Method)
	at java.base/java.io.WinNTFileSystem.canonicalize(WinNTFileSystem.java:438)
	at java.base/java.io.File.getCanonicalPath(File.java:620)
	at java.base/java.io.File.getCanonicalFile(File.java:645)
	at org.apache.logging.log4j.core.util.FileUtils.makeParentDirs(FileUtils.java:133)
	at org.apache.logging.log4j.core.appender.FileManager$FileManagerFactory.createManager(FileManager.java:434)
	at org.apache.logging.log4j.core.appender.FileManager$FileManagerFactory.createManager(FileManager.java:422)
	at org.apache.logging.log4j.core.appender.AbstractManager.getManager(AbstractManager.java:113)
	at org.apache.logging.log4j.core.appender.OutputStreamManager.getManager(OutputStreamManager.java:100)
	at org.apache.logging.log4j.core.appender.FileManager.getFileManager(FileManager.java:182)
	at org.apache.logging.log4j.core.appender.FileAppender$Builder.build(FileAppender.java:96)
	at org.apache.logging.log4j.core.appender.FileAppender$Builder.build(FileAppender.java:52)
	at org.apache.logging.log4j.core.config.plugins.util.PluginBuilder.build(PluginBuilder.java:122)
	at org.apache.logging.log4j.core.config.AbstractConfiguration.createPluginObject(AbstractConfiguration.java:1002)
	at org.apache.logging.log4j.core.config.AbstractConfiguration.createConfiguration(AbstractConfiguration.java:942)
	at org.apache.logging.log4j.core.appender.routing.RoutingAppender.createAppender(RoutingAppender.java:299)
	at org.apache.logging.log4j.core.appender.routing.RoutingAppender.getControl(RoutingAppender.java:271)
	at org.apache.logging.log4j.core.appender.routing.RoutingAppender.append(RoutingAppender.java:229)
	at org.apache.logging.log4j.core.config.AppenderControl.tryCallAppender(AppenderControl.java:156)
	at org.apache.logging.log4j.core.config.AppenderControl.callAppender0(AppenderControl.java:129)
	at org.apache.logging.log4j.core.config.AppenderControl.callAppenderPreventRecursion(AppenderControl.java:120)
	at org.apache.logging.log4j.core.config.AppenderControl.callAppender(AppenderControl.java:84)
	at org.apache.logging.log4j.core.config.LoggerConfig.callAppenders(LoggerConfig.java:543)
	at org.apache.logging.log4j.core.config.LoggerConfig.processLogEvent(LoggerConfig.java:502)
	at org.apache.logging.log4j.core.config.LoggerConfig.log(LoggerConfig.java:485)
	at org.apache.logging.log4j.core.config.LoggerConfig.log(LoggerConfig.java:460)
	at org.apache.logging.log4j.core.config.AwaitCompletionReliabilityStrategy.log(AwaitCompletionReliabilityStrategy.java:82)
	at org.apache.logging.log4j.core.Logger.log(Logger.java:161)
	at org.apache.logging.log4j.spi.AbstractLogger.tryLogMessage(AbstractLogger.java:2198)
	at org.apache.logging.log4j.spi.AbstractLogger.logMessageTrackRecursion(AbstractLogger.java:2152)
	at org.apache.logging.log4j.spi.AbstractLogger.logMessageSafely(AbstractLogger.java:2135)
	at org.apache.logging.log4j.spi.AbstractLogger.logMessage(AbstractLogger.java:2011)
	at org.apache.logging.log4j.spi.AbstractLogger.logIfEnabled(AbstractLogger.java:1983)
	at org.apache.logging.log4j.spi.AbstractLogger.info(AbstractLogger.java:1320)
	at command_provider.BrowserActions.OPenBrowser(BrowserActions.java:21)
	at automation_test.mortgage_calculator.CalculateApr.BrowserInitialization(CalculateApr.java:38)
	at java.base/jdk.internal.reflect.NativeMethodAccessorImpl.invoke0(Native Method)
	at java.base/jdk.internal.reflect.NativeMethodAccessorImpl.invoke(NativeMethodAccessorImpl.java:62)
	at java.base/jdk.internal.reflect.DelegatingMethodAccessorImpl.invoke(DelegatingMethodAccessorImpl.java:43)
	at java.base/java.lang.reflect.Method.invoke(Method.java:566)
	at org.testng.internal.MethodInvocationHelper.invokeMethod(MethodInvocationHelper.java:132)
	at org.testng.internal.MethodInvocationHelper.invokeMethodConsideringTimeout(MethodInvocationHelper.java:61)
	at org.testng.internal.ConfigInvoker.invokeConfigurationMethod(ConfigInvoker.java:366)
	at org.testng.internal.ConfigInvoker.invokeConfigurations(ConfigInvoker.java:320)
	at org.testng.internal.TestInvoker.runConfigMethods(TestInvoker.java:701)
	at org.testng.internal.TestInvoker.invokeMethod(TestInvoker.java:527)
	at org.testng.internal.TestInvoker.invokeTestMethod(TestInvoker.java:174)
	at org.testng.internal.MethodRunner.runInSequence(MethodRunner.java:46)
	at org.testng.internal.TestInvoker$MethodInvocationAgent.invoke(TestInvoker.java:822)
	at org.testng.internal.TestInvoker.invokeTestMethods(TestInvoker.java:147)
	at org.testng.internal.TestMethodWorker.invokeTestMethods(TestMethodWorker.java:146)
	at org.testng.internal.TestMethodWorker.run(TestMethodWorker.java:128)
	at java.base/java.util.concurrent.ThreadPoolExecutor.runWorker(ThreadPoolExecutor.java:1128)
	at java.base/java.util.concurrent.ThreadPoolExecutor$Worker.run(ThreadPoolExecutor.java:628)
	at java.base/java.lang.Thread.run(Thread.java:834)

2021-04-03 17:05:23,302 TestNG-test=Mortgage_Calculator-1 ERROR Could not create plugin of type class org.apache.logging.log4j.core.appender.FileAppender for element File: java.lang.IllegalStateException: ManagerFactory [org.apache.logging.log4j.core.appender.FileManager$FileManagerFactory@6f4b3b3a] unable to create manager for [logs/${ctx:threadName}.log] with data [org.apache.logging.log4j.core.appender.FileManager$FactoryData@38ad89bb] java.lang.IllegalStateException: ManagerFactory [org.apache.logging.log4j.core.appender.FileManager$FileManagerFactory@6f4b3b3a] unable to create manager for [logs/${ctx:threadName}.log] with data [org.apache.logging.log4j.core.appender.FileManager$FactoryData@38ad89bb]
	at org.apache.logging.log4j.core.appender.AbstractManager.getManager(AbstractManager.java:115)
	at org.apache.logging.log4j.core.appender.OutputStreamManager.getManager(OutputStreamManager.java:100)
	at org.apache.logging.log4j.core.appender.FileManager.getFileManager(FileManager.java:182)
	at org.apache.logging.log4j.core.appender.FileAppender$Builder.build(FileAppender.java:96)
	at org.apache.logging.log4j.core.appender.FileAppender$Builder.build(FileAppender.java:52)
	at org.apache.logging.log4j.core.config.plugins.util.PluginBuilder.build(PluginBuilder.java:122)
	at org.apache.logging.log4j.core.config.AbstractConfiguration.createPluginObject(AbstractConfiguration.java:1002)
	at org.apache.logging.log4j.core.config.AbstractConfiguration.createConfiguration(AbstractConfiguration.java:942)
	at org.apache.logging.log4j.core.appender.routing.RoutingAppender.createAppender(RoutingAppender.java:299)
	at org.apache.logging.log4j.core.appender.routing.RoutingAppender.getControl(RoutingAppender.java:271)
	at org.apache.logging.log4j.core.appender.routing.RoutingAppender.append(RoutingAppender.java:229)
	at org.apache.logging.log4j.core.config.AppenderControl.tryCallAppender(AppenderControl.java:156)
	at org.apache.logging.log4j.core.config.AppenderControl.callAppender0(AppenderControl.java:129)
	at org.apache.logging.log4j.core.config.AppenderControl.callAppenderPreventRecursion(AppenderControl.java:120)
	at org.apache.logging.log4j.core.config.AppenderControl.callAppender(AppenderControl.java:84)
	at org.apache.logging.log4j.core.config.LoggerConfig.callAppenders(LoggerConfig.java:543)
	at org.apache.logging.log4j.core.config.LoggerConfig.processLogEvent(LoggerConfig.java:502)
	at org.apache.logging.log4j.core.config.LoggerConfig.log(LoggerConfig.java:485)
	at org.apache.logging.log4j.core.config.LoggerConfig.log(LoggerConfig.java:460)
	at org.apache.logging.log4j.core.config.AwaitCompletionReliabilityStrategy.log(AwaitCompletionReliabilityStrategy.java:82)
	at org.apache.logging.log4j.core.Logger.log(Logger.java:161)
	at org.apache.logging.log4j.spi.AbstractLogger.tryLogMessage(AbstractLogger.java:2198)
	at org.apache.logging.log4j.spi.AbstractLogger.logMessageTrackRecursion(AbstractLogger.java:2152)
	at org.apache.logging.log4j.spi.AbstractLogger.logMessageSafely(AbstractLogger.java:2135)
	at org.apache.logging.log4j.spi.AbstractLogger.logMessage(AbstractLogger.java:2011)
	at org.apache.logging.log4j.spi.AbstractLogger.logIfEnabled(AbstractLogger.java:1983)
	at org.apache.logging.log4j.spi.AbstractLogger.info(AbstractLogger.java:1320)
	at command_provider.BrowserActions.OPenBrowser(BrowserActions.java:21)
	at automation_test.mortgage_calculator.CalculateApr.BrowserInitialization(CalculateApr.java:38)
	at java.base/jdk.internal.reflect.NativeMethodAccessorImpl.invoke0(Native Method)
	at java.base/jdk.internal.reflect.NativeMethodAccessorImpl.invoke(NativeMethodAccessorImpl.java:62)
	at java.base/jdk.internal.reflect.DelegatingMethodAccessorImpl.invoke(DelegatingMethodAccessorImpl.java:43)
	at java.base/java.lang.reflect.Method.invoke(Method.java:566)
	at org.testng.internal.MethodInvocationHelper.invokeMethod(MethodInvocationHelper.java:132)
	at org.testng.internal.MethodInvocationHelper.invokeMethodConsideringTimeout(MethodInvocationHelper.java:61)
	at org.testng.internal.ConfigInvoker.invokeConfigurationMethod(ConfigInvoker.java:366)
	at org.testng.internal.ConfigInvoker.invokeConfigurations(ConfigInvoker.java:320)
	at org.testng.internal.TestInvoker.runConfigMethods(TestInvoker.java:701)
	at org.testng.internal.TestInvoker.invokeMethod(TestInvoker.java:527)
	at org.testng.internal.TestInvoker.invokeTestMethod(TestInvoker.java:174)
	at org.testng.internal.MethodRunner.runInSequence(MethodRunner.java:46)
	at org.testng.internal.TestInvoker$MethodInvocationAgent.invoke(TestInvoker.java:822)
	at org.testng.internal.TestInvoker.invokeTestMethods(TestInvoker.java:147)
	at org.testng.internal.TestMethodWorker.invokeTestMethods(TestMethodWorker.java:146)
	at org.testng.internal.TestMethodWorker.run(TestMethodWorker.java:128)
	at java.base/java.util.concurrent.ThreadPoolExecutor.runWorker(ThreadPoolExecutor.java:1128)
	at java.base/java.util.concurrent.ThreadPoolExecutor$Worker.run(ThreadPoolExecutor.java:628)
	at java.base/java.lang.Thread.run(Thread.java:834)

2021-04-03 17:05:23,302 TestNG-test=Mortgage_Calculator-1 ERROR Unable to invoke factory method in class org.apache.logging.log4j.core.appender.FileAppender for element File: java.lang.IllegalStateException: No factory method found for class org.apache.logging.log4j.core.appender.FileAppender java.lang.IllegalStateException: No factory method found for class org.apache.logging.log4j.core.appender.FileAppender
	at org.apache.logging.log4j.core.config.plugins.util.PluginBuilder.findFactoryMethod(PluginBuilder.java:234)
	at org.apache.logging.log4j.core.config.plugins.util.PluginBuilder.build(PluginBuilder.java:134)
	at org.apache.logging.log4j.core.config.AbstractConfiguration.createPluginObject(AbstractConfiguration.java:1002)
	at org.apache.logging.log4j.core.config.AbstractConfiguration.createConfiguration(AbstractConfiguration.java:942)
	at org.apache.logging.log4j.core.appender.routing.RoutingAppender.createAppender(RoutingAppender.java:299)
	at org.apache.logging.log4j.core.appender.routing.RoutingAppender.getControl(RoutingAppender.java:271)
	at org.apache.logging.log4j.core.appender.routing.RoutingAppender.append(RoutingAppender.java:229)
	at org.apache.logging.log4j.core.config.AppenderControl.tryCallAppender(AppenderControl.java:156)
	at org.apache.logging.log4j.core.config.AppenderControl.callAppender0(AppenderControl.java:129)
	at org.apache.logging.log4j.core.config.AppenderControl.callAppenderPreventRecursion(AppenderControl.java:120)
	at org.apache.logging.log4j.core.config.AppenderControl.callAppender(AppenderControl.java:84)
	at org.apache.logging.log4j.core.config.LoggerConfig.callAppenders(LoggerConfig.java:543)
	at org.apache.logging.log4j.core.config.LoggerConfig.processLogEvent(LoggerConfig.java:502)
	at org.apache.logging.log4j.core.config.LoggerConfig.log(LoggerConfig.java:485)
	at org.apache.logging.log4j.core.config.LoggerConfig.log(LoggerConfig.java:460)
	at org.apache.logging.log4j.core.config.AwaitCompletionReliabilityStrategy.log(AwaitCompletionReliabilityStrategy.java:82)
	at org.apache.logging.log4j.core.Logger.log(Logger.java:161)
	at org.apache.logging.log4j.spi.AbstractLogger.tryLogMessage(AbstractLogger.java:2198)
	at org.apache.logging.log4j.spi.AbstractLogger.logMessageTrackRecursion(AbstractLogger.java:2152)
	at org.apache.logging.log4j.spi.AbstractLogger.logMessageSafely(AbstractLogger.java:2135)
	at org.apache.logging.log4j.spi.AbstractLogger.logMessage(AbstractLogger.java:2011)
	at org.apache.logging.log4j.spi.AbstractLogger.logIfEnabled(AbstractLogger.java:1983)
	at org.apache.logging.log4j.spi.AbstractLogger.info(AbstractLogger.java:1320)
	at command_provider.BrowserActions.OPenBrowser(BrowserActions.java:21)
	at automation_test.mortgage_calculator.CalculateApr.BrowserInitialization(CalculateApr.java:38)
	at java.base/jdk.internal.reflect.NativeMethodAccessorImpl.invoke0(Native Method)
	at java.base/jdk.internal.reflect.NativeMethodAccessorImpl.invoke(NativeMethodAccessorImpl.java:62)
	at java.base/jdk.internal.reflect.DelegatingMethodAccessorImpl.invoke(DelegatingMethodAccessorImpl.java:43)
	at java.base/java.lang.reflect.Method.invoke(Method.java:566)
	at org.testng.internal.MethodInvocationHelper.invokeMethod(MethodInvocationHelper.java:132)
	at org.testng.internal.MethodInvocationHelper.invokeMethodConsideringTimeout(MethodInvocationHelper.java:61)
	at org.testng.internal.ConfigInvoker.invokeConfigurationMethod(ConfigInvoker.java:366)
	at org.testng.internal.ConfigInvoker.invokeConfigurations(ConfigInvoker.java:320)
	at org.testng.internal.TestInvoker.runConfigMethods(TestInvoker.java:701)
	at org.testng.internal.TestInvoker.invokeMethod(TestInvoker.java:527)
	at org.testng.internal.TestInvoker.invokeTestMethod(TestInvoker.java:174)
	at org.testng.internal.MethodRunner.runInSequence(MethodRunner.java:46)
	at org.testng.internal.TestInvoker$MethodInvocationAgent.invoke(TestInvoker.java:822)
	at org.testng.internal.TestInvoker.invokeTestMethods(TestInvoker.java:147)
	at org.testng.internal.TestMethodWorker.invokeTestMethods(TestMethodWorker.java:146)
	at org.testng.internal.TestMethodWorker.run(TestMethodWorker.java:128)
	at java.base/java.util.concurrent.ThreadPoolExecutor.runWorker(ThreadPoolExecutor.java:1128)
	at java.base/java.util.concurrent.ThreadPoolExecutor$Worker.run(ThreadPoolExecutor.java:628)
	at java.base/java.lang.Thread.run(Thread.java:834)

2021-04-03 17:05:23,302 TestNG-test=Mortgage_Calculator-1 ERROR Unable to create Appender of type File
2021-04-03 17:05:35,607 TestNG-test=Mortgage_Calculator-1 ERROR FileManager (logs/${ctx:threadName}.log) java.io.IOException: The filename, directory name, or volume label syntax is incorrect java.io.IOException: The filename, directory name, or volume label syntax is incorrect
	at java.base/java.io.WinNTFileSystem.canonicalize0(Native Method)
	at java.base/java.io.WinNTFileSystem.canonicalize(WinNTFileSystem.java:438)
	at java.base/java.io.File.getCanonicalPath(File.java:620)
	at java.base/java.io.File.getCanonicalFile(File.java:645)
	at org.apache.logging.log4j.core.util.FileUtils.makeParentDirs(FileUtils.java:133)
	at org.apache.logging.log4j.core.appender.FileManager$FileManagerFactory.createManager(FileManager.java:434)
	at org.apache.logging.log4j.core.appender.FileManager$FileManagerFactory.createManager(FileManager.java:422)
	at org.apache.logging.log4j.core.appender.AbstractManager.getManager(AbstractManager.java:113)
	at org.apache.logging.log4j.core.appender.OutputStreamManager.getManager(OutputStreamManager.java:100)
	at org.apache.logging.log4j.core.appender.FileManager.getFileManager(FileManager.java:182)
	at org.apache.logging.log4j.core.appender.FileAppender$Builder.build(FileAppender.java:96)
	at org.apache.logging.log4j.core.appender.FileAppender$Builder.build(FileAppender.java:52)
	at org.apache.logging.log4j.core.config.plugins.util.PluginBuilder.build(PluginBuilder.java:122)
	at org.apache.logging.log4j.core.config.AbstractConfiguration.createPluginObject(AbstractConfiguration.java:1002)
	at org.apache.logging.log4j.core.config.AbstractConfiguration.createConfiguration(AbstractConfiguration.java:942)
	at org.apache.logging.log4j.core.appender.routing.RoutingAppender.createAppender(RoutingAppender.java:299)
	at org.apache.logging.log4j.core.appender.routing.RoutingAppender.getControl(RoutingAppender.java:271)
	at org.apache.logging.log4j.core.appender.routing.RoutingAppender.append(RoutingAppender.java:229)
	at org.apache.logging.log4j.core.config.AppenderControl.tryCallAppender(AppenderControl.java:156)
	at org.apache.logging.log4j.core.config.AppenderControl.callAppender0(AppenderControl.java:129)
	at org.apache.logging.log4j.core.config.AppenderControl.callAppenderPreventRecursion(AppenderControl.java:120)
	at org.apache.logging.log4j.core.config.AppenderControl.callAppender(AppenderControl.java:84)
	at org.apache.logging.log4j.core.config.LoggerConfig.callAppenders(LoggerConfig.java:543)
	at org.apache.logging.log4j.core.config.LoggerConfig.processLogEvent(LoggerConfig.java:502)
	at org.apache.logging.log4j.core.config.LoggerConfig.log(LoggerConfig.java:485)
	at org.apache.logging.log4j.core.config.LoggerConfig.log(LoggerConfig.java:460)
	at org.apache.logging.log4j.core.config.AwaitCompletionReliabilityStrategy.log(AwaitCompletionReliabilityStrategy.java:82)
	at org.apache.logging.log4j.core.Logger.log(Logger.java:161)
	at org.apache.logging.log4j.spi.AbstractLogger.tryLogMessage(AbstractLogger.java:2198)
	at org.apache.logging.log4j.spi.AbstractLogger.logMessageTrackRecursion(AbstractLogger.java:2152)
	at org.apache.logging.log4j.spi.AbstractLogger.logMessageSafely(AbstractLogger.java:2135)
	at org.apache.logging.log4j.spi.AbstractLogger.logMessage(AbstractLogger.java:2011)
	at org.apache.logging.log4j.spi.AbstractLogger.logIfEnabled(AbstractLogger.java:1983)
	at org.apache.logging.log4j.spi.AbstractLogger.debug(AbstractLogger.java:327)
	at page_objects.NavigationBar.mouseHoverToRates(NavigationBar.java:34)
	at automation_test.mortgage_calculator.CalculateApr.calculateRealApr(CalculateApr.java:46)
	at java.base/jdk.internal.reflect.NativeMethodAccessorImpl.invoke0(Native Method)
	at java.base/jdk.internal.reflect.NativeMethodAccessorImpl.invoke(NativeMethodAccessorImpl.java:62)
	at java.base/jdk.internal.reflect.DelegatingMethodAccessorImpl.invoke(DelegatingMethodAccessorImpl.java:43)
	at java.base/java.lang.reflect.Method.invoke(Method.java:566)
	at org.testng.internal.MethodInvocationHelper.invokeMethod(MethodInvocationHelper.java:132)
	at org.testng.internal.TestInvoker.invokeMethod(TestInvoker.java:599)
	at org.testng.internal.TestInvoker.invokeTestMethod(TestInvoker.java:174)
	at org.testng.internal.MethodRunner.runInSequence(MethodRunner.java:46)
	at org.testng.internal.TestInvoker$MethodInvocationAgent.invoke(TestInvoker.java:822)
	at org.testng.internal.TestInvoker.invokeTestMethods(TestInvoker.java:147)
	at org.testng.internal.TestMethodWorker.invokeTestMethods(TestMethodWorker.java:146)
	at org.testng.internal.TestMethodWorker.run(TestMethodWorker.java:128)
	at java.base/java.util.concurrent.ThreadPoolExecutor.runWorker(ThreadPoolExecutor.java:1128)
	at java.base/java.util.concurrent.ThreadPoolExecutor$Worker.run(ThreadPoolExecutor.java:628)
	at java.base/java.lang.Thread.run(Thread.java:834)

2021-04-03 17:05:35,611 TestNG-test=Mortgage_Calculator-1 ERROR Could not create plugin of type class org.apache.logging.log4j.core.appender.FileAppender for element File: java.lang.IllegalStateException: ManagerFactory [org.apache.logging.log4j.core.appender.FileManager$FileManagerFactory@6f4b3b3a] unable to create manager for [logs/${ctx:threadName}.log] with data [org.apache.logging.log4j.core.appender.FileManager$FactoryData@2cdf84fd] java.lang.IllegalStateException: ManagerFactory [org.apache.logging.log4j.core.appender.FileManager$FileManagerFactory@6f4b3b3a] unable to create manager for [logs/${ctx:threadName}.log] with data [org.apache.logging.log4j.core.appender.FileManager$FactoryData@2cdf84fd]
	at org.apache.logging.log4j.core.appender.AbstractManager.getManager(AbstractManager.java:115)
	at org.apache.logging.log4j.core.appender.OutputStreamManager.getManager(OutputStreamManager.java:100)
	at org.apache.logging.log4j.core.appender.FileManager.getFileManager(FileManager.java:182)
	at org.apache.logging.log4j.core.appender.FileAppender$Builder.build(FileAppender.java:96)
	at org.apache.logging.log4j.core.appender.FileAppender$Builder.build(FileAppender.java:52)
	at org.apache.logging.log4j.core.config.plugins.util.PluginBuilder.build(PluginBuilder.java:122)
	at org.apache.logging.log4j.core.config.AbstractConfiguration.createPluginObject(AbstractConfiguration.java:1002)
	at org.apache.logging.log4j.core.config.AbstractConfiguration.createConfiguration(AbstractConfiguration.java:942)
	at org.apache.logging.log4j.core.appender.routing.RoutingAppender.createAppender(RoutingAppender.java:299)
	at org.apache.logging.log4j.core.appender.routing.RoutingAppender.getControl(RoutingAppender.java:271)
	at org.apache.logging.log4j.core.appender.routing.RoutingAppender.append(RoutingAppender.java:229)
	at org.apache.logging.log4j.core.config.AppenderControl.tryCallAppender(AppenderControl.java:156)
	at org.apache.logging.log4j.core.config.AppenderControl.callAppender0(AppenderControl.java:129)
	at org.apache.logging.log4j.core.config.AppenderControl.callAppenderPreventRecursion(AppenderControl.java:120)
	at org.apache.logging.log4j.core.config.AppenderControl.callAppender(AppenderControl.java:84)
	at org.apache.logging.log4j.core.config.LoggerConfig.callAppenders(LoggerConfig.java:543)
	at org.apache.logging.log4j.core.config.LoggerConfig.processLogEvent(LoggerConfig.java:502)
	at org.apache.logging.log4j.core.config.LoggerConfig.log(LoggerConfig.java:485)
	at org.apache.logging.log4j.core.config.LoggerConfig.log(LoggerConfig.java:460)
	at org.apache.logging.log4j.core.config.AwaitCompletionReliabilityStrategy.log(AwaitCompletionReliabilityStrategy.java:82)
	at org.apache.logging.log4j.core.Logger.log(Logger.java:161)
	at org.apache.logging.log4j.spi.AbstractLogger.tryLogMessage(AbstractLogger.java:2198)
	at org.apache.logging.log4j.spi.AbstractLogger.logMessageTrackRecursion(AbstractLogger.java:2152)
	at org.apache.logging.log4j.spi.AbstractLogger.logMessageSafely(AbstractLogger.java:2135)
	at org.apache.logging.log4j.spi.AbstractLogger.logMessage(AbstractLogger.java:2011)
	at org.apache.logging.log4j.spi.AbstractLogger.logIfEnabled(AbstractLogger.java:1983)
	at org.apache.logging.log4j.spi.AbstractLogger.debug(AbstractLogger.java:327)
	at page_objects.NavigationBar.mouseHoverToRates(NavigationBar.java:34)
	at automation_test.mortgage_calculator.CalculateApr.calculateRealApr(CalculateApr.java:46)
	at java.base/jdk.internal.reflect.NativeMethodAccessorImpl.invoke0(Native Method)
	at java.base/jdk.internal.reflect.NativeMethodAccessorImpl.invoke(NativeMethodAccessorImpl.java:62)
	at java.base/jdk.internal.reflect.DelegatingMethodAccessorImpl.invoke(DelegatingMethodAccessorImpl.java:43)
	at java.base/java.lang.reflect.Method.invoke(Method.java:566)
	at org.testng.internal.MethodInvocationHelper.invokeMethod(MethodInvocationHelper.java:132)
	at org.testng.internal.TestInvoker.invokeMethod(TestInvoker.java:599)
	at org.testng.internal.TestInvoker.invokeTestMethod(TestInvoker.java:174)
	at org.testng.internal.MethodRunner.runInSequence(MethodRunner.java:46)
	at org.testng.internal.TestInvoker$MethodInvocationAgent.invoke(TestInvoker.java:822)
	at org.testng.internal.TestInvoker.invokeTestMethods(TestInvoker.java:147)
	at org.testng.internal.TestMethodWorker.invokeTestMethods(TestMethodWorker.java:146)
	at org.testng.internal.TestMethodWorker.run(TestMethodWorker.java:128)
	at java.base/java.util.concurrent.ThreadPoolExecutor.runWorker(ThreadPoolExecutor.java:1128)
	at java.base/java.util.concurrent.ThreadPoolExecutor$Worker.run(ThreadPoolExecutor.java:628)
	at java.base/java.lang.Thread.run(Thread.java:834)

2021-04-03 17:05:35,613 TestNG-test=Mortgage_Calculator-1 ERROR Unable to invoke factory method in class org.apache.logging.log4j.core.appender.FileAppender for element File: java.lang.IllegalStateException: No factory method found for class org.apache.logging.log4j.core.appender.FileAppender java.lang.IllegalStateException: No factory method found for class org.apache.logging.log4j.core.appender.FileAppender
	at org.apache.logging.log4j.core.config.plugins.util.PluginBuilder.findFactoryMethod(PluginBuilder.java:234)
	at org.apache.logging.log4j.core.config.plugins.util.PluginBuilder.build(PluginBuilder.java:134)
	at org.apache.logging.log4j.core.config.AbstractConfiguration.createPluginObject(AbstractConfiguration.java:1002)
	at org.apache.logging.log4j.core.config.AbstractConfiguration.createConfiguration(AbstractConfiguration.java:942)
	at org.apache.logging.log4j.core.appender.routing.RoutingAppender.createAppender(RoutingAppender.java:299)
	at org.apache.logging.log4j.core.appender.routing.RoutingAppender.getControl(RoutingAppender.java:271)
	at org.apache.logging.log4j.core.appender.routing.RoutingAppender.append(RoutingAppender.java:229)
	at org.apache.logging.log4j.core.config.AppenderControl.tryCallAppender(AppenderControl.java:156)
	at org.apache.logging.log4j.core.config.AppenderControl.callAppender0(AppenderControl.java:129)
	at org.apache.logging.log4j.core.config.AppenderControl.callAppenderPreventRecursion(AppenderControl.java:120)
	at org.apache.logging.log4j.core.config.AppenderControl.callAppender(AppenderControl.java:84)
	at org.apache.logging.log4j.core.config.LoggerConfig.callAppenders(LoggerConfig.java:543)
	at org.apache.logging.log4j.core.config.LoggerConfig.processLogEvent(LoggerConfig.java:502)
	at org.apache.logging.log4j.core.config.LoggerConfig.log(LoggerConfig.java:485)
	at org.apache.logging.log4j.core.config.LoggerConfig.log(LoggerConfig.java:460)
	at org.apache.logging.log4j.core.config.AwaitCompletionReliabilityStrategy.log(AwaitCompletionReliabilityStrategy.java:82)
	at org.apache.logging.log4j.core.Logger.log(Logger.java:161)
	at org.apache.logging.log4j.spi.AbstractLogger.tryLogMessage(AbstractLogger.java:2198)
	at org.apache.logging.log4j.spi.AbstractLogger.logMessageTrackRecursion(AbstractLogger.java:2152)
	at org.apache.logging.log4j.spi.AbstractLogger.logMessageSafely(AbstractLogger.java:2135)
	at org.apache.logging.log4j.spi.AbstractLogger.logMessage(AbstractLogger.java:2011)
	at org.apache.logging.log4j.spi.AbstractLogger.logIfEnabled(AbstractLogger.java:1983)
	at org.apache.logging.log4j.spi.AbstractLogger.debug(AbstractLogger.java:327)
	at page_objects.NavigationBar.mouseHoverToRates(NavigationBar.java:34)
	at automation_test.mortgage_calculator.CalculateApr.calculateRealApr(CalculateApr.java:46)
	at java.base/jdk.internal.reflect.NativeMethodAccessorImpl.invoke0(Native Method)
	at java.base/jdk.internal.reflect.NativeMethodAccessorImpl.invoke(NativeMethodAccessorImpl.java:62)
	at java.base/jdk.internal.reflect.DelegatingMethodAccessorImpl.invoke(DelegatingMethodAccessorImpl.java:43)
	at java.base/java.lang.reflect.Method.invoke(Method.java:566)
	at org.testng.internal.MethodInvocationHelper.invokeMethod(MethodInvocationHelper.java:132)
	at org.testng.internal.TestInvoker.invokeMethod(TestInvoker.java:599)
	at org.testng.internal.TestInvoker.invokeTestMethod(TestInvoker.java:174)
	at org.testng.internal.MethodRunner.runInSequence(MethodRunner.java:46)
	at org.testng.internal.TestInvoker$MethodInvocationAgent.invoke(TestInvoker.java:822)
	at org.testng.internal.TestInvoker.invokeTestMethods(TestInvoker.java:147)
	at org.testng.internal.TestMethodWorker.invokeTestMethods(TestMethodWorker.java:146)
	at org.testng.internal.TestMethodWorker.run(TestMethodWorker.java:128)
	at java.base/java.util.concurrent.ThreadPoolExecutor.runWorker(ThreadPoolExecutor.java:1128)
	at java.base/java.util.concurrent.ThreadPoolExecutor$Worker.run(ThreadPoolExecutor.java:628)
	at java.base/java.lang.Thread.run(Thread.java:834)

2021-04-03 17:05:35,855 TestNG-test=Mortgage_Calculator-1 ERROR FileManager (logs/${ctx:threadName}.log) java.io.IOException: The filename, directory name, or volume label syntax is incorrect java.io.IOException: The filename, directory name, or volume label syntax is incorrect
	at java.base/java.io.WinNTFileSystem.canonicalize0(Native Method)
	at java.base/java.io.WinNTFileSystem.canonicalize(WinNTFileSystem.java:438)
	at java.base/java.io.File.getCanonicalPath(File.java:620)
	at java.base/java.io.File.getCanonicalFile(File.java:645)
	at org.apache.logging.log4j.core.util.FileUtils.makeParentDirs(FileUtils.java:133)
	at org.apache.logging.log4j.core.appender.FileManager$FileManagerFactory.createManager(FileManager.java:434)
	at org.apache.logging.log4j.core.appender.FileManager$FileManagerFactory.createManager(FileManager.java:422)
	at org.apache.logging.log4j.core.appender.AbstractManager.getManager(AbstractManager.java:113)
	at org.apache.logging.log4j.core.appender.OutputStreamManager.getManager(OutputStreamManager.java:100)
	at org.apache.logging.log4j.core.appender.FileManager.getFileManager(FileManager.java:182)
	at org.apache.logging.log4j.core.appender.FileAppender$Builder.build(FileAppender.java:96)
	at org.apache.logging.log4j.core.appender.FileAppender$Builder.build(FileAppender.java:52)
	at org.apache.logging.log4j.core.config.plugins.util.PluginBuilder.build(PluginBuilder.java:122)
	at org.apache.logging.log4j.core.config.AbstractConfiguration.createPluginObject(AbstractConfiguration.java:1002)
	at org.apache.logging.log4j.core.config.AbstractConfiguration.createConfiguration(AbstractConfiguration.java:942)
	at org.apache.logging.log4j.core.appender.routing.RoutingAppender.createAppender(RoutingAppender.java:299)
	at org.apache.logging.log4j.core.appender.routing.RoutingAppender.getControl(RoutingAppender.java:271)
	at org.apache.logging.log4j.core.appender.routing.RoutingAppender.append(RoutingAppender.java:229)
	at org.apache.logging.log4j.core.config.AppenderControl.tryCallAppender(AppenderControl.java:156)
	at org.apache.logging.log4j.core.config.AppenderControl.callAppender0(AppenderControl.java:129)
	at org.apache.logging.log4j.core.config.AppenderControl.callAppenderPreventRecursion(AppenderControl.java:120)
	at org.apache.logging.log4j.core.config.AppenderControl.callAppender(AppenderControl.java:84)
	at org.apache.logging.log4j.core.config.LoggerConfig.callAppenders(LoggerConfig.java:543)
	at org.apache.logging.log4j.core.config.LoggerConfig.processLogEvent(LoggerConfig.java:502)
	at org.apache.logging.log4j.core.config.LoggerConfig.log(LoggerConfig.java:485)
	at org.apache.logging.log4j.core.config.LoggerConfig.log(LoggerConfig.java:460)
	at org.apache.logging.log4j.core.config.AwaitCompletionReliabilityStrategy.log(AwaitCompletionReliabilityStrategy.java:82)
	at org.apache.logging.log4j.core.Logger.log(Logger.java:161)
	at org.apache.logging.log4j.spi.AbstractLogger.tryLogMessage(AbstractLogger.java:2198)
	at org.apache.logging.log4j.spi.AbstractLogger.logMessageTrackRecursion(AbstractLogger.java:2152)
	at org.apache.logging.log4j.spi.AbstractLogger.logMessageSafely(AbstractLogger.java:2135)
	at org.apache.logging.log4j.spi.AbstractLogger.logMessage(AbstractLogger.java:2011)
	at org.apache.logging.log4j.spi.AbstractLogger.logIfEnabled(AbstractLogger.java:1983)
	at org.apache.logging.log4j.spi.AbstractLogger.debug(AbstractLogger.java:327)
	at page_objects.NavigationBar.navigateToRealApr(NavigationBar.java:40)
	at automation_test.mortgage_calculator.CalculateApr.calculateRealApr(CalculateApr.java:47)
	at java.base/jdk.internal.reflect.NativeMethodAccessorImpl.invoke0(Native Method)
	at java.base/jdk.internal.reflect.NativeMethodAccessorImpl.invoke(NativeMethodAccessorImpl.java:62)
	at java.base/jdk.internal.reflect.DelegatingMethodAccessorImpl.invoke(DelegatingMethodAccessorImpl.java:43)
	at java.base/java.lang.reflect.Method.invoke(Method.java:566)
	at org.testng.internal.MethodInvocationHelper.invokeMethod(MethodInvocationHelper.java:132)
	at org.testng.internal.TestInvoker.invokeMethod(TestInvoker.java:599)
	at org.testng.internal.TestInvoker.invokeTestMethod(TestInvoker.java:174)
	at org.testng.internal.MethodRunner.runInSequence(MethodRunner.java:46)
	at org.testng.internal.TestInvoker$MethodInvocationAgent.invoke(TestInvoker.java:822)
	at org.testng.internal.TestInvoker.invokeTestMethods(TestInvoker.java:147)
	at org.testng.internal.TestMethodWorker.invokeTestMethods(TestMethodWorker.java:146)
	at org.testng.internal.TestMethodWorker.run(TestMethodWorker.java:128)
	at java.base/java.util.concurrent.ThreadPoolExecutor.runWorker(ThreadPoolExecutor.java:1128)
	at java.base/java.util.concurrent.ThreadPoolExecutor$Worker.run(ThreadPoolExecutor.java:628)
	at java.base/java.lang.Thread.run(Thread.java:834)

2021-04-03 17:05:35,856 TestNG-test=Mortgage_Calculator-1 ERROR Could not create plugin of type class org.apache.logging.log4j.core.appender.FileAppender for element File: java.lang.IllegalStateException: ManagerFactory [org.apache.logging.log4j.core.appender.FileManager$FileManagerFactory@6f4b3b3a] unable to create manager for [logs/${ctx:threadName}.log] with data [org.apache.logging.log4j.core.appender.FileManager$FactoryData@54727ce4] java.lang.IllegalStateException: ManagerFactory [org.apache.logging.log4j.core.appender.FileManager$FileManagerFactory@6f4b3b3a] unable to create manager for [logs/${ctx:threadName}.log] with data [org.apache.logging.log4j.core.appender.FileManager$FactoryData@54727ce4]
	at org.apache.logging.log4j.core.appender.AbstractManager.getManager(AbstractManager.java:115)
	at org.apache.logging.log4j.core.appender.OutputStreamManager.getManager(OutputStreamManager.java:100)
	at org.apache.logging.log4j.core.appender.FileManager.getFileManager(FileManager.java:182)
	at org.apache.logging.log4j.core.appender.FileAppender$Builder.build(FileAppender.java:96)
	at org.apache.logging.log4j.core.appender.FileAppender$Builder.build(FileAppender.java:52)
	at org.apache.logging.log4j.core.config.plugins.util.PluginBuilder.build(PluginBuilder.java:122)
	at org.apache.logging.log4j.core.config.AbstractConfiguration.createPluginObject(AbstractConfiguration.java:1002)
	at org.apache.logging.log4j.core.config.AbstractConfiguration.createConfiguration(AbstractConfiguration.java:942)
	at org.apache.logging.log4j.core.appender.routing.RoutingAppender.createAppender(RoutingAppender.java:299)
	at org.apache.logging.log4j.core.appender.routing.RoutingAppender.getControl(RoutingAppender.java:271)
	at org.apache.logging.log4j.core.appender.routing.RoutingAppender.append(RoutingAppender.java:229)
	at org.apache.logging.log4j.core.config.AppenderControl.tryCallAppender(AppenderControl.java:156)
	at org.apache.logging.log4j.core.config.AppenderControl.callAppender0(AppenderControl.java:129)
	at org.apache.logging.log4j.core.config.AppenderControl.callAppenderPreventRecursion(AppenderControl.java:120)
	at org.apache.logging.log4j.core.config.AppenderControl.callAppender(AppenderControl.java:84)
	at org.apache.logging.log4j.core.config.LoggerConfig.callAppenders(LoggerConfig.java:543)
	at org.apache.logging.log4j.core.config.LoggerConfig.processLogEvent(LoggerConfig.java:502)
	at org.apache.logging.log4j.core.config.LoggerConfig.log(LoggerConfig.java:485)
	at org.apache.logging.log4j.core.config.LoggerConfig.log(LoggerConfig.java:460)
	at org.apache.logging.log4j.core.config.AwaitCompletionReliabilityStrategy.log(AwaitCompletionReliabilityStrategy.java:82)
	at org.apache.logging.log4j.core.Logger.log(Logger.java:161)
	at org.apache.logging.log4j.spi.AbstractLogger.tryLogMessage(AbstractLogger.java:2198)
	at org.apache.logging.log4j.spi.AbstractLogger.logMessageTrackRecursion(AbstractLogger.java:2152)
	at org.apache.logging.log4j.spi.AbstractLogger.logMessageSafely(AbstractLogger.java:2135)
	at org.apache.logging.log4j.spi.AbstractLogger.logMessage(AbstractLogger.java:2011)
	at org.apache.logging.log4j.spi.AbstractLogger.logIfEnabled(AbstractLogger.java:1983)
	at org.apache.logging.log4j.spi.AbstractLogger.debug(AbstractLogger.java:327)
	at page_objects.NavigationBar.navigateToRealApr(NavigationBar.java:40)
	at automation_test.mortgage_calculator.CalculateApr.calculateRealApr(CalculateApr.java:47)
	at java.base/jdk.internal.reflect.NativeMethodAccessorImpl.invoke0(Native Method)
	at java.base/jdk.internal.reflect.NativeMethodAccessorImpl.invoke(NativeMethodAccessorImpl.java:62)
	at java.base/jdk.internal.reflect.DelegatingMethodAccessorImpl.invoke(DelegatingMethodAccessorImpl.java:43)
	at java.base/java.lang.reflect.Method.invoke(Method.java:566)
	at org.testng.internal.MethodInvocationHelper.invokeMethod(MethodInvocationHelper.java:132)
	at org.testng.internal.TestInvoker.invokeMethod(TestInvoker.java:599)
	at org.testng.internal.TestInvoker.invokeTestMethod(TestInvoker.java:174)
	at org.testng.internal.MethodRunner.runInSequence(MethodRunner.java:46)
	at org.testng.internal.TestInvoker$MethodInvocationAgent.invoke(TestInvoker.java:822)
	at org.testng.internal.TestInvoker.invokeTestMethods(TestInvoker.java:147)
	at org.testng.internal.TestMethodWorker.invokeTestMethods(TestMethodWorker.java:146)
	at org.testng.internal.TestMethodWorker.run(TestMethodWorker.java:128)
	at java.base/java.util.concurrent.ThreadPoolExecutor.runWorker(ThreadPoolExecutor.java:1128)
	at java.base/java.util.concurrent.ThreadPoolExecutor$Worker.run(ThreadPoolExecutor.java:628)
	at java.base/java.lang.Thread.run(Thread.java:834)

2021-04-03 17:05:35,857 TestNG-test=Mortgage_Calculator-1 ERROR Unable to invoke factory method in class org.apache.logging.log4j.core.appender.FileAppender for element File: java.lang.IllegalStateException: No factory method found for class org.apache.logging.log4j.core.appender.FileAppender java.lang.IllegalStateException: No factory method found for class org.apache.logging.log4j.core.appender.FileAppender
	at org.apache.logging.log4j.core.config.plugins.util.PluginBuilder.findFactoryMethod(PluginBuilder.java:234)
	at org.apache.logging.log4j.core.config.plugins.util.PluginBuilder.build(PluginBuilder.java:134)
	at org.apache.logging.log4j.core.config.AbstractConfiguration.createPluginObject(AbstractConfiguration.java:1002)
	at org.apache.logging.log4j.core.config.AbstractConfiguration.createConfiguration(AbstractConfiguration.java:942)
	at org.apache.logging.log4j.core.appender.routing.RoutingAppender.createAppender(RoutingAppender.java:299)
	at org.apache.logging.log4j.core.appender.routing.RoutingAppender.getControl(RoutingAppender.java:271)
	at org.apache.logging.log4j.core.appender.routing.RoutingAppender.append(RoutingAppender.java:229)
	at org.apache.logging.log4j.core.config.AppenderControl.tryCallAppender(AppenderControl.java:156)
	at org.apache.logging.log4j.core.config.AppenderControl.callAppender0(AppenderControl.java:129)
	at org.apache.logging.log4j.core.config.AppenderControl.callAppenderPreventRecursion(AppenderControl.java:120)
	at org.apache.logging.log4j.core.config.AppenderControl.callAppender(AppenderControl.java:84)
	at org.apache.logging.log4j.core.config.LoggerConfig.callAppenders(LoggerConfig.java:543)
	at org.apache.logging.log4j.core.config.LoggerConfig.processLogEvent(LoggerConfig.java:502)
	at org.apache.logging.log4j.core.config.LoggerConfig.log(LoggerConfig.java:485)
	at org.apache.logging.log4j.core.config.LoggerConfig.log(LoggerConfig.java:460)
	at org.apache.logging.log4j.core.config.AwaitCompletionReliabilityStrategy.log(AwaitCompletionReliabilityStrategy.java:82)
	at org.apache.logging.log4j.core.Logger.log(Logger.java:161)
	at org.apache.logging.log4j.spi.AbstractLogger.tryLogMessage(AbstractLogger.java:2198)
	at org.apache.logging.log4j.spi.AbstractLogger.logMessageTrackRecursion(AbstractLogger.java:2152)
	at org.apache.logging.log4j.spi.AbstractLogger.logMessageSafely(AbstractLogger.java:2135)
	at org.apache.logging.log4j.spi.AbstractLogger.logMessage(AbstractLogger.java:2011)
	at org.apache.logging.log4j.spi.AbstractLogger.logIfEnabled(AbstractLogger.java:1983)
	at org.apache.logging.log4j.spi.AbstractLogger.debug(AbstractLogger.java:327)
	at page_objects.NavigationBar.navigateToRealApr(NavigationBar.java:40)
	at automation_test.mortgage_calculator.CalculateApr.calculateRealApr(CalculateApr.java:47)
	at java.base/jdk.internal.reflect.NativeMethodAccessorImpl.invoke0(Native Method)
	at java.base/jdk.internal.reflect.NativeMethodAccessorImpl.invoke(NativeMethodAccessorImpl.java:62)
	at java.base/jdk.internal.reflect.DelegatingMethodAccessorImpl.invoke(DelegatingMethodAccessorImpl.java:43)
	at java.base/java.lang.reflect.Method.invoke(Method.java:566)
	at org.testng.internal.MethodInvocationHelper.invokeMethod(MethodInvocationHelper.java:132)
	at org.testng.internal.TestInvoker.invokeMethod(TestInvoker.java:599)
	at org.testng.internal.TestInvoker.invokeTestMethod(TestInvoker.java:174)
	at org.testng.internal.MethodRunner.runInSequence(MethodRunner.java:46)
	at org.testng.internal.TestInvoker$MethodInvocationAgent.invoke(TestInvoker.java:822)
	at org.testng.internal.TestInvoker.invokeTestMethods(TestInvoker.java:147)
	at org.testng.internal.TestMethodWorker.invokeTestMethods(TestMethodWorker.java:146)
	at org.testng.internal.TestMethodWorker.run(TestMethodWorker.java:128)
	at java.base/java.util.concurrent.ThreadPoolExecutor.runWorker(ThreadPoolExecutor.java:1128)
	at java.base/java.util.concurrent.ThreadPoolExecutor$Worker.run(ThreadPoolExecutor.java:628)
	at java.base/java.lang.Thread.run(Thread.java:834)

2021-04-03 17:05:36,773 TestNG-test=Mortgage_Calculator-2 ERROR FileManager (logs/${ctx:threadName}.log) java.io.IOException: The filename, directory name, or volume label syntax is incorrect java.io.IOException: The filename, directory name, or volume label syntax is incorrect
	at java.base/java.io.WinNTFileSystem.canonicalize0(Native Method)
	at java.base/java.io.WinNTFileSystem.canonicalize(WinNTFileSystem.java:438)
	at java.base/java.io.File.getCanonicalPath(File.java:620)
	at java.base/java.io.File.getCanonicalFile(File.java:645)
	at org.apache.logging.log4j.core.util.FileUtils.makeParentDirs(FileUtils.java:133)
	at org.apache.logging.log4j.core.appender.FileManager$FileManagerFactory.createManager(FileManager.java:434)
	at org.apache.logging.log4j.core.appender.FileManager$FileManagerFactory.createManager(FileManager.java:422)
	at org.apache.logging.log4j.core.appender.AbstractManager.getManager(AbstractManager.java:113)
	at org.apache.logging.log4j.core.appender.OutputStreamManager.getManager(OutputStreamManager.java:100)
	at org.apache.logging.log4j.core.appender.FileManager.getFileManager(FileManager.java:182)
	at org.apache.logging.log4j.core.appender.FileAppender$Builder.build(FileAppender.java:96)
	at org.apache.logging.log4j.core.appender.FileAppender$Builder.build(FileAppender.java:52)
	at org.apache.logging.log4j.core.config.plugins.util.PluginBuilder.build(PluginBuilder.java:122)
	at org.apache.logging.log4j.core.config.AbstractConfiguration.createPluginObject(AbstractConfiguration.java:1002)
	at org.apache.logging.log4j.core.config.AbstractConfiguration.createConfiguration(AbstractConfiguration.java:942)
	at org.apache.logging.log4j.core.appender.routing.RoutingAppender.createAppender(RoutingAppender.java:299)
	at org.apache.logging.log4j.core.appender.routing.RoutingAppender.getControl(RoutingAppender.java:271)
	at org.apache.logging.log4j.core.appender.routing.RoutingAppender.append(RoutingAppender.java:229)
	at org.apache.logging.log4j.core.config.AppenderControl.tryCallAppender(AppenderControl.java:156)
	at org.apache.logging.log4j.core.config.AppenderControl.callAppender0(AppenderControl.java:129)
	at org.apache.logging.log4j.core.config.AppenderControl.callAppenderPreventRecursion(AppenderControl.java:120)
	at org.apache.logging.log4j.core.config.AppenderControl.callAppender(AppenderControl.java:84)
	at org.apache.logging.log4j.core.config.LoggerConfig.callAppenders(LoggerConfig.java:543)
	at org.apache.logging.log4j.core.config.LoggerConfig.processLogEvent(LoggerConfig.java:502)
	at org.apache.logging.log4j.core.config.LoggerConfig.log(LoggerConfig.java:485)
	at org.apache.logging.log4j.core.config.LoggerConfig.log(LoggerConfig.java:460)
	at org.apache.logging.log4j.core.config.AwaitCompletionReliabilityStrategy.log(AwaitCompletionReliabilityStrategy.java:82)
	at org.apache.logging.log4j.core.Logger.log(Logger.java:161)
	at org.apache.logging.log4j.spi.AbstractLogger.tryLogMessage(AbstractLogger.java:2198)
	at org.apache.logging.log4j.spi.AbstractLogger.logMessageTrackRecursion(AbstractLogger.java:2152)
	at org.apache.logging.log4j.spi.AbstractLogger.logMessageSafely(AbstractLogger.java:2135)
	at org.apache.logging.log4j.spi.AbstractLogger.logMessage(AbstractLogger.java:2011)
	at org.apache.logging.log4j.spi.AbstractLogger.logIfEnabled(AbstractLogger.java:1983)
	at org.apache.logging.log4j.spi.AbstractLogger.debug(AbstractLogger.java:327)
	at page_objects.Home.typeHomePrice(Home.java:38)
	at automation_test.mortgage_calculator.CalculateMonthlyPayment.calculateRate(CalculateMonthlyPayment.java:48)
	at java.base/jdk.internal.reflect.NativeMethodAccessorImpl.invoke0(Native Method)
	at java.base/jdk.internal.reflect.NativeMethodAccessorImpl.invoke(NativeMethodAccessorImpl.java:62)
	at java.base/jdk.internal.reflect.DelegatingMethodAccessorImpl.invoke(DelegatingMethodAccessorImpl.java:43)
	at java.base/java.lang.reflect.Method.invoke(Method.java:566)
	at org.testng.internal.MethodInvocationHelper.invokeMethod(MethodInvocationHelper.java:132)
	at org.testng.internal.TestInvoker.invokeMethod(TestInvoker.java:599)
	at org.testng.internal.TestInvoker.invokeTestMethod(TestInvoker.java:174)
	at org.testng.internal.MethodRunner.runInSequence(MethodRunner.java:46)
	at org.testng.internal.TestInvoker$MethodInvocationAgent.invoke(TestInvoker.java:822)
	at org.testng.internal.TestInvoker.invokeTestMethods(TestInvoker.java:147)
	at org.testng.internal.TestMethodWorker.invokeTestMethods(TestMethodWorker.java:146)
	at org.testng.internal.TestMethodWorker.run(TestMethodWorker.java:128)
	at java.base/java.util.concurrent.ThreadPoolExecutor.runWorker(ThreadPoolExecutor.java:1128)
	at java.base/java.util.concurrent.ThreadPoolExecutor$Worker.run(ThreadPoolExecutor.java:628)
	at java.base/java.lang.Thread.run(Thread.java:834)

2021-04-03 17:05:36,775 TestNG-test=Mortgage_Calculator-2 ERROR Could not create plugin of type class org.apache.logging.log4j.core.appender.FileAppender for element File: java.lang.IllegalStateException: ManagerFactory [org.apache.logging.log4j.core.appender.FileManager$FileManagerFactory@6f4b3b3a] unable to create manager for [logs/${ctx:threadName}.log] with data [org.apache.logging.log4j.core.appender.FileManager$FactoryData@74dcbae1] java.lang.IllegalStateException: ManagerFactory [org.apache.logging.log4j.core.appender.FileManager$FileManagerFactory@6f4b3b3a] unable to create manager for [logs/${ctx:threadName}.log] with data [org.apache.logging.log4j.core.appender.FileManager$FactoryData@74dcbae1]
	at org.apache.logging.log4j.core.appender.AbstractManager.getManager(AbstractManager.java:115)
	at org.apache.logging.log4j.core.appender.OutputStreamManager.getManager(OutputStreamManager.java:100)
	at org.apache.logging.log4j.core.appender.FileManager.getFileManager(FileManager.java:182)
	at org.apache.logging.log4j.core.appender.FileAppender$Builder.build(FileAppender.java:96)
	at org.apache.logging.log4j.core.appender.FileAppender$Builder.build(FileAppender.java:52)
	at org.apache.logging.log4j.core.config.plugins.util.PluginBuilder.build(PluginBuilder.java:122)
	at org.apache.logging.log4j.core.config.AbstractConfiguration.createPluginObject(AbstractConfiguration.java:1002)
	at org.apache.logging.log4j.core.config.AbstractConfiguration.createConfiguration(AbstractConfiguration.java:942)
	at org.apache.logging.log4j.core.appender.routing.RoutingAppender.createAppender(RoutingAppender.java:299)
	at org.apache.logging.log4j.core.appender.routing.RoutingAppender.getControl(RoutingAppender.java:271)
	at org.apache.logging.log4j.core.appender.routing.RoutingAppender.append(RoutingAppender.java:229)
	at org.apache.logging.log4j.core.config.AppenderControl.tryCallAppender(AppenderControl.java:156)
	at org.apache.logging.log4j.core.config.AppenderControl.callAppender0(AppenderControl.java:129)
	at org.apache.logging.log4j.core.config.AppenderControl.callAppenderPreventRecursion(AppenderControl.java:120)
	at org.apache.logging.log4j.core.config.AppenderControl.callAppender(AppenderControl.java:84)
	at org.apache.logging.log4j.core.config.LoggerConfig.callAppenders(LoggerConfig.java:543)
	at org.apache.logging.log4j.core.config.LoggerConfig.processLogEvent(LoggerConfig.java:502)
	at org.apache.logging.log4j.core.config.LoggerConfig.log(LoggerConfig.java:485)
	at org.apache.logging.log4j.core.config.LoggerConfig.log(LoggerConfig.java:460)
	at org.apache.logging.log4j.core.config.AwaitCompletionReliabilityStrategy.log(AwaitCompletionReliabilityStrategy.java:82)
	at org.apache.logging.log4j.core.Logger.log(Logger.java:161)
	at org.apache.logging.log4j.spi.AbstractLogger.tryLogMessage(AbstractLogger.java:2198)
	at org.apache.logging.log4j.spi.AbstractLogger.logMessageTrackRecursion(AbstractLogger.java:2152)
	at org.apache.logging.log4j.spi.AbstractLogger.logMessageSafely(AbstractLogger.java:2135)
	at org.apache.logging.log4j.spi.AbstractLogger.logMessage(AbstractLogger.java:2011)
	at org.apache.logging.log4j.spi.AbstractLogger.logIfEnabled(AbstractLogger.java:1983)
	at org.apache.logging.log4j.spi.AbstractLogger.debug(AbstractLogger.java:327)
	at page_objects.Home.typeHomePrice(Home.java:38)
	at automation_test.mortgage_calculator.CalculateMonthlyPayment.calculateRate(CalculateMonthlyPayment.java:48)
	at java.base/jdk.internal.reflect.NativeMethodAccessorImpl.invoke0(Native Method)
	at java.base/jdk.internal.reflect.NativeMethodAccessorImpl.invoke(NativeMethodAccessorImpl.java:62)
	at java.base/jdk.internal.reflect.DelegatingMethodAccessorImpl.invoke(DelegatingMethodAccessorImpl.java:43)
	at java.base/java.lang.reflect.Method.invoke(Method.java:566)
	at org.testng.internal.MethodInvocationHelper.invokeMethod(MethodInvocationHelper.java:132)
	at org.testng.internal.TestInvoker.invokeMethod(TestInvoker.java:599)
	at org.testng.internal.TestInvoker.invokeTestMethod(TestInvoker.java:174)
	at org.testng.internal.MethodRunner.runInSequence(MethodRunner.java:46)
	at org.testng.internal.TestInvoker$MethodInvocationAgent.invoke(TestInvoker.java:822)
	at org.testng.internal.TestInvoker.invokeTestMethods(TestInvoker.java:147)
	at org.testng.internal.TestMethodWorker.invokeTestMethods(TestMethodWorker.java:146)
	at org.testng.internal.TestMethodWorker.run(TestMethodWorker.java:128)
	at java.base/java.util.concurrent.ThreadPoolExecutor.runWorker(ThreadPoolExecutor.java:1128)
	at java.base/java.util.concurrent.ThreadPoolExecutor$Worker.run(ThreadPoolExecutor.java:628)
	at java.base/java.lang.Thread.run(Thread.java:834)

2021-04-03 17:05:36,776 TestNG-test=Mortgage_Calculator-2 ERROR Unable to invoke factory method in class org.apache.logging.log4j.core.appender.FileAppender for element File: java.lang.IllegalStateException: No factory method found for class org.apache.logging.log4j.core.appender.FileAppender java.lang.IllegalStateException: No factory method found for class org.apache.logging.log4j.core.appender.FileAppender
	at org.apache.logging.log4j.core.config.plugins.util.PluginBuilder.findFactoryMethod(PluginBuilder.java:234)
	at org.apache.logging.log4j.core.config.plugins.util.PluginBuilder.build(PluginBuilder.java:134)
	at org.apache.logging.log4j.core.config.AbstractConfiguration.createPluginObject(AbstractConfiguration.java:1002)
	at org.apache.logging.log4j.core.config.AbstractConfiguration.createConfiguration(AbstractConfiguration.java:942)
	at org.apache.logging.log4j.core.appender.routing.RoutingAppender.createAppender(RoutingAppender.java:299)
	at org.apache.logging.log4j.core.appender.routing.RoutingAppender.getControl(RoutingAppender.java:271)
	at org.apache.logging.log4j.core.appender.routing.RoutingAppender.append(RoutingAppender.java:229)
	at org.apache.logging.log4j.core.config.AppenderControl.tryCallAppender(AppenderControl.java:156)
	at org.apache.logging.log4j.core.config.AppenderControl.callAppender0(AppenderControl.java:129)
	at org.apache.logging.log4j.core.config.AppenderControl.callAppenderPreventRecursion(AppenderControl.java:120)
	at org.apache.logging.log4j.core.config.AppenderControl.callAppender(AppenderControl.java:84)
	at org.apache.logging.log4j.core.config.LoggerConfig.callAppenders(LoggerConfig.java:543)
	at org.apache.logging.log4j.core.config.LoggerConfig.processLogEvent(LoggerConfig.java:502)
	at org.apache.logging.log4j.core.config.LoggerConfig.log(LoggerConfig.java:485)
	at org.apache.logging.log4j.core.config.LoggerConfig.log(LoggerConfig.java:460)
	at org.apache.logging.log4j.core.config.AwaitCompletionReliabilityStrategy.log(AwaitCompletionReliabilityStrategy.java:82)
	at org.apache.logging.log4j.core.Logger.log(Logger.java:161)
	at org.apache.logging.log4j.spi.AbstractLogger.tryLogMessage(AbstractLogger.java:2198)
	at org.apache.logging.log4j.spi.AbstractLogger.logMessageTrackRecursion(AbstractLogger.java:2152)
	at org.apache.logging.log4j.spi.AbstractLogger.logMessageSafely(AbstractLogger.java:2135)
	at org.apache.logging.log4j.spi.AbstractLogger.logMessage(AbstractLogger.java:2011)
	at org.apache.logging.log4j.spi.AbstractLogger.logIfEnabled(AbstractLogger.java:1983)
	at org.apache.logging.log4j.spi.AbstractLogger.debug(AbstractLogger.java:327)
	at page_objects.Home.typeHomePrice(Home.java:38)
	at automation_test.mortgage_calculator.CalculateMonthlyPayment.calculateRate(CalculateMonthlyPayment.java:48)
	at java.base/jdk.internal.reflect.NativeMethodAccessorImpl.invoke0(Native Method)
	at java.base/jdk.internal.reflect.NativeMethodAccessorImpl.invoke(NativeMethodAccessorImpl.java:62)
	at java.base/jdk.internal.reflect.DelegatingMethodAccessorImpl.invoke(DelegatingMethodAccessorImpl.java:43)
	at java.base/java.lang.reflect.Method.invoke(Method.java:566)
	at org.testng.internal.MethodInvocationHelper.invokeMethod(MethodInvocationHelper.java:132)
	at org.testng.internal.TestInvoker.invokeMethod(TestInvoker.java:599)
	at org.testng.internal.TestInvoker.invokeTestMethod(TestInvoker.java:174)
	at org.testng.internal.MethodRunner.runInSequence(MethodRunner.java:46)
	at org.testng.internal.TestInvoker$MethodInvocationAgent.invoke(TestInvoker.java:822)
	at org.testng.internal.TestInvoker.invokeTestMethods(TestInvoker.java:147)
	at org.testng.internal.TestMethodWorker.invokeTestMethods(TestMethodWorker.java:146)
	at org.testng.internal.TestMethodWorker.run(TestMethodWorker.java:128)
	at java.base/java.util.concurrent.ThreadPoolExecutor.runWorker(ThreadPoolExecutor.java:1128)
	at java.base/java.util.concurrent.ThreadPoolExecutor$Worker.run(ThreadPoolExecutor.java:628)
	at java.base/java.lang.Thread.run(Thread.java:834)

2021-04-03 17:05:37,230 TestNG-test=Mortgage_Calculator-2 ERROR FileManager (logs/${ctx:threadName}.log) java.io.IOException: The filename, directory name, or volume label syntax is incorrect java.io.IOException: The filename, directory name, or volume label syntax is incorrect
	at java.base/java.io.WinNTFileSystem.canonicalize0(Native Method)
	at java.base/java.io.WinNTFileSystem.canonicalize(WinNTFileSystem.java:438)
	at java.base/java.io.File.getCanonicalPath(File.java:620)
	at java.base/java.io.File.getCanonicalFile(File.java:645)
	at org.apache.logging.log4j.core.util.FileUtils.makeParentDirs(FileUtils.java:133)
	at org.apache.logging.log4j.core.appender.FileManager$FileManagerFactory.createManager(FileManager.java:434)
	at org.apache.logging.log4j.core.appender.FileManager$FileManagerFactory.createManager(FileManager.java:422)
	at org.apache.logging.log4j.core.appender.AbstractManager.getManager(AbstractManager.java:113)
	at org.apache.logging.log4j.core.appender.OutputStreamManager.getManager(OutputStreamManager.java:100)
	at org.apache.logging.log4j.core.appender.FileManager.getFileManager(FileManager.java:182)
	at org.apache.logging.log4j.core.appender.FileAppender$Builder.build(FileAppender.java:96)
	at org.apache.logging.log4j.core.appender.FileAppender$Builder.build(FileAppender.java:52)
	at org.apache.logging.log4j.core.config.plugins.util.PluginBuilder.build(PluginBuilder.java:122)
	at org.apache.logging.log4j.core.config.AbstractConfiguration.createPluginObject(AbstractConfiguration.java:1002)
	at org.apache.logging.log4j.core.config.AbstractConfiguration.createConfiguration(AbstractConfiguration.java:942)
	at org.apache.logging.log4j.core.appender.routing.RoutingAppender.createAppender(RoutingAppender.java:299)
	at org.apache.logging.log4j.core.appender.routing.RoutingAppender.getControl(RoutingAppender.java:271)
	at org.apache.logging.log4j.core.appender.routing.RoutingAppender.append(RoutingAppender.java:229)
	at org.apache.logging.log4j.core.config.AppenderControl.tryCallAppender(AppenderControl.java:156)
	at org.apache.logging.log4j.core.config.AppenderControl.callAppender0(AppenderControl.java:129)
	at org.apache.logging.log4j.core.config.AppenderControl.callAppenderPreventRecursion(AppenderControl.java:120)
	at org.apache.logging.log4j.core.config.AppenderControl.callAppender(AppenderControl.java:84)
	at org.apache.logging.log4j.core.config.LoggerConfig.callAppenders(LoggerConfig.java:543)
	at org.apache.logging.log4j.core.config.LoggerConfig.processLogEvent(LoggerConfig.java:502)
	at org.apache.logging.log4j.core.config.LoggerConfig.log(LoggerConfig.java:485)
	at org.apache.logging.log4j.core.config.LoggerConfig.log(LoggerConfig.java:460)
	at org.apache.logging.log4j.core.config.AwaitCompletionReliabilityStrategy.log(AwaitCompletionReliabilityStrategy.java:82)
	at org.apache.logging.log4j.core.Logger.log(Logger.java:161)
	at org.apache.logging.log4j.spi.AbstractLogger.tryLogMessage(AbstractLogger.java:2198)
	at org.apache.logging.log4j.spi.AbstractLogger.logMessageTrackRecursion(AbstractLogger.java:2152)
	at org.apache.logging.log4j.spi.AbstractLogger.logMessageSafely(AbstractLogger.java:2135)
	at org.apache.logging.log4j.spi.AbstractLogger.logMessage(AbstractLogger.java:2011)
	at org.apache.logging.log4j.spi.AbstractLogger.logIfEnabled(AbstractLogger.java:1983)
	at org.apache.logging.log4j.spi.AbstractLogger.debug(AbstractLogger.java:327)
	at page_objects.Home.typeDownPayment(Home.java:44)
	at automation_test.mortgage_calculator.CalculateMonthlyPayment.calculateRate(CalculateMonthlyPayment.java:49)
	at java.base/jdk.internal.reflect.NativeMethodAccessorImpl.invoke0(Native Method)
	at java.base/jdk.internal.reflect.NativeMethodAccessorImpl.invoke(NativeMethodAccessorImpl.java:62)
	at java.base/jdk.internal.reflect.DelegatingMethodAccessorImpl.invoke(DelegatingMethodAccessorImpl.java:43)
	at java.base/java.lang.reflect.Method.invoke(Method.java:566)
	at org.testng.internal.MethodInvocationHelper.invokeMethod(MethodInvocationHelper.java:132)
	at org.testng.internal.TestInvoker.invokeMethod(TestInvoker.java:599)
	at org.testng.internal.TestInvoker.invokeTestMethod(TestInvoker.java:174)
	at org.testng.internal.MethodRunner.runInSequence(MethodRunner.java:46)
	at org.testng.internal.TestInvoker$MethodInvocationAgent.invoke(TestInvoker.java:822)
	at org.testng.internal.TestInvoker.invokeTestMethods(TestInvoker.java:147)
	at org.testng.internal.TestMethodWorker.invokeTestMethods(TestMethodWorker.java:146)
	at org.testng.internal.TestMethodWorker.run(TestMethodWorker.java:128)
	at java.base/java.util.concurrent.ThreadPoolExecutor.runWorker(ThreadPoolExecutor.java:1128)
	at java.base/java.util.concurrent.ThreadPoolExecutor$Worker.run(ThreadPoolExecutor.java:628)
	at java.base/java.lang.Thread.run(Thread.java:834)

2021-04-03 17:05:37,231 TestNG-test=Mortgage_Calculator-2 ERROR Could not create plugin of type class org.apache.logging.log4j.core.appender.FileAppender for element File: java.lang.IllegalStateException: ManagerFactory [org.apache.logging.log4j.core.appender.FileManager$FileManagerFactory@6f4b3b3a] unable to create manager for [logs/${ctx:threadName}.log] with data [org.apache.logging.log4j.core.appender.FileManager$FactoryData@7771e281] java.lang.IllegalStateException: ManagerFactory [org.apache.logging.log4j.core.appender.FileManager$FileManagerFactory@6f4b3b3a] unable to create manager for [logs/${ctx:threadName}.log] with data [org.apache.logging.log4j.core.appender.FileManager$FactoryData@7771e281]
	at org.apache.logging.log4j.core.appender.AbstractManager.getManager(AbstractManager.java:115)
	at org.apache.logging.log4j.core.appender.OutputStreamManager.getManager(OutputStreamManager.java:100)
	at org.apache.logging.log4j.core.appender.FileManager.getFileManager(FileManager.java:182)
	at org.apache.logging.log4j.core.appender.FileAppender$Builder.build(FileAppender.java:96)
	at org.apache.logging.log4j.core.appender.FileAppender$Builder.build(FileAppender.java:52)
	at org.apache.logging.log4j.core.config.plugins.util.PluginBuilder.build(PluginBuilder.java:122)
	at org.apache.logging.log4j.core.config.AbstractConfiguration.createPluginObject(AbstractConfiguration.java:1002)
	at org.apache.logging.log4j.core.config.AbstractConfiguration.createConfiguration(AbstractConfiguration.java:942)
	at org.apache.logging.log4j.core.appender.routing.RoutingAppender.createAppender(RoutingAppender.java:299)
	at org.apache.logging.log4j.core.appender.routing.RoutingAppender.getControl(RoutingAppender.java:271)
	at org.apache.logging.log4j.core.appender.routing.RoutingAppender.append(RoutingAppender.java:229)
	at org.apache.logging.log4j.core.config.AppenderControl.tryCallAppender(AppenderControl.java:156)
	at org.apache.logging.log4j.core.config.AppenderControl.callAppender0(AppenderControl.java:129)
	at org.apache.logging.log4j.core.config.AppenderControl.callAppenderPreventRecursion(AppenderControl.java:120)
	at org.apache.logging.log4j.core.config.AppenderControl.callAppender(AppenderControl.java:84)
	at org.apache.logging.log4j.core.config.LoggerConfig.callAppenders(LoggerConfig.java:543)
	at org.apache.logging.log4j.core.config.LoggerConfig.processLogEvent(LoggerConfig.java:502)
	at org.apache.logging.log4j.core.config.LoggerConfig.log(LoggerConfig.java:485)
	at org.apache.logging.log4j.core.config.LoggerConfig.log(LoggerConfig.java:460)
	at org.apache.logging.log4j.core.config.AwaitCompletionReliabilityStrategy.log(AwaitCompletionReliabilityStrategy.java:82)
	at org.apache.logging.log4j.core.Logger.log(Logger.java:161)
	at org.apache.logging.log4j.spi.AbstractLogger.tryLogMessage(AbstractLogger.java:2198)
	at org.apache.logging.log4j.spi.AbstractLogger.logMessageTrackRecursion(AbstractLogger.java:2152)
	at org.apache.logging.log4j.spi.AbstractLogger.logMessageSafely(AbstractLogger.java:2135)
	at org.apache.logging.log4j.spi.AbstractLogger.logMessage(AbstractLogger.java:2011)
	at org.apache.logging.log4j.spi.AbstractLogger.logIfEnabled(AbstractLogger.java:1983)
	at org.apache.logging.log4j.spi.AbstractLogger.debug(AbstractLogger.java:327)
	at page_objects.Home.typeDownPayment(Home.java:44)
	at automation_test.mortgage_calculator.CalculateMonthlyPayment.calculateRate(CalculateMonthlyPayment.java:49)
	at java.base/jdk.internal.reflect.NativeMethodAccessorImpl.invoke0(Native Method)
	at java.base/jdk.internal.reflect.NativeMethodAccessorImpl.invoke(NativeMethodAccessorImpl.java:62)
	at java.base/jdk.internal.reflect.DelegatingMethodAccessorImpl.invoke(DelegatingMethodAccessorImpl.java:43)
	at java.base/java.lang.reflect.Method.invoke(Method.java:566)
	at org.testng.internal.MethodInvocationHelper.invokeMethod(MethodInvocationHelper.java:132)
	at org.testng.internal.TestInvoker.invokeMethod(TestInvoker.java:599)
	at org.testng.internal.TestInvoker.invokeTestMethod(TestInvoker.java:174)
	at org.testng.internal.MethodRunner.runInSequence(MethodRunner.java:46)
	at org.testng.internal.TestInvoker$MethodInvocationAgent.invoke(TestInvoker.java:822)
	at org.testng.internal.TestInvoker.invokeTestMethods(TestInvoker.java:147)
	at org.testng.internal.TestMethodWorker.invokeTestMethods(TestMethodWorker.java:146)
	at org.testng.internal.TestMethodWorker.run(TestMethodWorker.java:128)
	at java.base/java.util.concurrent.ThreadPoolExecutor.runWorker(ThreadPoolExecutor.java:1128)
	at java.base/java.util.concurrent.ThreadPoolExecutor$Worker.run(ThreadPoolExecutor.java:628)
	at java.base/java.lang.Thread.run(Thread.java:834)

2021-04-03 17:05:37,233 TestNG-test=Mortgage_Calculator-2 ERROR Unable to invoke factory method in class org.apache.logging.log4j.core.appender.FileAppender for element File: java.lang.IllegalStateException: No factory method found for class org.apache.logging.log4j.core.appender.FileAppender java.lang.IllegalStateException: No factory method found for class org.apache.logging.log4j.core.appender.FileAppender
	at org.apache.logging.log4j.core.config.plugins.util.PluginBuilder.findFactoryMethod(PluginBuilder.java:234)
	at org.apache.logging.log4j.core.config.plugins.util.PluginBuilder.build(PluginBuilder.java:134)
	at org.apache.logging.log4j.core.config.AbstractConfiguration.createPluginObject(AbstractConfiguration.java:1002)
	at org.apache.logging.log4j.core.config.AbstractConfiguration.createConfiguration(AbstractConfiguration.java:942)
	at org.apache.logging.log4j.core.appender.routing.RoutingAppender.createAppender(RoutingAppender.java:299)
	at org.apache.logging.log4j.core.appender.routing.RoutingAppender.getControl(RoutingAppender.java:271)
	at org.apache.logging.log4j.core.appender.routing.RoutingAppender.append(RoutingAppender.java:229)
	at org.apache.logging.log4j.core.config.AppenderControl.tryCallAppender(AppenderControl.java:156)
	at org.apache.logging.log4j.core.config.AppenderControl.callAppender0(AppenderControl.java:129)
	at org.apache.logging.log4j.core.config.AppenderControl.callAppenderPreventRecursion(AppenderControl.java:120)
	at org.apache.logging.log4j.core.config.AppenderControl.callAppender(AppenderControl.java:84)
	at org.apache.logging.log4j.core.config.LoggerConfig.callAppenders(LoggerConfig.java:543)
	at org.apache.logging.log4j.core.config.LoggerConfig.processLogEvent(LoggerConfig.java:502)
	at org.apache.logging.log4j.core.config.LoggerConfig.log(LoggerConfig.java:485)
	at org.apache.logging.log4j.core.config.LoggerConfig.log(LoggerConfig.java:460)
	at org.apache.logging.log4j.core.config.AwaitCompletionReliabilityStrategy.log(AwaitCompletionReliabilityStrategy.java:82)
	at org.apache.logging.log4j.core.Logger.log(Logger.java:161)
	at org.apache.logging.log4j.spi.AbstractLogger.tryLogMessage(AbstractLogger.java:2198)
	at org.apache.logging.log4j.spi.AbstractLogger.logMessageTrackRecursion(AbstractLogger.java:2152)
	at org.apache.logging.log4j.spi.AbstractLogger.logMessageSafely(AbstractLogger.java:2135)
	at org.apache.logging.log4j.spi.AbstractLogger.logMessage(AbstractLogger.java:2011)
	at org.apache.logging.log4j.spi.AbstractLogger.logIfEnabled(AbstractLogger.java:1983)
	at org.apache.logging.log4j.spi.AbstractLogger.debug(AbstractLogger.java:327)
	at page_objects.Home.typeDownPayment(Home.java:44)
	at automation_test.mortgage_calculator.CalculateMonthlyPayment.calculateRate(CalculateMonthlyPayment.java:49)
	at java.base/jdk.internal.reflect.NativeMethodAccessorImpl.invoke0(Native Method)
	at java.base/jdk.internal.reflect.NativeMethodAccessorImpl.invoke(NativeMethodAccessorImpl.java:62)
	at java.base/jdk.internal.reflect.DelegatingMethodAccessorImpl.invoke(DelegatingMethodAccessorImpl.java:43)
	at java.base/java.lang.reflect.Method.invoke(Method.java:566)
	at org.testng.internal.MethodInvocationHelper.invokeMethod(MethodInvocationHelper.java:132)
	at org.testng.internal.TestInvoker.invokeMethod(TestInvoker.java:599)
	at org.testng.internal.TestInvoker.invokeTestMethod(TestInvoker.java:174)
	at org.testng.internal.MethodRunner.runInSequence(MethodRunner.java:46)
	at org.testng.internal.TestInvoker$MethodInvocationAgent.invoke(TestInvoker.java:822)
	at org.testng.internal.TestInvoker.invokeTestMethods(TestInvoker.java:147)
	at org.testng.internal.TestMethodWorker.invokeTestMethods(TestMethodWorker.java:146)
	at org.testng.internal.TestMethodWorker.run(TestMethodWorker.java:128)
	at java.base/java.util.concurrent.ThreadPoolExecutor.runWorker(ThreadPoolExecutor.java:1128)
	at java.base/java.util.concurrent.ThreadPoolExecutor$Worker.run(ThreadPoolExecutor.java:628)
	at java.base/java.lang.Thread.run(Thread.java:834)

2021-04-03 17:05:37,548 TestNG-test=Mortgage_Calculator-2 ERROR FileManager (logs/${ctx:threadName}.log) java.io.IOException: The filename, directory name, or volume label syntax is incorrect java.io.IOException: The filename, directory name, or volume label syntax is incorrect
	at java.base/java.io.WinNTFileSystem.canonicalize0(Native Method)
	at java.base/java.io.WinNTFileSystem.canonicalize(WinNTFileSystem.java:438)
	at java.base/java.io.File.getCanonicalPath(File.java:620)
	at java.base/java.io.File.getCanonicalFile(File.java:645)
	at org.apache.logging.log4j.core.util.FileUtils.makeParentDirs(FileUtils.java:133)
	at org.apache.logging.log4j.core.appender.FileManager$FileManagerFactory.createManager(FileManager.java:434)
	at org.apache.logging.log4j.core.appender.FileManager$FileManagerFactory.createManager(FileManager.java:422)
	at org.apache.logging.log4j.core.appender.AbstractManager.getManager(AbstractManager.java:113)
	at org.apache.logging.log4j.core.appender.OutputStreamManager.getManager(OutputStreamManager.java:100)
	at org.apache.logging.log4j.core.appender.FileManager.getFileManager(FileManager.java:182)
	at org.apache.logging.log4j.core.appender.FileAppender$Builder.build(FileAppender.java:96)
	at org.apache.logging.log4j.core.appender.FileAppender$Builder.build(FileAppender.java:52)
	at org.apache.logging.log4j.core.config.plugins.util.PluginBuilder.build(PluginBuilder.java:122)
	at org.apache.logging.log4j.core.config.AbstractConfiguration.createPluginObject(AbstractConfiguration.java:1002)
	at org.apache.logging.log4j.core.config.AbstractConfiguration.createConfiguration(AbstractConfiguration.java:942)
	at org.apache.logging.log4j.core.appender.routing.RoutingAppender.createAppender(RoutingAppender.java:299)
	at org.apache.logging.log4j.core.appender.routing.RoutingAppender.getControl(RoutingAppender.java:271)
	at org.apache.logging.log4j.core.appender.routing.RoutingAppender.append(RoutingAppender.java:229)
	at org.apache.logging.log4j.core.config.AppenderControl.tryCallAppender(AppenderControl.java:156)
	at org.apache.logging.log4j.core.config.AppenderControl.callAppender0(AppenderControl.java:129)
	at org.apache.logging.log4j.core.config.AppenderControl.callAppenderPreventRecursion(AppenderControl.java:120)
	at org.apache.logging.log4j.core.config.AppenderControl.callAppender(AppenderControl.java:84)
	at org.apache.logging.log4j.core.config.LoggerConfig.callAppenders(LoggerConfig.java:543)
	at org.apache.logging.log4j.core.config.LoggerConfig.processLogEvent(LoggerConfig.java:502)
	at org.apache.logging.log4j.core.config.LoggerConfig.log(LoggerConfig.java:485)
	at org.apache.logging.log4j.core.config.LoggerConfig.log(LoggerConfig.java:460)
	at org.apache.logging.log4j.core.config.AwaitCompletionReliabilityStrategy.log(AwaitCompletionReliabilityStrategy.java:82)
	at org.apache.logging.log4j.core.Logger.log(Logger.java:161)
	at org.apache.logging.log4j.spi.AbstractLogger.tryLogMessage(AbstractLogger.java:2198)
	at org.apache.logging.log4j.spi.AbstractLogger.logMessageTrackRecursion(AbstractLogger.java:2152)
	at org.apache.logging.log4j.spi.AbstractLogger.logMessageSafely(AbstractLogger.java:2135)
	at org.apache.logging.log4j.spi.AbstractLogger.logMessage(AbstractLogger.java:2011)
	at org.apache.logging.log4j.spi.AbstractLogger.logIfEnabled(AbstractLogger.java:1983)
	at org.apache.logging.log4j.spi.AbstractLogger.debug(AbstractLogger.java:327)
	at page_objects.Home.clickDollarRadioButton(Home.java:49)
	at automation_test.mortgage_calculator.CalculateMonthlyPayment.calculateRate(CalculateMonthlyPayment.java:50)
	at java.base/jdk.internal.reflect.NativeMethodAccessorImpl.invoke0(Native Method)
	at java.base/jdk.internal.reflect.NativeMethodAccessorImpl.invoke(NativeMethodAccessorImpl.java:62)
	at java.base/jdk.internal.reflect.DelegatingMethodAccessorImpl.invoke(DelegatingMethodAccessorImpl.java:43)
	at java.base/java.lang.reflect.Method.invoke(Method.java:566)
	at org.testng.internal.MethodInvocationHelper.invokeMethod(MethodInvocationHelper.java:132)
	at org.testng.internal.TestInvoker.invokeMethod(TestInvoker.java:599)
	at org.testng.internal.TestInvoker.invokeTestMethod(TestInvoker.java:174)
	at org.testng.internal.MethodRunner.runInSequence(MethodRunner.java:46)
	at org.testng.internal.TestInvoker$MethodInvocationAgent.invoke(TestInvoker.java:822)
	at org.testng.internal.TestInvoker.invokeTestMethods(TestInvoker.java:147)
	at org.testng.internal.TestMethodWorker.invokeTestMethods(TestMethodWorker.java:146)
	at org.testng.internal.TestMethodWorker.run(TestMethodWorker.java:128)
	at java.base/java.util.concurrent.ThreadPoolExecutor.runWorker(ThreadPoolExecutor.java:1128)
	at java.base/java.util.concurrent.ThreadPoolExecutor$Worker.run(ThreadPoolExecutor.java:628)
	at java.base/java.lang.Thread.run(Thread.java:834)

2021-04-03 17:05:37,550 TestNG-test=Mortgage_Calculator-2 ERROR Could not create plugin of type class org.apache.logging.log4j.core.appender.FileAppender for element File: java.lang.IllegalStateException: ManagerFactory [org.apache.logging.log4j.core.appender.FileManager$FileManagerFactory@6f4b3b3a] unable to create manager for [logs/${ctx:threadName}.log] with data [org.apache.logging.log4j.core.appender.FileManager$FactoryData@729904b6] java.lang.IllegalStateException: ManagerFactory [org.apache.logging.log4j.core.appender.FileManager$FileManagerFactory@6f4b3b3a] unable to create manager for [logs/${ctx:threadName}.log] with data [org.apache.logging.log4j.core.appender.FileManager$FactoryData@729904b6]
	at org.apache.logging.log4j.core.appender.AbstractManager.getManager(AbstractManager.java:115)
	at org.apache.logging.log4j.core.appender.OutputStreamManager.getManager(OutputStreamManager.java:100)
	at org.apache.logging.log4j.core.appender.FileManager.getFileManager(FileManager.java:182)
	at org.apache.logging.log4j.core.appender.FileAppender$Builder.build(FileAppender.java:96)
	at org.apache.logging.log4j.core.appender.FileAppender$Builder.build(FileAppender.java:52)
	at org.apache.logging.log4j.core.config.plugins.util.PluginBuilder.build(PluginBuilder.java:122)
	at org.apache.logging.log4j.core.config.AbstractConfiguration.createPluginObject(AbstractConfiguration.java:1002)
	at org.apache.logging.log4j.core.config.AbstractConfiguration.createConfiguration(AbstractConfiguration.java:942)
	at org.apache.logging.log4j.core.appender.routing.RoutingAppender.createAppender(RoutingAppender.java:299)
	at org.apache.logging.log4j.core.appender.routing.RoutingAppender.getControl(RoutingAppender.java:271)
	at org.apache.logging.log4j.core.appender.routing.RoutingAppender.append(RoutingAppender.java:229)
	at org.apache.logging.log4j.core.config.AppenderControl.tryCallAppender(AppenderControl.java:156)
	at org.apache.logging.log4j.core.config.AppenderControl.callAppender0(AppenderControl.java:129)
	at org.apache.logging.log4j.core.config.AppenderControl.callAppenderPreventRecursion(AppenderControl.java:120)
	at org.apache.logging.log4j.core.config.AppenderControl.callAppender(AppenderControl.java:84)
	at org.apache.logging.log4j.core.config.LoggerConfig.callAppenders(LoggerConfig.java:543)
	at org.apache.logging.log4j.core.config.LoggerConfig.processLogEvent(LoggerConfig.java:502)
	at org.apache.logging.log4j.core.config.LoggerConfig.log(LoggerConfig.java:485)
	at org.apache.logging.log4j.core.config.LoggerConfig.log(LoggerConfig.java:460)
	at org.apache.logging.log4j.core.config.AwaitCompletionReliabilityStrategy.log(AwaitCompletionReliabilityStrategy.java:82)
	at org.apache.logging.log4j.core.Logger.log(Logger.java:161)
	at org.apache.logging.log4j.spi.AbstractLogger.tryLogMessage(AbstractLogger.java:2198)
	at org.apache.logging.log4j.spi.AbstractLogger.logMessageTrackRecursion(AbstractLogger.java:2152)
	at org.apache.logging.log4j.spi.AbstractLogger.logMessageSafely(AbstractLogger.java:2135)
	at org.apache.logging.log4j.spi.AbstractLogger.logMessage(AbstractLogger.java:2011)
	at org.apache.logging.log4j.spi.AbstractLogger.logIfEnabled(AbstractLogger.java:1983)
	at org.apache.logging.log4j.spi.AbstractLogger.debug(AbstractLogger.java:327)
	at page_objects.Home.clickDollarRadioButton(Home.java:49)
	at automation_test.mortgage_calculator.CalculateMonthlyPayment.calculateRate(CalculateMonthlyPayment.java:50)
	at java.base/jdk.internal.reflect.NativeMethodAccessorImpl.invoke0(Native Method)
	at java.base/jdk.internal.reflect.NativeMethodAccessorImpl.invoke(NativeMethodAccessorImpl.java:62)
	at java.base/jdk.internal.reflect.DelegatingMethodAccessorImpl.invoke(DelegatingMethodAccessorImpl.java:43)
	at java.base/java.lang.reflect.Method.invoke(Method.java:566)
	at org.testng.internal.MethodInvocationHelper.invokeMethod(MethodInvocationHelper.java:132)
	at org.testng.internal.TestInvoker.invokeMethod(TestInvoker.java:599)
	at org.testng.internal.TestInvoker.invokeTestMethod(TestInvoker.java:174)
	at org.testng.internal.MethodRunner.runInSequence(MethodRunner.java:46)
	at org.testng.internal.TestInvoker$MethodInvocationAgent.invoke(TestInvoker.java:822)
	at org.testng.internal.TestInvoker.invokeTestMethods(TestInvoker.java:147)
	at org.testng.internal.TestMethodWorker.invokeTestMethods(TestMethodWorker.java:146)
	at org.testng.internal.TestMethodWorker.run(TestMethodWorker.java:128)
	at java.base/java.util.concurrent.ThreadPoolExecutor.runWorker(ThreadPoolExecutor.java:1128)
	at java.base/java.util.concurrent.ThreadPoolExecutor$Worker.run(ThreadPoolExecutor.java:628)
	at java.base/java.lang.Thread.run(Thread.java:834)

2021-04-03 17:05:37,550 TestNG-test=Mortgage_Calculator-2 ERROR Unable to invoke factory method in class org.apache.logging.log4j.core.appender.FileAppender for element File: java.lang.IllegalStateException: No factory method found for class org.apache.logging.log4j.core.appender.FileAppender java.lang.IllegalStateException: No factory method found for class org.apache.logging.log4j.core.appender.FileAppender
	at org.apache.logging.log4j.core.config.plugins.util.PluginBuilder.findFactoryMethod(PluginBuilder.java:234)
	at org.apache.logging.log4j.core.config.plugins.util.PluginBuilder.build(PluginBuilder.java:134)
	at org.apache.logging.log4j.core.config.AbstractConfiguration.createPluginObject(AbstractConfiguration.java:1002)
	at org.apache.logging.log4j.core.config.AbstractConfiguration.createConfiguration(AbstractConfiguration.java:942)
	at org.apache.logging.log4j.core.appender.routing.RoutingAppender.createAppender(RoutingAppender.java:299)
	at org.apache.logging.log4j.core.appender.routing.RoutingAppender.getControl(RoutingAppender.java:271)
	at org.apache.logging.log4j.core.appender.routing.RoutingAppender.append(RoutingAppender.java:229)
	at org.apache.logging.log4j.core.config.AppenderControl.tryCallAppender(AppenderControl.java:156)
	at org.apache.logging.log4j.core.config.AppenderControl.callAppender0(AppenderControl.java:129)
	at org.apache.logging.log4j.core.config.AppenderControl.callAppenderPreventRecursion(AppenderControl.java:120)
	at org.apache.logging.log4j.core.config.AppenderControl.callAppender(AppenderControl.java:84)
	at org.apache.logging.log4j.core.config.LoggerConfig.callAppenders(LoggerConfig.java:543)
	at org.apache.logging.log4j.core.config.LoggerConfig.processLogEvent(LoggerConfig.java:502)
	at org.apache.logging.log4j.core.config.LoggerConfig.log(LoggerConfig.java:485)
	at org.apache.logging.log4j.core.config.LoggerConfig.log(LoggerConfig.java:460)
	at org.apache.logging.log4j.core.config.AwaitCompletionReliabilityStrategy.log(AwaitCompletionReliabilityStrategy.java:82)
	at org.apache.logging.log4j.core.Logger.log(Logger.java:161)
	at org.apache.logging.log4j.spi.AbstractLogger.tryLogMessage(AbstractLogger.java:2198)
	at org.apache.logging.log4j.spi.AbstractLogger.logMessageTrackRecursion(AbstractLogger.java:2152)
	at org.apache.logging.log4j.spi.AbstractLogger.logMessageSafely(AbstractLogger.java:2135)
	at org.apache.logging.log4j.spi.AbstractLogger.logMessage(AbstractLogger.java:2011)
	at org.apache.logging.log4j.spi.AbstractLogger.logIfEnabled(AbstractLogger.java:1983)
	at org.apache.logging.log4j.spi.AbstractLogger.debug(AbstractLogger.java:327)
	at page_objects.Home.clickDollarRadioButton(Home.java:49)
	at automation_test.mortgage_calculator.CalculateMonthlyPayment.calculateRate(CalculateMonthlyPayment.java:50)
	at java.base/jdk.internal.reflect.NativeMethodAccessorImpl.invoke0(Native Method)
	at java.base/jdk.internal.reflect.NativeMethodAccessorImpl.invoke(NativeMethodAccessorImpl.java:62)
	at java.base/jdk.internal.reflect.DelegatingMethodAccessorImpl.invoke(DelegatingMethodAccessorImpl.java:43)
	at java.base/java.lang.reflect.Method.invoke(Method.java:566)
	at org.testng.internal.MethodInvocationHelper.invokeMethod(MethodInvocationHelper.java:132)
	at org.testng.internal.TestInvoker.invokeMethod(TestInvoker.java:599)
	at org.testng.internal.TestInvoker.invokeTestMethod(TestInvoker.java:174)
	at org.testng.internal.MethodRunner.runInSequence(MethodRunner.java:46)
	at org.testng.internal.TestInvoker$MethodInvocationAgent.invoke(TestInvoker.java:822)
	at org.testng.internal.TestInvoker.invokeTestMethods(TestInvoker.java:147)
	at org.testng.internal.TestMethodWorker.invokeTestMethods(TestMethodWorker.java:146)
	at org.testng.internal.TestMethodWorker.run(TestMethodWorker.java:128)
	at java.base/java.util.concurrent.ThreadPoolExecutor.runWorker(ThreadPoolExecutor.java:1128)
	at java.base/java.util.concurrent.ThreadPoolExecutor$Worker.run(ThreadPoolExecutor.java:628)
	at java.base/java.lang.Thread.run(Thread.java:834)

2021-04-03 17:05:37,761 TestNG-test=Mortgage_Calculator-2 ERROR FileManager (logs/${ctx:threadName}.log) java.io.IOException: The filename, directory name, or volume label syntax is incorrect java.io.IOException: The filename, directory name, or volume label syntax is incorrect
	at java.base/java.io.WinNTFileSystem.canonicalize0(Native Method)
	at java.base/java.io.WinNTFileSystem.canonicalize(WinNTFileSystem.java:438)
	at java.base/java.io.File.getCanonicalPath(File.java:620)
	at java.base/java.io.File.getCanonicalFile(File.java:645)
	at org.apache.logging.log4j.core.util.FileUtils.makeParentDirs(FileUtils.java:133)
	at org.apache.logging.log4j.core.appender.FileManager$FileManagerFactory.createManager(FileManager.java:434)
	at org.apache.logging.log4j.core.appender.FileManager$FileManagerFactory.createManager(FileManager.java:422)
	at org.apache.logging.log4j.core.appender.AbstractManager.getManager(AbstractManager.java:113)
	at org.apache.logging.log4j.core.appender.OutputStreamManager.getManager(OutputStreamManager.java:100)
	at org.apache.logging.log4j.core.appender.FileManager.getFileManager(FileManager.java:182)
	at org.apache.logging.log4j.core.appender.FileAppender$Builder.build(FileAppender.java:96)
	at org.apache.logging.log4j.core.appender.FileAppender$Builder.build(FileAppender.java:52)
	at org.apache.logging.log4j.core.config.plugins.util.PluginBuilder.build(PluginBuilder.java:122)
	at org.apache.logging.log4j.core.config.AbstractConfiguration.createPluginObject(AbstractConfiguration.java:1002)
	at org.apache.logging.log4j.core.config.AbstractConfiguration.createConfiguration(AbstractConfiguration.java:942)
	at org.apache.logging.log4j.core.appender.routing.RoutingAppender.createAppender(RoutingAppender.java:299)
	at org.apache.logging.log4j.core.appender.routing.RoutingAppender.getControl(RoutingAppender.java:271)
	at org.apache.logging.log4j.core.appender.routing.RoutingAppender.append(RoutingAppender.java:229)
	at org.apache.logging.log4j.core.config.AppenderControl.tryCallAppender(AppenderControl.java:156)
	at org.apache.logging.log4j.core.config.AppenderControl.callAppender0(AppenderControl.java:129)
	at org.apache.logging.log4j.core.config.AppenderControl.callAppenderPreventRecursion(AppenderControl.java:120)
	at org.apache.logging.log4j.core.config.AppenderControl.callAppender(AppenderControl.java:84)
	at org.apache.logging.log4j.core.config.LoggerConfig.callAppenders(LoggerConfig.java:543)
	at org.apache.logging.log4j.core.config.LoggerConfig.processLogEvent(LoggerConfig.java:502)
	at org.apache.logging.log4j.core.config.LoggerConfig.log(LoggerConfig.java:485)
	at org.apache.logging.log4j.core.config.LoggerConfig.log(LoggerConfig.java:460)
	at org.apache.logging.log4j.core.config.AwaitCompletionReliabilityStrategy.log(AwaitCompletionReliabilityStrategy.java:82)
	at org.apache.logging.log4j.core.Logger.log(Logger.java:161)
	at org.apache.logging.log4j.spi.AbstractLogger.tryLogMessage(AbstractLogger.java:2198)
	at org.apache.logging.log4j.spi.AbstractLogger.logMessageTrackRecursion(AbstractLogger.java:2152)
	at org.apache.logging.log4j.spi.AbstractLogger.logMessageSafely(AbstractLogger.java:2135)
	at org.apache.logging.log4j.spi.AbstractLogger.logMessage(AbstractLogger.java:2011)
	at org.apache.logging.log4j.spi.AbstractLogger.logIfEnabled(AbstractLogger.java:1983)
	at org.apache.logging.log4j.spi.AbstractLogger.debug(AbstractLogger.java:327)
	at page_objects.Home.typeLoanAmount(Home.java:54)
	at automation_test.mortgage_calculator.CalculateMonthlyPayment.calculateRate(CalculateMonthlyPayment.java:51)
	at java.base/jdk.internal.reflect.NativeMethodAccessorImpl.invoke0(Native Method)
	at java.base/jdk.internal.reflect.NativeMethodAccessorImpl.invoke(NativeMethodAccessorImpl.java:62)
	at java.base/jdk.internal.reflect.DelegatingMethodAccessorImpl.invoke(DelegatingMethodAccessorImpl.java:43)
	at java.base/java.lang.reflect.Method.invoke(Method.java:566)
	at org.testng.internal.MethodInvocationHelper.invokeMethod(MethodInvocationHelper.java:132)
	at org.testng.internal.TestInvoker.invokeMethod(TestInvoker.java:599)
	at org.testng.internal.TestInvoker.invokeTestMethod(TestInvoker.java:174)
	at org.testng.internal.MethodRunner.runInSequence(MethodRunner.java:46)
	at org.testng.internal.TestInvoker$MethodInvocationAgent.invoke(TestInvoker.java:822)
	at org.testng.internal.TestInvoker.invokeTestMethods(TestInvoker.java:147)
	at org.testng.internal.TestMethodWorker.invokeTestMethods(TestMethodWorker.java:146)
	at org.testng.internal.TestMethodWorker.run(TestMethodWorker.java:128)
	at java.base/java.util.concurrent.ThreadPoolExecutor.runWorker(ThreadPoolExecutor.java:1128)
	at java.base/java.util.concurrent.ThreadPoolExecutor$Worker.run(ThreadPoolExecutor.java:628)
	at java.base/java.lang.Thread.run(Thread.java:834)

2021-04-03 17:05:37,762 TestNG-test=Mortgage_Calculator-2 ERROR Could not create plugin of type class org.apache.logging.log4j.core.appender.FileAppender for element File: java.lang.IllegalStateException: ManagerFactory [org.apache.logging.log4j.core.appender.FileManager$FileManagerFactory@6f4b3b3a] unable to create manager for [logs/${ctx:threadName}.log] with data [org.apache.logging.log4j.core.appender.FileManager$FactoryData@74677fe9] java.lang.IllegalStateException: ManagerFactory [org.apache.logging.log4j.core.appender.FileManager$FileManagerFactory@6f4b3b3a] unable to create manager for [logs/${ctx:threadName}.log] with data [org.apache.logging.log4j.core.appender.FileManager$FactoryData@74677fe9]
	at org.apache.logging.log4j.core.appender.AbstractManager.getManager(AbstractManager.java:115)
	at org.apache.logging.log4j.core.appender.OutputStreamManager.getManager(OutputStreamManager.java:100)
	at org.apache.logging.log4j.core.appender.FileManager.getFileManager(FileManager.java:182)
	at org.apache.logging.log4j.core.appender.FileAppender$Builder.build(FileAppender.java:96)
	at org.apache.logging.log4j.core.appender.FileAppender$Builder.build(FileAppender.java:52)
	at org.apache.logging.log4j.core.config.plugins.util.PluginBuilder.build(PluginBuilder.java:122)
	at org.apache.logging.log4j.core.config.AbstractConfiguration.createPluginObject(AbstractConfiguration.java:1002)
	at org.apache.logging.log4j.core.config.AbstractConfiguration.createConfiguration(AbstractConfiguration.java:942)
	at org.apache.logging.log4j.core.appender.routing.RoutingAppender.createAppender(RoutingAppender.java:299)
	at org.apache.logging.log4j.core.appender.routing.RoutingAppender.getControl(RoutingAppender.java:271)
	at org.apache.logging.log4j.core.appender.routing.RoutingAppender.append(RoutingAppender.java:229)
	at org.apache.logging.log4j.core.config.AppenderControl.tryCallAppender(AppenderControl.java:156)
	at org.apache.logging.log4j.core.config.AppenderControl.callAppender0(AppenderControl.java:129)
	at org.apache.logging.log4j.core.config.AppenderControl.callAppenderPreventRecursion(AppenderControl.java:120)
	at org.apache.logging.log4j.core.config.AppenderControl.callAppender(AppenderControl.java:84)
	at org.apache.logging.log4j.core.config.LoggerConfig.callAppenders(LoggerConfig.java:543)
	at org.apache.logging.log4j.core.config.LoggerConfig.processLogEvent(LoggerConfig.java:502)
	at org.apache.logging.log4j.core.config.LoggerConfig.log(LoggerConfig.java:485)
	at org.apache.logging.log4j.core.config.LoggerConfig.log(LoggerConfig.java:460)
	at org.apache.logging.log4j.core.config.AwaitCompletionReliabilityStrategy.log(AwaitCompletionReliabilityStrategy.java:82)
	at org.apache.logging.log4j.core.Logger.log(Logger.java:161)
	at org.apache.logging.log4j.spi.AbstractLogger.tryLogMessage(AbstractLogger.java:2198)
	at org.apache.logging.log4j.spi.AbstractLogger.logMessageTrackRecursion(AbstractLogger.java:2152)
	at org.apache.logging.log4j.spi.AbstractLogger.logMessageSafely(AbstractLogger.java:2135)
	at org.apache.logging.log4j.spi.AbstractLogger.logMessage(AbstractLogger.java:2011)
	at org.apache.logging.log4j.spi.AbstractLogger.logIfEnabled(AbstractLogger.java:1983)
	at org.apache.logging.log4j.spi.AbstractLogger.debug(AbstractLogger.java:327)
	at page_objects.Home.typeLoanAmount(Home.java:54)
	at automation_test.mortgage_calculator.CalculateMonthlyPayment.calculateRate(CalculateMonthlyPayment.java:51)
	at java.base/jdk.internal.reflect.NativeMethodAccessorImpl.invoke0(Native Method)
	at java.base/jdk.internal.reflect.NativeMethodAccessorImpl.invoke(NativeMethodAccessorImpl.java:62)
	at java.base/jdk.internal.reflect.DelegatingMethodAccessorImpl.invoke(DelegatingMethodAccessorImpl.java:43)
	at java.base/java.lang.reflect.Method.invoke(Method.java:566)
	at org.testng.internal.MethodInvocationHelper.invokeMethod(MethodInvocationHelper.java:132)
	at org.testng.internal.TestInvoker.invokeMethod(TestInvoker.java:599)
	at org.testng.internal.TestInvoker.invokeTestMethod(TestInvoker.java:174)
	at org.testng.internal.MethodRunner.runInSequence(MethodRunner.java:46)
	at org.testng.internal.TestInvoker$MethodInvocationAgent.invoke(TestInvoker.java:822)
	at org.testng.internal.TestInvoker.invokeTestMethods(TestInvoker.java:147)
	at org.testng.internal.TestMethodWorker.invokeTestMethods(TestMethodWorker.java:146)
	at org.testng.internal.TestMethodWorker.run(TestMethodWorker.java:128)
	at java.base/java.util.concurrent.ThreadPoolExecutor.runWorker(ThreadPoolExecutor.java:1128)
	at java.base/java.util.concurrent.ThreadPoolExecutor$Worker.run(ThreadPoolExecutor.java:628)
	at java.base/java.lang.Thread.run(Thread.java:834)

2021-04-03 17:05:37,764 TestNG-test=Mortgage_Calculator-2 ERROR Unable to invoke factory method in class org.apache.logging.log4j.core.appender.FileAppender for element File: java.lang.IllegalStateException: No factory method found for class org.apache.logging.log4j.core.appender.FileAppender java.lang.IllegalStateException: No factory method found for class org.apache.logging.log4j.core.appender.FileAppender
	at org.apache.logging.log4j.core.config.plugins.util.PluginBuilder.findFactoryMethod(PluginBuilder.java:234)
	at org.apache.logging.log4j.core.config.plugins.util.PluginBuilder.build(PluginBuilder.java:134)
	at org.apache.logging.log4j.core.config.AbstractConfiguration.createPluginObject(AbstractConfiguration.java:1002)
	at org.apache.logging.log4j.core.config.AbstractConfiguration.createConfiguration(AbstractConfiguration.java:942)
	at org.apache.logging.log4j.core.appender.routing.RoutingAppender.createAppender(RoutingAppender.java:299)
	at org.apache.logging.log4j.core.appender.routing.RoutingAppender.getControl(RoutingAppender.java:271)
	at org.apache.logging.log4j.core.appender.routing.RoutingAppender.append(RoutingAppender.java:229)
	at org.apache.logging.log4j.core.config.AppenderControl.tryCallAppender(AppenderControl.java:156)
	at org.apache.logging.log4j.core.config.AppenderControl.callAppender0(AppenderControl.java:129)
	at org.apache.logging.log4j.core.config.AppenderControl.callAppenderPreventRecursion(AppenderControl.java:120)
	at org.apache.logging.log4j.core.config.AppenderControl.callAppender(AppenderControl.java:84)
	at org.apache.logging.log4j.core.config.LoggerConfig.callAppenders(LoggerConfig.java:543)
	at org.apache.logging.log4j.core.config.LoggerConfig.processLogEvent(LoggerConfig.java:502)
	at org.apache.logging.log4j.core.config.LoggerConfig.log(LoggerConfig.java:485)
	at org.apache.logging.log4j.core.config.LoggerConfig.log(LoggerConfig.java:460)
	at org.apache.logging.log4j.core.config.AwaitCompletionReliabilityStrategy.log(AwaitCompletionReliabilityStrategy.java:82)
	at org.apache.logging.log4j.core.Logger.log(Logger.java:161)
	at org.apache.logging.log4j.spi.AbstractLogger.tryLogMessage(AbstractLogger.java:2198)
	at org.apache.logging.log4j.spi.AbstractLogger.logMessageTrackRecursion(AbstractLogger.java:2152)
	at org.apache.logging.log4j.spi.AbstractLogger.logMessageSafely(AbstractLogger.java:2135)
	at org.apache.logging.log4j.spi.AbstractLogger.logMessage(AbstractLogger.java:2011)
	at org.apache.logging.log4j.spi.AbstractLogger.logIfEnabled(AbstractLogger.java:1983)
	at org.apache.logging.log4j.spi.AbstractLogger.debug(AbstractLogger.java:327)
	at page_objects.Home.typeLoanAmount(Home.java:54)
	at automation_test.mortgage_calculator.CalculateMonthlyPayment.calculateRate(CalculateMonthlyPayment.java:51)
	at java.base/jdk.internal.reflect.NativeMethodAccessorImpl.invoke0(Native Method)
	at java.base/jdk.internal.reflect.NativeMethodAccessorImpl.invoke(NativeMethodAccessorImpl.java:62)
	at java.base/jdk.internal.reflect.DelegatingMethodAccessorImpl.invoke(DelegatingMethodAccessorImpl.java:43)
	at java.base/java.lang.reflect.Method.invoke(Method.java:566)
	at org.testng.internal.MethodInvocationHelper.invokeMethod(MethodInvocationHelper.java:132)
	at org.testng.internal.TestInvoker.invokeMethod(TestInvoker.java:599)
	at org.testng.internal.TestInvoker.invokeTestMethod(TestInvoker.java:174)
	at org.testng.internal.MethodRunner.runInSequence(MethodRunner.java:46)
	at org.testng.internal.TestInvoker$MethodInvocationAgent.invoke(TestInvoker.java:822)
	at org.testng.internal.TestInvoker.invokeTestMethods(TestInvoker.java:147)
	at org.testng.internal.TestMethodWorker.invokeTestMethods(TestMethodWorker.java:146)
	at org.testng.internal.TestMethodWorker.run(TestMethodWorker.java:128)
	at java.base/java.util.concurrent.ThreadPoolExecutor.runWorker(ThreadPoolExecutor.java:1128)
	at java.base/java.util.concurrent.ThreadPoolExecutor$Worker.run(ThreadPoolExecutor.java:628)
	at java.base/java.lang.Thread.run(Thread.java:834)

2021-04-03 17:05:38,219 TestNG-test=Mortgage_Calculator-2 ERROR FileManager (logs/${ctx:threadName}.log) java.io.IOException: The filename, directory name, or volume label syntax is incorrect java.io.IOException: The filename, directory name, or volume label syntax is incorrect
	at java.base/java.io.WinNTFileSystem.canonicalize0(Native Method)
	at java.base/java.io.WinNTFileSystem.canonicalize(WinNTFileSystem.java:438)
	at java.base/java.io.File.getCanonicalPath(File.java:620)
	at java.base/java.io.File.getCanonicalFile(File.java:645)
	at org.apache.logging.log4j.core.util.FileUtils.makeParentDirs(FileUtils.java:133)
	at org.apache.logging.log4j.core.appender.FileManager$FileManagerFactory.createManager(FileManager.java:434)
	at org.apache.logging.log4j.core.appender.FileManager$FileManagerFactory.createManager(FileManager.java:422)
	at org.apache.logging.log4j.core.appender.AbstractManager.getManager(AbstractManager.java:113)
	at org.apache.logging.log4j.core.appender.OutputStreamManager.getManager(OutputStreamManager.java:100)
	at org.apache.logging.log4j.core.appender.FileManager.getFileManager(FileManager.java:182)
	at org.apache.logging.log4j.core.appender.FileAppender$Builder.build(FileAppender.java:96)
	at org.apache.logging.log4j.core.appender.FileAppender$Builder.build(FileAppender.java:52)
	at org.apache.logging.log4j.core.config.plugins.util.PluginBuilder.build(PluginBuilder.java:122)
	at org.apache.logging.log4j.core.config.AbstractConfiguration.createPluginObject(AbstractConfiguration.java:1002)
	at org.apache.logging.log4j.core.config.AbstractConfiguration.createConfiguration(AbstractConfiguration.java:942)
	at org.apache.logging.log4j.core.appender.routing.RoutingAppender.createAppender(RoutingAppender.java:299)
	at org.apache.logging.log4j.core.appender.routing.RoutingAppender.getControl(RoutingAppender.java:271)
	at org.apache.logging.log4j.core.appender.routing.RoutingAppender.append(RoutingAppender.java:229)
	at org.apache.logging.log4j.core.config.AppenderControl.tryCallAppender(AppenderControl.java:156)
	at org.apache.logging.log4j.core.config.AppenderControl.callAppender0(AppenderControl.java:129)
	at org.apache.logging.log4j.core.config.AppenderControl.callAppenderPreventRecursion(AppenderControl.java:120)
	at org.apache.logging.log4j.core.config.AppenderControl.callAppender(AppenderControl.java:84)
	at org.apache.logging.log4j.core.config.LoggerConfig.callAppenders(LoggerConfig.java:543)
	at org.apache.logging.log4j.core.config.LoggerConfig.processLogEvent(LoggerConfig.java:502)
	at org.apache.logging.log4j.core.config.LoggerConfig.log(LoggerConfig.java:485)
	at org.apache.logging.log4j.core.config.LoggerConfig.log(LoggerConfig.java:460)
	at org.apache.logging.log4j.core.config.AwaitCompletionReliabilityStrategy.log(AwaitCompletionReliabilityStrategy.java:82)
	at org.apache.logging.log4j.core.Logger.log(Logger.java:161)
	at org.apache.logging.log4j.spi.AbstractLogger.tryLogMessage(AbstractLogger.java:2198)
	at org.apache.logging.log4j.spi.AbstractLogger.logMessageTrackRecursion(AbstractLogger.java:2152)
	at org.apache.logging.log4j.spi.AbstractLogger.logMessageSafely(AbstractLogger.java:2135)
	at org.apache.logging.log4j.spi.AbstractLogger.logMessage(AbstractLogger.java:2011)
	at org.apache.logging.log4j.spi.AbstractLogger.logIfEnabled(AbstractLogger.java:1983)
	at org.apache.logging.log4j.spi.AbstractLogger.debug(AbstractLogger.java:327)
	at page_objects.Home.typeInterestRate(Home.java:59)
	at automation_test.mortgage_calculator.CalculateMonthlyPayment.calculateRate(CalculateMonthlyPayment.java:52)
	at java.base/jdk.internal.reflect.NativeMethodAccessorImpl.invoke0(Native Method)
	at java.base/jdk.internal.reflect.NativeMethodAccessorImpl.invoke(NativeMethodAccessorImpl.java:62)
	at java.base/jdk.internal.reflect.DelegatingMethodAccessorImpl.invoke(DelegatingMethodAccessorImpl.java:43)
	at java.base/java.lang.reflect.Method.invoke(Method.java:566)
	at org.testng.internal.MethodInvocationHelper.invokeMethod(MethodInvocationHelper.java:132)
	at org.testng.internal.TestInvoker.invokeMethod(TestInvoker.java:599)
	at org.testng.internal.TestInvoker.invokeTestMethod(TestInvoker.java:174)
	at org.testng.internal.MethodRunner.runInSequence(MethodRunner.java:46)
	at org.testng.internal.TestInvoker$MethodInvocationAgent.invoke(TestInvoker.java:822)
	at org.testng.internal.TestInvoker.invokeTestMethods(TestInvoker.java:147)
	at org.testng.internal.TestMethodWorker.invokeTestMethods(TestMethodWorker.java:146)
	at org.testng.internal.TestMethodWorker.run(TestMethodWorker.java:128)
	at java.base/java.util.concurrent.ThreadPoolExecutor.runWorker(ThreadPoolExecutor.java:1128)
	at java.base/java.util.concurrent.ThreadPoolExecutor$Worker.run(ThreadPoolExecutor.java:628)
	at java.base/java.lang.Thread.run(Thread.java:834)

2021-04-03 17:05:38,220 TestNG-test=Mortgage_Calculator-2 ERROR Could not create plugin of type class org.apache.logging.log4j.core.appender.FileAppender for element File: java.lang.IllegalStateException: ManagerFactory [org.apache.logging.log4j.core.appender.FileManager$FileManagerFactory@6f4b3b3a] unable to create manager for [logs/${ctx:threadName}.log] with data [org.apache.logging.log4j.core.appender.FileManager$FactoryData@4467b0bb] java.lang.IllegalStateException: ManagerFactory [org.apache.logging.log4j.core.appender.FileManager$FileManagerFactory@6f4b3b3a] unable to create manager for [logs/${ctx:threadName}.log] with data [org.apache.logging.log4j.core.appender.FileManager$FactoryData@4467b0bb]
	at org.apache.logging.log4j.core.appender.AbstractManager.getManager(AbstractManager.java:115)
	at org.apache.logging.log4j.core.appender.OutputStreamManager.getManager(OutputStreamManager.java:100)
	at org.apache.logging.log4j.core.appender.FileManager.getFileManager(FileManager.java:182)
	at org.apache.logging.log4j.core.appender.FileAppender$Builder.build(FileAppender.java:96)
	at org.apache.logging.log4j.core.appender.FileAppender$Builder.build(FileAppender.java:52)
	at org.apache.logging.log4j.core.config.plugins.util.PluginBuilder.build(PluginBuilder.java:122)
	at org.apache.logging.log4j.core.config.AbstractConfiguration.createPluginObject(AbstractConfiguration.java:1002)
	at org.apache.logging.log4j.core.config.AbstractConfiguration.createConfiguration(AbstractConfiguration.java:942)
	at org.apache.logging.log4j.core.appender.routing.RoutingAppender.createAppender(RoutingAppender.java:299)
	at org.apache.logging.log4j.core.appender.routing.RoutingAppender.getControl(RoutingAppender.java:271)
	at org.apache.logging.log4j.core.appender.routing.RoutingAppender.append(RoutingAppender.java:229)
	at org.apache.logging.log4j.core.config.AppenderControl.tryCallAppender(AppenderControl.java:156)
	at org.apache.logging.log4j.core.config.AppenderControl.callAppender0(AppenderControl.java:129)
	at org.apache.logging.log4j.core.config.AppenderControl.callAppenderPreventRecursion(AppenderControl.java:120)
	at org.apache.logging.log4j.core.config.AppenderControl.callAppender(AppenderControl.java:84)
	at org.apache.logging.log4j.core.config.LoggerConfig.callAppenders(LoggerConfig.java:543)
	at org.apache.logging.log4j.core.config.LoggerConfig.processLogEvent(LoggerConfig.java:502)
	at org.apache.logging.log4j.core.config.LoggerConfig.log(LoggerConfig.java:485)
	at org.apache.logging.log4j.core.config.LoggerConfig.log(LoggerConfig.java:460)
	at org.apache.logging.log4j.core.config.AwaitCompletionReliabilityStrategy.log(AwaitCompletionReliabilityStrategy.java:82)
	at org.apache.logging.log4j.core.Logger.log(Logger.java:161)
	at org.apache.logging.log4j.spi.AbstractLogger.tryLogMessage(AbstractLogger.java:2198)
	at org.apache.logging.log4j.spi.AbstractLogger.logMessageTrackRecursion(AbstractLogger.java:2152)
	at org.apache.logging.log4j.spi.AbstractLogger.logMessageSafely(AbstractLogger.java:2135)
	at org.apache.logging.log4j.spi.AbstractLogger.logMessage(AbstractLogger.java:2011)
	at org.apache.logging.log4j.spi.AbstractLogger.logIfEnabled(AbstractLogger.java:1983)
	at org.apache.logging.log4j.spi.AbstractLogger.debug(AbstractLogger.java:327)
	at page_objects.Home.typeInterestRate(Home.java:59)
	at automation_test.mortgage_calculator.CalculateMonthlyPayment.calculateRate(CalculateMonthlyPayment.java:52)
	at java.base/jdk.internal.reflect.NativeMethodAccessorImpl.invoke0(Native Method)
	at java.base/jdk.internal.reflect.NativeMethodAccessorImpl.invoke(NativeMethodAccessorImpl.java:62)
	at java.base/jdk.internal.reflect.DelegatingMethodAccessorImpl.invoke(DelegatingMethodAccessorImpl.java:43)
	at java.base/java.lang.reflect.Method.invoke(Method.java:566)
	at org.testng.internal.MethodInvocationHelper.invokeMethod(MethodInvocationHelper.java:132)
	at org.testng.internal.TestInvoker.invokeMethod(TestInvoker.java:599)
	at org.testng.internal.TestInvoker.invokeTestMethod(TestInvoker.java:174)
	at org.testng.internal.MethodRunner.runInSequence(MethodRunner.java:46)
	at org.testng.internal.TestInvoker$MethodInvocationAgent.invoke(TestInvoker.java:822)
	at org.testng.internal.TestInvoker.invokeTestMethods(TestInvoker.java:147)
	at org.testng.internal.TestMethodWorker.invokeTestMethods(TestMethodWorker.java:146)
	at org.testng.internal.TestMethodWorker.run(TestMethodWorker.java:128)
	at java.base/java.util.concurrent.ThreadPoolExecutor.runWorker(ThreadPoolExecutor.java:1128)
	at java.base/java.util.concurrent.ThreadPoolExecutor$Worker.run(ThreadPoolExecutor.java:628)
	at java.base/java.lang.Thread.run(Thread.java:834)

2021-04-03 17:05:38,221 TestNG-test=Mortgage_Calculator-2 ERROR Unable to invoke factory method in class org.apache.logging.log4j.core.appender.FileAppender for element File: java.lang.IllegalStateException: No factory method found for class org.apache.logging.log4j.core.appender.FileAppender java.lang.IllegalStateException: No factory method found for class org.apache.logging.log4j.core.appender.FileAppender
	at org.apache.logging.log4j.core.config.plugins.util.PluginBuilder.findFactoryMethod(PluginBuilder.java:234)
	at org.apache.logging.log4j.core.config.plugins.util.PluginBuilder.build(PluginBuilder.java:134)
	at org.apache.logging.log4j.core.config.AbstractConfiguration.createPluginObject(AbstractConfiguration.java:1002)
	at org.apache.logging.log4j.core.config.AbstractConfiguration.createConfiguration(AbstractConfiguration.java:942)
	at org.apache.logging.log4j.core.appender.routing.RoutingAppender.createAppender(RoutingAppender.java:299)
	at org.apache.logging.log4j.core.appender.routing.RoutingAppender.getControl(RoutingAppender.java:271)
	at org.apache.logging.log4j.core.appender.routing.RoutingAppender.append(RoutingAppender.java:229)
	at org.apache.logging.log4j.core.config.AppenderControl.tryCallAppender(AppenderControl.java:156)
	at org.apache.logging.log4j.core.config.AppenderControl.callAppender0(AppenderControl.java:129)
	at org.apache.logging.log4j.core.config.AppenderControl.callAppenderPreventRecursion(AppenderControl.java:120)
	at org.apache.logging.log4j.core.config.AppenderControl.callAppender(AppenderControl.java:84)
	at org.apache.logging.log4j.core.config.LoggerConfig.callAppenders(LoggerConfig.java:543)
	at org.apache.logging.log4j.core.config.LoggerConfig.processLogEvent(LoggerConfig.java:502)
	at org.apache.logging.log4j.core.config.LoggerConfig.log(LoggerConfig.java:485)
	at org.apache.logging.log4j.core.config.LoggerConfig.log(LoggerConfig.java:460)
	at org.apache.logging.log4j.core.config.AwaitCompletionReliabilityStrategy.log(AwaitCompletionReliabilityStrategy.java:82)
	at org.apache.logging.log4j.core.Logger.log(Logger.java:161)
	at org.apache.logging.log4j.spi.AbstractLogger.tryLogMessage(AbstractLogger.java:2198)
	at org.apache.logging.log4j.spi.AbstractLogger.logMessageTrackRecursion(AbstractLogger.java:2152)
	at org.apache.logging.log4j.spi.AbstractLogger.logMessageSafely(AbstractLogger.java:2135)
	at org.apache.logging.log4j.spi.AbstractLogger.logMessage(AbstractLogger.java:2011)
	at org.apache.logging.log4j.spi.AbstractLogger.logIfEnabled(AbstractLogger.java:1983)
	at org.apache.logging.log4j.spi.AbstractLogger.debug(AbstractLogger.java:327)
	at page_objects.Home.typeInterestRate(Home.java:59)
	at automation_test.mortgage_calculator.CalculateMonthlyPayment.calculateRate(CalculateMonthlyPayment.java:52)
	at java.base/jdk.internal.reflect.NativeMethodAccessorImpl.invoke0(Native Method)
	at java.base/jdk.internal.reflect.NativeMethodAccessorImpl.invoke(NativeMethodAccessorImpl.java:62)
	at java.base/jdk.internal.reflect.DelegatingMethodAccessorImpl.invoke(DelegatingMethodAccessorImpl.java:43)
	at java.base/java.lang.reflect.Method.invoke(Method.java:566)
	at org.testng.internal.MethodInvocationHelper.invokeMethod(MethodInvocationHelper.java:132)
	at org.testng.internal.TestInvoker.invokeMethod(TestInvoker.java:599)
	at org.testng.internal.TestInvoker.invokeTestMethod(TestInvoker.java:174)
	at org.testng.internal.MethodRunner.runInSequence(MethodRunner.java:46)
	at org.testng.internal.TestInvoker$MethodInvocationAgent.invoke(TestInvoker.java:822)
	at org.testng.internal.TestInvoker.invokeTestMethods(TestInvoker.java:147)
	at org.testng.internal.TestMethodWorker.invokeTestMethods(TestMethodWorker.java:146)
	at org.testng.internal.TestMethodWorker.run(TestMethodWorker.java:128)
	at java.base/java.util.concurrent.ThreadPoolExecutor.runWorker(ThreadPoolExecutor.java:1128)
	at java.base/java.util.concurrent.ThreadPoolExecutor$Worker.run(ThreadPoolExecutor.java:628)
	at java.base/java.lang.Thread.run(Thread.java:834)

2021-04-03 17:05:38,397 TestNG-test=Mortgage_Calculator-2 ERROR FileManager (logs/${ctx:threadName}.log) java.io.IOException: The filename, directory name, or volume label syntax is incorrect java.io.IOException: The filename, directory name, or volume label syntax is incorrect
	at java.base/java.io.WinNTFileSystem.canonicalize0(Native Method)
	at java.base/java.io.WinNTFileSystem.canonicalize(WinNTFileSystem.java:438)
	at java.base/java.io.File.getCanonicalPath(File.java:620)
	at java.base/java.io.File.getCanonicalFile(File.java:645)
	at org.apache.logging.log4j.core.util.FileUtils.makeParentDirs(FileUtils.java:133)
	at org.apache.logging.log4j.core.appender.FileManager$FileManagerFactory.createManager(FileManager.java:434)
	at org.apache.logging.log4j.core.appender.FileManager$FileManagerFactory.createManager(FileManager.java:422)
	at org.apache.logging.log4j.core.appender.AbstractManager.getManager(AbstractManager.java:113)
	at org.apache.logging.log4j.core.appender.OutputStreamManager.getManager(OutputStreamManager.java:100)
	at org.apache.logging.log4j.core.appender.FileManager.getFileManager(FileManager.java:182)
	at org.apache.logging.log4j.core.appender.FileAppender$Builder.build(FileAppender.java:96)
	at org.apache.logging.log4j.core.appender.FileAppender$Builder.build(FileAppender.java:52)
	at org.apache.logging.log4j.core.config.plugins.util.PluginBuilder.build(PluginBuilder.java:122)
	at org.apache.logging.log4j.core.config.AbstractConfiguration.createPluginObject(AbstractConfiguration.java:1002)
	at org.apache.logging.log4j.core.config.AbstractConfiguration.createConfiguration(AbstractConfiguration.java:942)
	at org.apache.logging.log4j.core.appender.routing.RoutingAppender.createAppender(RoutingAppender.java:299)
	at org.apache.logging.log4j.core.appender.routing.RoutingAppender.getControl(RoutingAppender.java:271)
	at org.apache.logging.log4j.core.appender.routing.RoutingAppender.append(RoutingAppender.java:229)
	at org.apache.logging.log4j.core.config.AppenderControl.tryCallAppender(AppenderControl.java:156)
	at org.apache.logging.log4j.core.config.AppenderControl.callAppender0(AppenderControl.java:129)
	at org.apache.logging.log4j.core.config.AppenderControl.callAppenderPreventRecursion(AppenderControl.java:120)
	at org.apache.logging.log4j.core.config.AppenderControl.callAppender(AppenderControl.java:84)
	at org.apache.logging.log4j.core.config.LoggerConfig.callAppenders(LoggerConfig.java:543)
	at org.apache.logging.log4j.core.config.LoggerConfig.processLogEvent(LoggerConfig.java:502)
	at org.apache.logging.log4j.core.config.LoggerConfig.log(LoggerConfig.java:485)
	at org.apache.logging.log4j.core.config.LoggerConfig.log(LoggerConfig.java:460)
	at org.apache.logging.log4j.core.config.AwaitCompletionReliabilityStrategy.log(AwaitCompletionReliabilityStrategy.java:82)
	at org.apache.logging.log4j.core.Logger.log(Logger.java:161)
	at org.apache.logging.log4j.spi.AbstractLogger.tryLogMessage(AbstractLogger.java:2198)
	at org.apache.logging.log4j.spi.AbstractLogger.logMessageTrackRecursion(AbstractLogger.java:2152)
	at org.apache.logging.log4j.spi.AbstractLogger.logMessageSafely(AbstractLogger.java:2135)
	at org.apache.logging.log4j.spi.AbstractLogger.logMessage(AbstractLogger.java:2011)
	at org.apache.logging.log4j.spi.AbstractLogger.logIfEnabled(AbstractLogger.java:1983)
	at org.apache.logging.log4j.spi.AbstractLogger.debug(AbstractLogger.java:327)
	at page_objects.Home.typeLoanTerm(Home.java:64)
	at automation_test.mortgage_calculator.CalculateMonthlyPayment.calculateRate(CalculateMonthlyPayment.java:53)
	at java.base/jdk.internal.reflect.NativeMethodAccessorImpl.invoke0(Native Method)
	at java.base/jdk.internal.reflect.NativeMethodAccessorImpl.invoke(NativeMethodAccessorImpl.java:62)
	at java.base/jdk.internal.reflect.DelegatingMethodAccessorImpl.invoke(DelegatingMethodAccessorImpl.java:43)
	at java.base/java.lang.reflect.Method.invoke(Method.java:566)
	at org.testng.internal.MethodInvocationHelper.invokeMethod(MethodInvocationHelper.java:132)
	at org.testng.internal.TestInvoker.invokeMethod(TestInvoker.java:599)
	at org.testng.internal.TestInvoker.invokeTestMethod(TestInvoker.java:174)
	at org.testng.internal.MethodRunner.runInSequence(MethodRunner.java:46)
	at org.testng.internal.TestInvoker$MethodInvocationAgent.invoke(TestInvoker.java:822)
	at org.testng.internal.TestInvoker.invokeTestMethods(TestInvoker.java:147)
	at org.testng.internal.TestMethodWorker.invokeTestMethods(TestMethodWorker.java:146)
	at org.testng.internal.TestMethodWorker.run(TestMethodWorker.java:128)
	at java.base/java.util.concurrent.ThreadPoolExecutor.runWorker(ThreadPoolExecutor.java:1128)
	at java.base/java.util.concurrent.ThreadPoolExecutor$Worker.run(ThreadPoolExecutor.java:628)
	at java.base/java.lang.Thread.run(Thread.java:834)

2021-04-03 17:05:38,398 TestNG-test=Mortgage_Calculator-2 ERROR Could not create plugin of type class org.apache.logging.log4j.core.appender.FileAppender for element File: java.lang.IllegalStateException: ManagerFactory [org.apache.logging.log4j.core.appender.FileManager$FileManagerFactory@6f4b3b3a] unable to create manager for [logs/${ctx:threadName}.log] with data [org.apache.logging.log4j.core.appender.FileManager$FactoryData@528c4d71] java.lang.IllegalStateException: ManagerFactory [org.apache.logging.log4j.core.appender.FileManager$FileManagerFactory@6f4b3b3a] unable to create manager for [logs/${ctx:threadName}.log] with data [org.apache.logging.log4j.core.appender.FileManager$FactoryData@528c4d71]
	at org.apache.logging.log4j.core.appender.AbstractManager.getManager(AbstractManager.java:115)
	at org.apache.logging.log4j.core.appender.OutputStreamManager.getManager(OutputStreamManager.java:100)
	at org.apache.logging.log4j.core.appender.FileManager.getFileManager(FileManager.java:182)
	at org.apache.logging.log4j.core.appender.FileAppender$Builder.build(FileAppender.java:96)
	at org.apache.logging.log4j.core.appender.FileAppender$Builder.build(FileAppender.java:52)
	at org.apache.logging.log4j.core.config.plugins.util.PluginBuilder.build(PluginBuilder.java:122)
	at org.apache.logging.log4j.core.config.AbstractConfiguration.createPluginObject(AbstractConfiguration.java:1002)
	at org.apache.logging.log4j.core.config.AbstractConfiguration.createConfiguration(AbstractConfiguration.java:942)
	at org.apache.logging.log4j.core.appender.routing.RoutingAppender.createAppender(RoutingAppender.java:299)
	at org.apache.logging.log4j.core.appender.routing.RoutingAppender.getControl(RoutingAppender.java:271)
	at org.apache.logging.log4j.core.appender.routing.RoutingAppender.append(RoutingAppender.java:229)
	at org.apache.logging.log4j.core.config.AppenderControl.tryCallAppender(AppenderControl.java:156)
	at org.apache.logging.log4j.core.config.AppenderControl.callAppender0(AppenderControl.java:129)
	at org.apache.logging.log4j.core.config.AppenderControl.callAppenderPreventRecursion(AppenderControl.java:120)
	at org.apache.logging.log4j.core.config.AppenderControl.callAppender(AppenderControl.java:84)
	at org.apache.logging.log4j.core.config.LoggerConfig.callAppenders(LoggerConfig.java:543)
	at org.apache.logging.log4j.core.config.LoggerConfig.processLogEvent(LoggerConfig.java:502)
	at org.apache.logging.log4j.core.config.LoggerConfig.log(LoggerConfig.java:485)
	at org.apache.logging.log4j.core.config.LoggerConfig.log(LoggerConfig.java:460)
	at org.apache.logging.log4j.core.config.AwaitCompletionReliabilityStrategy.log(AwaitCompletionReliabilityStrategy.java:82)
	at org.apache.logging.log4j.core.Logger.log(Logger.java:161)
	at org.apache.logging.log4j.spi.AbstractLogger.tryLogMessage(AbstractLogger.java:2198)
	at org.apache.logging.log4j.spi.AbstractLogger.logMessageTrackRecursion(AbstractLogger.java:2152)
	at org.apache.logging.log4j.spi.AbstractLogger.logMessageSafely(AbstractLogger.java:2135)
	at org.apache.logging.log4j.spi.AbstractLogger.logMessage(AbstractLogger.java:2011)
	at org.apache.logging.log4j.spi.AbstractLogger.logIfEnabled(AbstractLogger.java:1983)
	at org.apache.logging.log4j.spi.AbstractLogger.debug(AbstractLogger.java:327)
	at page_objects.Home.typeLoanTerm(Home.java:64)
	at automation_test.mortgage_calculator.CalculateMonthlyPayment.calculateRate(CalculateMonthlyPayment.java:53)
	at java.base/jdk.internal.reflect.NativeMethodAccessorImpl.invoke0(Native Method)
	at java.base/jdk.internal.reflect.NativeMethodAccessorImpl.invoke(NativeMethodAccessorImpl.java:62)
	at java.base/jdk.internal.reflect.DelegatingMethodAccessorImpl.invoke(DelegatingMethodAccessorImpl.java:43)
	at java.base/java.lang.reflect.Method.invoke(Method.java:566)
	at org.testng.internal.MethodInvocationHelper.invokeMethod(MethodInvocationHelper.java:132)
	at org.testng.internal.TestInvoker.invokeMethod(TestInvoker.java:599)
	at org.testng.internal.TestInvoker.invokeTestMethod(TestInvoker.java:174)
	at org.testng.internal.MethodRunner.runInSequence(MethodRunner.java:46)
	at org.testng.internal.TestInvoker$MethodInvocationAgent.invoke(TestInvoker.java:822)
	at org.testng.internal.TestInvoker.invokeTestMethods(TestInvoker.java:147)
	at org.testng.internal.TestMethodWorker.invokeTestMethods(TestMethodWorker.java:146)
	at org.testng.internal.TestMethodWorker.run(TestMethodWorker.java:128)
	at java.base/java.util.concurrent.ThreadPoolExecutor.runWorker(ThreadPoolExecutor.java:1128)
	at java.base/java.util.concurrent.ThreadPoolExecutor$Worker.run(ThreadPoolExecutor.java:628)
	at java.base/java.lang.Thread.run(Thread.java:834)

2021-04-03 17:05:38,399 TestNG-test=Mortgage_Calculator-2 ERROR Unable to invoke factory method in class org.apache.logging.log4j.core.appender.FileAppender for element File: java.lang.IllegalStateException: No factory method found for class org.apache.logging.log4j.core.appender.FileAppender java.lang.IllegalStateException: No factory method found for class org.apache.logging.log4j.core.appender.FileAppender
	at org.apache.logging.log4j.core.config.plugins.util.PluginBuilder.findFactoryMethod(PluginBuilder.java:234)
	at org.apache.logging.log4j.core.config.plugins.util.PluginBuilder.build(PluginBuilder.java:134)
	at org.apache.logging.log4j.core.config.AbstractConfiguration.createPluginObject(AbstractConfiguration.java:1002)
	at org.apache.logging.log4j.core.config.AbstractConfiguration.createConfiguration(AbstractConfiguration.java:942)
	at org.apache.logging.log4j.core.appender.routing.RoutingAppender.createAppender(RoutingAppender.java:299)
	at org.apache.logging.log4j.core.appender.routing.RoutingAppender.getControl(RoutingAppender.java:271)
	at org.apache.logging.log4j.core.appender.routing.RoutingAppender.append(RoutingAppender.java:229)
	at org.apache.logging.log4j.core.config.AppenderControl.tryCallAppender(AppenderControl.java:156)
	at org.apache.logging.log4j.core.config.AppenderControl.callAppender0(AppenderControl.java:129)
	at org.apache.logging.log4j.core.config.AppenderControl.callAppenderPreventRecursion(AppenderControl.java:120)
	at org.apache.logging.log4j.core.config.AppenderControl.callAppender(AppenderControl.java:84)
	at org.apache.logging.log4j.core.config.LoggerConfig.callAppenders(LoggerConfig.java:543)
	at org.apache.logging.log4j.core.config.LoggerConfig.processLogEvent(LoggerConfig.java:502)
	at org.apache.logging.log4j.core.config.LoggerConfig.log(LoggerConfig.java:485)
	at org.apache.logging.log4j.core.config.LoggerConfig.log(LoggerConfig.java:460)
	at org.apache.logging.log4j.core.config.AwaitCompletionReliabilityStrategy.log(AwaitCompletionReliabilityStrategy.java:82)
	at org.apache.logging.log4j.core.Logger.log(Logger.java:161)
	at org.apache.logging.log4j.spi.AbstractLogger.tryLogMessage(AbstractLogger.java:2198)
	at org.apache.logging.log4j.spi.AbstractLogger.logMessageTrackRecursion(AbstractLogger.java:2152)
	at org.apache.logging.log4j.spi.AbstractLogger.logMessageSafely(AbstractLogger.java:2135)
	at org.apache.logging.log4j.spi.AbstractLogger.logMessage(AbstractLogger.java:2011)
	at org.apache.logging.log4j.spi.AbstractLogger.logIfEnabled(AbstractLogger.java:1983)
	at org.apache.logging.log4j.spi.AbstractLogger.debug(AbstractLogger.java:327)
	at page_objects.Home.typeLoanTerm(Home.java:64)
	at automation_test.mortgage_calculator.CalculateMonthlyPayment.calculateRate(CalculateMonthlyPayment.java:53)
	at java.base/jdk.internal.reflect.NativeMethodAccessorImpl.invoke0(Native Method)
	at java.base/jdk.internal.reflect.NativeMethodAccessorImpl.invoke(NativeMethodAccessorImpl.java:62)
	at java.base/jdk.internal.reflect.DelegatingMethodAccessorImpl.invoke(DelegatingMethodAccessorImpl.java:43)
	at java.base/java.lang.reflect.Method.invoke(Method.java:566)
	at org.testng.internal.MethodInvocationHelper.invokeMethod(MethodInvocationHelper.java:132)
	at org.testng.internal.TestInvoker.invokeMethod(TestInvoker.java:599)
	at org.testng.internal.TestInvoker.invokeTestMethod(TestInvoker.java:174)
	at org.testng.internal.MethodRunner.runInSequence(MethodRunner.java:46)
	at org.testng.internal.TestInvoker$MethodInvocationAgent.invoke(TestInvoker.java:822)
	at org.testng.internal.TestInvoker.invokeTestMethods(TestInvoker.java:147)
	at org.testng.internal.TestMethodWorker.invokeTestMethods(TestMethodWorker.java:146)
	at org.testng.internal.TestMethodWorker.run(TestMethodWorker.java:128)
	at java.base/java.util.concurrent.ThreadPoolExecutor.runWorker(ThreadPoolExecutor.java:1128)
	at java.base/java.util.concurrent.ThreadPoolExecutor$Worker.run(ThreadPoolExecutor.java:628)
	at java.base/java.lang.Thread.run(Thread.java:834)

2021-04-03 17:05:38,594 TestNG-test=Mortgage_Calculator-2 ERROR FileManager (logs/${ctx:threadName}.log) java.io.IOException: The filename, directory name, or volume label syntax is incorrect java.io.IOException: The filename, directory name, or volume label syntax is incorrect
	at java.base/java.io.WinNTFileSystem.canonicalize0(Native Method)
	at java.base/java.io.WinNTFileSystem.canonicalize(WinNTFileSystem.java:438)
	at java.base/java.io.File.getCanonicalPath(File.java:620)
	at java.base/java.io.File.getCanonicalFile(File.java:645)
	at org.apache.logging.log4j.core.util.FileUtils.makeParentDirs(FileUtils.java:133)
	at org.apache.logging.log4j.core.appender.FileManager$FileManagerFactory.createManager(FileManager.java:434)
	at org.apache.logging.log4j.core.appender.FileManager$FileManagerFactory.createManager(FileManager.java:422)
	at org.apache.logging.log4j.core.appender.AbstractManager.getManager(AbstractManager.java:113)
	at org.apache.logging.log4j.core.appender.OutputStreamManager.getManager(OutputStreamManager.java:100)
	at org.apache.logging.log4j.core.appender.FileManager.getFileManager(FileManager.java:182)
	at org.apache.logging.log4j.core.appender.FileAppender$Builder.build(FileAppender.java:96)
	at org.apache.logging.log4j.core.appender.FileAppender$Builder.build(FileAppender.java:52)
	at org.apache.logging.log4j.core.config.plugins.util.PluginBuilder.build(PluginBuilder.java:122)
	at org.apache.logging.log4j.core.config.AbstractConfiguration.createPluginObject(AbstractConfiguration.java:1002)
	at org.apache.logging.log4j.core.config.AbstractConfiguration.createConfiguration(AbstractConfiguration.java:942)
	at org.apache.logging.log4j.core.appender.routing.RoutingAppender.createAppender(RoutingAppender.java:299)
	at org.apache.logging.log4j.core.appender.routing.RoutingAppender.getControl(RoutingAppender.java:271)
	at org.apache.logging.log4j.core.appender.routing.RoutingAppender.append(RoutingAppender.java:229)
	at org.apache.logging.log4j.core.config.AppenderControl.tryCallAppender(AppenderControl.java:156)
	at org.apache.logging.log4j.core.config.AppenderControl.callAppender0(AppenderControl.java:129)
	at org.apache.logging.log4j.core.config.AppenderControl.callAppenderPreventRecursion(AppenderControl.java:120)
	at org.apache.logging.log4j.core.config.AppenderControl.callAppender(AppenderControl.java:84)
	at org.apache.logging.log4j.core.config.LoggerConfig.callAppenders(LoggerConfig.java:543)
	at org.apache.logging.log4j.core.config.LoggerConfig.processLogEvent(LoggerConfig.java:502)
	at org.apache.logging.log4j.core.config.LoggerConfig.log(LoggerConfig.java:485)
	at org.apache.logging.log4j.core.config.LoggerConfig.log(LoggerConfig.java:460)
	at org.apache.logging.log4j.core.config.AwaitCompletionReliabilityStrategy.log(AwaitCompletionReliabilityStrategy.java:82)
	at org.apache.logging.log4j.core.Logger.log(Logger.java:161)
	at org.apache.logging.log4j.spi.AbstractLogger.tryLogMessage(AbstractLogger.java:2198)
	at org.apache.logging.log4j.spi.AbstractLogger.logMessageTrackRecursion(AbstractLogger.java:2152)
	at org.apache.logging.log4j.spi.AbstractLogger.logMessageSafely(AbstractLogger.java:2135)
	at org.apache.logging.log4j.spi.AbstractLogger.logMessage(AbstractLogger.java:2011)
	at org.apache.logging.log4j.spi.AbstractLogger.logIfEnabled(AbstractLogger.java:1983)
	at org.apache.logging.log4j.spi.AbstractLogger.debug(AbstractLogger.java:327)
	at page_objects.Home.selectStartDate(Home.java:69)
	at automation_test.mortgage_calculator.CalculateMonthlyPayment.calculateRate(CalculateMonthlyPayment.java:54)
	at java.base/jdk.internal.reflect.NativeMethodAccessorImpl.invoke0(Native Method)
	at java.base/jdk.internal.reflect.NativeMethodAccessorImpl.invoke(NativeMethodAccessorImpl.java:62)
	at java.base/jdk.internal.reflect.DelegatingMethodAccessorImpl.invoke(DelegatingMethodAccessorImpl.java:43)
	at java.base/java.lang.reflect.Method.invoke(Method.java:566)
	at org.testng.internal.MethodInvocationHelper.invokeMethod(MethodInvocationHelper.java:132)
	at org.testng.internal.TestInvoker.invokeMethod(TestInvoker.java:599)
	at org.testng.internal.TestInvoker.invokeTestMethod(TestInvoker.java:174)
	at org.testng.internal.MethodRunner.runInSequence(MethodRunner.java:46)
	at org.testng.internal.TestInvoker$MethodInvocationAgent.invoke(TestInvoker.java:822)
	at org.testng.internal.TestInvoker.invokeTestMethods(TestInvoker.java:147)
	at org.testng.internal.TestMethodWorker.invokeTestMethods(TestMethodWorker.java:146)
	at org.testng.internal.TestMethodWorker.run(TestMethodWorker.java:128)
	at java.base/java.util.concurrent.ThreadPoolExecutor.runWorker(ThreadPoolExecutor.java:1128)
	at java.base/java.util.concurrent.ThreadPoolExecutor$Worker.run(ThreadPoolExecutor.java:628)
	at java.base/java.lang.Thread.run(Thread.java:834)

2021-04-03 17:05:38,595 TestNG-test=Mortgage_Calculator-2 ERROR Could not create plugin of type class org.apache.logging.log4j.core.appender.FileAppender for element File: java.lang.IllegalStateException: ManagerFactory [org.apache.logging.log4j.core.appender.FileManager$FileManagerFactory@6f4b3b3a] unable to create manager for [logs/${ctx:threadName}.log] with data [org.apache.logging.log4j.core.appender.FileManager$FactoryData@188d66c8] java.lang.IllegalStateException: ManagerFactory [org.apache.logging.log4j.core.appender.FileManager$FileManagerFactory@6f4b3b3a] unable to create manager for [logs/${ctx:threadName}.log] with data [org.apache.logging.log4j.core.appender.FileManager$FactoryData@188d66c8]
	at org.apache.logging.log4j.core.appender.AbstractManager.getManager(AbstractManager.java:115)
	at org.apache.logging.log4j.core.appender.OutputStreamManager.getManager(OutputStreamManager.java:100)
	at org.apache.logging.log4j.core.appender.FileManager.getFileManager(FileManager.java:182)
	at org.apache.logging.log4j.core.appender.FileAppender$Builder.build(FileAppender.java:96)
	at org.apache.logging.log4j.core.appender.FileAppender$Builder.build(FileAppender.java:52)
	at org.apache.logging.log4j.core.config.plugins.util.PluginBuilder.build(PluginBuilder.java:122)
	at org.apache.logging.log4j.core.config.AbstractConfiguration.createPluginObject(AbstractConfiguration.java:1002)
	at org.apache.logging.log4j.core.config.AbstractConfiguration.createConfiguration(AbstractConfiguration.java:942)
	at org.apache.logging.log4j.core.appender.routing.RoutingAppender.createAppender(RoutingAppender.java:299)
	at org.apache.logging.log4j.core.appender.routing.RoutingAppender.getControl(RoutingAppender.java:271)
	at org.apache.logging.log4j.core.appender.routing.RoutingAppender.append(RoutingAppender.java:229)
	at org.apache.logging.log4j.core.config.AppenderControl.tryCallAppender(AppenderControl.java:156)
	at org.apache.logging.log4j.core.config.AppenderControl.callAppender0(AppenderControl.java:129)
	at org.apache.logging.log4j.core.config.AppenderControl.callAppenderPreventRecursion(AppenderControl.java:120)
	at org.apache.logging.log4j.core.config.AppenderControl.callAppender(AppenderControl.java:84)
	at org.apache.logging.log4j.core.config.LoggerConfig.callAppenders(LoggerConfig.java:543)
	at org.apache.logging.log4j.core.config.LoggerConfig.processLogEvent(LoggerConfig.java:502)
	at org.apache.logging.log4j.core.config.LoggerConfig.log(LoggerConfig.java:485)
	at org.apache.logging.log4j.core.config.LoggerConfig.log(LoggerConfig.java:460)
	at org.apache.logging.log4j.core.config.AwaitCompletionReliabilityStrategy.log(AwaitCompletionReliabilityStrategy.java:82)
	at org.apache.logging.log4j.core.Logger.log(Logger.java:161)
	at org.apache.logging.log4j.spi.AbstractLogger.tryLogMessage(AbstractLogger.java:2198)
	at org.apache.logging.log4j.spi.AbstractLogger.logMessageTrackRecursion(AbstractLogger.java:2152)
	at org.apache.logging.log4j.spi.AbstractLogger.logMessageSafely(AbstractLogger.java:2135)
	at org.apache.logging.log4j.spi.AbstractLogger.logMessage(AbstractLogger.java:2011)
	at org.apache.logging.log4j.spi.AbstractLogger.logIfEnabled(AbstractLogger.java:1983)
	at org.apache.logging.log4j.spi.AbstractLogger.debug(AbstractLogger.java:327)
	at page_objects.Home.selectStartDate(Home.java:69)
	at automation_test.mortgage_calculator.CalculateMonthlyPayment.calculateRate(CalculateMonthlyPayment.java:54)
	at java.base/jdk.internal.reflect.NativeMethodAccessorImpl.invoke0(Native Method)
	at java.base/jdk.internal.reflect.NativeMethodAccessorImpl.invoke(NativeMethodAccessorImpl.java:62)
	at java.base/jdk.internal.reflect.DelegatingMethodAccessorImpl.invoke(DelegatingMethodAccessorImpl.java:43)
	at java.base/java.lang.reflect.Method.invoke(Method.java:566)
	at org.testng.internal.MethodInvocationHelper.invokeMethod(MethodInvocationHelper.java:132)
	at org.testng.internal.TestInvoker.invokeMethod(TestInvoker.java:599)
	at org.testng.internal.TestInvoker.invokeTestMethod(TestInvoker.java:174)
	at org.testng.internal.MethodRunner.runInSequence(MethodRunner.java:46)
	at org.testng.internal.TestInvoker$MethodInvocationAgent.invoke(TestInvoker.java:822)
	at org.testng.internal.TestInvoker.invokeTestMethods(TestInvoker.java:147)
	at org.testng.internal.TestMethodWorker.invokeTestMethods(TestMethodWorker.java:146)
	at org.testng.internal.TestMethodWorker.run(TestMethodWorker.java:128)
	at java.base/java.util.concurrent.ThreadPoolExecutor.runWorker(ThreadPoolExecutor.java:1128)
	at java.base/java.util.concurrent.ThreadPoolExecutor$Worker.run(ThreadPoolExecutor.java:628)
	at java.base/java.lang.Thread.run(Thread.java:834)

2021-04-03 17:05:38,597 TestNG-test=Mortgage_Calculator-2 ERROR Unable to invoke factory method in class org.apache.logging.log4j.core.appender.FileAppender for element File: java.lang.IllegalStateException: No factory method found for class org.apache.logging.log4j.core.appender.FileAppender java.lang.IllegalStateException: No factory method found for class org.apache.logging.log4j.core.appender.FileAppender
	at org.apache.logging.log4j.core.config.plugins.util.PluginBuilder.findFactoryMethod(PluginBuilder.java:234)
	at org.apache.logging.log4j.core.config.plugins.util.PluginBuilder.build(PluginBuilder.java:134)
	at org.apache.logging.log4j.core.config.AbstractConfiguration.createPluginObject(AbstractConfiguration.java:1002)
	at org.apache.logging.log4j.core.config.AbstractConfiguration.createConfiguration(AbstractConfiguration.java:942)
	at org.apache.logging.log4j.core.appender.routing.RoutingAppender.createAppender(RoutingAppender.java:299)
	at org.apache.logging.log4j.core.appender.routing.RoutingAppender.getControl(RoutingAppender.java:271)
	at org.apache.logging.log4j.core.appender.routing.RoutingAppender.append(RoutingAppender.java:229)
	at org.apache.logging.log4j.core.config.AppenderControl.tryCallAppender(AppenderControl.java:156)
	at org.apache.logging.log4j.core.config.AppenderControl.callAppender0(AppenderControl.java:129)
	at org.apache.logging.log4j.core.config.AppenderControl.callAppenderPreventRecursion(AppenderControl.java:120)
	at org.apache.logging.log4j.core.config.AppenderControl.callAppender(AppenderControl.java:84)
	at org.apache.logging.log4j.core.config.LoggerConfig.callAppenders(LoggerConfig.java:543)
	at org.apache.logging.log4j.core.config.LoggerConfig.processLogEvent(LoggerConfig.java:502)
	at org.apache.logging.log4j.core.config.LoggerConfig.log(LoggerConfig.java:485)
	at org.apache.logging.log4j.core.config.LoggerConfig.log(LoggerConfig.java:460)
	at org.apache.logging.log4j.core.config.AwaitCompletionReliabilityStrategy.log(AwaitCompletionReliabilityStrategy.java:82)
	at org.apache.logging.log4j.core.Logger.log(Logger.java:161)
	at org.apache.logging.log4j.spi.AbstractLogger.tryLogMessage(AbstractLogger.java:2198)
	at org.apache.logging.log4j.spi.AbstractLogger.logMessageTrackRecursion(AbstractLogger.java:2152)
	at org.apache.logging.log4j.spi.AbstractLogger.logMessageSafely(AbstractLogger.java:2135)
	at org.apache.logging.log4j.spi.AbstractLogger.logMessage(AbstractLogger.java:2011)
	at org.apache.logging.log4j.spi.AbstractLogger.logIfEnabled(AbstractLogger.java:1983)
	at org.apache.logging.log4j.spi.AbstractLogger.debug(AbstractLogger.java:327)
	at page_objects.Home.selectStartDate(Home.java:69)
	at automation_test.mortgage_calculator.CalculateMonthlyPayment.calculateRate(CalculateMonthlyPayment.java:54)
	at java.base/jdk.internal.reflect.NativeMethodAccessorImpl.invoke0(Native Method)
	at java.base/jdk.internal.reflect.NativeMethodAccessorImpl.invoke(NativeMethodAccessorImpl.java:62)
	at java.base/jdk.internal.reflect.DelegatingMethodAccessorImpl.invoke(DelegatingMethodAccessorImpl.java:43)
	at java.base/java.lang.reflect.Method.invoke(Method.java:566)
	at org.testng.internal.MethodInvocationHelper.invokeMethod(MethodInvocationHelper.java:132)
	at org.testng.internal.TestInvoker.invokeMethod(TestInvoker.java:599)
	at org.testng.internal.TestInvoker.invokeTestMethod(TestInvoker.java:174)
	at org.testng.internal.MethodRunner.runInSequence(MethodRunner.java:46)
	at org.testng.internal.TestInvoker$MethodInvocationAgent.invoke(TestInvoker.java:822)
	at org.testng.internal.TestInvoker.invokeTestMethods(TestInvoker.java:147)
	at org.testng.internal.TestMethodWorker.invokeTestMethods(TestMethodWorker.java:146)
	at org.testng.internal.TestMethodWorker.run(TestMethodWorker.java:128)
	at java.base/java.util.concurrent.ThreadPoolExecutor.runWorker(ThreadPoolExecutor.java:1128)
	at java.base/java.util.concurrent.ThreadPoolExecutor$Worker.run(ThreadPoolExecutor.java:628)
	at java.base/java.lang.Thread.run(Thread.java:834)

2021-04-03 17:05:38,767 TestNG-test=Mortgage_Calculator-2 ERROR FileManager (logs/${ctx:threadName}.log) java.io.IOException: The filename, directory name, or volume label syntax is incorrect java.io.IOException: The filename, directory name, or volume label syntax is incorrect
	at java.base/java.io.WinNTFileSystem.canonicalize0(Native Method)
	at java.base/java.io.WinNTFileSystem.canonicalize(WinNTFileSystem.java:438)
	at java.base/java.io.File.getCanonicalPath(File.java:620)
	at java.base/java.io.File.getCanonicalFile(File.java:645)
	at org.apache.logging.log4j.core.util.FileUtils.makeParentDirs(FileUtils.java:133)
	at org.apache.logging.log4j.core.appender.FileManager$FileManagerFactory.createManager(FileManager.java:434)
	at org.apache.logging.log4j.core.appender.FileManager$FileManagerFactory.createManager(FileManager.java:422)
	at org.apache.logging.log4j.core.appender.AbstractManager.getManager(AbstractManager.java:113)
	at org.apache.logging.log4j.core.appender.OutputStreamManager.getManager(OutputStreamManager.java:100)
	at org.apache.logging.log4j.core.appender.FileManager.getFileManager(FileManager.java:182)
	at org.apache.logging.log4j.core.appender.FileAppender$Builder.build(FileAppender.java:96)
	at org.apache.logging.log4j.core.appender.FileAppender$Builder.build(FileAppender.java:52)
	at org.apache.logging.log4j.core.config.plugins.util.PluginBuilder.build(PluginBuilder.java:122)
	at org.apache.logging.log4j.core.config.AbstractConfiguration.createPluginObject(AbstractConfiguration.java:1002)
	at org.apache.logging.log4j.core.config.AbstractConfiguration.createConfiguration(AbstractConfiguration.java:942)
	at org.apache.logging.log4j.core.appender.routing.RoutingAppender.createAppender(RoutingAppender.java:299)
	at org.apache.logging.log4j.core.appender.routing.RoutingAppender.getControl(RoutingAppender.java:271)
	at org.apache.logging.log4j.core.appender.routing.RoutingAppender.append(RoutingAppender.java:229)
	at org.apache.logging.log4j.core.config.AppenderControl.tryCallAppender(AppenderControl.java:156)
	at org.apache.logging.log4j.core.config.AppenderControl.callAppender0(AppenderControl.java:129)
	at org.apache.logging.log4j.core.config.AppenderControl.callAppenderPreventRecursion(AppenderControl.java:120)
	at org.apache.logging.log4j.core.config.AppenderControl.callAppender(AppenderControl.java:84)
	at org.apache.logging.log4j.core.config.LoggerConfig.callAppenders(LoggerConfig.java:543)
	at org.apache.logging.log4j.core.config.LoggerConfig.processLogEvent(LoggerConfig.java:502)
	at org.apache.logging.log4j.core.config.LoggerConfig.log(LoggerConfig.java:485)
	at org.apache.logging.log4j.core.config.LoggerConfig.log(LoggerConfig.java:460)
	at org.apache.logging.log4j.core.config.AwaitCompletionReliabilityStrategy.log(AwaitCompletionReliabilityStrategy.java:82)
	at org.apache.logging.log4j.core.Logger.log(Logger.java:161)
	at org.apache.logging.log4j.spi.AbstractLogger.tryLogMessage(AbstractLogger.java:2198)
	at org.apache.logging.log4j.spi.AbstractLogger.logMessageTrackRecursion(AbstractLogger.java:2152)
	at org.apache.logging.log4j.spi.AbstractLogger.logMessageSafely(AbstractLogger.java:2135)
	at org.apache.logging.log4j.spi.AbstractLogger.logMessage(AbstractLogger.java:2011)
	at org.apache.logging.log4j.spi.AbstractLogger.logIfEnabled(AbstractLogger.java:1983)
	at org.apache.logging.log4j.spi.AbstractLogger.debug(AbstractLogger.java:327)
	at page_objects.Home.typeStartYear(Home.java:74)
	at automation_test.mortgage_calculator.CalculateMonthlyPayment.calculateRate(CalculateMonthlyPayment.java:55)
	at java.base/jdk.internal.reflect.NativeMethodAccessorImpl.invoke0(Native Method)
	at java.base/jdk.internal.reflect.NativeMethodAccessorImpl.invoke(NativeMethodAccessorImpl.java:62)
	at java.base/jdk.internal.reflect.DelegatingMethodAccessorImpl.invoke(DelegatingMethodAccessorImpl.java:43)
	at java.base/java.lang.reflect.Method.invoke(Method.java:566)
	at org.testng.internal.MethodInvocationHelper.invokeMethod(MethodInvocationHelper.java:132)
	at org.testng.internal.TestInvoker.invokeMethod(TestInvoker.java:599)
	at org.testng.internal.TestInvoker.invokeTestMethod(TestInvoker.java:174)
	at org.testng.internal.MethodRunner.runInSequence(MethodRunner.java:46)
	at org.testng.internal.TestInvoker$MethodInvocationAgent.invoke(TestInvoker.java:822)
	at org.testng.internal.TestInvoker.invokeTestMethods(TestInvoker.java:147)
	at org.testng.internal.TestMethodWorker.invokeTestMethods(TestMethodWorker.java:146)
	at org.testng.internal.TestMethodWorker.run(TestMethodWorker.java:128)
	at java.base/java.util.concurrent.ThreadPoolExecutor.runWorker(ThreadPoolExecutor.java:1128)
	at java.base/java.util.concurrent.ThreadPoolExecutor$Worker.run(ThreadPoolExecutor.java:628)
	at java.base/java.lang.Thread.run(Thread.java:834)

2021-04-03 17:05:38,768 TestNG-test=Mortgage_Calculator-2 ERROR Could not create plugin of type class org.apache.logging.log4j.core.appender.FileAppender for element File: java.lang.IllegalStateException: ManagerFactory [org.apache.logging.log4j.core.appender.FileManager$FileManagerFactory@6f4b3b3a] unable to create manager for [logs/${ctx:threadName}.log] with data [org.apache.logging.log4j.core.appender.FileManager$FactoryData@5cb17b59] java.lang.IllegalStateException: ManagerFactory [org.apache.logging.log4j.core.appender.FileManager$FileManagerFactory@6f4b3b3a] unable to create manager for [logs/${ctx:threadName}.log] with data [org.apache.logging.log4j.core.appender.FileManager$FactoryData@5cb17b59]
	at org.apache.logging.log4j.core.appender.AbstractManager.getManager(AbstractManager.java:115)
	at org.apache.logging.log4j.core.appender.OutputStreamManager.getManager(OutputStreamManager.java:100)
	at org.apache.logging.log4j.core.appender.FileManager.getFileManager(FileManager.java:182)
	at org.apache.logging.log4j.core.appender.FileAppender$Builder.build(FileAppender.java:96)
	at org.apache.logging.log4j.core.appender.FileAppender$Builder.build(FileAppender.java:52)
	at org.apache.logging.log4j.core.config.plugins.util.PluginBuilder.build(PluginBuilder.java:122)
	at org.apache.logging.log4j.core.config.AbstractConfiguration.createPluginObject(AbstractConfiguration.java:1002)
	at org.apache.logging.log4j.core.config.AbstractConfiguration.createConfiguration(AbstractConfiguration.java:942)
	at org.apache.logging.log4j.core.appender.routing.RoutingAppender.createAppender(RoutingAppender.java:299)
	at org.apache.logging.log4j.core.appender.routing.RoutingAppender.getControl(RoutingAppender.java:271)
	at org.apache.logging.log4j.core.appender.routing.RoutingAppender.append(RoutingAppender.java:229)
	at org.apache.logging.log4j.core.config.AppenderControl.tryCallAppender(AppenderControl.java:156)
	at org.apache.logging.log4j.core.config.AppenderControl.callAppender0(AppenderControl.java:129)
	at org.apache.logging.log4j.core.config.AppenderControl.callAppenderPreventRecursion(AppenderControl.java:120)
	at org.apache.logging.log4j.core.config.AppenderControl.callAppender(AppenderControl.java:84)
	at org.apache.logging.log4j.core.config.LoggerConfig.callAppenders(LoggerConfig.java:543)
	at org.apache.logging.log4j.core.config.LoggerConfig.processLogEvent(LoggerConfig.java:502)
	at org.apache.logging.log4j.core.config.LoggerConfig.log(LoggerConfig.java:485)
	at org.apache.logging.log4j.core.config.LoggerConfig.log(LoggerConfig.java:460)
	at org.apache.logging.log4j.core.config.AwaitCompletionReliabilityStrategy.log(AwaitCompletionReliabilityStrategy.java:82)
	at org.apache.logging.log4j.core.Logger.log(Logger.java:161)
	at org.apache.logging.log4j.spi.AbstractLogger.tryLogMessage(AbstractLogger.java:2198)
	at org.apache.logging.log4j.spi.AbstractLogger.logMessageTrackRecursion(AbstractLogger.java:2152)
	at org.apache.logging.log4j.spi.AbstractLogger.logMessageSafely(AbstractLogger.java:2135)
	at org.apache.logging.log4j.spi.AbstractLogger.logMessage(AbstractLogger.java:2011)
	at org.apache.logging.log4j.spi.AbstractLogger.logIfEnabled(AbstractLogger.java:1983)
	at org.apache.logging.log4j.spi.AbstractLogger.debug(AbstractLogger.java:327)
	at page_objects.Home.typeStartYear(Home.java:74)
	at automation_test.mortgage_calculator.CalculateMonthlyPayment.calculateRate(CalculateMonthlyPayment.java:55)
	at java.base/jdk.internal.reflect.NativeMethodAccessorImpl.invoke0(Native Method)
	at java.base/jdk.internal.reflect.NativeMethodAccessorImpl.invoke(NativeMethodAccessorImpl.java:62)
	at java.base/jdk.internal.reflect.DelegatingMethodAccessorImpl.invoke(DelegatingMethodAccessorImpl.java:43)
	at java.base/java.lang.reflect.Method.invoke(Method.java:566)
	at org.testng.internal.MethodInvocationHelper.invokeMethod(MethodInvocationHelper.java:132)
	at org.testng.internal.TestInvoker.invokeMethod(TestInvoker.java:599)
	at org.testng.internal.TestInvoker.invokeTestMethod(TestInvoker.java:174)
	at org.testng.internal.MethodRunner.runInSequence(MethodRunner.java:46)
	at org.testng.internal.TestInvoker$MethodInvocationAgent.invoke(TestInvoker.java:822)
	at org.testng.internal.TestInvoker.invokeTestMethods(TestInvoker.java:147)
	at org.testng.internal.TestMethodWorker.invokeTestMethods(TestMethodWorker.java:146)
	at org.testng.internal.TestMethodWorker.run(TestMethodWorker.java:128)
	at java.base/java.util.concurrent.ThreadPoolExecutor.runWorker(ThreadPoolExecutor.java:1128)
	at java.base/java.util.concurrent.ThreadPoolExecutor$Worker.run(ThreadPoolExecutor.java:628)
	at java.base/java.lang.Thread.run(Thread.java:834)

2021-04-03 17:05:38,769 TestNG-test=Mortgage_Calculator-2 ERROR Unable to invoke factory method in class org.apache.logging.log4j.core.appender.FileAppender for element File: java.lang.IllegalStateException: No factory method found for class org.apache.logging.log4j.core.appender.FileAppender java.lang.IllegalStateException: No factory method found for class org.apache.logging.log4j.core.appender.FileAppender
	at org.apache.logging.log4j.core.config.plugins.util.PluginBuilder.findFactoryMethod(PluginBuilder.java:234)
	at org.apache.logging.log4j.core.config.plugins.util.PluginBuilder.build(PluginBuilder.java:134)
	at org.apache.logging.log4j.core.config.AbstractConfiguration.createPluginObject(AbstractConfiguration.java:1002)
	at org.apache.logging.log4j.core.config.AbstractConfiguration.createConfiguration(AbstractConfiguration.java:942)
	at org.apache.logging.log4j.core.appender.routing.RoutingAppender.createAppender(RoutingAppender.java:299)
	at org.apache.logging.log4j.core.appender.routing.RoutingAppender.getControl(RoutingAppender.java:271)
	at org.apache.logging.log4j.core.appender.routing.RoutingAppender.append(RoutingAppender.java:229)
	at org.apache.logging.log4j.core.config.AppenderControl.tryCallAppender(AppenderControl.java:156)
	at org.apache.logging.log4j.core.config.AppenderControl.callAppender0(AppenderControl.java:129)
	at org.apache.logging.log4j.core.config.AppenderControl.callAppenderPreventRecursion(AppenderControl.java:120)
	at org.apache.logging.log4j.core.config.AppenderControl.callAppender(AppenderControl.java:84)
	at org.apache.logging.log4j.core.config.LoggerConfig.callAppenders(LoggerConfig.java:543)
	at org.apache.logging.log4j.core.config.LoggerConfig.processLogEvent(LoggerConfig.java:502)
	at org.apache.logging.log4j.core.config.LoggerConfig.log(LoggerConfig.java:485)
	at org.apache.logging.log4j.core.config.LoggerConfig.log(LoggerConfig.java:460)
	at org.apache.logging.log4j.core.config.AwaitCompletionReliabilityStrategy.log(AwaitCompletionReliabilityStrategy.java:82)
	at org.apache.logging.log4j.core.Logger.log(Logger.java:161)
	at org.apache.logging.log4j.spi.AbstractLogger.tryLogMessage(AbstractLogger.java:2198)
	at org.apache.logging.log4j.spi.AbstractLogger.logMessageTrackRecursion(AbstractLogger.java:2152)
	at org.apache.logging.log4j.spi.AbstractLogger.logMessageSafely(AbstractLogger.java:2135)
	at org.apache.logging.log4j.spi.AbstractLogger.logMessage(AbstractLogger.java:2011)
	at org.apache.logging.log4j.spi.AbstractLogger.logIfEnabled(AbstractLogger.java:1983)
	at org.apache.logging.log4j.spi.AbstractLogger.debug(AbstractLogger.java:327)
	at page_objects.Home.typeStartYear(Home.java:74)
	at automation_test.mortgage_calculator.CalculateMonthlyPayment.calculateRate(CalculateMonthlyPayment.java:55)
	at java.base/jdk.internal.reflect.NativeMethodAccessorImpl.invoke0(Native Method)
	at java.base/jdk.internal.reflect.NativeMethodAccessorImpl.invoke(NativeMethodAccessorImpl.java:62)
	at java.base/jdk.internal.reflect.DelegatingMethodAccessorImpl.invoke(DelegatingMethodAccessorImpl.java:43)
	at java.base/java.lang.reflect.Method.invoke(Method.java:566)
	at org.testng.internal.MethodInvocationHelper.invokeMethod(MethodInvocationHelper.java:132)
	at org.testng.internal.TestInvoker.invokeMethod(TestInvoker.java:599)
	at org.testng.internal.TestInvoker.invokeTestMethod(TestInvoker.java:174)
	at org.testng.internal.MethodRunner.runInSequence(MethodRunner.java:46)
	at org.testng.internal.TestInvoker$MethodInvocationAgent.invoke(TestInvoker.java:822)
	at org.testng.internal.TestInvoker.invokeTestMethods(TestInvoker.java:147)
	at org.testng.internal.TestMethodWorker.invokeTestMethods(TestMethodWorker.java:146)
	at org.testng.internal.TestMethodWorker.run(TestMethodWorker.java:128)
	at java.base/java.util.concurrent.ThreadPoolExecutor.runWorker(ThreadPoolExecutor.java:1128)
	at java.base/java.util.concurrent.ThreadPoolExecutor$Worker.run(ThreadPoolExecutor.java:628)
	at java.base/java.lang.Thread.run(Thread.java:834)

2021-04-03 17:05:38,945 TestNG-test=Mortgage_Calculator-2 ERROR FileManager (logs/${ctx:threadName}.log) java.io.IOException: The filename, directory name, or volume label syntax is incorrect java.io.IOException: The filename, directory name, or volume label syntax is incorrect
	at java.base/java.io.WinNTFileSystem.canonicalize0(Native Method)
	at java.base/java.io.WinNTFileSystem.canonicalize(WinNTFileSystem.java:438)
	at java.base/java.io.File.getCanonicalPath(File.java:620)
	at java.base/java.io.File.getCanonicalFile(File.java:645)
	at org.apache.logging.log4j.core.util.FileUtils.makeParentDirs(FileUtils.java:133)
	at org.apache.logging.log4j.core.appender.FileManager$FileManagerFactory.createManager(FileManager.java:434)
	at org.apache.logging.log4j.core.appender.FileManager$FileManagerFactory.createManager(FileManager.java:422)
	at org.apache.logging.log4j.core.appender.AbstractManager.getManager(AbstractManager.java:113)
	at org.apache.logging.log4j.core.appender.OutputStreamManager.getManager(OutputStreamManager.java:100)
	at org.apache.logging.log4j.core.appender.FileManager.getFileManager(FileManager.java:182)
	at org.apache.logging.log4j.core.appender.FileAppender$Builder.build(FileAppender.java:96)
	at org.apache.logging.log4j.core.appender.FileAppender$Builder.build(FileAppender.java:52)
	at org.apache.logging.log4j.core.config.plugins.util.PluginBuilder.build(PluginBuilder.java:122)
	at org.apache.logging.log4j.core.config.AbstractConfiguration.createPluginObject(AbstractConfiguration.java:1002)
	at org.apache.logging.log4j.core.config.AbstractConfiguration.createConfiguration(AbstractConfiguration.java:942)
	at org.apache.logging.log4j.core.appender.routing.RoutingAppender.createAppender(RoutingAppender.java:299)
	at org.apache.logging.log4j.core.appender.routing.RoutingAppender.getControl(RoutingAppender.java:271)
	at org.apache.logging.log4j.core.appender.routing.RoutingAppender.append(RoutingAppender.java:229)
	at org.apache.logging.log4j.core.config.AppenderControl.tryCallAppender(AppenderControl.java:156)
	at org.apache.logging.log4j.core.config.AppenderControl.callAppender0(AppenderControl.java:129)
	at org.apache.logging.log4j.core.config.AppenderControl.callAppenderPreventRecursion(AppenderControl.java:120)
	at org.apache.logging.log4j.core.config.AppenderControl.callAppender(AppenderControl.java:84)
	at org.apache.logging.log4j.core.config.LoggerConfig.callAppenders(LoggerConfig.java:543)
	at org.apache.logging.log4j.core.config.LoggerConfig.processLogEvent(LoggerConfig.java:502)
	at org.apache.logging.log4j.core.config.LoggerConfig.log(LoggerConfig.java:485)
	at org.apache.logging.log4j.core.config.LoggerConfig.log(LoggerConfig.java:460)
	at org.apache.logging.log4j.core.config.AwaitCompletionReliabilityStrategy.log(AwaitCompletionReliabilityStrategy.java:82)
	at org.apache.logging.log4j.core.Logger.log(Logger.java:161)
	at org.apache.logging.log4j.spi.AbstractLogger.tryLogMessage(AbstractLogger.java:2198)
	at org.apache.logging.log4j.spi.AbstractLogger.logMessageTrackRecursion(AbstractLogger.java:2152)
	at org.apache.logging.log4j.spi.AbstractLogger.logMessageSafely(AbstractLogger.java:2135)
	at org.apache.logging.log4j.spi.AbstractLogger.logMessage(AbstractLogger.java:2011)
	at org.apache.logging.log4j.spi.AbstractLogger.logIfEnabled(AbstractLogger.java:1983)
	at org.apache.logging.log4j.spi.AbstractLogger.debug(AbstractLogger.java:327)
	at page_objects.Home.typePropertyTax(Home.java:79)
	at automation_test.mortgage_calculator.CalculateMonthlyPayment.calculateRate(CalculateMonthlyPayment.java:56)
	at java.base/jdk.internal.reflect.NativeMethodAccessorImpl.invoke0(Native Method)
	at java.base/jdk.internal.reflect.NativeMethodAccessorImpl.invoke(NativeMethodAccessorImpl.java:62)
	at java.base/jdk.internal.reflect.DelegatingMethodAccessorImpl.invoke(DelegatingMethodAccessorImpl.java:43)
	at java.base/java.lang.reflect.Method.invoke(Method.java:566)
	at org.testng.internal.MethodInvocationHelper.invokeMethod(MethodInvocationHelper.java:132)
	at org.testng.internal.TestInvoker.invokeMethod(TestInvoker.java:599)
	at org.testng.internal.TestInvoker.invokeTestMethod(TestInvoker.java:174)
	at org.testng.internal.MethodRunner.runInSequence(MethodRunner.java:46)
	at org.testng.internal.TestInvoker$MethodInvocationAgent.invoke(TestInvoker.java:822)
	at org.testng.internal.TestInvoker.invokeTestMethods(TestInvoker.java:147)
	at org.testng.internal.TestMethodWorker.invokeTestMethods(TestMethodWorker.java:146)
	at org.testng.internal.TestMethodWorker.run(TestMethodWorker.java:128)
	at java.base/java.util.concurrent.ThreadPoolExecutor.runWorker(ThreadPoolExecutor.java:1128)
	at java.base/java.util.concurrent.ThreadPoolExecutor$Worker.run(ThreadPoolExecutor.java:628)
	at java.base/java.lang.Thread.run(Thread.java:834)

2021-04-03 17:05:38,948 TestNG-test=Mortgage_Calculator-2 ERROR Could not create plugin of type class org.apache.logging.log4j.core.appender.FileAppender for element File: java.lang.IllegalStateException: ManagerFactory [org.apache.logging.log4j.core.appender.FileManager$FileManagerFactory@6f4b3b3a] unable to create manager for [logs/${ctx:threadName}.log] with data [org.apache.logging.log4j.core.appender.FileManager$FactoryData@4a9313d] java.lang.IllegalStateException: ManagerFactory [org.apache.logging.log4j.core.appender.FileManager$FileManagerFactory@6f4b3b3a] unable to create manager for [logs/${ctx:threadName}.log] with data [org.apache.logging.log4j.core.appender.FileManager$FactoryData@4a9313d]
	at org.apache.logging.log4j.core.appender.AbstractManager.getManager(AbstractManager.java:115)
	at org.apache.logging.log4j.core.appender.OutputStreamManager.getManager(OutputStreamManager.java:100)
	at org.apache.logging.log4j.core.appender.FileManager.getFileManager(FileManager.java:182)
	at org.apache.logging.log4j.core.appender.FileAppender$Builder.build(FileAppender.java:96)
	at org.apache.logging.log4j.core.appender.FileAppender$Builder.build(FileAppender.java:52)
	at org.apache.logging.log4j.core.config.plugins.util.PluginBuilder.build(PluginBuilder.java:122)
	at org.apache.logging.log4j.core.config.AbstractConfiguration.createPluginObject(AbstractConfiguration.java:1002)
	at org.apache.logging.log4j.core.config.AbstractConfiguration.createConfiguration(AbstractConfiguration.java:942)
	at org.apache.logging.log4j.core.appender.routing.RoutingAppender.createAppender(RoutingAppender.java:299)
	at org.apache.logging.log4j.core.appender.routing.RoutingAppender.getControl(RoutingAppender.java:271)
	at org.apache.logging.log4j.core.appender.routing.RoutingAppender.append(RoutingAppender.java:229)
	at org.apache.logging.log4j.core.config.AppenderControl.tryCallAppender(AppenderControl.java:156)
	at org.apache.logging.log4j.core.config.AppenderControl.callAppender0(AppenderControl.java:129)
	at org.apache.logging.log4j.core.config.AppenderControl.callAppenderPreventRecursion(AppenderControl.java:120)
	at org.apache.logging.log4j.core.config.AppenderControl.callAppender(AppenderControl.java:84)
	at org.apache.logging.log4j.core.config.LoggerConfig.callAppenders(LoggerConfig.java:543)
	at org.apache.logging.log4j.core.config.LoggerConfig.processLogEvent(LoggerConfig.java:502)
	at org.apache.logging.log4j.core.config.LoggerConfig.log(LoggerConfig.java:485)
	at org.apache.logging.log4j.core.config.LoggerConfig.log(LoggerConfig.java:460)
	at org.apache.logging.log4j.core.config.AwaitCompletionReliabilityStrategy.log(AwaitCompletionReliabilityStrategy.java:82)
	at org.apache.logging.log4j.core.Logger.log(Logger.java:161)
	at org.apache.logging.log4j.spi.AbstractLogger.tryLogMessage(AbstractLogger.java:2198)
	at org.apache.logging.log4j.spi.AbstractLogger.logMessageTrackRecursion(AbstractLogger.java:2152)
	at org.apache.logging.log4j.spi.AbstractLogger.logMessageSafely(AbstractLogger.java:2135)
	at org.apache.logging.log4j.spi.AbstractLogger.logMessage(AbstractLogger.java:2011)
	at org.apache.logging.log4j.spi.AbstractLogger.logIfEnabled(AbstractLogger.java:1983)
	at org.apache.logging.log4j.spi.AbstractLogger.debug(AbstractLogger.java:327)
	at page_objects.Home.typePropertyTax(Home.java:79)
	at automation_test.mortgage_calculator.CalculateMonthlyPayment.calculateRate(CalculateMonthlyPayment.java:56)
	at java.base/jdk.internal.reflect.NativeMethodAccessorImpl.invoke0(Native Method)
	at java.base/jdk.internal.reflect.NativeMethodAccessorImpl.invoke(NativeMethodAccessorImpl.java:62)
	at java.base/jdk.internal.reflect.DelegatingMethodAccessorImpl.invoke(DelegatingMethodAccessorImpl.java:43)
	at java.base/java.lang.reflect.Method.invoke(Method.java:566)
	at org.testng.internal.MethodInvocationHelper.invokeMethod(MethodInvocationHelper.java:132)
	at org.testng.internal.TestInvoker.invokeMethod(TestInvoker.java:599)
	at org.testng.internal.TestInvoker.invokeTestMethod(TestInvoker.java:174)
	at org.testng.internal.MethodRunner.runInSequence(MethodRunner.java:46)
	at org.testng.internal.TestInvoker$MethodInvocationAgent.invoke(TestInvoker.java:822)
	at org.testng.internal.TestInvoker.invokeTestMethods(TestInvoker.java:147)
	at org.testng.internal.TestMethodWorker.invokeTestMethods(TestMethodWorker.java:146)
	at org.testng.internal.TestMethodWorker.run(TestMethodWorker.java:128)
	at java.base/java.util.concurrent.ThreadPoolExecutor.runWorker(ThreadPoolExecutor.java:1128)
	at java.base/java.util.concurrent.ThreadPoolExecutor$Worker.run(ThreadPoolExecutor.java:628)
	at java.base/java.lang.Thread.run(Thread.java:834)

2021-04-03 17:05:38,949 TestNG-test=Mortgage_Calculator-2 ERROR Unable to invoke factory method in class org.apache.logging.log4j.core.appender.FileAppender for element File: java.lang.IllegalStateException: No factory method found for class org.apache.logging.log4j.core.appender.FileAppender java.lang.IllegalStateException: No factory method found for class org.apache.logging.log4j.core.appender.FileAppender
	at org.apache.logging.log4j.core.config.plugins.util.PluginBuilder.findFactoryMethod(PluginBuilder.java:234)
	at org.apache.logging.log4j.core.config.plugins.util.PluginBuilder.build(PluginBuilder.java:134)
	at org.apache.logging.log4j.core.config.AbstractConfiguration.createPluginObject(AbstractConfiguration.java:1002)
	at org.apache.logging.log4j.core.config.AbstractConfiguration.createConfiguration(AbstractConfiguration.java:942)
	at org.apache.logging.log4j.core.appender.routing.RoutingAppender.createAppender(RoutingAppender.java:299)
	at org.apache.logging.log4j.core.appender.routing.RoutingAppender.getControl(RoutingAppender.java:271)
	at org.apache.logging.log4j.core.appender.routing.RoutingAppender.append(RoutingAppender.java:229)
	at org.apache.logging.log4j.core.config.AppenderControl.tryCallAppender(AppenderControl.java:156)
	at org.apache.logging.log4j.core.config.AppenderControl.callAppender0(AppenderControl.java:129)
	at org.apache.logging.log4j.core.config.AppenderControl.callAppenderPreventRecursion(AppenderControl.java:120)
	at org.apache.logging.log4j.core.config.AppenderControl.callAppender(AppenderControl.java:84)
	at org.apache.logging.log4j.core.config.LoggerConfig.callAppenders(LoggerConfig.java:543)
	at org.apache.logging.log4j.core.config.LoggerConfig.processLogEvent(LoggerConfig.java:502)
	at org.apache.logging.log4j.core.config.LoggerConfig.log(LoggerConfig.java:485)
	at org.apache.logging.log4j.core.config.LoggerConfig.log(LoggerConfig.java:460)
	at org.apache.logging.log4j.core.config.AwaitCompletionReliabilityStrategy.log(AwaitCompletionReliabilityStrategy.java:82)
	at org.apache.logging.log4j.core.Logger.log(Logger.java:161)
	at org.apache.logging.log4j.spi.AbstractLogger.tryLogMessage(AbstractLogger.java:2198)
	at org.apache.logging.log4j.spi.AbstractLogger.logMessageTrackRecursion(AbstractLogger.java:2152)
	at org.apache.logging.log4j.spi.AbstractLogger.logMessageSafely(AbstractLogger.java:2135)
	at org.apache.logging.log4j.spi.AbstractLogger.logMessage(AbstractLogger.java:2011)
	at org.apache.logging.log4j.spi.AbstractLogger.logIfEnabled(AbstractLogger.java:1983)
	at org.apache.logging.log4j.spi.AbstractLogger.debug(AbstractLogger.java:327)
	at page_objects.Home.typePropertyTax(Home.java:79)
	at automation_test.mortgage_calculator.CalculateMonthlyPayment.calculateRate(CalculateMonthlyPayment.java:56)
	at java.base/jdk.internal.reflect.NativeMethodAccessorImpl.invoke0(Native Method)
	at java.base/jdk.internal.reflect.NativeMethodAccessorImpl.invoke(NativeMethodAccessorImpl.java:62)
	at java.base/jdk.internal.reflect.DelegatingMethodAccessorImpl.invoke(DelegatingMethodAccessorImpl.java:43)
	at java.base/java.lang.reflect.Method.invoke(Method.java:566)
	at org.testng.internal.MethodInvocationHelper.invokeMethod(MethodInvocationHelper.java:132)
	at org.testng.internal.TestInvoker.invokeMethod(TestInvoker.java:599)
	at org.testng.internal.TestInvoker.invokeTestMethod(TestInvoker.java:174)
	at org.testng.internal.MethodRunner.runInSequence(MethodRunner.java:46)
	at org.testng.internal.TestInvoker$MethodInvocationAgent.invoke(TestInvoker.java:822)
	at org.testng.internal.TestInvoker.invokeTestMethods(TestInvoker.java:147)
	at org.testng.internal.TestMethodWorker.invokeTestMethods(TestMethodWorker.java:146)
	at org.testng.internal.TestMethodWorker.run(TestMethodWorker.java:128)
	at java.base/java.util.concurrent.ThreadPoolExecutor.runWorker(ThreadPoolExecutor.java:1128)
	at java.base/java.util.concurrent.ThreadPoolExecutor$Worker.run(ThreadPoolExecutor.java:628)
	at java.base/java.lang.Thread.run(Thread.java:834)

2021-04-03 17:05:39,109 TestNG-test=Mortgage_Calculator-2 ERROR FileManager (logs/${ctx:threadName}.log) java.io.IOException: The filename, directory name, or volume label syntax is incorrect java.io.IOException: The filename, directory name, or volume label syntax is incorrect
	at java.base/java.io.WinNTFileSystem.canonicalize0(Native Method)
	at java.base/java.io.WinNTFileSystem.canonicalize(WinNTFileSystem.java:438)
	at java.base/java.io.File.getCanonicalPath(File.java:620)
	at java.base/java.io.File.getCanonicalFile(File.java:645)
	at org.apache.logging.log4j.core.util.FileUtils.makeParentDirs(FileUtils.java:133)
	at org.apache.logging.log4j.core.appender.FileManager$FileManagerFactory.createManager(FileManager.java:434)
	at org.apache.logging.log4j.core.appender.FileManager$FileManagerFactory.createManager(FileManager.java:422)
	at org.apache.logging.log4j.core.appender.AbstractManager.getManager(AbstractManager.java:113)
	at org.apache.logging.log4j.core.appender.OutputStreamManager.getManager(OutputStreamManager.java:100)
	at org.apache.logging.log4j.core.appender.FileManager.getFileManager(FileManager.java:182)
	at org.apache.logging.log4j.core.appender.FileAppender$Builder.build(FileAppender.java:96)
	at org.apache.logging.log4j.core.appender.FileAppender$Builder.build(FileAppender.java:52)
	at org.apache.logging.log4j.core.config.plugins.util.PluginBuilder.build(PluginBuilder.java:122)
	at org.apache.logging.log4j.core.config.AbstractConfiguration.createPluginObject(AbstractConfiguration.java:1002)
	at org.apache.logging.log4j.core.config.AbstractConfiguration.createConfiguration(AbstractConfiguration.java:942)
	at org.apache.logging.log4j.core.appender.routing.RoutingAppender.createAppender(RoutingAppender.java:299)
	at org.apache.logging.log4j.core.appender.routing.RoutingAppender.getControl(RoutingAppender.java:271)
	at org.apache.logging.log4j.core.appender.routing.RoutingAppender.append(RoutingAppender.java:229)
	at org.apache.logging.log4j.core.config.AppenderControl.tryCallAppender(AppenderControl.java:156)
	at org.apache.logging.log4j.core.config.AppenderControl.callAppender0(AppenderControl.java:129)
	at org.apache.logging.log4j.core.config.AppenderControl.callAppenderPreventRecursion(AppenderControl.java:120)
	at org.apache.logging.log4j.core.config.AppenderControl.callAppender(AppenderControl.java:84)
	at org.apache.logging.log4j.core.config.LoggerConfig.callAppenders(LoggerConfig.java:543)
	at org.apache.logging.log4j.core.config.LoggerConfig.processLogEvent(LoggerConfig.java:502)
	at org.apache.logging.log4j.core.config.LoggerConfig.log(LoggerConfig.java:485)
	at org.apache.logging.log4j.core.config.LoggerConfig.log(LoggerConfig.java:460)
	at org.apache.logging.log4j.core.config.AwaitCompletionReliabilityStrategy.log(AwaitCompletionReliabilityStrategy.java:82)
	at org.apache.logging.log4j.core.Logger.log(Logger.java:161)
	at org.apache.logging.log4j.spi.AbstractLogger.tryLogMessage(AbstractLogger.java:2198)
	at org.apache.logging.log4j.spi.AbstractLogger.logMessageTrackRecursion(AbstractLogger.java:2152)
	at org.apache.logging.log4j.spi.AbstractLogger.logMessageSafely(AbstractLogger.java:2135)
	at org.apache.logging.log4j.spi.AbstractLogger.logMessage(AbstractLogger.java:2011)
	at org.apache.logging.log4j.spi.AbstractLogger.logIfEnabled(AbstractLogger.java:1983)
	at org.apache.logging.log4j.spi.AbstractLogger.debug(AbstractLogger.java:327)
	at page_objects.Home.typePMI(Home.java:84)
	at automation_test.mortgage_calculator.CalculateMonthlyPayment.calculateRate(CalculateMonthlyPayment.java:57)
	at java.base/jdk.internal.reflect.NativeMethodAccessorImpl.invoke0(Native Method)
	at java.base/jdk.internal.reflect.NativeMethodAccessorImpl.invoke(NativeMethodAccessorImpl.java:62)
	at java.base/jdk.internal.reflect.DelegatingMethodAccessorImpl.invoke(DelegatingMethodAccessorImpl.java:43)
	at java.base/java.lang.reflect.Method.invoke(Method.java:566)
	at org.testng.internal.MethodInvocationHelper.invokeMethod(MethodInvocationHelper.java:132)
	at org.testng.internal.TestInvoker.invokeMethod(TestInvoker.java:599)
	at org.testng.internal.TestInvoker.invokeTestMethod(TestInvoker.java:174)
	at org.testng.internal.MethodRunner.runInSequence(MethodRunner.java:46)
	at org.testng.internal.TestInvoker$MethodInvocationAgent.invoke(TestInvoker.java:822)
	at org.testng.internal.TestInvoker.invokeTestMethods(TestInvoker.java:147)
	at org.testng.internal.TestMethodWorker.invokeTestMethods(TestMethodWorker.java:146)
	at org.testng.internal.TestMethodWorker.run(TestMethodWorker.java:128)
	at java.base/java.util.concurrent.ThreadPoolExecutor.runWorker(ThreadPoolExecutor.java:1128)
	at java.base/java.util.concurrent.ThreadPoolExecutor$Worker.run(ThreadPoolExecutor.java:628)
	at java.base/java.lang.Thread.run(Thread.java:834)

2021-04-03 17:05:39,110 TestNG-test=Mortgage_Calculator-2 ERROR Could not create plugin of type class org.apache.logging.log4j.core.appender.FileAppender for element File: java.lang.IllegalStateException: ManagerFactory [org.apache.logging.log4j.core.appender.FileManager$FileManagerFactory@6f4b3b3a] unable to create manager for [logs/${ctx:threadName}.log] with data [org.apache.logging.log4j.core.appender.FileManager$FactoryData@256f34a3] java.lang.IllegalStateException: ManagerFactory [org.apache.logging.log4j.core.appender.FileManager$FileManagerFactory@6f4b3b3a] unable to create manager for [logs/${ctx:threadName}.log] with data [org.apache.logging.log4j.core.appender.FileManager$FactoryData@256f34a3]
	at org.apache.logging.log4j.core.appender.AbstractManager.getManager(AbstractManager.java:115)
	at org.apache.logging.log4j.core.appender.OutputStreamManager.getManager(OutputStreamManager.java:100)
	at org.apache.logging.log4j.core.appender.FileManager.getFileManager(FileManager.java:182)
	at org.apache.logging.log4j.core.appender.FileAppender$Builder.build(FileAppender.java:96)
	at org.apache.logging.log4j.core.appender.FileAppender$Builder.build(FileAppender.java:52)
	at org.apache.logging.log4j.core.config.plugins.util.PluginBuilder.build(PluginBuilder.java:122)
	at org.apache.logging.log4j.core.config.AbstractConfiguration.createPluginObject(AbstractConfiguration.java:1002)
	at org.apache.logging.log4j.core.config.AbstractConfiguration.createConfiguration(AbstractConfiguration.java:942)
	at org.apache.logging.log4j.core.appender.routing.RoutingAppender.createAppender(RoutingAppender.java:299)
	at org.apache.logging.log4j.core.appender.routing.RoutingAppender.getControl(RoutingAppender.java:271)
	at org.apache.logging.log4j.core.appender.routing.RoutingAppender.append(RoutingAppender.java:229)
	at org.apache.logging.log4j.core.config.AppenderControl.tryCallAppender(AppenderControl.java:156)
	at org.apache.logging.log4j.core.config.AppenderControl.callAppender0(AppenderControl.java:129)
	at org.apache.logging.log4j.core.config.AppenderControl.callAppenderPreventRecursion(AppenderControl.java:120)
	at org.apache.logging.log4j.core.config.AppenderControl.callAppender(AppenderControl.java:84)
	at org.apache.logging.log4j.core.config.LoggerConfig.callAppenders(LoggerConfig.java:543)
	at org.apache.logging.log4j.core.config.LoggerConfig.processLogEvent(LoggerConfig.java:502)
	at org.apache.logging.log4j.core.config.LoggerConfig.log(LoggerConfig.java:485)
	at org.apache.logging.log4j.core.config.LoggerConfig.log(LoggerConfig.java:460)
	at org.apache.logging.log4j.core.config.AwaitCompletionReliabilityStrategy.log(AwaitCompletionReliabilityStrategy.java:82)
	at org.apache.logging.log4j.core.Logger.log(Logger.java:161)
	at org.apache.logging.log4j.spi.AbstractLogger.tryLogMessage(AbstractLogger.java:2198)
	at org.apache.logging.log4j.spi.AbstractLogger.logMessageTrackRecursion(AbstractLogger.java:2152)
	at org.apache.logging.log4j.spi.AbstractLogger.logMessageSafely(AbstractLogger.java:2135)
	at org.apache.logging.log4j.spi.AbstractLogger.logMessage(AbstractLogger.java:2011)
	at org.apache.logging.log4j.spi.AbstractLogger.logIfEnabled(AbstractLogger.java:1983)
	at org.apache.logging.log4j.spi.AbstractLogger.debug(AbstractLogger.java:327)
	at page_objects.Home.typePMI(Home.java:84)
	at automation_test.mortgage_calculator.CalculateMonthlyPayment.calculateRate(CalculateMonthlyPayment.java:57)
	at java.base/jdk.internal.reflect.NativeMethodAccessorImpl.invoke0(Native Method)
	at java.base/jdk.internal.reflect.NativeMethodAccessorImpl.invoke(NativeMethodAccessorImpl.java:62)
	at java.base/jdk.internal.reflect.DelegatingMethodAccessorImpl.invoke(DelegatingMethodAccessorImpl.java:43)
	at java.base/java.lang.reflect.Method.invoke(Method.java:566)
	at org.testng.internal.MethodInvocationHelper.invokeMethod(MethodInvocationHelper.java:132)
	at org.testng.internal.TestInvoker.invokeMethod(TestInvoker.java:599)
	at org.testng.internal.TestInvoker.invokeTestMethod(TestInvoker.java:174)
	at org.testng.internal.MethodRunner.runInSequence(MethodRunner.java:46)
	at org.testng.internal.TestInvoker$MethodInvocationAgent.invoke(TestInvoker.java:822)
	at org.testng.internal.TestInvoker.invokeTestMethods(TestInvoker.java:147)
	at org.testng.internal.TestMethodWorker.invokeTestMethods(TestMethodWorker.java:146)
	at org.testng.internal.TestMethodWorker.run(TestMethodWorker.java:128)
	at java.base/java.util.concurrent.ThreadPoolExecutor.runWorker(ThreadPoolExecutor.java:1128)
	at java.base/java.util.concurrent.ThreadPoolExecutor$Worker.run(ThreadPoolExecutor.java:628)
	at java.base/java.lang.Thread.run(Thread.java:834)

2021-04-03 17:05:39,112 TestNG-test=Mortgage_Calculator-2 ERROR Unable to invoke factory method in class org.apache.logging.log4j.core.appender.FileAppender for element File: java.lang.IllegalStateException: No factory method found for class org.apache.logging.log4j.core.appender.FileAppender java.lang.IllegalStateException: No factory method found for class org.apache.logging.log4j.core.appender.FileAppender
	at org.apache.logging.log4j.core.config.plugins.util.PluginBuilder.findFactoryMethod(PluginBuilder.java:234)
	at org.apache.logging.log4j.core.config.plugins.util.PluginBuilder.build(PluginBuilder.java:134)
	at org.apache.logging.log4j.core.config.AbstractConfiguration.createPluginObject(AbstractConfiguration.java:1002)
	at org.apache.logging.log4j.core.config.AbstractConfiguration.createConfiguration(AbstractConfiguration.java:942)
	at org.apache.logging.log4j.core.appender.routing.RoutingAppender.createAppender(RoutingAppender.java:299)
	at org.apache.logging.log4j.core.appender.routing.RoutingAppender.getControl(RoutingAppender.java:271)
	at org.apache.logging.log4j.core.appender.routing.RoutingAppender.append(RoutingAppender.java:229)
	at org.apache.logging.log4j.core.config.AppenderControl.tryCallAppender(AppenderControl.java:156)
	at org.apache.logging.log4j.core.config.AppenderControl.callAppender0(AppenderControl.java:129)
	at org.apache.logging.log4j.core.config.AppenderControl.callAppenderPreventRecursion(AppenderControl.java:120)
	at org.apache.logging.log4j.core.config.AppenderControl.callAppender(AppenderControl.java:84)
	at org.apache.logging.log4j.core.config.LoggerConfig.callAppenders(LoggerConfig.java:543)
	at org.apache.logging.log4j.core.config.LoggerConfig.processLogEvent(LoggerConfig.java:502)
	at org.apache.logging.log4j.core.config.LoggerConfig.log(LoggerConfig.java:485)
	at org.apache.logging.log4j.core.config.LoggerConfig.log(LoggerConfig.java:460)
	at org.apache.logging.log4j.core.config.AwaitCompletionReliabilityStrategy.log(AwaitCompletionReliabilityStrategy.java:82)
	at org.apache.logging.log4j.core.Logger.log(Logger.java:161)
	at org.apache.logging.log4j.spi.AbstractLogger.tryLogMessage(AbstractLogger.java:2198)
	at org.apache.logging.log4j.spi.AbstractLogger.logMessageTrackRecursion(AbstractLogger.java:2152)
	at org.apache.logging.log4j.spi.AbstractLogger.logMessageSafely(AbstractLogger.java:2135)
	at org.apache.logging.log4j.spi.AbstractLogger.logMessage(AbstractLogger.java:2011)
	at org.apache.logging.log4j.spi.AbstractLogger.logIfEnabled(AbstractLogger.java:1983)
	at org.apache.logging.log4j.spi.AbstractLogger.debug(AbstractLogger.java:327)
	at page_objects.Home.typePMI(Home.java:84)
	at automation_test.mortgage_calculator.CalculateMonthlyPayment.calculateRate(CalculateMonthlyPayment.java:57)
	at java.base/jdk.internal.reflect.NativeMethodAccessorImpl.invoke0(Native Method)
	at java.base/jdk.internal.reflect.NativeMethodAccessorImpl.invoke(NativeMethodAccessorImpl.java:62)
	at java.base/jdk.internal.reflect.DelegatingMethodAccessorImpl.invoke(DelegatingMethodAccessorImpl.java:43)
	at java.base/java.lang.reflect.Method.invoke(Method.java:566)
	at org.testng.internal.MethodInvocationHelper.invokeMethod(MethodInvocationHelper.java:132)
	at org.testng.internal.TestInvoker.invokeMethod(TestInvoker.java:599)
	at org.testng.internal.TestInvoker.invokeTestMethod(TestInvoker.java:174)
	at org.testng.internal.MethodRunner.runInSequence(MethodRunner.java:46)
	at org.testng.internal.TestInvoker$MethodInvocationAgent.invoke(TestInvoker.java:822)
	at org.testng.internal.TestInvoker.invokeTestMethods(TestInvoker.java:147)
	at org.testng.internal.TestMethodWorker.invokeTestMethods(TestMethodWorker.java:146)
	at org.testng.internal.TestMethodWorker.run(TestMethodWorker.java:128)
	at java.base/java.util.concurrent.ThreadPoolExecutor.runWorker(ThreadPoolExecutor.java:1128)
	at java.base/java.util.concurrent.ThreadPoolExecutor$Worker.run(ThreadPoolExecutor.java:628)
	at java.base/java.lang.Thread.run(Thread.java:834)

2021-04-03 17:05:39,301 TestNG-test=Mortgage_Calculator-2 ERROR FileManager (logs/${ctx:threadName}.log) java.io.IOException: The filename, directory name, or volume label syntax is incorrect java.io.IOException: The filename, directory name, or volume label syntax is incorrect
	at java.base/java.io.WinNTFileSystem.canonicalize0(Native Method)
	at java.base/java.io.WinNTFileSystem.canonicalize(WinNTFileSystem.java:438)
	at java.base/java.io.File.getCanonicalPath(File.java:620)
	at java.base/java.io.File.getCanonicalFile(File.java:645)
	at org.apache.logging.log4j.core.util.FileUtils.makeParentDirs(FileUtils.java:133)
	at org.apache.logging.log4j.core.appender.FileManager$FileManagerFactory.createManager(FileManager.java:434)
	at org.apache.logging.log4j.core.appender.FileManager$FileManagerFactory.createManager(FileManager.java:422)
	at org.apache.logging.log4j.core.appender.AbstractManager.getManager(AbstractManager.java:113)
	at org.apache.logging.log4j.core.appender.OutputStreamManager.getManager(OutputStreamManager.java:100)
	at org.apache.logging.log4j.core.appender.FileManager.getFileManager(FileManager.java:182)
	at org.apache.logging.log4j.core.appender.FileAppender$Builder.build(FileAppender.java:96)
	at org.apache.logging.log4j.core.appender.FileAppender$Builder.build(FileAppender.java:52)
	at org.apache.logging.log4j.core.config.plugins.util.PluginBuilder.build(PluginBuilder.java:122)
	at org.apache.logging.log4j.core.config.AbstractConfiguration.createPluginObject(AbstractConfiguration.java:1002)
	at org.apache.logging.log4j.core.config.AbstractConfiguration.createConfiguration(AbstractConfiguration.java:942)
	at org.apache.logging.log4j.core.appender.routing.RoutingAppender.createAppender(RoutingAppender.java:299)
	at org.apache.logging.log4j.core.appender.routing.RoutingAppender.getControl(RoutingAppender.java:271)
	at org.apache.logging.log4j.core.appender.routing.RoutingAppender.append(RoutingAppender.java:229)
	at org.apache.logging.log4j.core.config.AppenderControl.tryCallAppender(AppenderControl.java:156)
	at org.apache.logging.log4j.core.config.AppenderControl.callAppender0(AppenderControl.java:129)
	at org.apache.logging.log4j.core.config.AppenderControl.callAppenderPreventRecursion(AppenderControl.java:120)
	at org.apache.logging.log4j.core.config.AppenderControl.callAppender(AppenderControl.java:84)
	at org.apache.logging.log4j.core.config.LoggerConfig.callAppenders(LoggerConfig.java:543)
	at org.apache.logging.log4j.core.config.LoggerConfig.processLogEvent(LoggerConfig.java:502)
	at org.apache.logging.log4j.core.config.LoggerConfig.log(LoggerConfig.java:485)
	at org.apache.logging.log4j.core.config.LoggerConfig.log(LoggerConfig.java:460)
	at org.apache.logging.log4j.core.config.AwaitCompletionReliabilityStrategy.log(AwaitCompletionReliabilityStrategy.java:82)
	at org.apache.logging.log4j.core.Logger.log(Logger.java:161)
	at org.apache.logging.log4j.spi.AbstractLogger.tryLogMessage(AbstractLogger.java:2198)
	at org.apache.logging.log4j.spi.AbstractLogger.logMessageTrackRecursion(AbstractLogger.java:2152)
	at org.apache.logging.log4j.spi.AbstractLogger.logMessageSafely(AbstractLogger.java:2135)
	at org.apache.logging.log4j.spi.AbstractLogger.logMessage(AbstractLogger.java:2011)
	at org.apache.logging.log4j.spi.AbstractLogger.logIfEnabled(AbstractLogger.java:1983)
	at org.apache.logging.log4j.spi.AbstractLogger.debug(AbstractLogger.java:327)
	at page_objects.Home.typeHOI(Home.java:89)
	at automation_test.mortgage_calculator.CalculateMonthlyPayment.calculateRate(CalculateMonthlyPayment.java:58)
	at java.base/jdk.internal.reflect.NativeMethodAccessorImpl.invoke0(Native Method)
	at java.base/jdk.internal.reflect.NativeMethodAccessorImpl.invoke(NativeMethodAccessorImpl.java:62)
	at java.base/jdk.internal.reflect.DelegatingMethodAccessorImpl.invoke(DelegatingMethodAccessorImpl.java:43)
	at java.base/java.lang.reflect.Method.invoke(Method.java:566)
	at org.testng.internal.MethodInvocationHelper.invokeMethod(MethodInvocationHelper.java:132)
	at org.testng.internal.TestInvoker.invokeMethod(TestInvoker.java:599)
	at org.testng.internal.TestInvoker.invokeTestMethod(TestInvoker.java:174)
	at org.testng.internal.MethodRunner.runInSequence(MethodRunner.java:46)
	at org.testng.internal.TestInvoker$MethodInvocationAgent.invoke(TestInvoker.java:822)
	at org.testng.internal.TestInvoker.invokeTestMethods(TestInvoker.java:147)
	at org.testng.internal.TestMethodWorker.invokeTestMethods(TestMethodWorker.java:146)
	at org.testng.internal.TestMethodWorker.run(TestMethodWorker.java:128)
	at java.base/java.util.concurrent.ThreadPoolExecutor.runWorker(ThreadPoolExecutor.java:1128)
	at java.base/java.util.concurrent.ThreadPoolExecutor$Worker.run(ThreadPoolExecutor.java:628)
	at java.base/java.lang.Thread.run(Thread.java:834)

2021-04-03 17:05:39,302 TestNG-test=Mortgage_Calculator-2 ERROR Could not create plugin of type class org.apache.logging.log4j.core.appender.FileAppender for element File: java.lang.IllegalStateException: ManagerFactory [org.apache.logging.log4j.core.appender.FileManager$FileManagerFactory@6f4b3b3a] unable to create manager for [logs/${ctx:threadName}.log] with data [org.apache.logging.log4j.core.appender.FileManager$FactoryData@7bcabda4] java.lang.IllegalStateException: ManagerFactory [org.apache.logging.log4j.core.appender.FileManager$FileManagerFactory@6f4b3b3a] unable to create manager for [logs/${ctx:threadName}.log] with data [org.apache.logging.log4j.core.appender.FileManager$FactoryData@7bcabda4]
	at org.apache.logging.log4j.core.appender.AbstractManager.getManager(AbstractManager.java:115)
	at org.apache.logging.log4j.core.appender.OutputStreamManager.getManager(OutputStreamManager.java:100)
	at org.apache.logging.log4j.core.appender.FileManager.getFileManager(FileManager.java:182)
	at org.apache.logging.log4j.core.appender.FileAppender$Builder.build(FileAppender.java:96)
	at org.apache.logging.log4j.core.appender.FileAppender$Builder.build(FileAppender.java:52)
	at org.apache.logging.log4j.core.config.plugins.util.PluginBuilder.build(PluginBuilder.java:122)
	at org.apache.logging.log4j.core.config.AbstractConfiguration.createPluginObject(AbstractConfiguration.java:1002)
	at org.apache.logging.log4j.core.config.AbstractConfiguration.createConfiguration(AbstractConfiguration.java:942)
	at org.apache.logging.log4j.core.appender.routing.RoutingAppender.createAppender(RoutingAppender.java:299)
	at org.apache.logging.log4j.core.appender.routing.RoutingAppender.getControl(RoutingAppender.java:271)
	at org.apache.logging.log4j.core.appender.routing.RoutingAppender.append(RoutingAppender.java:229)
	at org.apache.logging.log4j.core.config.AppenderControl.tryCallAppender(AppenderControl.java:156)
	at org.apache.logging.log4j.core.config.AppenderControl.callAppender0(AppenderControl.java:129)
	at org.apache.logging.log4j.core.config.AppenderControl.callAppenderPreventRecursion(AppenderControl.java:120)
	at org.apache.logging.log4j.core.config.AppenderControl.callAppender(AppenderControl.java:84)
	at org.apache.logging.log4j.core.config.LoggerConfig.callAppenders(LoggerConfig.java:543)
	at org.apache.logging.log4j.core.config.LoggerConfig.processLogEvent(LoggerConfig.java:502)
	at org.apache.logging.log4j.core.config.LoggerConfig.log(LoggerConfig.java:485)
	at org.apache.logging.log4j.core.config.LoggerConfig.log(LoggerConfig.java:460)
	at org.apache.logging.log4j.core.config.AwaitCompletionReliabilityStrategy.log(AwaitCompletionReliabilityStrategy.java:82)
	at org.apache.logging.log4j.core.Logger.log(Logger.java:161)
	at org.apache.logging.log4j.spi.AbstractLogger.tryLogMessage(AbstractLogger.java:2198)
	at org.apache.logging.log4j.spi.AbstractLogger.logMessageTrackRecursion(AbstractLogger.java:2152)
	at org.apache.logging.log4j.spi.AbstractLogger.logMessageSafely(AbstractLogger.java:2135)
	at org.apache.logging.log4j.spi.AbstractLogger.logMessage(AbstractLogger.java:2011)
	at org.apache.logging.log4j.spi.AbstractLogger.logIfEnabled(AbstractLogger.java:1983)
	at org.apache.logging.log4j.spi.AbstractLogger.debug(AbstractLogger.java:327)
	at page_objects.Home.typeHOI(Home.java:89)
	at automation_test.mortgage_calculator.CalculateMonthlyPayment.calculateRate(CalculateMonthlyPayment.java:58)
	at java.base/jdk.internal.reflect.NativeMethodAccessorImpl.invoke0(Native Method)
	at java.base/jdk.internal.reflect.NativeMethodAccessorImpl.invoke(NativeMethodAccessorImpl.java:62)
	at java.base/jdk.internal.reflect.DelegatingMethodAccessorImpl.invoke(DelegatingMethodAccessorImpl.java:43)
	at java.base/java.lang.reflect.Method.invoke(Method.java:566)
	at org.testng.internal.MethodInvocationHelper.invokeMethod(MethodInvocationHelper.java:132)
	at org.testng.internal.TestInvoker.invokeMethod(TestInvoker.java:599)
	at org.testng.internal.TestInvoker.invokeTestMethod(TestInvoker.java:174)
	at org.testng.internal.MethodRunner.runInSequence(MethodRunner.java:46)
	at org.testng.internal.TestInvoker$MethodInvocationAgent.invoke(TestInvoker.java:822)
	at org.testng.internal.TestInvoker.invokeTestMethods(TestInvoker.java:147)
	at org.testng.internal.TestMethodWorker.invokeTestMethods(TestMethodWorker.java:146)
	at org.testng.internal.TestMethodWorker.run(TestMethodWorker.java:128)
	at java.base/java.util.concurrent.ThreadPoolExecutor.runWorker(ThreadPoolExecutor.java:1128)
	at java.base/java.util.concurrent.ThreadPoolExecutor$Worker.run(ThreadPoolExecutor.java:628)
	at java.base/java.lang.Thread.run(Thread.java:834)

2021-04-03 17:05:39,304 TestNG-test=Mortgage_Calculator-2 ERROR Unable to invoke factory method in class org.apache.logging.log4j.core.appender.FileAppender for element File: java.lang.IllegalStateException: No factory method found for class org.apache.logging.log4j.core.appender.FileAppender java.lang.IllegalStateException: No factory method found for class org.apache.logging.log4j.core.appender.FileAppender
	at org.apache.logging.log4j.core.config.plugins.util.PluginBuilder.findFactoryMethod(PluginBuilder.java:234)
	at org.apache.logging.log4j.core.config.plugins.util.PluginBuilder.build(PluginBuilder.java:134)
	at org.apache.logging.log4j.core.config.AbstractConfiguration.createPluginObject(AbstractConfiguration.java:1002)
	at org.apache.logging.log4j.core.config.AbstractConfiguration.createConfiguration(AbstractConfiguration.java:942)
	at org.apache.logging.log4j.core.appender.routing.RoutingAppender.createAppender(RoutingAppender.java:299)
	at org.apache.logging.log4j.core.appender.routing.RoutingAppender.getControl(RoutingAppender.java:271)
	at org.apache.logging.log4j.core.appender.routing.RoutingAppender.append(RoutingAppender.java:229)
	at org.apache.logging.log4j.core.config.AppenderControl.tryCallAppender(AppenderControl.java:156)
	at org.apache.logging.log4j.core.config.AppenderControl.callAppender0(AppenderControl.java:129)
	at org.apache.logging.log4j.core.config.AppenderControl.callAppenderPreventRecursion(AppenderControl.java:120)
	at org.apache.logging.log4j.core.config.AppenderControl.callAppender(AppenderControl.java:84)
	at org.apache.logging.log4j.core.config.LoggerConfig.callAppenders(LoggerConfig.java:543)
	at org.apache.logging.log4j.core.config.LoggerConfig.processLogEvent(LoggerConfig.java:502)
	at org.apache.logging.log4j.core.config.LoggerConfig.log(LoggerConfig.java:485)
	at org.apache.logging.log4j.core.config.LoggerConfig.log(LoggerConfig.java:460)
	at org.apache.logging.log4j.core.config.AwaitCompletionReliabilityStrategy.log(AwaitCompletionReliabilityStrategy.java:82)
	at org.apache.logging.log4j.core.Logger.log(Logger.java:161)
	at org.apache.logging.log4j.spi.AbstractLogger.tryLogMessage(AbstractLogger.java:2198)
	at org.apache.logging.log4j.spi.AbstractLogger.logMessageTrackRecursion(AbstractLogger.java:2152)
	at org.apache.logging.log4j.spi.AbstractLogger.logMessageSafely(AbstractLogger.java:2135)
	at org.apache.logging.log4j.spi.AbstractLogger.logMessage(AbstractLogger.java:2011)
	at org.apache.logging.log4j.spi.AbstractLogger.logIfEnabled(AbstractLogger.java:1983)
	at org.apache.logging.log4j.spi.AbstractLogger.debug(AbstractLogger.java:327)
	at page_objects.Home.typeHOI(Home.java:89)
	at automation_test.mortgage_calculator.CalculateMonthlyPayment.calculateRate(CalculateMonthlyPayment.java:58)
	at java.base/jdk.internal.reflect.NativeMethodAccessorImpl.invoke0(Native Method)
	at java.base/jdk.internal.reflect.NativeMethodAccessorImpl.invoke(NativeMethodAccessorImpl.java:62)
	at java.base/jdk.internal.reflect.DelegatingMethodAccessorImpl.invoke(DelegatingMethodAccessorImpl.java:43)
	at java.base/java.lang.reflect.Method.invoke(Method.java:566)
	at org.testng.internal.MethodInvocationHelper.invokeMethod(MethodInvocationHelper.java:132)
	at org.testng.internal.TestInvoker.invokeMethod(TestInvoker.java:599)
	at org.testng.internal.TestInvoker.invokeTestMethod(TestInvoker.java:174)
	at org.testng.internal.MethodRunner.runInSequence(MethodRunner.java:46)
	at org.testng.internal.TestInvoker$MethodInvocationAgent.invoke(TestInvoker.java:822)
	at org.testng.internal.TestInvoker.invokeTestMethods(TestInvoker.java:147)
	at org.testng.internal.TestMethodWorker.invokeTestMethods(TestMethodWorker.java:146)
	at org.testng.internal.TestMethodWorker.run(TestMethodWorker.java:128)
	at java.base/java.util.concurrent.ThreadPoolExecutor.runWorker(ThreadPoolExecutor.java:1128)
	at java.base/java.util.concurrent.ThreadPoolExecutor$Worker.run(ThreadPoolExecutor.java:628)
	at java.base/java.lang.Thread.run(Thread.java:834)

2021-04-03 17:05:39,494 TestNG-test=Mortgage_Calculator-2 ERROR FileManager (logs/${ctx:threadName}.log) java.io.IOException: The filename, directory name, or volume label syntax is incorrect java.io.IOException: The filename, directory name, or volume label syntax is incorrect
	at java.base/java.io.WinNTFileSystem.canonicalize0(Native Method)
	at java.base/java.io.WinNTFileSystem.canonicalize(WinNTFileSystem.java:438)
	at java.base/java.io.File.getCanonicalPath(File.java:620)
	at java.base/java.io.File.getCanonicalFile(File.java:645)
	at org.apache.logging.log4j.core.util.FileUtils.makeParentDirs(FileUtils.java:133)
	at org.apache.logging.log4j.core.appender.FileManager$FileManagerFactory.createManager(FileManager.java:434)
	at org.apache.logging.log4j.core.appender.FileManager$FileManagerFactory.createManager(FileManager.java:422)
	at org.apache.logging.log4j.core.appender.AbstractManager.getManager(AbstractManager.java:113)
	at org.apache.logging.log4j.core.appender.OutputStreamManager.getManager(OutputStreamManager.java:100)
	at org.apache.logging.log4j.core.appender.FileManager.getFileManager(FileManager.java:182)
	at org.apache.logging.log4j.core.appender.FileAppender$Builder.build(FileAppender.java:96)
	at org.apache.logging.log4j.core.appender.FileAppender$Builder.build(FileAppender.java:52)
	at org.apache.logging.log4j.core.config.plugins.util.PluginBuilder.build(PluginBuilder.java:122)
	at org.apache.logging.log4j.core.config.AbstractConfiguration.createPluginObject(AbstractConfiguration.java:1002)
	at org.apache.logging.log4j.core.config.AbstractConfiguration.createConfiguration(AbstractConfiguration.java:942)
	at org.apache.logging.log4j.core.appender.routing.RoutingAppender.createAppender(RoutingAppender.java:299)
	at org.apache.logging.log4j.core.appender.routing.RoutingAppender.getControl(RoutingAppender.java:271)
	at org.apache.logging.log4j.core.appender.routing.RoutingAppender.append(RoutingAppender.java:229)
	at org.apache.logging.log4j.core.config.AppenderControl.tryCallAppender(AppenderControl.java:156)
	at org.apache.logging.log4j.core.config.AppenderControl.callAppender0(AppenderControl.java:129)
	at org.apache.logging.log4j.core.config.AppenderControl.callAppenderPreventRecursion(AppenderControl.java:120)
	at org.apache.logging.log4j.core.config.AppenderControl.callAppender(AppenderControl.java:84)
	at org.apache.logging.log4j.core.config.LoggerConfig.callAppenders(LoggerConfig.java:543)
	at org.apache.logging.log4j.core.config.LoggerConfig.processLogEvent(LoggerConfig.java:502)
	at org.apache.logging.log4j.core.config.LoggerConfig.log(LoggerConfig.java:485)
	at org.apache.logging.log4j.core.config.LoggerConfig.log(LoggerConfig.java:460)
	at org.apache.logging.log4j.core.config.AwaitCompletionReliabilityStrategy.log(AwaitCompletionReliabilityStrategy.java:82)
	at org.apache.logging.log4j.core.Logger.log(Logger.java:161)
	at org.apache.logging.log4j.spi.AbstractLogger.tryLogMessage(AbstractLogger.java:2198)
	at org.apache.logging.log4j.spi.AbstractLogger.logMessageTrackRecursion(AbstractLogger.java:2152)
	at org.apache.logging.log4j.spi.AbstractLogger.logMessageSafely(AbstractLogger.java:2135)
	at org.apache.logging.log4j.spi.AbstractLogger.logMessage(AbstractLogger.java:2011)
	at org.apache.logging.log4j.spi.AbstractLogger.logIfEnabled(AbstractLogger.java:1983)
	at org.apache.logging.log4j.spi.AbstractLogger.debug(AbstractLogger.java:327)
	at page_objects.Home.typeHOA(Home.java:94)
	at automation_test.mortgage_calculator.CalculateMonthlyPayment.calculateRate(CalculateMonthlyPayment.java:59)
	at java.base/jdk.internal.reflect.NativeMethodAccessorImpl.invoke0(Native Method)
	at java.base/jdk.internal.reflect.NativeMethodAccessorImpl.invoke(NativeMethodAccessorImpl.java:62)
	at java.base/jdk.internal.reflect.DelegatingMethodAccessorImpl.invoke(DelegatingMethodAccessorImpl.java:43)
	at java.base/java.lang.reflect.Method.invoke(Method.java:566)
	at org.testng.internal.MethodInvocationHelper.invokeMethod(MethodInvocationHelper.java:132)
	at org.testng.internal.TestInvoker.invokeMethod(TestInvoker.java:599)
	at org.testng.internal.TestInvoker.invokeTestMethod(TestInvoker.java:174)
	at org.testng.internal.MethodRunner.runInSequence(MethodRunner.java:46)
	at org.testng.internal.TestInvoker$MethodInvocationAgent.invoke(TestInvoker.java:822)
	at org.testng.internal.TestInvoker.invokeTestMethods(TestInvoker.java:147)
	at org.testng.internal.TestMethodWorker.invokeTestMethods(TestMethodWorker.java:146)
	at org.testng.internal.TestMethodWorker.run(TestMethodWorker.java:128)
	at java.base/java.util.concurrent.ThreadPoolExecutor.runWorker(ThreadPoolExecutor.java:1128)
	at java.base/java.util.concurrent.ThreadPoolExecutor$Worker.run(ThreadPoolExecutor.java:628)
	at java.base/java.lang.Thread.run(Thread.java:834)

2021-04-03 17:05:39,496 TestNG-test=Mortgage_Calculator-2 ERROR Could not create plugin of type class org.apache.logging.log4j.core.appender.FileAppender for element File: java.lang.IllegalStateException: ManagerFactory [org.apache.logging.log4j.core.appender.FileManager$FileManagerFactory@6f4b3b3a] unable to create manager for [logs/${ctx:threadName}.log] with data [org.apache.logging.log4j.core.appender.FileManager$FactoryData@32b3fb03] java.lang.IllegalStateException: ManagerFactory [org.apache.logging.log4j.core.appender.FileManager$FileManagerFactory@6f4b3b3a] unable to create manager for [logs/${ctx:threadName}.log] with data [org.apache.logging.log4j.core.appender.FileManager$FactoryData@32b3fb03]
	at org.apache.logging.log4j.core.appender.AbstractManager.getManager(AbstractManager.java:115)
	at org.apache.logging.log4j.core.appender.OutputStreamManager.getManager(OutputStreamManager.java:100)
	at org.apache.logging.log4j.core.appender.FileManager.getFileManager(FileManager.java:182)
	at org.apache.logging.log4j.core.appender.FileAppender$Builder.build(FileAppender.java:96)
	at org.apache.logging.log4j.core.appender.FileAppender$Builder.build(FileAppender.java:52)
	at org.apache.logging.log4j.core.config.plugins.util.PluginBuilder.build(PluginBuilder.java:122)
	at org.apache.logging.log4j.core.config.AbstractConfiguration.createPluginObject(AbstractConfiguration.java:1002)
	at org.apache.logging.log4j.core.config.AbstractConfiguration.createConfiguration(AbstractConfiguration.java:942)
	at org.apache.logging.log4j.core.appender.routing.RoutingAppender.createAppender(RoutingAppender.java:299)
	at org.apache.logging.log4j.core.appender.routing.RoutingAppender.getControl(RoutingAppender.java:271)
	at org.apache.logging.log4j.core.appender.routing.RoutingAppender.append(RoutingAppender.java:229)
	at org.apache.logging.log4j.core.config.AppenderControl.tryCallAppender(AppenderControl.java:156)
	at org.apache.logging.log4j.core.config.AppenderControl.callAppender0(AppenderControl.java:129)
	at org.apache.logging.log4j.core.config.AppenderControl.callAppenderPreventRecursion(AppenderControl.java:120)
	at org.apache.logging.log4j.core.config.AppenderControl.callAppender(AppenderControl.java:84)
	at org.apache.logging.log4j.core.config.LoggerConfig.callAppenders(LoggerConfig.java:543)
	at org.apache.logging.log4j.core.config.LoggerConfig.processLogEvent(LoggerConfig.java:502)
	at org.apache.logging.log4j.core.config.LoggerConfig.log(LoggerConfig.java:485)
	at org.apache.logging.log4j.core.config.LoggerConfig.log(LoggerConfig.java:460)
	at org.apache.logging.log4j.core.config.AwaitCompletionReliabilityStrategy.log(AwaitCompletionReliabilityStrategy.java:82)
	at org.apache.logging.log4j.core.Logger.log(Logger.java:161)
	at org.apache.logging.log4j.spi.AbstractLogger.tryLogMessage(AbstractLogger.java:2198)
	at org.apache.logging.log4j.spi.AbstractLogger.logMessageTrackRecursion(AbstractLogger.java:2152)
	at org.apache.logging.log4j.spi.AbstractLogger.logMessageSafely(AbstractLogger.java:2135)
	at org.apache.logging.log4j.spi.AbstractLogger.logMessage(AbstractLogger.java:2011)
	at org.apache.logging.log4j.spi.AbstractLogger.logIfEnabled(AbstractLogger.java:1983)
	at org.apache.logging.log4j.spi.AbstractLogger.debug(AbstractLogger.java:327)
	at page_objects.Home.typeHOA(Home.java:94)
	at automation_test.mortgage_calculator.CalculateMonthlyPayment.calculateRate(CalculateMonthlyPayment.java:59)
	at java.base/jdk.internal.reflect.NativeMethodAccessorImpl.invoke0(Native Method)
	at java.base/jdk.internal.reflect.NativeMethodAccessorImpl.invoke(NativeMethodAccessorImpl.java:62)
	at java.base/jdk.internal.reflect.DelegatingMethodAccessorImpl.invoke(DelegatingMethodAccessorImpl.java:43)
	at java.base/java.lang.reflect.Method.invoke(Method.java:566)
	at org.testng.internal.MethodInvocationHelper.invokeMethod(MethodInvocationHelper.java:132)
	at org.testng.internal.TestInvoker.invokeMethod(TestInvoker.java:599)
	at org.testng.internal.TestInvoker.invokeTestMethod(TestInvoker.java:174)
	at org.testng.internal.MethodRunner.runInSequence(MethodRunner.java:46)
	at org.testng.internal.TestInvoker$MethodInvocationAgent.invoke(TestInvoker.java:822)
	at org.testng.internal.TestInvoker.invokeTestMethods(TestInvoker.java:147)
	at org.testng.internal.TestMethodWorker.invokeTestMethods(TestMethodWorker.java:146)
	at org.testng.internal.TestMethodWorker.run(TestMethodWorker.java:128)
	at java.base/java.util.concurrent.ThreadPoolExecutor.runWorker(ThreadPoolExecutor.java:1128)
	at java.base/java.util.concurrent.ThreadPoolExecutor$Worker.run(ThreadPoolExecutor.java:628)
	at java.base/java.lang.Thread.run(Thread.java:834)

2021-04-03 17:05:39,498 TestNG-test=Mortgage_Calculator-2 ERROR Unable to invoke factory method in class org.apache.logging.log4j.core.appender.FileAppender for element File: java.lang.IllegalStateException: No factory method found for class org.apache.logging.log4j.core.appender.FileAppender java.lang.IllegalStateException: No factory method found for class org.apache.logging.log4j.core.appender.FileAppender
	at org.apache.logging.log4j.core.config.plugins.util.PluginBuilder.findFactoryMethod(PluginBuilder.java:234)
	at org.apache.logging.log4j.core.config.plugins.util.PluginBuilder.build(PluginBuilder.java:134)
	at org.apache.logging.log4j.core.config.AbstractConfiguration.createPluginObject(AbstractConfiguration.java:1002)
	at org.apache.logging.log4j.core.config.AbstractConfiguration.createConfiguration(AbstractConfiguration.java:942)
	at org.apache.logging.log4j.core.appender.routing.RoutingAppender.createAppender(RoutingAppender.java:299)
	at org.apache.logging.log4j.core.appender.routing.RoutingAppender.getControl(RoutingAppender.java:271)
	at org.apache.logging.log4j.core.appender.routing.RoutingAppender.append(RoutingAppender.java:229)
	at org.apache.logging.log4j.core.config.AppenderControl.tryCallAppender(AppenderControl.java:156)
	at org.apache.logging.log4j.core.config.AppenderControl.callAppender0(AppenderControl.java:129)
	at org.apache.logging.log4j.core.config.AppenderControl.callAppenderPreventRecursion(AppenderControl.java:120)
	at org.apache.logging.log4j.core.config.AppenderControl.callAppender(AppenderControl.java:84)
	at org.apache.logging.log4j.core.config.LoggerConfig.callAppenders(LoggerConfig.java:543)
	at org.apache.logging.log4j.core.config.LoggerConfig.processLogEvent(LoggerConfig.java:502)
	at org.apache.logging.log4j.core.config.LoggerConfig.log(LoggerConfig.java:485)
	at org.apache.logging.log4j.core.config.LoggerConfig.log(LoggerConfig.java:460)
	at org.apache.logging.log4j.core.config.AwaitCompletionReliabilityStrategy.log(AwaitCompletionReliabilityStrategy.java:82)
	at org.apache.logging.log4j.core.Logger.log(Logger.java:161)
	at org.apache.logging.log4j.spi.AbstractLogger.tryLogMessage(AbstractLogger.java:2198)
	at org.apache.logging.log4j.spi.AbstractLogger.logMessageTrackRecursion(AbstractLogger.java:2152)
	at org.apache.logging.log4j.spi.AbstractLogger.logMessageSafely(AbstractLogger.java:2135)
	at org.apache.logging.log4j.spi.AbstractLogger.logMessage(AbstractLogger.java:2011)
	at org.apache.logging.log4j.spi.AbstractLogger.logIfEnabled(AbstractLogger.java:1983)
	at org.apache.logging.log4j.spi.AbstractLogger.debug(AbstractLogger.java:327)
	at page_objects.Home.typeHOA(Home.java:94)
	at automation_test.mortgage_calculator.CalculateMonthlyPayment.calculateRate(CalculateMonthlyPayment.java:59)
	at java.base/jdk.internal.reflect.NativeMethodAccessorImpl.invoke0(Native Method)
	at java.base/jdk.internal.reflect.NativeMethodAccessorImpl.invoke(NativeMethodAccessorImpl.java:62)
	at java.base/jdk.internal.reflect.DelegatingMethodAccessorImpl.invoke(DelegatingMethodAccessorImpl.java:43)
	at java.base/java.lang.reflect.Method.invoke(Method.java:566)
	at org.testng.internal.MethodInvocationHelper.invokeMethod(MethodInvocationHelper.java:132)
	at org.testng.internal.TestInvoker.invokeMethod(TestInvoker.java:599)
	at org.testng.internal.TestInvoker.invokeTestMethod(TestInvoker.java:174)
	at org.testng.internal.MethodRunner.runInSequence(MethodRunner.java:46)
	at org.testng.internal.TestInvoker$MethodInvocationAgent.invoke(TestInvoker.java:822)
	at org.testng.internal.TestInvoker.invokeTestMethods(TestInvoker.java:147)
	at org.testng.internal.TestMethodWorker.invokeTestMethods(TestMethodWorker.java:146)
	at org.testng.internal.TestMethodWorker.run(TestMethodWorker.java:128)
	at java.base/java.util.concurrent.ThreadPoolExecutor.runWorker(ThreadPoolExecutor.java:1128)
	at java.base/java.util.concurrent.ThreadPoolExecutor$Worker.run(ThreadPoolExecutor.java:628)
	at java.base/java.lang.Thread.run(Thread.java:834)

2021-04-03 17:05:39,680 TestNG-test=Mortgage_Calculator-2 ERROR FileManager (logs/${ctx:threadName}.log) java.io.IOException: The filename, directory name, or volume label syntax is incorrect java.io.IOException: The filename, directory name, or volume label syntax is incorrect
	at java.base/java.io.WinNTFileSystem.canonicalize0(Native Method)
	at java.base/java.io.WinNTFileSystem.canonicalize(WinNTFileSystem.java:438)
	at java.base/java.io.File.getCanonicalPath(File.java:620)
	at java.base/java.io.File.getCanonicalFile(File.java:645)
	at org.apache.logging.log4j.core.util.FileUtils.makeParentDirs(FileUtils.java:133)
	at org.apache.logging.log4j.core.appender.FileManager$FileManagerFactory.createManager(FileManager.java:434)
	at org.apache.logging.log4j.core.appender.FileManager$FileManagerFactory.createManager(FileManager.java:422)
	at org.apache.logging.log4j.core.appender.AbstractManager.getManager(AbstractManager.java:113)
	at org.apache.logging.log4j.core.appender.OutputStreamManager.getManager(OutputStreamManager.java:100)
	at org.apache.logging.log4j.core.appender.FileManager.getFileManager(FileManager.java:182)
	at org.apache.logging.log4j.core.appender.FileAppender$Builder.build(FileAppender.java:96)
	at org.apache.logging.log4j.core.appender.FileAppender$Builder.build(FileAppender.java:52)
	at org.apache.logging.log4j.core.config.plugins.util.PluginBuilder.build(PluginBuilder.java:122)
	at org.apache.logging.log4j.core.config.AbstractConfiguration.createPluginObject(AbstractConfiguration.java:1002)
	at org.apache.logging.log4j.core.config.AbstractConfiguration.createConfiguration(AbstractConfiguration.java:942)
	at org.apache.logging.log4j.core.appender.routing.RoutingAppender.createAppender(RoutingAppender.java:299)
	at org.apache.logging.log4j.core.appender.routing.RoutingAppender.getControl(RoutingAppender.java:271)
	at org.apache.logging.log4j.core.appender.routing.RoutingAppender.append(RoutingAppender.java:229)
	at org.apache.logging.log4j.core.config.AppenderControl.tryCallAppender(AppenderControl.java:156)
	at org.apache.logging.log4j.core.config.AppenderControl.callAppender0(AppenderControl.java:129)
	at org.apache.logging.log4j.core.config.AppenderControl.callAppenderPreventRecursion(AppenderControl.java:120)
	at org.apache.logging.log4j.core.config.AppenderControl.callAppender(AppenderControl.java:84)
	at org.apache.logging.log4j.core.config.LoggerConfig.callAppenders(LoggerConfig.java:543)
	at org.apache.logging.log4j.core.config.LoggerConfig.processLogEvent(LoggerConfig.java:502)
	at org.apache.logging.log4j.core.config.LoggerConfig.log(LoggerConfig.java:485)
	at org.apache.logging.log4j.core.config.LoggerConfig.log(LoggerConfig.java:460)
	at org.apache.logging.log4j.core.config.AwaitCompletionReliabilityStrategy.log(AwaitCompletionReliabilityStrategy.java:82)
	at org.apache.logging.log4j.core.Logger.log(Logger.java:161)
	at org.apache.logging.log4j.spi.AbstractLogger.tryLogMessage(AbstractLogger.java:2198)
	at org.apache.logging.log4j.spi.AbstractLogger.logMessageTrackRecursion(AbstractLogger.java:2152)
	at org.apache.logging.log4j.spi.AbstractLogger.logMessageSafely(AbstractLogger.java:2135)
	at org.apache.logging.log4j.spi.AbstractLogger.logMessage(AbstractLogger.java:2011)
	at org.apache.logging.log4j.spi.AbstractLogger.logIfEnabled(AbstractLogger.java:1983)
	at org.apache.logging.log4j.spi.AbstractLogger.debug(AbstractLogger.java:327)
	at page_objects.Home.selectLoanType(Home.java:99)
	at automation_test.mortgage_calculator.CalculateMonthlyPayment.calculateRate(CalculateMonthlyPayment.java:60)
	at java.base/jdk.internal.reflect.NativeMethodAccessorImpl.invoke0(Native Method)
	at java.base/jdk.internal.reflect.NativeMethodAccessorImpl.invoke(NativeMethodAccessorImpl.java:62)
	at java.base/jdk.internal.reflect.DelegatingMethodAccessorImpl.invoke(DelegatingMethodAccessorImpl.java:43)
	at java.base/java.lang.reflect.Method.invoke(Method.java:566)
	at org.testng.internal.MethodInvocationHelper.invokeMethod(MethodInvocationHelper.java:132)
	at org.testng.internal.TestInvoker.invokeMethod(TestInvoker.java:599)
	at org.testng.internal.TestInvoker.invokeTestMethod(TestInvoker.java:174)
	at org.testng.internal.MethodRunner.runInSequence(MethodRunner.java:46)
	at org.testng.internal.TestInvoker$MethodInvocationAgent.invoke(TestInvoker.java:822)
	at org.testng.internal.TestInvoker.invokeTestMethods(TestInvoker.java:147)
	at org.testng.internal.TestMethodWorker.invokeTestMethods(TestMethodWorker.java:146)
	at org.testng.internal.TestMethodWorker.run(TestMethodWorker.java:128)
	at java.base/java.util.concurrent.ThreadPoolExecutor.runWorker(ThreadPoolExecutor.java:1128)
	at java.base/java.util.concurrent.ThreadPoolExecutor$Worker.run(ThreadPoolExecutor.java:628)
	at java.base/java.lang.Thread.run(Thread.java:834)

2021-04-03 17:05:39,682 TestNG-test=Mortgage_Calculator-2 ERROR Could not create plugin of type class org.apache.logging.log4j.core.appender.FileAppender for element File: java.lang.IllegalStateException: ManagerFactory [org.apache.logging.log4j.core.appender.FileManager$FileManagerFactory@6f4b3b3a] unable to create manager for [logs/${ctx:threadName}.log] with data [org.apache.logging.log4j.core.appender.FileManager$FactoryData@604d72cf] java.lang.IllegalStateException: ManagerFactory [org.apache.logging.log4j.core.appender.FileManager$FileManagerFactory@6f4b3b3a] unable to create manager for [logs/${ctx:threadName}.log] with data [org.apache.logging.log4j.core.appender.FileManager$FactoryData@604d72cf]
	at org.apache.logging.log4j.core.appender.AbstractManager.getManager(AbstractManager.java:115)
	at org.apache.logging.log4j.core.appender.OutputStreamManager.getManager(OutputStreamManager.java:100)
	at org.apache.logging.log4j.core.appender.FileManager.getFileManager(FileManager.java:182)
	at org.apache.logging.log4j.core.appender.FileAppender$Builder.build(FileAppender.java:96)
	at org.apache.logging.log4j.core.appender.FileAppender$Builder.build(FileAppender.java:52)
	at org.apache.logging.log4j.core.config.plugins.util.PluginBuilder.build(PluginBuilder.java:122)
	at org.apache.logging.log4j.core.config.AbstractConfiguration.createPluginObject(AbstractConfiguration.java:1002)
	at org.apache.logging.log4j.core.config.AbstractConfiguration.createConfiguration(AbstractConfiguration.java:942)
	at org.apache.logging.log4j.core.appender.routing.RoutingAppender.createAppender(RoutingAppender.java:299)
	at org.apache.logging.log4j.core.appender.routing.RoutingAppender.getControl(RoutingAppender.java:271)
	at org.apache.logging.log4j.core.appender.routing.RoutingAppender.append(RoutingAppender.java:229)
	at org.apache.logging.log4j.core.config.AppenderControl.tryCallAppender(AppenderControl.java:156)
	at org.apache.logging.log4j.core.config.AppenderControl.callAppender0(AppenderControl.java:129)
	at org.apache.logging.log4j.core.config.AppenderControl.callAppenderPreventRecursion(AppenderControl.java:120)
	at org.apache.logging.log4j.core.config.AppenderControl.callAppender(AppenderControl.java:84)
	at org.apache.logging.log4j.core.config.LoggerConfig.callAppenders(LoggerConfig.java:543)
	at org.apache.logging.log4j.core.config.LoggerConfig.processLogEvent(LoggerConfig.java:502)
	at org.apache.logging.log4j.core.config.LoggerConfig.log(LoggerConfig.java:485)
	at org.apache.logging.log4j.core.config.LoggerConfig.log(LoggerConfig.java:460)
	at org.apache.logging.log4j.core.config.AwaitCompletionReliabilityStrategy.log(AwaitCompletionReliabilityStrategy.java:82)
	at org.apache.logging.log4j.core.Logger.log(Logger.java:161)
	at org.apache.logging.log4j.spi.AbstractLogger.tryLogMessage(AbstractLogger.java:2198)
	at org.apache.logging.log4j.spi.AbstractLogger.logMessageTrackRecursion(AbstractLogger.java:2152)
	at org.apache.logging.log4j.spi.AbstractLogger.logMessageSafely(AbstractLogger.java:2135)
	at org.apache.logging.log4j.spi.AbstractLogger.logMessage(AbstractLogger.java:2011)
	at org.apache.logging.log4j.spi.AbstractLogger.logIfEnabled(AbstractLogger.java:1983)
	at org.apache.logging.log4j.spi.AbstractLogger.debug(AbstractLogger.java:327)
	at page_objects.Home.selectLoanType(Home.java:99)
	at automation_test.mortgage_calculator.CalculateMonthlyPayment.calculateRate(CalculateMonthlyPayment.java:60)
	at java.base/jdk.internal.reflect.NativeMethodAccessorImpl.invoke0(Native Method)
	at java.base/jdk.internal.reflect.NativeMethodAccessorImpl.invoke(NativeMethodAccessorImpl.java:62)
	at java.base/jdk.internal.reflect.DelegatingMethodAccessorImpl.invoke(DelegatingMethodAccessorImpl.java:43)
	at java.base/java.lang.reflect.Method.invoke(Method.java:566)
	at org.testng.internal.MethodInvocationHelper.invokeMethod(MethodInvocationHelper.java:132)
	at org.testng.internal.TestInvoker.invokeMethod(TestInvoker.java:599)
	at org.testng.internal.TestInvoker.invokeTestMethod(TestInvoker.java:174)
	at org.testng.internal.MethodRunner.runInSequence(MethodRunner.java:46)
	at org.testng.internal.TestInvoker$MethodInvocationAgent.invoke(TestInvoker.java:822)
	at org.testng.internal.TestInvoker.invokeTestMethods(TestInvoker.java:147)
	at org.testng.internal.TestMethodWorker.invokeTestMethods(TestMethodWorker.java:146)
	at org.testng.internal.TestMethodWorker.run(TestMethodWorker.java:128)
	at java.base/java.util.concurrent.ThreadPoolExecutor.runWorker(ThreadPoolExecutor.java:1128)
	at java.base/java.util.concurrent.ThreadPoolExecutor$Worker.run(ThreadPoolExecutor.java:628)
	at java.base/java.lang.Thread.run(Thread.java:834)

2021-04-03 17:05:39,683 TestNG-test=Mortgage_Calculator-2 ERROR Unable to invoke factory method in class org.apache.logging.log4j.core.appender.FileAppender for element File: java.lang.IllegalStateException: No factory method found for class org.apache.logging.log4j.core.appender.FileAppender java.lang.IllegalStateException: No factory method found for class org.apache.logging.log4j.core.appender.FileAppender
	at org.apache.logging.log4j.core.config.plugins.util.PluginBuilder.findFactoryMethod(PluginBuilder.java:234)
	at org.apache.logging.log4j.core.config.plugins.util.PluginBuilder.build(PluginBuilder.java:134)
	at org.apache.logging.log4j.core.config.AbstractConfiguration.createPluginObject(AbstractConfiguration.java:1002)
	at org.apache.logging.log4j.core.config.AbstractConfiguration.createConfiguration(AbstractConfiguration.java:942)
	at org.apache.logging.log4j.core.appender.routing.RoutingAppender.createAppender(RoutingAppender.java:299)
	at org.apache.logging.log4j.core.appender.routing.RoutingAppender.getControl(RoutingAppender.java:271)
	at org.apache.logging.log4j.core.appender.routing.RoutingAppender.append(RoutingAppender.java:229)
	at org.apache.logging.log4j.core.config.AppenderControl.tryCallAppender(AppenderControl.java:156)
	at org.apache.logging.log4j.core.config.AppenderControl.callAppender0(AppenderControl.java:129)
	at org.apache.logging.log4j.core.config.AppenderControl.callAppenderPreventRecursion(AppenderControl.java:120)
	at org.apache.logging.log4j.core.config.AppenderControl.callAppender(AppenderControl.java:84)
	at org.apache.logging.log4j.core.config.LoggerConfig.callAppenders(LoggerConfig.java:543)
	at org.apache.logging.log4j.core.config.LoggerConfig.processLogEvent(LoggerConfig.java:502)
	at org.apache.logging.log4j.core.config.LoggerConfig.log(LoggerConfig.java:485)
	at org.apache.logging.log4j.core.config.LoggerConfig.log(LoggerConfig.java:460)
	at org.apache.logging.log4j.core.config.AwaitCompletionReliabilityStrategy.log(AwaitCompletionReliabilityStrategy.java:82)
	at org.apache.logging.log4j.core.Logger.log(Logger.java:161)
	at org.apache.logging.log4j.spi.AbstractLogger.tryLogMessage(AbstractLogger.java:2198)
	at org.apache.logging.log4j.spi.AbstractLogger.logMessageTrackRecursion(AbstractLogger.java:2152)
	at org.apache.logging.log4j.spi.AbstractLogger.logMessageSafely(AbstractLogger.java:2135)
	at org.apache.logging.log4j.spi.AbstractLogger.logMessage(AbstractLogger.java:2011)
	at org.apache.logging.log4j.spi.AbstractLogger.logIfEnabled(AbstractLogger.java:1983)
	at org.apache.logging.log4j.spi.AbstractLogger.debug(AbstractLogger.java:327)
	at page_objects.Home.selectLoanType(Home.java:99)
	at automation_test.mortgage_calculator.CalculateMonthlyPayment.calculateRate(CalculateMonthlyPayment.java:60)
	at java.base/jdk.internal.reflect.NativeMethodAccessorImpl.invoke0(Native Method)
	at java.base/jdk.internal.reflect.NativeMethodAccessorImpl.invoke(NativeMethodAccessorImpl.java:62)
	at java.base/jdk.internal.reflect.DelegatingMethodAccessorImpl.invoke(DelegatingMethodAccessorImpl.java:43)
	at java.base/java.lang.reflect.Method.invoke(Method.java:566)
	at org.testng.internal.MethodInvocationHelper.invokeMethod(MethodInvocationHelper.java:132)
	at org.testng.internal.TestInvoker.invokeMethod(TestInvoker.java:599)
	at org.testng.internal.TestInvoker.invokeTestMethod(TestInvoker.java:174)
	at org.testng.internal.MethodRunner.runInSequence(MethodRunner.java:46)
	at org.testng.internal.TestInvoker$MethodInvocationAgent.invoke(TestInvoker.java:822)
	at org.testng.internal.TestInvoker.invokeTestMethods(TestInvoker.java:147)
	at org.testng.internal.TestMethodWorker.invokeTestMethods(TestMethodWorker.java:146)
	at org.testng.internal.TestMethodWorker.run(TestMethodWorker.java:128)
	at java.base/java.util.concurrent.ThreadPoolExecutor.runWorker(ThreadPoolExecutor.java:1128)
	at java.base/java.util.concurrent.ThreadPoolExecutor$Worker.run(ThreadPoolExecutor.java:628)
	at java.base/java.lang.Thread.run(Thread.java:834)

2021-04-03 17:05:39,758 TestNG-test=Mortgage_Calculator-2 ERROR FileManager (logs/${ctx:threadName}.log) java.io.IOException: The filename, directory name, or volume label syntax is incorrect java.io.IOException: The filename, directory name, or volume label syntax is incorrect
	at java.base/java.io.WinNTFileSystem.canonicalize0(Native Method)
	at java.base/java.io.WinNTFileSystem.canonicalize(WinNTFileSystem.java:438)
	at java.base/java.io.File.getCanonicalPath(File.java:620)
	at java.base/java.io.File.getCanonicalFile(File.java:645)
	at org.apache.logging.log4j.core.util.FileUtils.makeParentDirs(FileUtils.java:133)
	at org.apache.logging.log4j.core.appender.FileManager$FileManagerFactory.createManager(FileManager.java:434)
	at org.apache.logging.log4j.core.appender.FileManager$FileManagerFactory.createManager(FileManager.java:422)
	at org.apache.logging.log4j.core.appender.AbstractManager.getManager(AbstractManager.java:113)
	at org.apache.logging.log4j.core.appender.OutputStreamManager.getManager(OutputStreamManager.java:100)
	at org.apache.logging.log4j.core.appender.FileManager.getFileManager(FileManager.java:182)
	at org.apache.logging.log4j.core.appender.FileAppender$Builder.build(FileAppender.java:96)
	at org.apache.logging.log4j.core.appender.FileAppender$Builder.build(FileAppender.java:52)
	at org.apache.logging.log4j.core.config.plugins.util.PluginBuilder.build(PluginBuilder.java:122)
	at org.apache.logging.log4j.core.config.AbstractConfiguration.createPluginObject(AbstractConfiguration.java:1002)
	at org.apache.logging.log4j.core.config.AbstractConfiguration.createConfiguration(AbstractConfiguration.java:942)
	at org.apache.logging.log4j.core.appender.routing.RoutingAppender.createAppender(RoutingAppender.java:299)
	at org.apache.logging.log4j.core.appender.routing.RoutingAppender.getControl(RoutingAppender.java:271)
	at org.apache.logging.log4j.core.appender.routing.RoutingAppender.append(RoutingAppender.java:229)
	at org.apache.logging.log4j.core.config.AppenderControl.tryCallAppender(AppenderControl.java:156)
	at org.apache.logging.log4j.core.config.AppenderControl.callAppender0(AppenderControl.java:129)
	at org.apache.logging.log4j.core.config.AppenderControl.callAppenderPreventRecursion(AppenderControl.java:120)
	at org.apache.logging.log4j.core.config.AppenderControl.callAppender(AppenderControl.java:84)
	at org.apache.logging.log4j.core.config.LoggerConfig.callAppenders(LoggerConfig.java:543)
	at org.apache.logging.log4j.core.config.LoggerConfig.processLogEvent(LoggerConfig.java:502)
	at org.apache.logging.log4j.core.config.LoggerConfig.log(LoggerConfig.java:485)
	at org.apache.logging.log4j.core.config.LoggerConfig.log(LoggerConfig.java:460)
	at org.apache.logging.log4j.core.config.AwaitCompletionReliabilityStrategy.log(AwaitCompletionReliabilityStrategy.java:82)
	at org.apache.logging.log4j.core.Logger.log(Logger.java:161)
	at org.apache.logging.log4j.spi.AbstractLogger.tryLogMessage(AbstractLogger.java:2198)
	at org.apache.logging.log4j.spi.AbstractLogger.logMessageTrackRecursion(AbstractLogger.java:2152)
	at org.apache.logging.log4j.spi.AbstractLogger.logMessageSafely(AbstractLogger.java:2135)
	at org.apache.logging.log4j.spi.AbstractLogger.logMessage(AbstractLogger.java:2011)
	at org.apache.logging.log4j.spi.AbstractLogger.logIfEnabled(AbstractLogger.java:1983)
	at org.apache.logging.log4j.spi.AbstractLogger.debug(AbstractLogger.java:327)
	at page_objects.Home.selectBuyOrRefinance(Home.java:105)
	at automation_test.mortgage_calculator.CalculateMonthlyPayment.calculateRate(CalculateMonthlyPayment.java:61)
	at java.base/jdk.internal.reflect.NativeMethodAccessorImpl.invoke0(Native Method)
	at java.base/jdk.internal.reflect.NativeMethodAccessorImpl.invoke(NativeMethodAccessorImpl.java:62)
	at java.base/jdk.internal.reflect.DelegatingMethodAccessorImpl.invoke(DelegatingMethodAccessorImpl.java:43)
	at java.base/java.lang.reflect.Method.invoke(Method.java:566)
	at org.testng.internal.MethodInvocationHelper.invokeMethod(MethodInvocationHelper.java:132)
	at org.testng.internal.TestInvoker.invokeMethod(TestInvoker.java:599)
	at org.testng.internal.TestInvoker.invokeTestMethod(TestInvoker.java:174)
	at org.testng.internal.MethodRunner.runInSequence(MethodRunner.java:46)
	at org.testng.internal.TestInvoker$MethodInvocationAgent.invoke(TestInvoker.java:822)
	at org.testng.internal.TestInvoker.invokeTestMethods(TestInvoker.java:147)
	at org.testng.internal.TestMethodWorker.invokeTestMethods(TestMethodWorker.java:146)
	at org.testng.internal.TestMethodWorker.run(TestMethodWorker.java:128)
	at java.base/java.util.concurrent.ThreadPoolExecutor.runWorker(ThreadPoolExecutor.java:1128)
	at java.base/java.util.concurrent.ThreadPoolExecutor$Worker.run(ThreadPoolExecutor.java:628)
	at java.base/java.lang.Thread.run(Thread.java:834)

2021-04-03 17:05:39,759 TestNG-test=Mortgage_Calculator-2 ERROR Could not create plugin of type class org.apache.logging.log4j.core.appender.FileAppender for element File: java.lang.IllegalStateException: ManagerFactory [org.apache.logging.log4j.core.appender.FileManager$FileManagerFactory@6f4b3b3a] unable to create manager for [logs/${ctx:threadName}.log] with data [org.apache.logging.log4j.core.appender.FileManager$FactoryData@e0ccf2f] java.lang.IllegalStateException: ManagerFactory [org.apache.logging.log4j.core.appender.FileManager$FileManagerFactory@6f4b3b3a] unable to create manager for [logs/${ctx:threadName}.log] with data [org.apache.logging.log4j.core.appender.FileManager$FactoryData@e0ccf2f]
	at org.apache.logging.log4j.core.appender.AbstractManager.getManager(AbstractManager.java:115)
	at org.apache.logging.log4j.core.appender.OutputStreamManager.getManager(OutputStreamManager.java:100)
	at org.apache.logging.log4j.core.appender.FileManager.getFileManager(FileManager.java:182)
	at org.apache.logging.log4j.core.appender.FileAppender$Builder.build(FileAppender.java:96)
	at org.apache.logging.log4j.core.appender.FileAppender$Builder.build(FileAppender.java:52)
	at org.apache.logging.log4j.core.config.plugins.util.PluginBuilder.build(PluginBuilder.java:122)
	at org.apache.logging.log4j.core.config.AbstractConfiguration.createPluginObject(AbstractConfiguration.java:1002)
	at org.apache.logging.log4j.core.config.AbstractConfiguration.createConfiguration(AbstractConfiguration.java:942)
	at org.apache.logging.log4j.core.appender.routing.RoutingAppender.createAppender(RoutingAppender.java:299)
	at org.apache.logging.log4j.core.appender.routing.RoutingAppender.getControl(RoutingAppender.java:271)
	at org.apache.logging.log4j.core.appender.routing.RoutingAppender.append(RoutingAppender.java:229)
	at org.apache.logging.log4j.core.config.AppenderControl.tryCallAppender(AppenderControl.java:156)
	at org.apache.logging.log4j.core.config.AppenderControl.callAppender0(AppenderControl.java:129)
	at org.apache.logging.log4j.core.config.AppenderControl.callAppenderPreventRecursion(AppenderControl.java:120)
	at org.apache.logging.log4j.core.config.AppenderControl.callAppender(AppenderControl.java:84)
	at org.apache.logging.log4j.core.config.LoggerConfig.callAppenders(LoggerConfig.java:543)
	at org.apache.logging.log4j.core.config.LoggerConfig.processLogEvent(LoggerConfig.java:502)
	at org.apache.logging.log4j.core.config.LoggerConfig.log(LoggerConfig.java:485)
	at org.apache.logging.log4j.core.config.LoggerConfig.log(LoggerConfig.java:460)
	at org.apache.logging.log4j.core.config.AwaitCompletionReliabilityStrategy.log(AwaitCompletionReliabilityStrategy.java:82)
	at org.apache.logging.log4j.core.Logger.log(Logger.java:161)
	at org.apache.logging.log4j.spi.AbstractLogger.tryLogMessage(AbstractLogger.java:2198)
	at org.apache.logging.log4j.spi.AbstractLogger.logMessageTrackRecursion(AbstractLogger.java:2152)
	at org.apache.logging.log4j.spi.AbstractLogger.logMessageSafely(AbstractLogger.java:2135)
	at org.apache.logging.log4j.spi.AbstractLogger.logMessage(AbstractLogger.java:2011)
	at org.apache.logging.log4j.spi.AbstractLogger.logIfEnabled(AbstractLogger.java:1983)
	at org.apache.logging.log4j.spi.AbstractLogger.debug(AbstractLogger.java:327)
	at page_objects.Home.selectBuyOrRefinance(Home.java:105)
	at automation_test.mortgage_calculator.CalculateMonthlyPayment.calculateRate(CalculateMonthlyPayment.java:61)
	at java.base/jdk.internal.reflect.NativeMethodAccessorImpl.invoke0(Native Method)
	at java.base/jdk.internal.reflect.NativeMethodAccessorImpl.invoke(NativeMethodAccessorImpl.java:62)
	at java.base/jdk.internal.reflect.DelegatingMethodAccessorImpl.invoke(DelegatingMethodAccessorImpl.java:43)
	at java.base/java.lang.reflect.Method.invoke(Method.java:566)
	at org.testng.internal.MethodInvocationHelper.invokeMethod(MethodInvocationHelper.java:132)
	at org.testng.internal.TestInvoker.invokeMethod(TestInvoker.java:599)
	at org.testng.internal.TestInvoker.invokeTestMethod(TestInvoker.java:174)
	at org.testng.internal.MethodRunner.runInSequence(MethodRunner.java:46)
	at org.testng.internal.TestInvoker$MethodInvocationAgent.invoke(TestInvoker.java:822)
	at org.testng.internal.TestInvoker.invokeTestMethods(TestInvoker.java:147)
	at org.testng.internal.TestMethodWorker.invokeTestMethods(TestMethodWorker.java:146)
	at org.testng.internal.TestMethodWorker.run(TestMethodWorker.java:128)
	at java.base/java.util.concurrent.ThreadPoolExecutor.runWorker(ThreadPoolExecutor.java:1128)
	at java.base/java.util.concurrent.ThreadPoolExecutor$Worker.run(ThreadPoolExecutor.java:628)
	at java.base/java.lang.Thread.run(Thread.java:834)

2021-04-03 17:05:39,761 TestNG-test=Mortgage_Calculator-2 ERROR Unable to invoke factory method in class org.apache.logging.log4j.core.appender.FileAppender for element File: java.lang.IllegalStateException: No factory method found for class org.apache.logging.log4j.core.appender.FileAppender java.lang.IllegalStateException: No factory method found for class org.apache.logging.log4j.core.appender.FileAppender
	at org.apache.logging.log4j.core.config.plugins.util.PluginBuilder.findFactoryMethod(PluginBuilder.java:234)
	at org.apache.logging.log4j.core.config.plugins.util.PluginBuilder.build(PluginBuilder.java:134)
	at org.apache.logging.log4j.core.config.AbstractConfiguration.createPluginObject(AbstractConfiguration.java:1002)
	at org.apache.logging.log4j.core.config.AbstractConfiguration.createConfiguration(AbstractConfiguration.java:942)
	at org.apache.logging.log4j.core.appender.routing.RoutingAppender.createAppender(RoutingAppender.java:299)
	at org.apache.logging.log4j.core.appender.routing.RoutingAppender.getControl(RoutingAppender.java:271)
	at org.apache.logging.log4j.core.appender.routing.RoutingAppender.append(RoutingAppender.java:229)
	at org.apache.logging.log4j.core.config.AppenderControl.tryCallAppender(AppenderControl.java:156)
	at org.apache.logging.log4j.core.config.AppenderControl.callAppender0(AppenderControl.java:129)
	at org.apache.logging.log4j.core.config.AppenderControl.callAppenderPreventRecursion(AppenderControl.java:120)
	at org.apache.logging.log4j.core.config.AppenderControl.callAppender(AppenderControl.java:84)
	at org.apache.logging.log4j.core.config.LoggerConfig.callAppenders(LoggerConfig.java:543)
	at org.apache.logging.log4j.core.config.LoggerConfig.processLogEvent(LoggerConfig.java:502)
	at org.apache.logging.log4j.core.config.LoggerConfig.log(LoggerConfig.java:485)
	at org.apache.logging.log4j.core.config.LoggerConfig.log(LoggerConfig.java:460)
	at org.apache.logging.log4j.core.config.AwaitCompletionReliabilityStrategy.log(AwaitCompletionReliabilityStrategy.java:82)
	at org.apache.logging.log4j.core.Logger.log(Logger.java:161)
	at org.apache.logging.log4j.spi.AbstractLogger.tryLogMessage(AbstractLogger.java:2198)
	at org.apache.logging.log4j.spi.AbstractLogger.logMessageTrackRecursion(AbstractLogger.java:2152)
	at org.apache.logging.log4j.spi.AbstractLogger.logMessageSafely(AbstractLogger.java:2135)
	at org.apache.logging.log4j.spi.AbstractLogger.logMessage(AbstractLogger.java:2011)
	at org.apache.logging.log4j.spi.AbstractLogger.logIfEnabled(AbstractLogger.java:1983)
	at org.apache.logging.log4j.spi.AbstractLogger.debug(AbstractLogger.java:327)
	at page_objects.Home.selectBuyOrRefinance(Home.java:105)
	at automation_test.mortgage_calculator.CalculateMonthlyPayment.calculateRate(CalculateMonthlyPayment.java:61)
	at java.base/jdk.internal.reflect.NativeMethodAccessorImpl.invoke0(Native Method)
	at java.base/jdk.internal.reflect.NativeMethodAccessorImpl.invoke(NativeMethodAccessorImpl.java:62)
	at java.base/jdk.internal.reflect.DelegatingMethodAccessorImpl.invoke(DelegatingMethodAccessorImpl.java:43)
	at java.base/java.lang.reflect.Method.invoke(Method.java:566)
	at org.testng.internal.MethodInvocationHelper.invokeMethod(MethodInvocationHelper.java:132)
	at org.testng.internal.TestInvoker.invokeMethod(TestInvoker.java:599)
	at org.testng.internal.TestInvoker.invokeTestMethod(TestInvoker.java:174)
	at org.testng.internal.MethodRunner.runInSequence(MethodRunner.java:46)
	at org.testng.internal.TestInvoker$MethodInvocationAgent.invoke(TestInvoker.java:822)
	at org.testng.internal.TestInvoker.invokeTestMethods(TestInvoker.java:147)
	at org.testng.internal.TestMethodWorker.invokeTestMethods(TestMethodWorker.java:146)
	at org.testng.internal.TestMethodWorker.run(TestMethodWorker.java:128)
	at java.base/java.util.concurrent.ThreadPoolExecutor.runWorker(ThreadPoolExecutor.java:1128)
	at java.base/java.util.concurrent.ThreadPoolExecutor$Worker.run(ThreadPoolExecutor.java:628)
	at java.base/java.lang.Thread.run(Thread.java:834)

2021-04-03 17:05:39,892 TestNG-test=Mortgage_Calculator-2 ERROR FileManager (logs/${ctx:threadName}.log) java.io.IOException: The filename, directory name, or volume label syntax is incorrect java.io.IOException: The filename, directory name, or volume label syntax is incorrect
	at java.base/java.io.WinNTFileSystem.canonicalize0(Native Method)
	at java.base/java.io.WinNTFileSystem.canonicalize(WinNTFileSystem.java:438)
	at java.base/java.io.File.getCanonicalPath(File.java:620)
	at java.base/java.io.File.getCanonicalFile(File.java:645)
	at org.apache.logging.log4j.core.util.FileUtils.makeParentDirs(FileUtils.java:133)
	at org.apache.logging.log4j.core.appender.FileManager$FileManagerFactory.createManager(FileManager.java:434)
	at org.apache.logging.log4j.core.appender.FileManager$FileManagerFactory.createManager(FileManager.java:422)
	at org.apache.logging.log4j.core.appender.AbstractManager.getManager(AbstractManager.java:113)
	at org.apache.logging.log4j.core.appender.OutputStreamManager.getManager(OutputStreamManager.java:100)
	at org.apache.logging.log4j.core.appender.FileManager.getFileManager(FileManager.java:182)
	at org.apache.logging.log4j.core.appender.FileAppender$Builder.build(FileAppender.java:96)
	at org.apache.logging.log4j.core.appender.FileAppender$Builder.build(FileAppender.java:52)
	at org.apache.logging.log4j.core.config.plugins.util.PluginBuilder.build(PluginBuilder.java:122)
	at org.apache.logging.log4j.core.config.AbstractConfiguration.createPluginObject(AbstractConfiguration.java:1002)
	at org.apache.logging.log4j.core.config.AbstractConfiguration.createConfiguration(AbstractConfiguration.java:942)
	at org.apache.logging.log4j.core.appender.routing.RoutingAppender.createAppender(RoutingAppender.java:299)
	at org.apache.logging.log4j.core.appender.routing.RoutingAppender.getControl(RoutingAppender.java:271)
	at org.apache.logging.log4j.core.appender.routing.RoutingAppender.append(RoutingAppender.java:229)
	at org.apache.logging.log4j.core.config.AppenderControl.tryCallAppender(AppenderControl.java:156)
	at org.apache.logging.log4j.core.config.AppenderControl.callAppender0(AppenderControl.java:129)
	at org.apache.logging.log4j.core.config.AppenderControl.callAppenderPreventRecursion(AppenderControl.java:120)
	at org.apache.logging.log4j.core.config.AppenderControl.callAppender(AppenderControl.java:84)
	at org.apache.logging.log4j.core.config.LoggerConfig.callAppenders(LoggerConfig.java:543)
	at org.apache.logging.log4j.core.config.LoggerConfig.processLogEvent(LoggerConfig.java:502)
	at org.apache.logging.log4j.core.config.LoggerConfig.log(LoggerConfig.java:485)
	at org.apache.logging.log4j.core.config.LoggerConfig.log(LoggerConfig.java:460)
	at org.apache.logging.log4j.core.config.AwaitCompletionReliabilityStrategy.log(AwaitCompletionReliabilityStrategy.java:82)
	at org.apache.logging.log4j.core.Logger.log(Logger.java:161)
	at org.apache.logging.log4j.spi.AbstractLogger.tryLogMessage(AbstractLogger.java:2198)
	at org.apache.logging.log4j.spi.AbstractLogger.logMessageTrackRecursion(AbstractLogger.java:2152)
	at org.apache.logging.log4j.spi.AbstractLogger.logMessageSafely(AbstractLogger.java:2135)
	at org.apache.logging.log4j.spi.AbstractLogger.logMessage(AbstractLogger.java:2011)
	at org.apache.logging.log4j.spi.AbstractLogger.logIfEnabled(AbstractLogger.java:1983)
	at org.apache.logging.log4j.spi.AbstractLogger.debug(AbstractLogger.java:327)
	at page_objects.Home.clickOnCalculateButton(Home.java:111)
	at automation_test.mortgage_calculator.CalculateMonthlyPayment.calculateRate(CalculateMonthlyPayment.java:62)
	at java.base/jdk.internal.reflect.NativeMethodAccessorImpl.invoke0(Native Method)
	at java.base/jdk.internal.reflect.NativeMethodAccessorImpl.invoke(NativeMethodAccessorImpl.java:62)
	at java.base/jdk.internal.reflect.DelegatingMethodAccessorImpl.invoke(DelegatingMethodAccessorImpl.java:43)
	at java.base/java.lang.reflect.Method.invoke(Method.java:566)
	at org.testng.internal.MethodInvocationHelper.invokeMethod(MethodInvocationHelper.java:132)
	at org.testng.internal.TestInvoker.invokeMethod(TestInvoker.java:599)
	at org.testng.internal.TestInvoker.invokeTestMethod(TestInvoker.java:174)
	at org.testng.internal.MethodRunner.runInSequence(MethodRunner.java:46)
	at org.testng.internal.TestInvoker$MethodInvocationAgent.invoke(TestInvoker.java:822)
	at org.testng.internal.TestInvoker.invokeTestMethods(TestInvoker.java:147)
	at org.testng.internal.TestMethodWorker.invokeTestMethods(TestMethodWorker.java:146)
	at org.testng.internal.TestMethodWorker.run(TestMethodWorker.java:128)
	at java.base/java.util.concurrent.ThreadPoolExecutor.runWorker(ThreadPoolExecutor.java:1128)
	at java.base/java.util.concurrent.ThreadPoolExecutor$Worker.run(ThreadPoolExecutor.java:628)
	at java.base/java.lang.Thread.run(Thread.java:834)

2021-04-03 17:05:39,893 TestNG-test=Mortgage_Calculator-2 ERROR Could not create plugin of type class org.apache.logging.log4j.core.appender.FileAppender for element File: java.lang.IllegalStateException: ManagerFactory [org.apache.logging.log4j.core.appender.FileManager$FileManagerFactory@6f4b3b3a] unable to create manager for [logs/${ctx:threadName}.log] with data [org.apache.logging.log4j.core.appender.FileManager$FactoryData@5b3d9c94] java.lang.IllegalStateException: ManagerFactory [org.apache.logging.log4j.core.appender.FileManager$FileManagerFactory@6f4b3b3a] unable to create manager for [logs/${ctx:threadName}.log] with data [org.apache.logging.log4j.core.appender.FileManager$FactoryData@5b3d9c94]
	at org.apache.logging.log4j.core.appender.AbstractManager.getManager(AbstractManager.java:115)
	at org.apache.logging.log4j.core.appender.OutputStreamManager.getManager(OutputStreamManager.java:100)
	at org.apache.logging.log4j.core.appender.FileManager.getFileManager(FileManager.java:182)
	at org.apache.logging.log4j.core.appender.FileAppender$Builder.build(FileAppender.java:96)
	at org.apache.logging.log4j.core.appender.FileAppender$Builder.build(FileAppender.java:52)
	at org.apache.logging.log4j.core.config.plugins.util.PluginBuilder.build(PluginBuilder.java:122)
	at org.apache.logging.log4j.core.config.AbstractConfiguration.createPluginObject(AbstractConfiguration.java:1002)
	at org.apache.logging.log4j.core.config.AbstractConfiguration.createConfiguration(AbstractConfiguration.java:942)
	at org.apache.logging.log4j.core.appender.routing.RoutingAppender.createAppender(RoutingAppender.java:299)
	at org.apache.logging.log4j.core.appender.routing.RoutingAppender.getControl(RoutingAppender.java:271)
	at org.apache.logging.log4j.core.appender.routing.RoutingAppender.append(RoutingAppender.java:229)
	at org.apache.logging.log4j.core.config.AppenderControl.tryCallAppender(AppenderControl.java:156)
	at org.apache.logging.log4j.core.config.AppenderControl.callAppender0(AppenderControl.java:129)
	at org.apache.logging.log4j.core.config.AppenderControl.callAppenderPreventRecursion(AppenderControl.java:120)
	at org.apache.logging.log4j.core.config.AppenderControl.callAppender(AppenderControl.java:84)
	at org.apache.logging.log4j.core.config.LoggerConfig.callAppenders(LoggerConfig.java:543)
	at org.apache.logging.log4j.core.config.LoggerConfig.processLogEvent(LoggerConfig.java:502)
	at org.apache.logging.log4j.core.config.LoggerConfig.log(LoggerConfig.java:485)
	at org.apache.logging.log4j.core.config.LoggerConfig.log(LoggerConfig.java:460)
	at org.apache.logging.log4j.core.config.AwaitCompletionReliabilityStrategy.log(AwaitCompletionReliabilityStrategy.java:82)
	at org.apache.logging.log4j.core.Logger.log(Logger.java:161)
	at org.apache.logging.log4j.spi.AbstractLogger.tryLogMessage(AbstractLogger.java:2198)
	at org.apache.logging.log4j.spi.AbstractLogger.logMessageTrackRecursion(AbstractLogger.java:2152)
	at org.apache.logging.log4j.spi.AbstractLogger.logMessageSafely(AbstractLogger.java:2135)
	at org.apache.logging.log4j.spi.AbstractLogger.logMessage(AbstractLogger.java:2011)
	at org.apache.logging.log4j.spi.AbstractLogger.logIfEnabled(AbstractLogger.java:1983)
	at org.apache.logging.log4j.spi.AbstractLogger.debug(AbstractLogger.java:327)
	at page_objects.Home.clickOnCalculateButton(Home.java:111)
	at automation_test.mortgage_calculator.CalculateMonthlyPayment.calculateRate(CalculateMonthlyPayment.java:62)
	at java.base/jdk.internal.reflect.NativeMethodAccessorImpl.invoke0(Native Method)
	at java.base/jdk.internal.reflect.NativeMethodAccessorImpl.invoke(NativeMethodAccessorImpl.java:62)
	at java.base/jdk.internal.reflect.DelegatingMethodAccessorImpl.invoke(DelegatingMethodAccessorImpl.java:43)
	at java.base/java.lang.reflect.Method.invoke(Method.java:566)
	at org.testng.internal.MethodInvocationHelper.invokeMethod(MethodInvocationHelper.java:132)
	at org.testng.internal.TestInvoker.invokeMethod(TestInvoker.java:599)
	at org.testng.internal.TestInvoker.invokeTestMethod(TestInvoker.java:174)
	at org.testng.internal.MethodRunner.runInSequence(MethodRunner.java:46)
	at org.testng.internal.TestInvoker$MethodInvocationAgent.invoke(TestInvoker.java:822)
	at org.testng.internal.TestInvoker.invokeTestMethods(TestInvoker.java:147)
	at org.testng.internal.TestMethodWorker.invokeTestMethods(TestMethodWorker.java:146)
	at org.testng.internal.TestMethodWorker.run(TestMethodWorker.java:128)
	at java.base/java.util.concurrent.ThreadPoolExecutor.runWorker(ThreadPoolExecutor.java:1128)
	at java.base/java.util.concurrent.ThreadPoolExecutor$Worker.run(ThreadPoolExecutor.java:628)
	at java.base/java.lang.Thread.run(Thread.java:834)

2021-04-03 17:05:39,894 TestNG-test=Mortgage_Calculator-2 ERROR Unable to invoke factory method in class org.apache.logging.log4j.core.appender.FileAppender for element File: java.lang.IllegalStateException: No factory method found for class org.apache.logging.log4j.core.appender.FileAppender java.lang.IllegalStateException: No factory method found for class org.apache.logging.log4j.core.appender.FileAppender
	at org.apache.logging.log4j.core.config.plugins.util.PluginBuilder.findFactoryMethod(PluginBuilder.java:234)
	at org.apache.logging.log4j.core.config.plugins.util.PluginBuilder.build(PluginBuilder.java:134)
	at org.apache.logging.log4j.core.config.AbstractConfiguration.createPluginObject(AbstractConfiguration.java:1002)
	at org.apache.logging.log4j.core.config.AbstractConfiguration.createConfiguration(AbstractConfiguration.java:942)
	at org.apache.logging.log4j.core.appender.routing.RoutingAppender.createAppender(RoutingAppender.java:299)
	at org.apache.logging.log4j.core.appender.routing.RoutingAppender.getControl(RoutingAppender.java:271)
	at org.apache.logging.log4j.core.appender.routing.RoutingAppender.append(RoutingAppender.java:229)
	at org.apache.logging.log4j.core.config.AppenderControl.tryCallAppender(AppenderControl.java:156)
	at org.apache.logging.log4j.core.config.AppenderControl.callAppender0(AppenderControl.java:129)
	at org.apache.logging.log4j.core.config.AppenderControl.callAppenderPreventRecursion(AppenderControl.java:120)
	at org.apache.logging.log4j.core.config.AppenderControl.callAppender(AppenderControl.java:84)
	at org.apache.logging.log4j.core.config.LoggerConfig.callAppenders(LoggerConfig.java:543)
	at org.apache.logging.log4j.core.config.LoggerConfig.processLogEvent(LoggerConfig.java:502)
	at org.apache.logging.log4j.core.config.LoggerConfig.log(LoggerConfig.java:485)
	at org.apache.logging.log4j.core.config.LoggerConfig.log(LoggerConfig.java:460)
	at org.apache.logging.log4j.core.config.AwaitCompletionReliabilityStrategy.log(AwaitCompletionReliabilityStrategy.java:82)
	at org.apache.logging.log4j.core.Logger.log(Logger.java:161)
	at org.apache.logging.log4j.spi.AbstractLogger.tryLogMessage(AbstractLogger.java:2198)
	at org.apache.logging.log4j.spi.AbstractLogger.logMessageTrackRecursion(AbstractLogger.java:2152)
	at org.apache.logging.log4j.spi.AbstractLogger.logMessageSafely(AbstractLogger.java:2135)
	at org.apache.logging.log4j.spi.AbstractLogger.logMessage(AbstractLogger.java:2011)
	at org.apache.logging.log4j.spi.AbstractLogger.logIfEnabled(AbstractLogger.java:1983)
	at org.apache.logging.log4j.spi.AbstractLogger.debug(AbstractLogger.java:327)
	at page_objects.Home.clickOnCalculateButton(Home.java:111)
	at automation_test.mortgage_calculator.CalculateMonthlyPayment.calculateRate(CalculateMonthlyPayment.java:62)
	at java.base/jdk.internal.reflect.NativeMethodAccessorImpl.invoke0(Native Method)
	at java.base/jdk.internal.reflect.NativeMethodAccessorImpl.invoke(NativeMethodAccessorImpl.java:62)
	at java.base/jdk.internal.reflect.DelegatingMethodAccessorImpl.invoke(DelegatingMethodAccessorImpl.java:43)
	at java.base/java.lang.reflect.Method.invoke(Method.java:566)
	at org.testng.internal.MethodInvocationHelper.invokeMethod(MethodInvocationHelper.java:132)
	at org.testng.internal.TestInvoker.invokeMethod(TestInvoker.java:599)
	at org.testng.internal.TestInvoker.invokeTestMethod(TestInvoker.java:174)
	at org.testng.internal.MethodRunner.runInSequence(MethodRunner.java:46)
	at org.testng.internal.TestInvoker$MethodInvocationAgent.invoke(TestInvoker.java:822)
	at org.testng.internal.TestInvoker.invokeTestMethods(TestInvoker.java:147)
	at org.testng.internal.TestMethodWorker.invokeTestMethods(TestMethodWorker.java:146)
	at org.testng.internal.TestMethodWorker.run(TestMethodWorker.java:128)
	at java.base/java.util.concurrent.ThreadPoolExecutor.runWorker(ThreadPoolExecutor.java:1128)
	at java.base/java.util.concurrent.ThreadPoolExecutor$Worker.run(ThreadPoolExecutor.java:628)
	at java.base/java.lang.Thread.run(Thread.java:834)

2021-04-03 17:05:45,679 TestNG-test=Mortgage_Calculator-2 ERROR FileManager (logs/${ctx:threadName}.log) java.io.IOException: The filename, directory name, or volume label syntax is incorrect java.io.IOException: The filename, directory name, or volume label syntax is incorrect
	at java.base/java.io.WinNTFileSystem.canonicalize0(Native Method)
	at java.base/java.io.WinNTFileSystem.canonicalize(WinNTFileSystem.java:438)
	at java.base/java.io.File.getCanonicalPath(File.java:620)
	at java.base/java.io.File.getCanonicalFile(File.java:645)
	at org.apache.logging.log4j.core.util.FileUtils.makeParentDirs(FileUtils.java:133)
	at org.apache.logging.log4j.core.appender.FileManager$FileManagerFactory.createManager(FileManager.java:434)
	at org.apache.logging.log4j.core.appender.FileManager$FileManagerFactory.createManager(FileManager.java:422)
	at org.apache.logging.log4j.core.appender.AbstractManager.getManager(AbstractManager.java:113)
	at org.apache.logging.log4j.core.appender.OutputStreamManager.getManager(OutputStreamManager.java:100)
	at org.apache.logging.log4j.core.appender.FileManager.getFileManager(FileManager.java:182)
	at org.apache.logging.log4j.core.appender.FileAppender$Builder.build(FileAppender.java:96)
	at org.apache.logging.log4j.core.appender.FileAppender$Builder.build(FileAppender.java:52)
	at org.apache.logging.log4j.core.config.plugins.util.PluginBuilder.build(PluginBuilder.java:122)
	at org.apache.logging.log4j.core.config.AbstractConfiguration.createPluginObject(AbstractConfiguration.java:1002)
	at org.apache.logging.log4j.core.config.AbstractConfiguration.createConfiguration(AbstractConfiguration.java:942)
	at org.apache.logging.log4j.core.appender.routing.RoutingAppender.createAppender(RoutingAppender.java:299)
	at org.apache.logging.log4j.core.appender.routing.RoutingAppender.getControl(RoutingAppender.java:271)
	at org.apache.logging.log4j.core.appender.routing.RoutingAppender.append(RoutingAppender.java:229)
	at org.apache.logging.log4j.core.config.AppenderControl.tryCallAppender(AppenderControl.java:156)
	at org.apache.logging.log4j.core.config.AppenderControl.callAppender0(AppenderControl.java:129)
	at org.apache.logging.log4j.core.config.AppenderControl.callAppenderPreventRecursion(AppenderControl.java:120)
	at org.apache.logging.log4j.core.config.AppenderControl.callAppender(AppenderControl.java:84)
	at org.apache.logging.log4j.core.config.LoggerConfig.callAppenders(LoggerConfig.java:543)
	at org.apache.logging.log4j.core.config.LoggerConfig.processLogEvent(LoggerConfig.java:502)
	at org.apache.logging.log4j.core.config.LoggerConfig.log(LoggerConfig.java:485)
	at org.apache.logging.log4j.core.config.LoggerConfig.log(LoggerConfig.java:460)
	at org.apache.logging.log4j.core.config.AwaitCompletionReliabilityStrategy.log(AwaitCompletionReliabilityStrategy.java:82)
	at org.apache.logging.log4j.core.Logger.log(Logger.java:161)
	at org.apache.logging.log4j.spi.AbstractLogger.tryLogMessage(AbstractLogger.java:2198)
	at org.apache.logging.log4j.spi.AbstractLogger.logMessageTrackRecursion(AbstractLogger.java:2152)
	at org.apache.logging.log4j.spi.AbstractLogger.logMessageSafely(AbstractLogger.java:2135)
	at org.apache.logging.log4j.spi.AbstractLogger.logMessage(AbstractLogger.java:2011)
	at org.apache.logging.log4j.spi.AbstractLogger.logIfEnabled(AbstractLogger.java:1983)
	at org.apache.logging.log4j.spi.AbstractLogger.debug(AbstractLogger.java:327)
	at page_objects.Home.validateTotalMonthlyPayment(Home.java:119)
	at automation_test.mortgage_calculator.CalculateMonthlyPayment.calculateRate(CalculateMonthlyPayment.java:63)
	at java.base/jdk.internal.reflect.NativeMethodAccessorImpl.invoke0(Native Method)
	at java.base/jdk.internal.reflect.NativeMethodAccessorImpl.invoke(NativeMethodAccessorImpl.java:62)
	at java.base/jdk.internal.reflect.DelegatingMethodAccessorImpl.invoke(DelegatingMethodAccessorImpl.java:43)
	at java.base/java.lang.reflect.Method.invoke(Method.java:566)
	at org.testng.internal.MethodInvocationHelper.invokeMethod(MethodInvocationHelper.java:132)
	at org.testng.internal.TestInvoker.invokeMethod(TestInvoker.java:599)
	at org.testng.internal.TestInvoker.invokeTestMethod(TestInvoker.java:174)
	at org.testng.internal.MethodRunner.runInSequence(MethodRunner.java:46)
	at org.testng.internal.TestInvoker$MethodInvocationAgent.invoke(TestInvoker.java:822)
	at org.testng.internal.TestInvoker.invokeTestMethods(TestInvoker.java:147)
	at org.testng.internal.TestMethodWorker.invokeTestMethods(TestMethodWorker.java:146)
	at org.testng.internal.TestMethodWorker.run(TestMethodWorker.java:128)
	at java.base/java.util.concurrent.ThreadPoolExecutor.runWorker(ThreadPoolExecutor.java:1128)
	at java.base/java.util.concurrent.ThreadPoolExecutor$Worker.run(ThreadPoolExecutor.java:628)
	at java.base/java.lang.Thread.run(Thread.java:834)

2021-04-03 17:05:45,681 TestNG-test=Mortgage_Calculator-2 ERROR Could not create plugin of type class org.apache.logging.log4j.core.appender.FileAppender for element File: java.lang.IllegalStateException: ManagerFactory [org.apache.logging.log4j.core.appender.FileManager$FileManagerFactory@6f4b3b3a] unable to create manager for [logs/${ctx:threadName}.log] with data [org.apache.logging.log4j.core.appender.FileManager$FactoryData@20d8651] java.lang.IllegalStateException: ManagerFactory [org.apache.logging.log4j.core.appender.FileManager$FileManagerFactory@6f4b3b3a] unable to create manager for [logs/${ctx:threadName}.log] with data [org.apache.logging.log4j.core.appender.FileManager$FactoryData@20d8651]
	at org.apache.logging.log4j.core.appender.AbstractManager.getManager(AbstractManager.java:115)
	at org.apache.logging.log4j.core.appender.OutputStreamManager.getManager(OutputStreamManager.java:100)
	at org.apache.logging.log4j.core.appender.FileManager.getFileManager(FileManager.java:182)
	at org.apache.logging.log4j.core.appender.FileAppender$Builder.build(FileAppender.java:96)
	at org.apache.logging.log4j.core.appender.FileAppender$Builder.build(FileAppender.java:52)
	at org.apache.logging.log4j.core.config.plugins.util.PluginBuilder.build(PluginBuilder.java:122)
	at org.apache.logging.log4j.core.config.AbstractConfiguration.createPluginObject(AbstractConfiguration.java:1002)
	at org.apache.logging.log4j.core.config.AbstractConfiguration.createConfiguration(AbstractConfiguration.java:942)
	at org.apache.logging.log4j.core.appender.routing.RoutingAppender.createAppender(RoutingAppender.java:299)
	at org.apache.logging.log4j.core.appender.routing.RoutingAppender.getControl(RoutingAppender.java:271)
	at org.apache.logging.log4j.core.appender.routing.RoutingAppender.append(RoutingAppender.java:229)
	at org.apache.logging.log4j.core.config.AppenderControl.tryCallAppender(AppenderControl.java:156)
	at org.apache.logging.log4j.core.config.AppenderControl.callAppender0(AppenderControl.java:129)
	at org.apache.logging.log4j.core.config.AppenderControl.callAppenderPreventRecursion(AppenderControl.java:120)
	at org.apache.logging.log4j.core.config.AppenderControl.callAppender(AppenderControl.java:84)
	at org.apache.logging.log4j.core.config.LoggerConfig.callAppenders(LoggerConfig.java:543)
	at org.apache.logging.log4j.core.config.LoggerConfig.processLogEvent(LoggerConfig.java:502)
	at org.apache.logging.log4j.core.config.LoggerConfig.log(LoggerConfig.java:485)
	at org.apache.logging.log4j.core.config.LoggerConfig.log(LoggerConfig.java:460)
	at org.apache.logging.log4j.core.config.AwaitCompletionReliabilityStrategy.log(AwaitCompletionReliabilityStrategy.java:82)
	at org.apache.logging.log4j.core.Logger.log(Logger.java:161)
	at org.apache.logging.log4j.spi.AbstractLogger.tryLogMessage(AbstractLogger.java:2198)
	at org.apache.logging.log4j.spi.AbstractLogger.logMessageTrackRecursion(AbstractLogger.java:2152)
	at org.apache.logging.log4j.spi.AbstractLogger.logMessageSafely(AbstractLogger.java:2135)
	at org.apache.logging.log4j.spi.AbstractLogger.logMessage(AbstractLogger.java:2011)
	at org.apache.logging.log4j.spi.AbstractLogger.logIfEnabled(AbstractLogger.java:1983)
	at org.apache.logging.log4j.spi.AbstractLogger.debug(AbstractLogger.java:327)
	at page_objects.Home.validateTotalMonthlyPayment(Home.java:119)
	at automation_test.mortgage_calculator.CalculateMonthlyPayment.calculateRate(CalculateMonthlyPayment.java:63)
	at java.base/jdk.internal.reflect.NativeMethodAccessorImpl.invoke0(Native Method)
	at java.base/jdk.internal.reflect.NativeMethodAccessorImpl.invoke(NativeMethodAccessorImpl.java:62)
	at java.base/jdk.internal.reflect.DelegatingMethodAccessorImpl.invoke(DelegatingMethodAccessorImpl.java:43)
	at java.base/java.lang.reflect.Method.invoke(Method.java:566)
	at org.testng.internal.MethodInvocationHelper.invokeMethod(MethodInvocationHelper.java:132)
	at org.testng.internal.TestInvoker.invokeMethod(TestInvoker.java:599)
	at org.testng.internal.TestInvoker.invokeTestMethod(TestInvoker.java:174)
	at org.testng.internal.MethodRunner.runInSequence(MethodRunner.java:46)
	at org.testng.internal.TestInvoker$MethodInvocationAgent.invoke(TestInvoker.java:822)
	at org.testng.internal.TestInvoker.invokeTestMethods(TestInvoker.java:147)
	at org.testng.internal.TestMethodWorker.invokeTestMethods(TestMethodWorker.java:146)
	at org.testng.internal.TestMethodWorker.run(TestMethodWorker.java:128)
	at java.base/java.util.concurrent.ThreadPoolExecutor.runWorker(ThreadPoolExecutor.java:1128)
	at java.base/java.util.concurrent.ThreadPoolExecutor$Worker.run(ThreadPoolExecutor.java:628)
	at java.base/java.lang.Thread.run(Thread.java:834)

2021-04-03 17:05:45,682 TestNG-test=Mortgage_Calculator-2 ERROR Unable to invoke factory method in class org.apache.logging.log4j.core.appender.FileAppender for element File: java.lang.IllegalStateException: No factory method found for class org.apache.logging.log4j.core.appender.FileAppender java.lang.IllegalStateException: No factory method found for class org.apache.logging.log4j.core.appender.FileAppender
	at org.apache.logging.log4j.core.config.plugins.util.PluginBuilder.findFactoryMethod(PluginBuilder.java:234)
	at org.apache.logging.log4j.core.config.plugins.util.PluginBuilder.build(PluginBuilder.java:134)
	at org.apache.logging.log4j.core.config.AbstractConfiguration.createPluginObject(AbstractConfiguration.java:1002)
	at org.apache.logging.log4j.core.config.AbstractConfiguration.createConfiguration(AbstractConfiguration.java:942)
	at org.apache.logging.log4j.core.appender.routing.RoutingAppender.createAppender(RoutingAppender.java:299)
	at org.apache.logging.log4j.core.appender.routing.RoutingAppender.getControl(RoutingAppender.java:271)
	at org.apache.logging.log4j.core.appender.routing.RoutingAppender.append(RoutingAppender.java:229)
	at org.apache.logging.log4j.core.config.AppenderControl.tryCallAppender(AppenderControl.java:156)
	at org.apache.logging.log4j.core.config.AppenderControl.callAppender0(AppenderControl.java:129)
	at org.apache.logging.log4j.core.config.AppenderControl.callAppenderPreventRecursion(AppenderControl.java:120)
	at org.apache.logging.log4j.core.config.AppenderControl.callAppender(AppenderControl.java:84)
	at org.apache.logging.log4j.core.config.LoggerConfig.callAppenders(LoggerConfig.java:543)
	at org.apache.logging.log4j.core.config.LoggerConfig.processLogEvent(LoggerConfig.java:502)
	at org.apache.logging.log4j.core.config.LoggerConfig.log(LoggerConfig.java:485)
	at org.apache.logging.log4j.core.config.LoggerConfig.log(LoggerConfig.java:460)
	at org.apache.logging.log4j.core.config.AwaitCompletionReliabilityStrategy.log(AwaitCompletionReliabilityStrategy.java:82)
	at org.apache.logging.log4j.core.Logger.log(Logger.java:161)
	at org.apache.logging.log4j.spi.AbstractLogger.tryLogMessage(AbstractLogger.java:2198)
	at org.apache.logging.log4j.spi.AbstractLogger.logMessageTrackRecursion(AbstractLogger.java:2152)
	at org.apache.logging.log4j.spi.AbstractLogger.logMessageSafely(AbstractLogger.java:2135)
	at org.apache.logging.log4j.spi.AbstractLogger.logMessage(AbstractLogger.java:2011)
	at org.apache.logging.log4j.spi.AbstractLogger.logIfEnabled(AbstractLogger.java:1983)
	at org.apache.logging.log4j.spi.AbstractLogger.debug(AbstractLogger.java:327)
	at page_objects.Home.validateTotalMonthlyPayment(Home.java:119)
	at automation_test.mortgage_calculator.CalculateMonthlyPayment.calculateRate(CalculateMonthlyPayment.java:63)
	at java.base/jdk.internal.reflect.NativeMethodAccessorImpl.invoke0(Native Method)
	at java.base/jdk.internal.reflect.NativeMethodAccessorImpl.invoke(NativeMethodAccessorImpl.java:62)
	at java.base/jdk.internal.reflect.DelegatingMethodAccessorImpl.invoke(DelegatingMethodAccessorImpl.java:43)
	at java.base/java.lang.reflect.Method.invoke(Method.java:566)
	at org.testng.internal.MethodInvocationHelper.invokeMethod(MethodInvocationHelper.java:132)
	at org.testng.internal.TestInvoker.invokeMethod(TestInvoker.java:599)
	at org.testng.internal.TestInvoker.invokeTestMethod(TestInvoker.java:174)
	at org.testng.internal.MethodRunner.runInSequence(MethodRunner.java:46)
	at org.testng.internal.TestInvoker$MethodInvocationAgent.invoke(TestInvoker.java:822)
	at org.testng.internal.TestInvoker.invokeTestMethods(TestInvoker.java:147)
	at org.testng.internal.TestMethodWorker.invokeTestMethods(TestMethodWorker.java:146)
	at org.testng.internal.TestMethodWorker.run(TestMethodWorker.java:128)
	at java.base/java.util.concurrent.ThreadPoolExecutor.runWorker(ThreadPoolExecutor.java:1128)
	at java.base/java.util.concurrent.ThreadPoolExecutor$Worker.run(ThreadPoolExecutor.java:628)
	at java.base/java.lang.Thread.run(Thread.java:834)

]]></system-out>
    <system-err><![CDATA[SLF4J: Failed to load class "org.slf4j.impl.StaticLoggerBinder".
SLF4J: Defaulting to no-operation (NOP) logger implementation
SLF4J: See http://www.slf4j.org/codes.html#StaticLoggerBinder for further details.
Starting ChromeDriver 89.0.4389.23 (61b08ee2c50024bab004e48d2b1b083cdbdac579-refs/branch-heads/4389@{#294}) on port 48196
Only local connections are allowed.
Please see https://chromedriver.chromium.org/security-considerations for suggestions on keeping ChromeDriver safe.
ChromeDriver was started successfully.
Starting ChromeDriver 89.0.4389.23 (61b08ee2c50024bab004e48d2b1b083cdbdac579-refs/branch-heads/4389@{#294}) on port 5435
Only local connections are allowed.
Please see https://chromedriver.chromium.org/security-considerations for suggestions on keeping ChromeDriver safe.
ChromeDriver was started successfully.
Apr 03, 2021 5:05:19 PM org.openqa.selenium.remote.ProtocolHandshake createSession
INFO: Detected dialect: W3C
Apr 03, 2021 5:05:19 PM org.openqa.selenium.remote.ProtocolHandshake createSession
INFO: Detected dialect: W3C
]]></system-err>
  </testcase>
  <testcase name="calculateRealApr" classname="automation_test.mortgage_calculator.CalculateApr" time="0">
    <skipped message="expected [3.4%] but found [3.132%]"/>
    <system-out><![CDATA[2021-04-03 17:05:47,326 TestNG-test=Mortgage_Calculator-1 ERROR FileManager (logs/${ctx:threadName}.log) java.io.IOException: The filename, directory name, or volume label syntax is incorrect java.io.IOException: The filename, directory name, or volume label syntax is incorrect
	at java.base/java.io.WinNTFileSystem.canonicalize0(Native Method)
	at java.base/java.io.WinNTFileSystem.canonicalize(WinNTFileSystem.java:438)
	at java.base/java.io.File.getCanonicalPath(File.java:620)
	at java.base/java.io.File.getCanonicalFile(File.java:645)
	at org.apache.logging.log4j.core.util.FileUtils.makeParentDirs(FileUtils.java:133)
	at org.apache.logging.log4j.core.appender.FileManager$FileManagerFactory.createManager(FileManager.java:434)
	at org.apache.logging.log4j.core.appender.FileManager$FileManagerFactory.createManager(FileManager.java:422)
	at org.apache.logging.log4j.core.appender.AbstractManager.getManager(AbstractManager.java:113)
	at org.apache.logging.log4j.core.appender.OutputStreamManager.getManager(OutputStreamManager.java:100)
	at org.apache.logging.log4j.core.appender.FileManager.getFileManager(FileManager.java:182)
	at org.apache.logging.log4j.core.appender.FileAppender$Builder.build(FileAppender.java:96)
	at org.apache.logging.log4j.core.appender.FileAppender$Builder.build(FileAppender.java:52)
	at org.apache.logging.log4j.core.config.plugins.util.PluginBuilder.build(PluginBuilder.java:122)
	at org.apache.logging.log4j.core.config.AbstractConfiguration.createPluginObject(AbstractConfiguration.java:1002)
	at org.apache.logging.log4j.core.config.AbstractConfiguration.createConfiguration(AbstractConfiguration.java:942)
	at org.apache.logging.log4j.core.appender.routing.RoutingAppender.createAppender(RoutingAppender.java:299)
	at org.apache.logging.log4j.core.appender.routing.RoutingAppender.getControl(RoutingAppender.java:271)
	at org.apache.logging.log4j.core.appender.routing.RoutingAppender.append(RoutingAppender.java:229)
	at org.apache.logging.log4j.core.config.AppenderControl.tryCallAppender(AppenderControl.java:156)
	at org.apache.logging.log4j.core.config.AppenderControl.callAppender0(AppenderControl.java:129)
	at org.apache.logging.log4j.core.config.AppenderControl.callAppenderPreventRecursion(AppenderControl.java:120)
	at org.apache.logging.log4j.core.config.AppenderControl.callAppender(AppenderControl.java:84)
	at org.apache.logging.log4j.core.config.LoggerConfig.callAppenders(LoggerConfig.java:543)
	at org.apache.logging.log4j.core.config.LoggerConfig.processLogEvent(LoggerConfig.java:502)
	at org.apache.logging.log4j.core.config.LoggerConfig.log(LoggerConfig.java:485)
	at org.apache.logging.log4j.core.config.LoggerConfig.log(LoggerConfig.java:460)
	at org.apache.logging.log4j.core.config.AwaitCompletionReliabilityStrategy.log(AwaitCompletionReliabilityStrategy.java:82)
	at org.apache.logging.log4j.core.Logger.log(Logger.java:161)
	at org.apache.logging.log4j.spi.AbstractLogger.tryLogMessage(AbstractLogger.java:2198)
	at org.apache.logging.log4j.spi.AbstractLogger.logMessageTrackRecursion(AbstractLogger.java:2152)
	at org.apache.logging.log4j.spi.AbstractLogger.logMessageSafely(AbstractLogger.java:2135)
	at org.apache.logging.log4j.spi.AbstractLogger.logMessage(AbstractLogger.java:2011)
	at org.apache.logging.log4j.spi.AbstractLogger.logIfEnabled(AbstractLogger.java:1983)
	at org.apache.logging.log4j.spi.AbstractLogger.debug(AbstractLogger.java:327)
	at page_objects.RealApr.typeHomPrice(RealApr.java:36)
	at automation_test.mortgage_calculator.CalculateApr.calculateRealApr(CalculateApr.java:48)
	at java.base/jdk.internal.reflect.NativeMethodAccessorImpl.invoke0(Native Method)
	at java.base/jdk.internal.reflect.NativeMethodAccessorImpl.invoke(NativeMethodAccessorImpl.java:62)
	at java.base/jdk.internal.reflect.DelegatingMethodAccessorImpl.invoke(DelegatingMethodAccessorImpl.java:43)
	at java.base/java.lang.reflect.Method.invoke(Method.java:566)
	at org.testng.internal.MethodInvocationHelper.invokeMethod(MethodInvocationHelper.java:132)
	at org.testng.internal.TestInvoker.invokeMethod(TestInvoker.java:599)
	at org.testng.internal.TestInvoker.invokeTestMethod(TestInvoker.java:174)
	at org.testng.internal.MethodRunner.runInSequence(MethodRunner.java:46)
	at org.testng.internal.TestInvoker$MethodInvocationAgent.invoke(TestInvoker.java:822)
	at org.testng.internal.TestInvoker.invokeTestMethods(TestInvoker.java:147)
	at org.testng.internal.TestMethodWorker.invokeTestMethods(TestMethodWorker.java:146)
	at org.testng.internal.TestMethodWorker.run(TestMethodWorker.java:128)
	at java.base/java.util.concurrent.ThreadPoolExecutor.runWorker(ThreadPoolExecutor.java:1128)
	at java.base/java.util.concurrent.ThreadPoolExecutor$Worker.run(ThreadPoolExecutor.java:628)
	at java.base/java.lang.Thread.run(Thread.java:834)

2021-04-03 17:05:47,327 TestNG-test=Mortgage_Calculator-1 ERROR Could not create plugin of type class org.apache.logging.log4j.core.appender.FileAppender for element File: java.lang.IllegalStateException: ManagerFactory [org.apache.logging.log4j.core.appender.FileManager$FileManagerFactory@6f4b3b3a] unable to create manager for [logs/${ctx:threadName}.log] with data [org.apache.logging.log4j.core.appender.FileManager$FactoryData@2e9f16c3] java.lang.IllegalStateException: ManagerFactory [org.apache.logging.log4j.core.appender.FileManager$FileManagerFactory@6f4b3b3a] unable to create manager for [logs/${ctx:threadName}.log] with data [org.apache.logging.log4j.core.appender.FileManager$FactoryData@2e9f16c3]
	at org.apache.logging.log4j.core.appender.AbstractManager.getManager(AbstractManager.java:115)
	at org.apache.logging.log4j.core.appender.OutputStreamManager.getManager(OutputStreamManager.java:100)
	at org.apache.logging.log4j.core.appender.FileManager.getFileManager(FileManager.java:182)
	at org.apache.logging.log4j.core.appender.FileAppender$Builder.build(FileAppender.java:96)
	at org.apache.logging.log4j.core.appender.FileAppender$Builder.build(FileAppender.java:52)
	at org.apache.logging.log4j.core.config.plugins.util.PluginBuilder.build(PluginBuilder.java:122)
	at org.apache.logging.log4j.core.config.AbstractConfiguration.createPluginObject(AbstractConfiguration.java:1002)
	at org.apache.logging.log4j.core.config.AbstractConfiguration.createConfiguration(AbstractConfiguration.java:942)
	at org.apache.logging.log4j.core.appender.routing.RoutingAppender.createAppender(RoutingAppender.java:299)
	at org.apache.logging.log4j.core.appender.routing.RoutingAppender.getControl(RoutingAppender.java:271)
	at org.apache.logging.log4j.core.appender.routing.RoutingAppender.append(RoutingAppender.java:229)
	at org.apache.logging.log4j.core.config.AppenderControl.tryCallAppender(AppenderControl.java:156)
	at org.apache.logging.log4j.core.config.AppenderControl.callAppender0(AppenderControl.java:129)
	at org.apache.logging.log4j.core.config.AppenderControl.callAppenderPreventRecursion(AppenderControl.java:120)
	at org.apache.logging.log4j.core.config.AppenderControl.callAppender(AppenderControl.java:84)
	at org.apache.logging.log4j.core.config.LoggerConfig.callAppenders(LoggerConfig.java:543)
	at org.apache.logging.log4j.core.config.LoggerConfig.processLogEvent(LoggerConfig.java:502)
	at org.apache.logging.log4j.core.config.LoggerConfig.log(LoggerConfig.java:485)
	at org.apache.logging.log4j.core.config.LoggerConfig.log(LoggerConfig.java:460)
	at org.apache.logging.log4j.core.config.AwaitCompletionReliabilityStrategy.log(AwaitCompletionReliabilityStrategy.java:82)
	at org.apache.logging.log4j.core.Logger.log(Logger.java:161)
	at org.apache.logging.log4j.spi.AbstractLogger.tryLogMessage(AbstractLogger.java:2198)
	at org.apache.logging.log4j.spi.AbstractLogger.logMessageTrackRecursion(AbstractLogger.java:2152)
	at org.apache.logging.log4j.spi.AbstractLogger.logMessageSafely(AbstractLogger.java:2135)
	at org.apache.logging.log4j.spi.AbstractLogger.logMessage(AbstractLogger.java:2011)
	at org.apache.logging.log4j.spi.AbstractLogger.logIfEnabled(AbstractLogger.java:1983)
	at org.apache.logging.log4j.spi.AbstractLogger.debug(AbstractLogger.java:327)
	at page_objects.RealApr.typeHomPrice(RealApr.java:36)
	at automation_test.mortgage_calculator.CalculateApr.calculateRealApr(CalculateApr.java:48)
	at java.base/jdk.internal.reflect.NativeMethodAccessorImpl.invoke0(Native Method)
	at java.base/jdk.internal.reflect.NativeMethodAccessorImpl.invoke(NativeMethodAccessorImpl.java:62)
	at java.base/jdk.internal.reflect.DelegatingMethodAccessorImpl.invoke(DelegatingMethodAccessorImpl.java:43)
	at java.base/java.lang.reflect.Method.invoke(Method.java:566)
	at org.testng.internal.MethodInvocationHelper.invokeMethod(MethodInvocationHelper.java:132)
	at org.testng.internal.TestInvoker.invokeMethod(TestInvoker.java:599)
	at org.testng.internal.TestInvoker.invokeTestMethod(TestInvoker.java:174)
	at org.testng.internal.MethodRunner.runInSequence(MethodRunner.java:46)
	at org.testng.internal.TestInvoker$MethodInvocationAgent.invoke(TestInvoker.java:822)
	at org.testng.internal.TestInvoker.invokeTestMethods(TestInvoker.java:147)
	at org.testng.internal.TestMethodWorker.invokeTestMethods(TestMethodWorker.java:146)
	at org.testng.internal.TestMethodWorker.run(TestMethodWorker.java:128)
	at java.base/java.util.concurrent.ThreadPoolExecutor.runWorker(ThreadPoolExecutor.java:1128)
	at java.base/java.util.concurrent.ThreadPoolExecutor$Worker.run(ThreadPoolExecutor.java:628)
	at java.base/java.lang.Thread.run(Thread.java:834)

2021-04-03 17:05:47,328 TestNG-test=Mortgage_Calculator-1 ERROR Unable to invoke factory method in class org.apache.logging.log4j.core.appender.FileAppender for element File: java.lang.IllegalStateException: No factory method found for class org.apache.logging.log4j.core.appender.FileAppender java.lang.IllegalStateException: No factory method found for class org.apache.logging.log4j.core.appender.FileAppender
	at org.apache.logging.log4j.core.config.plugins.util.PluginBuilder.findFactoryMethod(PluginBuilder.java:234)
	at org.apache.logging.log4j.core.config.plugins.util.PluginBuilder.build(PluginBuilder.java:134)
	at org.apache.logging.log4j.core.config.AbstractConfiguration.createPluginObject(AbstractConfiguration.java:1002)
	at org.apache.logging.log4j.core.config.AbstractConfiguration.createConfiguration(AbstractConfiguration.java:942)
	at org.apache.logging.log4j.core.appender.routing.RoutingAppender.createAppender(RoutingAppender.java:299)
	at org.apache.logging.log4j.core.appender.routing.RoutingAppender.getControl(RoutingAppender.java:271)
	at org.apache.logging.log4j.core.appender.routing.RoutingAppender.append(RoutingAppender.java:229)
	at org.apache.logging.log4j.core.config.AppenderControl.tryCallAppender(AppenderControl.java:156)
	at org.apache.logging.log4j.core.config.AppenderControl.callAppender0(AppenderControl.java:129)
	at org.apache.logging.log4j.core.config.AppenderControl.callAppenderPreventRecursion(AppenderControl.java:120)
	at org.apache.logging.log4j.core.config.AppenderControl.callAppender(AppenderControl.java:84)
	at org.apache.logging.log4j.core.config.LoggerConfig.callAppenders(LoggerConfig.java:543)
	at org.apache.logging.log4j.core.config.LoggerConfig.processLogEvent(LoggerConfig.java:502)
	at org.apache.logging.log4j.core.config.LoggerConfig.log(LoggerConfig.java:485)
	at org.apache.logging.log4j.core.config.LoggerConfig.log(LoggerConfig.java:460)
	at org.apache.logging.log4j.core.config.AwaitCompletionReliabilityStrategy.log(AwaitCompletionReliabilityStrategy.java:82)
	at org.apache.logging.log4j.core.Logger.log(Logger.java:161)
	at org.apache.logging.log4j.spi.AbstractLogger.tryLogMessage(AbstractLogger.java:2198)
	at org.apache.logging.log4j.spi.AbstractLogger.logMessageTrackRecursion(AbstractLogger.java:2152)
	at org.apache.logging.log4j.spi.AbstractLogger.logMessageSafely(AbstractLogger.java:2135)
	at org.apache.logging.log4j.spi.AbstractLogger.logMessage(AbstractLogger.java:2011)
	at org.apache.logging.log4j.spi.AbstractLogger.logIfEnabled(AbstractLogger.java:1983)
	at org.apache.logging.log4j.spi.AbstractLogger.debug(AbstractLogger.java:327)
	at page_objects.RealApr.typeHomPrice(RealApr.java:36)
	at automation_test.mortgage_calculator.CalculateApr.calculateRealApr(CalculateApr.java:48)
	at java.base/jdk.internal.reflect.NativeMethodAccessorImpl.invoke0(Native Method)
	at java.base/jdk.internal.reflect.NativeMethodAccessorImpl.invoke(NativeMethodAccessorImpl.java:62)
	at java.base/jdk.internal.reflect.DelegatingMethodAccessorImpl.invoke(DelegatingMethodAccessorImpl.java:43)
	at java.base/java.lang.reflect.Method.invoke(Method.java:566)
	at org.testng.internal.MethodInvocationHelper.invokeMethod(MethodInvocationHelper.java:132)
	at org.testng.internal.TestInvoker.invokeMethod(TestInvoker.java:599)
	at org.testng.internal.TestInvoker.invokeTestMethod(TestInvoker.java:174)
	at org.testng.internal.MethodRunner.runInSequence(MethodRunner.java:46)
	at org.testng.internal.TestInvoker$MethodInvocationAgent.invoke(TestInvoker.java:822)
	at org.testng.internal.TestInvoker.invokeTestMethods(TestInvoker.java:147)
	at org.testng.internal.TestMethodWorker.invokeTestMethods(TestMethodWorker.java:146)
	at org.testng.internal.TestMethodWorker.run(TestMethodWorker.java:128)
	at java.base/java.util.concurrent.ThreadPoolExecutor.runWorker(ThreadPoolExecutor.java:1128)
	at java.base/java.util.concurrent.ThreadPoolExecutor$Worker.run(ThreadPoolExecutor.java:628)
	at java.base/java.lang.Thread.run(Thread.java:834)

2021-04-03 17:05:48,067 TestNG-test=Mortgage_Calculator-1 ERROR FileManager (logs/${ctx:threadName}.log) java.io.IOException: The filename, directory name, or volume label syntax is incorrect java.io.IOException: The filename, directory name, or volume label syntax is incorrect
	at java.base/java.io.WinNTFileSystem.canonicalize0(Native Method)
	at java.base/java.io.WinNTFileSystem.canonicalize(WinNTFileSystem.java:438)
	at java.base/java.io.File.getCanonicalPath(File.java:620)
	at java.base/java.io.File.getCanonicalFile(File.java:645)
	at org.apache.logging.log4j.core.util.FileUtils.makeParentDirs(FileUtils.java:133)
	at org.apache.logging.log4j.core.appender.FileManager$FileManagerFactory.createManager(FileManager.java:434)
	at org.apache.logging.log4j.core.appender.FileManager$FileManagerFactory.createManager(FileManager.java:422)
	at org.apache.logging.log4j.core.appender.AbstractManager.getManager(AbstractManager.java:113)
	at org.apache.logging.log4j.core.appender.OutputStreamManager.getManager(OutputStreamManager.java:100)
	at org.apache.logging.log4j.core.appender.FileManager.getFileManager(FileManager.java:182)
	at org.apache.logging.log4j.core.appender.FileAppender$Builder.build(FileAppender.java:96)
	at org.apache.logging.log4j.core.appender.FileAppender$Builder.build(FileAppender.java:52)
	at org.apache.logging.log4j.core.config.plugins.util.PluginBuilder.build(PluginBuilder.java:122)
	at org.apache.logging.log4j.core.config.AbstractConfiguration.createPluginObject(AbstractConfiguration.java:1002)
	at org.apache.logging.log4j.core.config.AbstractConfiguration.createConfiguration(AbstractConfiguration.java:942)
	at org.apache.logging.log4j.core.appender.routing.RoutingAppender.createAppender(RoutingAppender.java:299)
	at org.apache.logging.log4j.core.appender.routing.RoutingAppender.getControl(RoutingAppender.java:271)
	at org.apache.logging.log4j.core.appender.routing.RoutingAppender.append(RoutingAppender.java:229)
	at org.apache.logging.log4j.core.config.AppenderControl.tryCallAppender(AppenderControl.java:156)
	at org.apache.logging.log4j.core.config.AppenderControl.callAppender0(AppenderControl.java:129)
	at org.apache.logging.log4j.core.config.AppenderControl.callAppenderPreventRecursion(AppenderControl.java:120)
	at org.apache.logging.log4j.core.config.AppenderControl.callAppender(AppenderControl.java:84)
	at org.apache.logging.log4j.core.config.LoggerConfig.callAppenders(LoggerConfig.java:543)
	at org.apache.logging.log4j.core.config.LoggerConfig.processLogEvent(LoggerConfig.java:502)
	at org.apache.logging.log4j.core.config.LoggerConfig.log(LoggerConfig.java:485)
	at org.apache.logging.log4j.core.config.LoggerConfig.log(LoggerConfig.java:460)
	at org.apache.logging.log4j.core.config.AwaitCompletionReliabilityStrategy.log(AwaitCompletionReliabilityStrategy.java:82)
	at org.apache.logging.log4j.core.Logger.log(Logger.java:161)
	at org.apache.logging.log4j.spi.AbstractLogger.tryLogMessage(AbstractLogger.java:2198)
	at org.apache.logging.log4j.spi.AbstractLogger.logMessageTrackRecursion(AbstractLogger.java:2152)
	at org.apache.logging.log4j.spi.AbstractLogger.logMessageSafely(AbstractLogger.java:2135)
	at org.apache.logging.log4j.spi.AbstractLogger.logMessage(AbstractLogger.java:2011)
	at org.apache.logging.log4j.spi.AbstractLogger.logIfEnabled(AbstractLogger.java:1983)
	at org.apache.logging.log4j.spi.AbstractLogger.debug(AbstractLogger.java:327)
	at page_objects.RealApr.typeDownPayment(RealApr.java:42)
	at automation_test.mortgage_calculator.CalculateApr.calculateRealApr(CalculateApr.java:49)
	at java.base/jdk.internal.reflect.NativeMethodAccessorImpl.invoke0(Native Method)
	at java.base/jdk.internal.reflect.NativeMethodAccessorImpl.invoke(NativeMethodAccessorImpl.java:62)
	at java.base/jdk.internal.reflect.DelegatingMethodAccessorImpl.invoke(DelegatingMethodAccessorImpl.java:43)
	at java.base/java.lang.reflect.Method.invoke(Method.java:566)
	at org.testng.internal.MethodInvocationHelper.invokeMethod(MethodInvocationHelper.java:132)
	at org.testng.internal.TestInvoker.invokeMethod(TestInvoker.java:599)
	at org.testng.internal.TestInvoker.invokeTestMethod(TestInvoker.java:174)
	at org.testng.internal.MethodRunner.runInSequence(MethodRunner.java:46)
	at org.testng.internal.TestInvoker$MethodInvocationAgent.invoke(TestInvoker.java:822)
	at org.testng.internal.TestInvoker.invokeTestMethods(TestInvoker.java:147)
	at org.testng.internal.TestMethodWorker.invokeTestMethods(TestMethodWorker.java:146)
	at org.testng.internal.TestMethodWorker.run(TestMethodWorker.java:128)
	at java.base/java.util.concurrent.ThreadPoolExecutor.runWorker(ThreadPoolExecutor.java:1128)
	at java.base/java.util.concurrent.ThreadPoolExecutor$Worker.run(ThreadPoolExecutor.java:628)
	at java.base/java.lang.Thread.run(Thread.java:834)

2021-04-03 17:05:48,068 TestNG-test=Mortgage_Calculator-1 ERROR Could not create plugin of type class org.apache.logging.log4j.core.appender.FileAppender for element File: java.lang.IllegalStateException: ManagerFactory [org.apache.logging.log4j.core.appender.FileManager$FileManagerFactory@6f4b3b3a] unable to create manager for [logs/${ctx:threadName}.log] with data [org.apache.logging.log4j.core.appender.FileManager$FactoryData@adc6bfd] java.lang.IllegalStateException: ManagerFactory [org.apache.logging.log4j.core.appender.FileManager$FileManagerFactory@6f4b3b3a] unable to create manager for [logs/${ctx:threadName}.log] with data [org.apache.logging.log4j.core.appender.FileManager$FactoryData@adc6bfd]
	at org.apache.logging.log4j.core.appender.AbstractManager.getManager(AbstractManager.java:115)
	at org.apache.logging.log4j.core.appender.OutputStreamManager.getManager(OutputStreamManager.java:100)
	at org.apache.logging.log4j.core.appender.FileManager.getFileManager(FileManager.java:182)
	at org.apache.logging.log4j.core.appender.FileAppender$Builder.build(FileAppender.java:96)
	at org.apache.logging.log4j.core.appender.FileAppender$Builder.build(FileAppender.java:52)
	at org.apache.logging.log4j.core.config.plugins.util.PluginBuilder.build(PluginBuilder.java:122)
	at org.apache.logging.log4j.core.config.AbstractConfiguration.createPluginObject(AbstractConfiguration.java:1002)
	at org.apache.logging.log4j.core.config.AbstractConfiguration.createConfiguration(AbstractConfiguration.java:942)
	at org.apache.logging.log4j.core.appender.routing.RoutingAppender.createAppender(RoutingAppender.java:299)
	at org.apache.logging.log4j.core.appender.routing.RoutingAppender.getControl(RoutingAppender.java:271)
	at org.apache.logging.log4j.core.appender.routing.RoutingAppender.append(RoutingAppender.java:229)
	at org.apache.logging.log4j.core.config.AppenderControl.tryCallAppender(AppenderControl.java:156)
	at org.apache.logging.log4j.core.config.AppenderControl.callAppender0(AppenderControl.java:129)
	at org.apache.logging.log4j.core.config.AppenderControl.callAppenderPreventRecursion(AppenderControl.java:120)
	at org.apache.logging.log4j.core.config.AppenderControl.callAppender(AppenderControl.java:84)
	at org.apache.logging.log4j.core.config.LoggerConfig.callAppenders(LoggerConfig.java:543)
	at org.apache.logging.log4j.core.config.LoggerConfig.processLogEvent(LoggerConfig.java:502)
	at org.apache.logging.log4j.core.config.LoggerConfig.log(LoggerConfig.java:485)
	at org.apache.logging.log4j.core.config.LoggerConfig.log(LoggerConfig.java:460)
	at org.apache.logging.log4j.core.config.AwaitCompletionReliabilityStrategy.log(AwaitCompletionReliabilityStrategy.java:82)
	at org.apache.logging.log4j.core.Logger.log(Logger.java:161)
	at org.apache.logging.log4j.spi.AbstractLogger.tryLogMessage(AbstractLogger.java:2198)
	at org.apache.logging.log4j.spi.AbstractLogger.logMessageTrackRecursion(AbstractLogger.java:2152)
	at org.apache.logging.log4j.spi.AbstractLogger.logMessageSafely(AbstractLogger.java:2135)
	at org.apache.logging.log4j.spi.AbstractLogger.logMessage(AbstractLogger.java:2011)
	at org.apache.logging.log4j.spi.AbstractLogger.logIfEnabled(AbstractLogger.java:1983)
	at org.apache.logging.log4j.spi.AbstractLogger.debug(AbstractLogger.java:327)
	at page_objects.RealApr.typeDownPayment(RealApr.java:42)
	at automation_test.mortgage_calculator.CalculateApr.calculateRealApr(CalculateApr.java:49)
	at java.base/jdk.internal.reflect.NativeMethodAccessorImpl.invoke0(Native Method)
	at java.base/jdk.internal.reflect.NativeMethodAccessorImpl.invoke(NativeMethodAccessorImpl.java:62)
	at java.base/jdk.internal.reflect.DelegatingMethodAccessorImpl.invoke(DelegatingMethodAccessorImpl.java:43)
	at java.base/java.lang.reflect.Method.invoke(Method.java:566)
	at org.testng.internal.MethodInvocationHelper.invokeMethod(MethodInvocationHelper.java:132)
	at org.testng.internal.TestInvoker.invokeMethod(TestInvoker.java:599)
	at org.testng.internal.TestInvoker.invokeTestMethod(TestInvoker.java:174)
	at org.testng.internal.MethodRunner.runInSequence(MethodRunner.java:46)
	at org.testng.internal.TestInvoker$MethodInvocationAgent.invoke(TestInvoker.java:822)
	at org.testng.internal.TestInvoker.invokeTestMethods(TestInvoker.java:147)
	at org.testng.internal.TestMethodWorker.invokeTestMethods(TestMethodWorker.java:146)
	at org.testng.internal.TestMethodWorker.run(TestMethodWorker.java:128)
	at java.base/java.util.concurrent.ThreadPoolExecutor.runWorker(ThreadPoolExecutor.java:1128)
	at java.base/java.util.concurrent.ThreadPoolExecutor$Worker.run(ThreadPoolExecutor.java:628)
	at java.base/java.lang.Thread.run(Thread.java:834)

2021-04-03 17:05:48,068 TestNG-test=Mortgage_Calculator-1 ERROR Unable to invoke factory method in class org.apache.logging.log4j.core.appender.FileAppender for element File: java.lang.IllegalStateException: No factory method found for class org.apache.logging.log4j.core.appender.FileAppender java.lang.IllegalStateException: No factory method found for class org.apache.logging.log4j.core.appender.FileAppender
	at org.apache.logging.log4j.core.config.plugins.util.PluginBuilder.findFactoryMethod(PluginBuilder.java:234)
	at org.apache.logging.log4j.core.config.plugins.util.PluginBuilder.build(PluginBuilder.java:134)
	at org.apache.logging.log4j.core.config.AbstractConfiguration.createPluginObject(AbstractConfiguration.java:1002)
	at org.apache.logging.log4j.core.config.AbstractConfiguration.createConfiguration(AbstractConfiguration.java:942)
	at org.apache.logging.log4j.core.appender.routing.RoutingAppender.createAppender(RoutingAppender.java:299)
	at org.apache.logging.log4j.core.appender.routing.RoutingAppender.getControl(RoutingAppender.java:271)
	at org.apache.logging.log4j.core.appender.routing.RoutingAppender.append(RoutingAppender.java:229)
	at org.apache.logging.log4j.core.config.AppenderControl.tryCallAppender(AppenderControl.java:156)
	at org.apache.logging.log4j.core.config.AppenderControl.callAppender0(AppenderControl.java:129)
	at org.apache.logging.log4j.core.config.AppenderControl.callAppenderPreventRecursion(AppenderControl.java:120)
	at org.apache.logging.log4j.core.config.AppenderControl.callAppender(AppenderControl.java:84)
	at org.apache.logging.log4j.core.config.LoggerConfig.callAppenders(LoggerConfig.java:543)
	at org.apache.logging.log4j.core.config.LoggerConfig.processLogEvent(LoggerConfig.java:502)
	at org.apache.logging.log4j.core.config.LoggerConfig.log(LoggerConfig.java:485)
	at org.apache.logging.log4j.core.config.LoggerConfig.log(LoggerConfig.java:460)
	at org.apache.logging.log4j.core.config.AwaitCompletionReliabilityStrategy.log(AwaitCompletionReliabilityStrategy.java:82)
	at org.apache.logging.log4j.core.Logger.log(Logger.java:161)
	at org.apache.logging.log4j.spi.AbstractLogger.tryLogMessage(AbstractLogger.java:2198)
	at org.apache.logging.log4j.spi.AbstractLogger.logMessageTrackRecursion(AbstractLogger.java:2152)
	at org.apache.logging.log4j.spi.AbstractLogger.logMessageSafely(AbstractLogger.java:2135)
	at org.apache.logging.log4j.spi.AbstractLogger.logMessage(AbstractLogger.java:2011)
	at org.apache.logging.log4j.spi.AbstractLogger.logIfEnabled(AbstractLogger.java:1983)
	at org.apache.logging.log4j.spi.AbstractLogger.debug(AbstractLogger.java:327)
	at page_objects.RealApr.typeDownPayment(RealApr.java:42)
	at automation_test.mortgage_calculator.CalculateApr.calculateRealApr(CalculateApr.java:49)
	at java.base/jdk.internal.reflect.NativeMethodAccessorImpl.invoke0(Native Method)
	at java.base/jdk.internal.reflect.NativeMethodAccessorImpl.invoke(NativeMethodAccessorImpl.java:62)
	at java.base/jdk.internal.reflect.DelegatingMethodAccessorImpl.invoke(DelegatingMethodAccessorImpl.java:43)
	at java.base/java.lang.reflect.Method.invoke(Method.java:566)
	at org.testng.internal.MethodInvocationHelper.invokeMethod(MethodInvocationHelper.java:132)
	at org.testng.internal.TestInvoker.invokeMethod(TestInvoker.java:599)
	at org.testng.internal.TestInvoker.invokeTestMethod(TestInvoker.java:174)
	at org.testng.internal.MethodRunner.runInSequence(MethodRunner.java:46)
	at org.testng.internal.TestInvoker$MethodInvocationAgent.invoke(TestInvoker.java:822)
	at org.testng.internal.TestInvoker.invokeTestMethods(TestInvoker.java:147)
	at org.testng.internal.TestMethodWorker.invokeTestMethods(TestMethodWorker.java:146)
	at org.testng.internal.TestMethodWorker.run(TestMethodWorker.java:128)
	at java.base/java.util.concurrent.ThreadPoolExecutor.runWorker(ThreadPoolExecutor.java:1128)
	at java.base/java.util.concurrent.ThreadPoolExecutor$Worker.run(ThreadPoolExecutor.java:628)
	at java.base/java.lang.Thread.run(Thread.java:834)

2021-04-03 17:05:48,478 TestNG-test=Mortgage_Calculator-1 ERROR FileManager (logs/${ctx:threadName}.log) java.io.IOException: The filename, directory name, or volume label syntax is incorrect java.io.IOException: The filename, directory name, or volume label syntax is incorrect
	at java.base/java.io.WinNTFileSystem.canonicalize0(Native Method)
	at java.base/java.io.WinNTFileSystem.canonicalize(WinNTFileSystem.java:438)
	at java.base/java.io.File.getCanonicalPath(File.java:620)
	at java.base/java.io.File.getCanonicalFile(File.java:645)
	at org.apache.logging.log4j.core.util.FileUtils.makeParentDirs(FileUtils.java:133)
	at org.apache.logging.log4j.core.appender.FileManager$FileManagerFactory.createManager(FileManager.java:434)
	at org.apache.logging.log4j.core.appender.FileManager$FileManagerFactory.createManager(FileManager.java:422)
	at org.apache.logging.log4j.core.appender.AbstractManager.getManager(AbstractManager.java:113)
	at org.apache.logging.log4j.core.appender.OutputStreamManager.getManager(OutputStreamManager.java:100)
	at org.apache.logging.log4j.core.appender.FileManager.getFileManager(FileManager.java:182)
	at org.apache.logging.log4j.core.appender.FileAppender$Builder.build(FileAppender.java:96)
	at org.apache.logging.log4j.core.appender.FileAppender$Builder.build(FileAppender.java:52)
	at org.apache.logging.log4j.core.config.plugins.util.PluginBuilder.build(PluginBuilder.java:122)
	at org.apache.logging.log4j.core.config.AbstractConfiguration.createPluginObject(AbstractConfiguration.java:1002)
	at org.apache.logging.log4j.core.config.AbstractConfiguration.createConfiguration(AbstractConfiguration.java:942)
	at org.apache.logging.log4j.core.appender.routing.RoutingAppender.createAppender(RoutingAppender.java:299)
	at org.apache.logging.log4j.core.appender.routing.RoutingAppender.getControl(RoutingAppender.java:271)
	at org.apache.logging.log4j.core.appender.routing.RoutingAppender.append(RoutingAppender.java:229)
	at org.apache.logging.log4j.core.config.AppenderControl.tryCallAppender(AppenderControl.java:156)
	at org.apache.logging.log4j.core.config.AppenderControl.callAppender0(AppenderControl.java:129)
	at org.apache.logging.log4j.core.config.AppenderControl.callAppenderPreventRecursion(AppenderControl.java:120)
	at org.apache.logging.log4j.core.config.AppenderControl.callAppender(AppenderControl.java:84)
	at org.apache.logging.log4j.core.config.LoggerConfig.callAppenders(LoggerConfig.java:543)
	at org.apache.logging.log4j.core.config.LoggerConfig.processLogEvent(LoggerConfig.java:502)
	at org.apache.logging.log4j.core.config.LoggerConfig.log(LoggerConfig.java:485)
	at org.apache.logging.log4j.core.config.LoggerConfig.log(LoggerConfig.java:460)
	at org.apache.logging.log4j.core.config.AwaitCompletionReliabilityStrategy.log(AwaitCompletionReliabilityStrategy.java:82)
	at org.apache.logging.log4j.core.Logger.log(Logger.java:161)
	at org.apache.logging.log4j.spi.AbstractLogger.tryLogMessage(AbstractLogger.java:2198)
	at org.apache.logging.log4j.spi.AbstractLogger.logMessageTrackRecursion(AbstractLogger.java:2152)
	at org.apache.logging.log4j.spi.AbstractLogger.logMessageSafely(AbstractLogger.java:2135)
	at org.apache.logging.log4j.spi.AbstractLogger.logMessage(AbstractLogger.java:2011)
	at org.apache.logging.log4j.spi.AbstractLogger.logIfEnabled(AbstractLogger.java:1983)
	at org.apache.logging.log4j.spi.AbstractLogger.debug(AbstractLogger.java:327)
	at page_objects.RealApr.clickDownPaymentInDollarRadioBtn(RealApr.java:48)
	at automation_test.mortgage_calculator.CalculateApr.calculateRealApr(CalculateApr.java:50)
	at java.base/jdk.internal.reflect.NativeMethodAccessorImpl.invoke0(Native Method)
	at java.base/jdk.internal.reflect.NativeMethodAccessorImpl.invoke(NativeMethodAccessorImpl.java:62)
	at java.base/jdk.internal.reflect.DelegatingMethodAccessorImpl.invoke(DelegatingMethodAccessorImpl.java:43)
	at java.base/java.lang.reflect.Method.invoke(Method.java:566)
	at org.testng.internal.MethodInvocationHelper.invokeMethod(MethodInvocationHelper.java:132)
	at org.testng.internal.TestInvoker.invokeMethod(TestInvoker.java:599)
	at org.testng.internal.TestInvoker.invokeTestMethod(TestInvoker.java:174)
	at org.testng.internal.MethodRunner.runInSequence(MethodRunner.java:46)
	at org.testng.internal.TestInvoker$MethodInvocationAgent.invoke(TestInvoker.java:822)
	at org.testng.internal.TestInvoker.invokeTestMethods(TestInvoker.java:147)
	at org.testng.internal.TestMethodWorker.invokeTestMethods(TestMethodWorker.java:146)
	at org.testng.internal.TestMethodWorker.run(TestMethodWorker.java:128)
	at java.base/java.util.concurrent.ThreadPoolExecutor.runWorker(ThreadPoolExecutor.java:1128)
	at java.base/java.util.concurrent.ThreadPoolExecutor$Worker.run(ThreadPoolExecutor.java:628)
	at java.base/java.lang.Thread.run(Thread.java:834)

2021-04-03 17:05:48,479 TestNG-test=Mortgage_Calculator-1 ERROR Could not create plugin of type class org.apache.logging.log4j.core.appender.FileAppender for element File: java.lang.IllegalStateException: ManagerFactory [org.apache.logging.log4j.core.appender.FileManager$FileManagerFactory@6f4b3b3a] unable to create manager for [logs/${ctx:threadName}.log] with data [org.apache.logging.log4j.core.appender.FileManager$FactoryData@21108ed8] java.lang.IllegalStateException: ManagerFactory [org.apache.logging.log4j.core.appender.FileManager$FileManagerFactory@6f4b3b3a] unable to create manager for [logs/${ctx:threadName}.log] with data [org.apache.logging.log4j.core.appender.FileManager$FactoryData@21108ed8]
	at org.apache.logging.log4j.core.appender.AbstractManager.getManager(AbstractManager.java:115)
	at org.apache.logging.log4j.core.appender.OutputStreamManager.getManager(OutputStreamManager.java:100)
	at org.apache.logging.log4j.core.appender.FileManager.getFileManager(FileManager.java:182)
	at org.apache.logging.log4j.core.appender.FileAppender$Builder.build(FileAppender.java:96)
	at org.apache.logging.log4j.core.appender.FileAppender$Builder.build(FileAppender.java:52)
	at org.apache.logging.log4j.core.config.plugins.util.PluginBuilder.build(PluginBuilder.java:122)
	at org.apache.logging.log4j.core.config.AbstractConfiguration.createPluginObject(AbstractConfiguration.java:1002)
	at org.apache.logging.log4j.core.config.AbstractConfiguration.createConfiguration(AbstractConfiguration.java:942)
	at org.apache.logging.log4j.core.appender.routing.RoutingAppender.createAppender(RoutingAppender.java:299)
	at org.apache.logging.log4j.core.appender.routing.RoutingAppender.getControl(RoutingAppender.java:271)
	at org.apache.logging.log4j.core.appender.routing.RoutingAppender.append(RoutingAppender.java:229)
	at org.apache.logging.log4j.core.config.AppenderControl.tryCallAppender(AppenderControl.java:156)
	at org.apache.logging.log4j.core.config.AppenderControl.callAppender0(AppenderControl.java:129)
	at org.apache.logging.log4j.core.config.AppenderControl.callAppenderPreventRecursion(AppenderControl.java:120)
	at org.apache.logging.log4j.core.config.AppenderControl.callAppender(AppenderControl.java:84)
	at org.apache.logging.log4j.core.config.LoggerConfig.callAppenders(LoggerConfig.java:543)
	at org.apache.logging.log4j.core.config.LoggerConfig.processLogEvent(LoggerConfig.java:502)
	at org.apache.logging.log4j.core.config.LoggerConfig.log(LoggerConfig.java:485)
	at org.apache.logging.log4j.core.config.LoggerConfig.log(LoggerConfig.java:460)
	at org.apache.logging.log4j.core.config.AwaitCompletionReliabilityStrategy.log(AwaitCompletionReliabilityStrategy.java:82)
	at org.apache.logging.log4j.core.Logger.log(Logger.java:161)
	at org.apache.logging.log4j.spi.AbstractLogger.tryLogMessage(AbstractLogger.java:2198)
	at org.apache.logging.log4j.spi.AbstractLogger.logMessageTrackRecursion(AbstractLogger.java:2152)
	at org.apache.logging.log4j.spi.AbstractLogger.logMessageSafely(AbstractLogger.java:2135)
	at org.apache.logging.log4j.spi.AbstractLogger.logMessage(AbstractLogger.java:2011)
	at org.apache.logging.log4j.spi.AbstractLogger.logIfEnabled(AbstractLogger.java:1983)
	at org.apache.logging.log4j.spi.AbstractLogger.debug(AbstractLogger.java:327)
	at page_objects.RealApr.clickDownPaymentInDollarRadioBtn(RealApr.java:48)
	at automation_test.mortgage_calculator.CalculateApr.calculateRealApr(CalculateApr.java:50)
	at java.base/jdk.internal.reflect.NativeMethodAccessorImpl.invoke0(Native Method)
	at java.base/jdk.internal.reflect.NativeMethodAccessorImpl.invoke(NativeMethodAccessorImpl.java:62)
	at java.base/jdk.internal.reflect.DelegatingMethodAccessorImpl.invoke(DelegatingMethodAccessorImpl.java:43)
	at java.base/java.lang.reflect.Method.invoke(Method.java:566)
	at org.testng.internal.MethodInvocationHelper.invokeMethod(MethodInvocationHelper.java:132)
	at org.testng.internal.TestInvoker.invokeMethod(TestInvoker.java:599)
	at org.testng.internal.TestInvoker.invokeTestMethod(TestInvoker.java:174)
	at org.testng.internal.MethodRunner.runInSequence(MethodRunner.java:46)
	at org.testng.internal.TestInvoker$MethodInvocationAgent.invoke(TestInvoker.java:822)
	at org.testng.internal.TestInvoker.invokeTestMethods(TestInvoker.java:147)
	at org.testng.internal.TestMethodWorker.invokeTestMethods(TestMethodWorker.java:146)
	at org.testng.internal.TestMethodWorker.run(TestMethodWorker.java:128)
	at java.base/java.util.concurrent.ThreadPoolExecutor.runWorker(ThreadPoolExecutor.java:1128)
	at java.base/java.util.concurrent.ThreadPoolExecutor$Worker.run(ThreadPoolExecutor.java:628)
	at java.base/java.lang.Thread.run(Thread.java:834)

2021-04-03 17:05:48,480 TestNG-test=Mortgage_Calculator-1 ERROR Unable to invoke factory method in class org.apache.logging.log4j.core.appender.FileAppender for element File: java.lang.IllegalStateException: No factory method found for class org.apache.logging.log4j.core.appender.FileAppender java.lang.IllegalStateException: No factory method found for class org.apache.logging.log4j.core.appender.FileAppender
	at org.apache.logging.log4j.core.config.plugins.util.PluginBuilder.findFactoryMethod(PluginBuilder.java:234)
	at org.apache.logging.log4j.core.config.plugins.util.PluginBuilder.build(PluginBuilder.java:134)
	at org.apache.logging.log4j.core.config.AbstractConfiguration.createPluginObject(AbstractConfiguration.java:1002)
	at org.apache.logging.log4j.core.config.AbstractConfiguration.createConfiguration(AbstractConfiguration.java:942)
	at org.apache.logging.log4j.core.appender.routing.RoutingAppender.createAppender(RoutingAppender.java:299)
	at org.apache.logging.log4j.core.appender.routing.RoutingAppender.getControl(RoutingAppender.java:271)
	at org.apache.logging.log4j.core.appender.routing.RoutingAppender.append(RoutingAppender.java:229)
	at org.apache.logging.log4j.core.config.AppenderControl.tryCallAppender(AppenderControl.java:156)
	at org.apache.logging.log4j.core.config.AppenderControl.callAppender0(AppenderControl.java:129)
	at org.apache.logging.log4j.core.config.AppenderControl.callAppenderPreventRecursion(AppenderControl.java:120)
	at org.apache.logging.log4j.core.config.AppenderControl.callAppender(AppenderControl.java:84)
	at org.apache.logging.log4j.core.config.LoggerConfig.callAppenders(LoggerConfig.java:543)
	at org.apache.logging.log4j.core.config.LoggerConfig.processLogEvent(LoggerConfig.java:502)
	at org.apache.logging.log4j.core.config.LoggerConfig.log(LoggerConfig.java:485)
	at org.apache.logging.log4j.core.config.LoggerConfig.log(LoggerConfig.java:460)
	at org.apache.logging.log4j.core.config.AwaitCompletionReliabilityStrategy.log(AwaitCompletionReliabilityStrategy.java:82)
	at org.apache.logging.log4j.core.Logger.log(Logger.java:161)
	at org.apache.logging.log4j.spi.AbstractLogger.tryLogMessage(AbstractLogger.java:2198)
	at org.apache.logging.log4j.spi.AbstractLogger.logMessageTrackRecursion(AbstractLogger.java:2152)
	at org.apache.logging.log4j.spi.AbstractLogger.logMessageSafely(AbstractLogger.java:2135)
	at org.apache.logging.log4j.spi.AbstractLogger.logMessage(AbstractLogger.java:2011)
	at org.apache.logging.log4j.spi.AbstractLogger.logIfEnabled(AbstractLogger.java:1983)
	at org.apache.logging.log4j.spi.AbstractLogger.debug(AbstractLogger.java:327)
	at page_objects.RealApr.clickDownPaymentInDollarRadioBtn(RealApr.java:48)
	at automation_test.mortgage_calculator.CalculateApr.calculateRealApr(CalculateApr.java:50)
	at java.base/jdk.internal.reflect.NativeMethodAccessorImpl.invoke0(Native Method)
	at java.base/jdk.internal.reflect.NativeMethodAccessorImpl.invoke(NativeMethodAccessorImpl.java:62)
	at java.base/jdk.internal.reflect.DelegatingMethodAccessorImpl.invoke(DelegatingMethodAccessorImpl.java:43)
	at java.base/java.lang.reflect.Method.invoke(Method.java:566)
	at org.testng.internal.MethodInvocationHelper.invokeMethod(MethodInvocationHelper.java:132)
	at org.testng.internal.TestInvoker.invokeMethod(TestInvoker.java:599)
	at org.testng.internal.TestInvoker.invokeTestMethod(TestInvoker.java:174)
	at org.testng.internal.MethodRunner.runInSequence(MethodRunner.java:46)
	at org.testng.internal.TestInvoker$MethodInvocationAgent.invoke(TestInvoker.java:822)
	at org.testng.internal.TestInvoker.invokeTestMethods(TestInvoker.java:147)
	at org.testng.internal.TestMethodWorker.invokeTestMethods(TestMethodWorker.java:146)
	at org.testng.internal.TestMethodWorker.run(TestMethodWorker.java:128)
	at java.base/java.util.concurrent.ThreadPoolExecutor.runWorker(ThreadPoolExecutor.java:1128)
	at java.base/java.util.concurrent.ThreadPoolExecutor$Worker.run(ThreadPoolExecutor.java:628)
	at java.base/java.lang.Thread.run(Thread.java:834)

2021-04-03 17:05:48,647 TestNG-test=Mortgage_Calculator-1 ERROR FileManager (logs/${ctx:threadName}.log) java.io.IOException: The filename, directory name, or volume label syntax is incorrect java.io.IOException: The filename, directory name, or volume label syntax is incorrect
	at java.base/java.io.WinNTFileSystem.canonicalize0(Native Method)
	at java.base/java.io.WinNTFileSystem.canonicalize(WinNTFileSystem.java:438)
	at java.base/java.io.File.getCanonicalPath(File.java:620)
	at java.base/java.io.File.getCanonicalFile(File.java:645)
	at org.apache.logging.log4j.core.util.FileUtils.makeParentDirs(FileUtils.java:133)
	at org.apache.logging.log4j.core.appender.FileManager$FileManagerFactory.createManager(FileManager.java:434)
	at org.apache.logging.log4j.core.appender.FileManager$FileManagerFactory.createManager(FileManager.java:422)
	at org.apache.logging.log4j.core.appender.AbstractManager.getManager(AbstractManager.java:113)
	at org.apache.logging.log4j.core.appender.OutputStreamManager.getManager(OutputStreamManager.java:100)
	at org.apache.logging.log4j.core.appender.FileManager.getFileManager(FileManager.java:182)
	at org.apache.logging.log4j.core.appender.FileAppender$Builder.build(FileAppender.java:96)
	at org.apache.logging.log4j.core.appender.FileAppender$Builder.build(FileAppender.java:52)
	at org.apache.logging.log4j.core.config.plugins.util.PluginBuilder.build(PluginBuilder.java:122)
	at org.apache.logging.log4j.core.config.AbstractConfiguration.createPluginObject(AbstractConfiguration.java:1002)
	at org.apache.logging.log4j.core.config.AbstractConfiguration.createConfiguration(AbstractConfiguration.java:942)
	at org.apache.logging.log4j.core.appender.routing.RoutingAppender.createAppender(RoutingAppender.java:299)
	at org.apache.logging.log4j.core.appender.routing.RoutingAppender.getControl(RoutingAppender.java:271)
	at org.apache.logging.log4j.core.appender.routing.RoutingAppender.append(RoutingAppender.java:229)
	at org.apache.logging.log4j.core.config.AppenderControl.tryCallAppender(AppenderControl.java:156)
	at org.apache.logging.log4j.core.config.AppenderControl.callAppender0(AppenderControl.java:129)
	at org.apache.logging.log4j.core.config.AppenderControl.callAppenderPreventRecursion(AppenderControl.java:120)
	at org.apache.logging.log4j.core.config.AppenderControl.callAppender(AppenderControl.java:84)
	at org.apache.logging.log4j.core.config.LoggerConfig.callAppenders(LoggerConfig.java:543)
	at org.apache.logging.log4j.core.config.LoggerConfig.processLogEvent(LoggerConfig.java:502)
	at org.apache.logging.log4j.core.config.LoggerConfig.log(LoggerConfig.java:485)
	at org.apache.logging.log4j.core.config.LoggerConfig.log(LoggerConfig.java:460)
	at org.apache.logging.log4j.core.config.AwaitCompletionReliabilityStrategy.log(AwaitCompletionReliabilityStrategy.java:82)
	at org.apache.logging.log4j.core.Logger.log(Logger.java:161)
	at org.apache.logging.log4j.spi.AbstractLogger.tryLogMessage(AbstractLogger.java:2198)
	at org.apache.logging.log4j.spi.AbstractLogger.logMessageTrackRecursion(AbstractLogger.java:2152)
	at org.apache.logging.log4j.spi.AbstractLogger.logMessageSafely(AbstractLogger.java:2135)
	at org.apache.logging.log4j.spi.AbstractLogger.logMessage(AbstractLogger.java:2011)
	at org.apache.logging.log4j.spi.AbstractLogger.logIfEnabled(AbstractLogger.java:1983)
	at org.apache.logging.log4j.spi.AbstractLogger.debug(AbstractLogger.java:327)
	at page_objects.RealApr.typeInterestRate(RealApr.java:54)
	at automation_test.mortgage_calculator.CalculateApr.calculateRealApr(CalculateApr.java:51)
	at java.base/jdk.internal.reflect.NativeMethodAccessorImpl.invoke0(Native Method)
	at java.base/jdk.internal.reflect.NativeMethodAccessorImpl.invoke(NativeMethodAccessorImpl.java:62)
	at java.base/jdk.internal.reflect.DelegatingMethodAccessorImpl.invoke(DelegatingMethodAccessorImpl.java:43)
	at java.base/java.lang.reflect.Method.invoke(Method.java:566)
	at org.testng.internal.MethodInvocationHelper.invokeMethod(MethodInvocationHelper.java:132)
	at org.testng.internal.TestInvoker.invokeMethod(TestInvoker.java:599)
	at org.testng.internal.TestInvoker.invokeTestMethod(TestInvoker.java:174)
	at org.testng.internal.MethodRunner.runInSequence(MethodRunner.java:46)
	at org.testng.internal.TestInvoker$MethodInvocationAgent.invoke(TestInvoker.java:822)
	at org.testng.internal.TestInvoker.invokeTestMethods(TestInvoker.java:147)
	at org.testng.internal.TestMethodWorker.invokeTestMethods(TestMethodWorker.java:146)
	at org.testng.internal.TestMethodWorker.run(TestMethodWorker.java:128)
	at java.base/java.util.concurrent.ThreadPoolExecutor.runWorker(ThreadPoolExecutor.java:1128)
	at java.base/java.util.concurrent.ThreadPoolExecutor$Worker.run(ThreadPoolExecutor.java:628)
	at java.base/java.lang.Thread.run(Thread.java:834)

2021-04-03 17:05:48,648 TestNG-test=Mortgage_Calculator-1 ERROR Could not create plugin of type class org.apache.logging.log4j.core.appender.FileAppender for element File: java.lang.IllegalStateException: ManagerFactory [org.apache.logging.log4j.core.appender.FileManager$FileManagerFactory@6f4b3b3a] unable to create manager for [logs/${ctx:threadName}.log] with data [org.apache.logging.log4j.core.appender.FileManager$FactoryData@ae2afaf] java.lang.IllegalStateException: ManagerFactory [org.apache.logging.log4j.core.appender.FileManager$FileManagerFactory@6f4b3b3a] unable to create manager for [logs/${ctx:threadName}.log] with data [org.apache.logging.log4j.core.appender.FileManager$FactoryData@ae2afaf]
	at org.apache.logging.log4j.core.appender.AbstractManager.getManager(AbstractManager.java:115)
	at org.apache.logging.log4j.core.appender.OutputStreamManager.getManager(OutputStreamManager.java:100)
	at org.apache.logging.log4j.core.appender.FileManager.getFileManager(FileManager.java:182)
	at org.apache.logging.log4j.core.appender.FileAppender$Builder.build(FileAppender.java:96)
	at org.apache.logging.log4j.core.appender.FileAppender$Builder.build(FileAppender.java:52)
	at org.apache.logging.log4j.core.config.plugins.util.PluginBuilder.build(PluginBuilder.java:122)
	at org.apache.logging.log4j.core.config.AbstractConfiguration.createPluginObject(AbstractConfiguration.java:1002)
	at org.apache.logging.log4j.core.config.AbstractConfiguration.createConfiguration(AbstractConfiguration.java:942)
	at org.apache.logging.log4j.core.appender.routing.RoutingAppender.createAppender(RoutingAppender.java:299)
	at org.apache.logging.log4j.core.appender.routing.RoutingAppender.getControl(RoutingAppender.java:271)
	at org.apache.logging.log4j.core.appender.routing.RoutingAppender.append(RoutingAppender.java:229)
	at org.apache.logging.log4j.core.config.AppenderControl.tryCallAppender(AppenderControl.java:156)
	at org.apache.logging.log4j.core.config.AppenderControl.callAppender0(AppenderControl.java:129)
	at org.apache.logging.log4j.core.config.AppenderControl.callAppenderPreventRecursion(AppenderControl.java:120)
	at org.apache.logging.log4j.core.config.AppenderControl.callAppender(AppenderControl.java:84)
	at org.apache.logging.log4j.core.config.LoggerConfig.callAppenders(LoggerConfig.java:543)
	at org.apache.logging.log4j.core.config.LoggerConfig.processLogEvent(LoggerConfig.java:502)
	at org.apache.logging.log4j.core.config.LoggerConfig.log(LoggerConfig.java:485)
	at org.apache.logging.log4j.core.config.LoggerConfig.log(LoggerConfig.java:460)
	at org.apache.logging.log4j.core.config.AwaitCompletionReliabilityStrategy.log(AwaitCompletionReliabilityStrategy.java:82)
	at org.apache.logging.log4j.core.Logger.log(Logger.java:161)
	at org.apache.logging.log4j.spi.AbstractLogger.tryLogMessage(AbstractLogger.java:2198)
	at org.apache.logging.log4j.spi.AbstractLogger.logMessageTrackRecursion(AbstractLogger.java:2152)
	at org.apache.logging.log4j.spi.AbstractLogger.logMessageSafely(AbstractLogger.java:2135)
	at org.apache.logging.log4j.spi.AbstractLogger.logMessage(AbstractLogger.java:2011)
	at org.apache.logging.log4j.spi.AbstractLogger.logIfEnabled(AbstractLogger.java:1983)
	at org.apache.logging.log4j.spi.AbstractLogger.debug(AbstractLogger.java:327)
	at page_objects.RealApr.typeInterestRate(RealApr.java:54)
	at automation_test.mortgage_calculator.CalculateApr.calculateRealApr(CalculateApr.java:51)
	at java.base/jdk.internal.reflect.NativeMethodAccessorImpl.invoke0(Native Method)
	at java.base/jdk.internal.reflect.NativeMethodAccessorImpl.invoke(NativeMethodAccessorImpl.java:62)
	at java.base/jdk.internal.reflect.DelegatingMethodAccessorImpl.invoke(DelegatingMethodAccessorImpl.java:43)
	at java.base/java.lang.reflect.Method.invoke(Method.java:566)
	at org.testng.internal.MethodInvocationHelper.invokeMethod(MethodInvocationHelper.java:132)
	at org.testng.internal.TestInvoker.invokeMethod(TestInvoker.java:599)
	at org.testng.internal.TestInvoker.invokeTestMethod(TestInvoker.java:174)
	at org.testng.internal.MethodRunner.runInSequence(MethodRunner.java:46)
	at org.testng.internal.TestInvoker$MethodInvocationAgent.invoke(TestInvoker.java:822)
	at org.testng.internal.TestInvoker.invokeTestMethods(TestInvoker.java:147)
	at org.testng.internal.TestMethodWorker.invokeTestMethods(TestMethodWorker.java:146)
	at org.testng.internal.TestMethodWorker.run(TestMethodWorker.java:128)
	at java.base/java.util.concurrent.ThreadPoolExecutor.runWorker(ThreadPoolExecutor.java:1128)
	at java.base/java.util.concurrent.ThreadPoolExecutor$Worker.run(ThreadPoolExecutor.java:628)
	at java.base/java.lang.Thread.run(Thread.java:834)

2021-04-03 17:05:48,649 TestNG-test=Mortgage_Calculator-1 ERROR Unable to invoke factory method in class org.apache.logging.log4j.core.appender.FileAppender for element File: java.lang.IllegalStateException: No factory method found for class org.apache.logging.log4j.core.appender.FileAppender java.lang.IllegalStateException: No factory method found for class org.apache.logging.log4j.core.appender.FileAppender
	at org.apache.logging.log4j.core.config.plugins.util.PluginBuilder.findFactoryMethod(PluginBuilder.java:234)
	at org.apache.logging.log4j.core.config.plugins.util.PluginBuilder.build(PluginBuilder.java:134)
	at org.apache.logging.log4j.core.config.AbstractConfiguration.createPluginObject(AbstractConfiguration.java:1002)
	at org.apache.logging.log4j.core.config.AbstractConfiguration.createConfiguration(AbstractConfiguration.java:942)
	at org.apache.logging.log4j.core.appender.routing.RoutingAppender.createAppender(RoutingAppender.java:299)
	at org.apache.logging.log4j.core.appender.routing.RoutingAppender.getControl(RoutingAppender.java:271)
	at org.apache.logging.log4j.core.appender.routing.RoutingAppender.append(RoutingAppender.java:229)
	at org.apache.logging.log4j.core.config.AppenderControl.tryCallAppender(AppenderControl.java:156)
	at org.apache.logging.log4j.core.config.AppenderControl.callAppender0(AppenderControl.java:129)
	at org.apache.logging.log4j.core.config.AppenderControl.callAppenderPreventRecursion(AppenderControl.java:120)
	at org.apache.logging.log4j.core.config.AppenderControl.callAppender(AppenderControl.java:84)
	at org.apache.logging.log4j.core.config.LoggerConfig.callAppenders(LoggerConfig.java:543)
	at org.apache.logging.log4j.core.config.LoggerConfig.processLogEvent(LoggerConfig.java:502)
	at org.apache.logging.log4j.core.config.LoggerConfig.log(LoggerConfig.java:485)
	at org.apache.logging.log4j.core.config.LoggerConfig.log(LoggerConfig.java:460)
	at org.apache.logging.log4j.core.config.AwaitCompletionReliabilityStrategy.log(AwaitCompletionReliabilityStrategy.java:82)
	at org.apache.logging.log4j.core.Logger.log(Logger.java:161)
	at org.apache.logging.log4j.spi.AbstractLogger.tryLogMessage(AbstractLogger.java:2198)
	at org.apache.logging.log4j.spi.AbstractLogger.logMessageTrackRecursion(AbstractLogger.java:2152)
	at org.apache.logging.log4j.spi.AbstractLogger.logMessageSafely(AbstractLogger.java:2135)
	at org.apache.logging.log4j.spi.AbstractLogger.logMessage(AbstractLogger.java:2011)
	at org.apache.logging.log4j.spi.AbstractLogger.logIfEnabled(AbstractLogger.java:1983)
	at org.apache.logging.log4j.spi.AbstractLogger.debug(AbstractLogger.java:327)
	at page_objects.RealApr.typeInterestRate(RealApr.java:54)
	at automation_test.mortgage_calculator.CalculateApr.calculateRealApr(CalculateApr.java:51)
	at java.base/jdk.internal.reflect.NativeMethodAccessorImpl.invoke0(Native Method)
	at java.base/jdk.internal.reflect.NativeMethodAccessorImpl.invoke(NativeMethodAccessorImpl.java:62)
	at java.base/jdk.internal.reflect.DelegatingMethodAccessorImpl.invoke(DelegatingMethodAccessorImpl.java:43)
	at java.base/java.lang.reflect.Method.invoke(Method.java:566)
	at org.testng.internal.MethodInvocationHelper.invokeMethod(MethodInvocationHelper.java:132)
	at org.testng.internal.TestInvoker.invokeMethod(TestInvoker.java:599)
	at org.testng.internal.TestInvoker.invokeTestMethod(TestInvoker.java:174)
	at org.testng.internal.MethodRunner.runInSequence(MethodRunner.java:46)
	at org.testng.internal.TestInvoker$MethodInvocationAgent.invoke(TestInvoker.java:822)
	at org.testng.internal.TestInvoker.invokeTestMethods(TestInvoker.java:147)
	at org.testng.internal.TestMethodWorker.invokeTestMethods(TestMethodWorker.java:146)
	at org.testng.internal.TestMethodWorker.run(TestMethodWorker.java:128)
	at java.base/java.util.concurrent.ThreadPoolExecutor.runWorker(ThreadPoolExecutor.java:1128)
	at java.base/java.util.concurrent.ThreadPoolExecutor$Worker.run(ThreadPoolExecutor.java:628)
	at java.base/java.lang.Thread.run(Thread.java:834)

2021-04-03 17:05:49,128 TestNG-test=Mortgage_Calculator-1 ERROR FileManager (logs/${ctx:threadName}.log) java.io.IOException: The filename, directory name, or volume label syntax is incorrect java.io.IOException: The filename, directory name, or volume label syntax is incorrect
	at java.base/java.io.WinNTFileSystem.canonicalize0(Native Method)
	at java.base/java.io.WinNTFileSystem.canonicalize(WinNTFileSystem.java:438)
	at java.base/java.io.File.getCanonicalPath(File.java:620)
	at java.base/java.io.File.getCanonicalFile(File.java:645)
	at org.apache.logging.log4j.core.util.FileUtils.makeParentDirs(FileUtils.java:133)
	at org.apache.logging.log4j.core.appender.FileManager$FileManagerFactory.createManager(FileManager.java:434)
	at org.apache.logging.log4j.core.appender.FileManager$FileManagerFactory.createManager(FileManager.java:422)
	at org.apache.logging.log4j.core.appender.AbstractManager.getManager(AbstractManager.java:113)
	at org.apache.logging.log4j.core.appender.OutputStreamManager.getManager(OutputStreamManager.java:100)
	at org.apache.logging.log4j.core.appender.FileManager.getFileManager(FileManager.java:182)
	at org.apache.logging.log4j.core.appender.FileAppender$Builder.build(FileAppender.java:96)
	at org.apache.logging.log4j.core.appender.FileAppender$Builder.build(FileAppender.java:52)
	at org.apache.logging.log4j.core.config.plugins.util.PluginBuilder.build(PluginBuilder.java:122)
	at org.apache.logging.log4j.core.config.AbstractConfiguration.createPluginObject(AbstractConfiguration.java:1002)
	at org.apache.logging.log4j.core.config.AbstractConfiguration.createConfiguration(AbstractConfiguration.java:942)
	at org.apache.logging.log4j.core.appender.routing.RoutingAppender.createAppender(RoutingAppender.java:299)
	at org.apache.logging.log4j.core.appender.routing.RoutingAppender.getControl(RoutingAppender.java:271)
	at org.apache.logging.log4j.core.appender.routing.RoutingAppender.append(RoutingAppender.java:229)
	at org.apache.logging.log4j.core.config.AppenderControl.tryCallAppender(AppenderControl.java:156)
	at org.apache.logging.log4j.core.config.AppenderControl.callAppender0(AppenderControl.java:129)
	at org.apache.logging.log4j.core.config.AppenderControl.callAppenderPreventRecursion(AppenderControl.java:120)
	at org.apache.logging.log4j.core.config.AppenderControl.callAppender(AppenderControl.java:84)
	at org.apache.logging.log4j.core.config.LoggerConfig.callAppenders(LoggerConfig.java:543)
	at org.apache.logging.log4j.core.config.LoggerConfig.processLogEvent(LoggerConfig.java:502)
	at org.apache.logging.log4j.core.config.LoggerConfig.log(LoggerConfig.java:485)
	at org.apache.logging.log4j.core.config.LoggerConfig.log(LoggerConfig.java:460)
	at org.apache.logging.log4j.core.config.AwaitCompletionReliabilityStrategy.log(AwaitCompletionReliabilityStrategy.java:82)
	at org.apache.logging.log4j.core.Logger.log(Logger.java:161)
	at org.apache.logging.log4j.spi.AbstractLogger.tryLogMessage(AbstractLogger.java:2198)
	at org.apache.logging.log4j.spi.AbstractLogger.logMessageTrackRecursion(AbstractLogger.java:2152)
	at org.apache.logging.log4j.spi.AbstractLogger.logMessageSafely(AbstractLogger.java:2135)
	at org.apache.logging.log4j.spi.AbstractLogger.logMessage(AbstractLogger.java:2011)
	at org.apache.logging.log4j.spi.AbstractLogger.logIfEnabled(AbstractLogger.java:1983)
	at org.apache.logging.log4j.spi.AbstractLogger.debug(AbstractLogger.java:327)
	at page_objects.RealApr.typeLength(RealApr.java:60)
	at automation_test.mortgage_calculator.CalculateApr.calculateRealApr(CalculateApr.java:52)
	at java.base/jdk.internal.reflect.NativeMethodAccessorImpl.invoke0(Native Method)
	at java.base/jdk.internal.reflect.NativeMethodAccessorImpl.invoke(NativeMethodAccessorImpl.java:62)
	at java.base/jdk.internal.reflect.DelegatingMethodAccessorImpl.invoke(DelegatingMethodAccessorImpl.java:43)
	at java.base/java.lang.reflect.Method.invoke(Method.java:566)
	at org.testng.internal.MethodInvocationHelper.invokeMethod(MethodInvocationHelper.java:132)
	at org.testng.internal.TestInvoker.invokeMethod(TestInvoker.java:599)
	at org.testng.internal.TestInvoker.invokeTestMethod(TestInvoker.java:174)
	at org.testng.internal.MethodRunner.runInSequence(MethodRunner.java:46)
	at org.testng.internal.TestInvoker$MethodInvocationAgent.invoke(TestInvoker.java:822)
	at org.testng.internal.TestInvoker.invokeTestMethods(TestInvoker.java:147)
	at org.testng.internal.TestMethodWorker.invokeTestMethods(TestMethodWorker.java:146)
	at org.testng.internal.TestMethodWorker.run(TestMethodWorker.java:128)
	at java.base/java.util.concurrent.ThreadPoolExecutor.runWorker(ThreadPoolExecutor.java:1128)
	at java.base/java.util.concurrent.ThreadPoolExecutor$Worker.run(ThreadPoolExecutor.java:628)
	at java.base/java.lang.Thread.run(Thread.java:834)

2021-04-03 17:05:49,130 TestNG-test=Mortgage_Calculator-1 ERROR Could not create plugin of type class org.apache.logging.log4j.core.appender.FileAppender for element File: java.lang.IllegalStateException: ManagerFactory [org.apache.logging.log4j.core.appender.FileManager$FileManagerFactory@6f4b3b3a] unable to create manager for [logs/${ctx:threadName}.log] with data [org.apache.logging.log4j.core.appender.FileManager$FactoryData@49c28c07] java.lang.IllegalStateException: ManagerFactory [org.apache.logging.log4j.core.appender.FileManager$FileManagerFactory@6f4b3b3a] unable to create manager for [logs/${ctx:threadName}.log] with data [org.apache.logging.log4j.core.appender.FileManager$FactoryData@49c28c07]
	at org.apache.logging.log4j.core.appender.AbstractManager.getManager(AbstractManager.java:115)
	at org.apache.logging.log4j.core.appender.OutputStreamManager.getManager(OutputStreamManager.java:100)
	at org.apache.logging.log4j.core.appender.FileManager.getFileManager(FileManager.java:182)
	at org.apache.logging.log4j.core.appender.FileAppender$Builder.build(FileAppender.java:96)
	at org.apache.logging.log4j.core.appender.FileAppender$Builder.build(FileAppender.java:52)
	at org.apache.logging.log4j.core.config.plugins.util.PluginBuilder.build(PluginBuilder.java:122)
	at org.apache.logging.log4j.core.config.AbstractConfiguration.createPluginObject(AbstractConfiguration.java:1002)
	at org.apache.logging.log4j.core.config.AbstractConfiguration.createConfiguration(AbstractConfiguration.java:942)
	at org.apache.logging.log4j.core.appender.routing.RoutingAppender.createAppender(RoutingAppender.java:299)
	at org.apache.logging.log4j.core.appender.routing.RoutingAppender.getControl(RoutingAppender.java:271)
	at org.apache.logging.log4j.core.appender.routing.RoutingAppender.append(RoutingAppender.java:229)
	at org.apache.logging.log4j.core.config.AppenderControl.tryCallAppender(AppenderControl.java:156)
	at org.apache.logging.log4j.core.config.AppenderControl.callAppender0(AppenderControl.java:129)
	at org.apache.logging.log4j.core.config.AppenderControl.callAppenderPreventRecursion(AppenderControl.java:120)
	at org.apache.logging.log4j.core.config.AppenderControl.callAppender(AppenderControl.java:84)
	at org.apache.logging.log4j.core.config.LoggerConfig.callAppenders(LoggerConfig.java:543)
	at org.apache.logging.log4j.core.config.LoggerConfig.processLogEvent(LoggerConfig.java:502)
	at org.apache.logging.log4j.core.config.LoggerConfig.log(LoggerConfig.java:485)
	at org.apache.logging.log4j.core.config.LoggerConfig.log(LoggerConfig.java:460)
	at org.apache.logging.log4j.core.config.AwaitCompletionReliabilityStrategy.log(AwaitCompletionReliabilityStrategy.java:82)
	at org.apache.logging.log4j.core.Logger.log(Logger.java:161)
	at org.apache.logging.log4j.spi.AbstractLogger.tryLogMessage(AbstractLogger.java:2198)
	at org.apache.logging.log4j.spi.AbstractLogger.logMessageTrackRecursion(AbstractLogger.java:2152)
	at org.apache.logging.log4j.spi.AbstractLogger.logMessageSafely(AbstractLogger.java:2135)
	at org.apache.logging.log4j.spi.AbstractLogger.logMessage(AbstractLogger.java:2011)
	at org.apache.logging.log4j.spi.AbstractLogger.logIfEnabled(AbstractLogger.java:1983)
	at org.apache.logging.log4j.spi.AbstractLogger.debug(AbstractLogger.java:327)
	at page_objects.RealApr.typeLength(RealApr.java:60)
	at automation_test.mortgage_calculator.CalculateApr.calculateRealApr(CalculateApr.java:52)
	at java.base/jdk.internal.reflect.NativeMethodAccessorImpl.invoke0(Native Method)
	at java.base/jdk.internal.reflect.NativeMethodAccessorImpl.invoke(NativeMethodAccessorImpl.java:62)
	at java.base/jdk.internal.reflect.DelegatingMethodAccessorImpl.invoke(DelegatingMethodAccessorImpl.java:43)
	at java.base/java.lang.reflect.Method.invoke(Method.java:566)
	at org.testng.internal.MethodInvocationHelper.invokeMethod(MethodInvocationHelper.java:132)
	at org.testng.internal.TestInvoker.invokeMethod(TestInvoker.java:599)
	at org.testng.internal.TestInvoker.invokeTestMethod(TestInvoker.java:174)
	at org.testng.internal.MethodRunner.runInSequence(MethodRunner.java:46)
	at org.testng.internal.TestInvoker$MethodInvocationAgent.invoke(TestInvoker.java:822)
	at org.testng.internal.TestInvoker.invokeTestMethods(TestInvoker.java:147)
	at org.testng.internal.TestMethodWorker.invokeTestMethods(TestMethodWorker.java:146)
	at org.testng.internal.TestMethodWorker.run(TestMethodWorker.java:128)
	at java.base/java.util.concurrent.ThreadPoolExecutor.runWorker(ThreadPoolExecutor.java:1128)
	at java.base/java.util.concurrent.ThreadPoolExecutor$Worker.run(ThreadPoolExecutor.java:628)
	at java.base/java.lang.Thread.run(Thread.java:834)

2021-04-03 17:05:49,131 TestNG-test=Mortgage_Calculator-1 ERROR Unable to invoke factory method in class org.apache.logging.log4j.core.appender.FileAppender for element File: java.lang.IllegalStateException: No factory method found for class org.apache.logging.log4j.core.appender.FileAppender java.lang.IllegalStateException: No factory method found for class org.apache.logging.log4j.core.appender.FileAppender
	at org.apache.logging.log4j.core.config.plugins.util.PluginBuilder.findFactoryMethod(PluginBuilder.java:234)
	at org.apache.logging.log4j.core.config.plugins.util.PluginBuilder.build(PluginBuilder.java:134)
	at org.apache.logging.log4j.core.config.AbstractConfiguration.createPluginObject(AbstractConfiguration.java:1002)
	at org.apache.logging.log4j.core.config.AbstractConfiguration.createConfiguration(AbstractConfiguration.java:942)
	at org.apache.logging.log4j.core.appender.routing.RoutingAppender.createAppender(RoutingAppender.java:299)
	at org.apache.logging.log4j.core.appender.routing.RoutingAppender.getControl(RoutingAppender.java:271)
	at org.apache.logging.log4j.core.appender.routing.RoutingAppender.append(RoutingAppender.java:229)
	at org.apache.logging.log4j.core.config.AppenderControl.tryCallAppender(AppenderControl.java:156)
	at org.apache.logging.log4j.core.config.AppenderControl.callAppender0(AppenderControl.java:129)
	at org.apache.logging.log4j.core.config.AppenderControl.callAppenderPreventRecursion(AppenderControl.java:120)
	at org.apache.logging.log4j.core.config.AppenderControl.callAppender(AppenderControl.java:84)
	at org.apache.logging.log4j.core.config.LoggerConfig.callAppenders(LoggerConfig.java:543)
	at org.apache.logging.log4j.core.config.LoggerConfig.processLogEvent(LoggerConfig.java:502)
	at org.apache.logging.log4j.core.config.LoggerConfig.log(LoggerConfig.java:485)
	at org.apache.logging.log4j.core.config.LoggerConfig.log(LoggerConfig.java:460)
	at org.apache.logging.log4j.core.config.AwaitCompletionReliabilityStrategy.log(AwaitCompletionReliabilityStrategy.java:82)
	at org.apache.logging.log4j.core.Logger.log(Logger.java:161)
	at org.apache.logging.log4j.spi.AbstractLogger.tryLogMessage(AbstractLogger.java:2198)
	at org.apache.logging.log4j.spi.AbstractLogger.logMessageTrackRecursion(AbstractLogger.java:2152)
	at org.apache.logging.log4j.spi.AbstractLogger.logMessageSafely(AbstractLogger.java:2135)
	at org.apache.logging.log4j.spi.AbstractLogger.logMessage(AbstractLogger.java:2011)
	at org.apache.logging.log4j.spi.AbstractLogger.logIfEnabled(AbstractLogger.java:1983)
	at org.apache.logging.log4j.spi.AbstractLogger.debug(AbstractLogger.java:327)
	at page_objects.RealApr.typeLength(RealApr.java:60)
	at automation_test.mortgage_calculator.CalculateApr.calculateRealApr(CalculateApr.java:52)
	at java.base/jdk.internal.reflect.NativeMethodAccessorImpl.invoke0(Native Method)
	at java.base/jdk.internal.reflect.NativeMethodAccessorImpl.invoke(NativeMethodAccessorImpl.java:62)
	at java.base/jdk.internal.reflect.DelegatingMethodAccessorImpl.invoke(DelegatingMethodAccessorImpl.java:43)
	at java.base/java.lang.reflect.Method.invoke(Method.java:566)
	at org.testng.internal.MethodInvocationHelper.invokeMethod(MethodInvocationHelper.java:132)
	at org.testng.internal.TestInvoker.invokeMethod(TestInvoker.java:599)
	at org.testng.internal.TestInvoker.invokeTestMethod(TestInvoker.java:174)
	at org.testng.internal.MethodRunner.runInSequence(MethodRunner.java:46)
	at org.testng.internal.TestInvoker$MethodInvocationAgent.invoke(TestInvoker.java:822)
	at org.testng.internal.TestInvoker.invokeTestMethods(TestInvoker.java:147)
	at org.testng.internal.TestMethodWorker.invokeTestMethods(TestMethodWorker.java:146)
	at org.testng.internal.TestMethodWorker.run(TestMethodWorker.java:128)
	at java.base/java.util.concurrent.ThreadPoolExecutor.runWorker(ThreadPoolExecutor.java:1128)
	at java.base/java.util.concurrent.ThreadPoolExecutor$Worker.run(ThreadPoolExecutor.java:628)
	at java.base/java.lang.Thread.run(Thread.java:834)

2021-04-03 17:05:49,631 TestNG-test=Mortgage_Calculator-1 ERROR FileManager (logs/${ctx:threadName}.log) java.io.IOException: The filename, directory name, or volume label syntax is incorrect java.io.IOException: The filename, directory name, or volume label syntax is incorrect
	at java.base/java.io.WinNTFileSystem.canonicalize0(Native Method)
	at java.base/java.io.WinNTFileSystem.canonicalize(WinNTFileSystem.java:438)
	at java.base/java.io.File.getCanonicalPath(File.java:620)
	at java.base/java.io.File.getCanonicalFile(File.java:645)
	at org.apache.logging.log4j.core.util.FileUtils.makeParentDirs(FileUtils.java:133)
	at org.apache.logging.log4j.core.appender.FileManager$FileManagerFactory.createManager(FileManager.java:434)
	at org.apache.logging.log4j.core.appender.FileManager$FileManagerFactory.createManager(FileManager.java:422)
	at org.apache.logging.log4j.core.appender.AbstractManager.getManager(AbstractManager.java:113)
	at org.apache.logging.log4j.core.appender.OutputStreamManager.getManager(OutputStreamManager.java:100)
	at org.apache.logging.log4j.core.appender.FileManager.getFileManager(FileManager.java:182)
	at org.apache.logging.log4j.core.appender.FileAppender$Builder.build(FileAppender.java:96)
	at org.apache.logging.log4j.core.appender.FileAppender$Builder.build(FileAppender.java:52)
	at org.apache.logging.log4j.core.config.plugins.util.PluginBuilder.build(PluginBuilder.java:122)
	at org.apache.logging.log4j.core.config.AbstractConfiguration.createPluginObject(AbstractConfiguration.java:1002)
	at org.apache.logging.log4j.core.config.AbstractConfiguration.createConfiguration(AbstractConfiguration.java:942)
	at org.apache.logging.log4j.core.appender.routing.RoutingAppender.createAppender(RoutingAppender.java:299)
	at org.apache.logging.log4j.core.appender.routing.RoutingAppender.getControl(RoutingAppender.java:271)
	at org.apache.logging.log4j.core.appender.routing.RoutingAppender.append(RoutingAppender.java:229)
	at org.apache.logging.log4j.core.config.AppenderControl.tryCallAppender(AppenderControl.java:156)
	at org.apache.logging.log4j.core.config.AppenderControl.callAppender0(AppenderControl.java:129)
	at org.apache.logging.log4j.core.config.AppenderControl.callAppenderPreventRecursion(AppenderControl.java:120)
	at org.apache.logging.log4j.core.config.AppenderControl.callAppender(AppenderControl.java:84)
	at org.apache.logging.log4j.core.config.LoggerConfig.callAppenders(LoggerConfig.java:543)
	at org.apache.logging.log4j.core.config.LoggerConfig.processLogEvent(LoggerConfig.java:502)
	at org.apache.logging.log4j.core.config.LoggerConfig.log(LoggerConfig.java:485)
	at org.apache.logging.log4j.core.config.LoggerConfig.log(LoggerConfig.java:460)
	at org.apache.logging.log4j.core.config.AwaitCompletionReliabilityStrategy.log(AwaitCompletionReliabilityStrategy.java:82)
	at org.apache.logging.log4j.core.Logger.log(Logger.java:161)
	at org.apache.logging.log4j.spi.AbstractLogger.tryLogMessage(AbstractLogger.java:2198)
	at org.apache.logging.log4j.spi.AbstractLogger.logMessageTrackRecursion(AbstractLogger.java:2152)
	at org.apache.logging.log4j.spi.AbstractLogger.logMessageSafely(AbstractLogger.java:2135)
	at org.apache.logging.log4j.spi.AbstractLogger.logMessage(AbstractLogger.java:2011)
	at org.apache.logging.log4j.spi.AbstractLogger.logIfEnabled(AbstractLogger.java:1983)
	at org.apache.logging.log4j.spi.AbstractLogger.debug(AbstractLogger.java:327)
	at page_objects.RealApr.clickCalculateButton(RealApr.java:66)
	at automation_test.mortgage_calculator.CalculateApr.calculateRealApr(CalculateApr.java:53)
	at java.base/jdk.internal.reflect.NativeMethodAccessorImpl.invoke0(Native Method)
	at java.base/jdk.internal.reflect.NativeMethodAccessorImpl.invoke(NativeMethodAccessorImpl.java:62)
	at java.base/jdk.internal.reflect.DelegatingMethodAccessorImpl.invoke(DelegatingMethodAccessorImpl.java:43)
	at java.base/java.lang.reflect.Method.invoke(Method.java:566)
	at org.testng.internal.MethodInvocationHelper.invokeMethod(MethodInvocationHelper.java:132)
	at org.testng.internal.TestInvoker.invokeMethod(TestInvoker.java:599)
	at org.testng.internal.TestInvoker.invokeTestMethod(TestInvoker.java:174)
	at org.testng.internal.MethodRunner.runInSequence(MethodRunner.java:46)
	at org.testng.internal.TestInvoker$MethodInvocationAgent.invoke(TestInvoker.java:822)
	at org.testng.internal.TestInvoker.invokeTestMethods(TestInvoker.java:147)
	at org.testng.internal.TestMethodWorker.invokeTestMethods(TestMethodWorker.java:146)
	at org.testng.internal.TestMethodWorker.run(TestMethodWorker.java:128)
	at java.base/java.util.concurrent.ThreadPoolExecutor.runWorker(ThreadPoolExecutor.java:1128)
	at java.base/java.util.concurrent.ThreadPoolExecutor$Worker.run(ThreadPoolExecutor.java:628)
	at java.base/java.lang.Thread.run(Thread.java:834)

2021-04-03 17:05:49,632 TestNG-test=Mortgage_Calculator-1 ERROR Could not create plugin of type class org.apache.logging.log4j.core.appender.FileAppender for element File: java.lang.IllegalStateException: ManagerFactory [org.apache.logging.log4j.core.appender.FileManager$FileManagerFactory@6f4b3b3a] unable to create manager for [logs/${ctx:threadName}.log] with data [org.apache.logging.log4j.core.appender.FileManager$FactoryData@602df666] java.lang.IllegalStateException: ManagerFactory [org.apache.logging.log4j.core.appender.FileManager$FileManagerFactory@6f4b3b3a] unable to create manager for [logs/${ctx:threadName}.log] with data [org.apache.logging.log4j.core.appender.FileManager$FactoryData@602df666]
	at org.apache.logging.log4j.core.appender.AbstractManager.getManager(AbstractManager.java:115)
	at org.apache.logging.log4j.core.appender.OutputStreamManager.getManager(OutputStreamManager.java:100)
	at org.apache.logging.log4j.core.appender.FileManager.getFileManager(FileManager.java:182)
	at org.apache.logging.log4j.core.appender.FileAppender$Builder.build(FileAppender.java:96)
	at org.apache.logging.log4j.core.appender.FileAppender$Builder.build(FileAppender.java:52)
	at org.apache.logging.log4j.core.config.plugins.util.PluginBuilder.build(PluginBuilder.java:122)
	at org.apache.logging.log4j.core.config.AbstractConfiguration.createPluginObject(AbstractConfiguration.java:1002)
	at org.apache.logging.log4j.core.config.AbstractConfiguration.createConfiguration(AbstractConfiguration.java:942)
	at org.apache.logging.log4j.core.appender.routing.RoutingAppender.createAppender(RoutingAppender.java:299)
	at org.apache.logging.log4j.core.appender.routing.RoutingAppender.getControl(RoutingAppender.java:271)
	at org.apache.logging.log4j.core.appender.routing.RoutingAppender.append(RoutingAppender.java:229)
	at org.apache.logging.log4j.core.config.AppenderControl.tryCallAppender(AppenderControl.java:156)
	at org.apache.logging.log4j.core.config.AppenderControl.callAppender0(AppenderControl.java:129)
	at org.apache.logging.log4j.core.config.AppenderControl.callAppenderPreventRecursion(AppenderControl.java:120)
	at org.apache.logging.log4j.core.config.AppenderControl.callAppender(AppenderControl.java:84)
	at org.apache.logging.log4j.core.config.LoggerConfig.callAppenders(LoggerConfig.java:543)
	at org.apache.logging.log4j.core.config.LoggerConfig.processLogEvent(LoggerConfig.java:502)
	at org.apache.logging.log4j.core.config.LoggerConfig.log(LoggerConfig.java:485)
	at org.apache.logging.log4j.core.config.LoggerConfig.log(LoggerConfig.java:460)
	at org.apache.logging.log4j.core.config.AwaitCompletionReliabilityStrategy.log(AwaitCompletionReliabilityStrategy.java:82)
	at org.apache.logging.log4j.core.Logger.log(Logger.java:161)
	at org.apache.logging.log4j.spi.AbstractLogger.tryLogMessage(AbstractLogger.java:2198)
	at org.apache.logging.log4j.spi.AbstractLogger.logMessageTrackRecursion(AbstractLogger.java:2152)
	at org.apache.logging.log4j.spi.AbstractLogger.logMessageSafely(AbstractLogger.java:2135)
	at org.apache.logging.log4j.spi.AbstractLogger.logMessage(AbstractLogger.java:2011)
	at org.apache.logging.log4j.spi.AbstractLogger.logIfEnabled(AbstractLogger.java:1983)
	at org.apache.logging.log4j.spi.AbstractLogger.debug(AbstractLogger.java:327)
	at page_objects.RealApr.clickCalculateButton(RealApr.java:66)
	at automation_test.mortgage_calculator.CalculateApr.calculateRealApr(CalculateApr.java:53)
	at java.base/jdk.internal.reflect.NativeMethodAccessorImpl.invoke0(Native Method)
	at java.base/jdk.internal.reflect.NativeMethodAccessorImpl.invoke(NativeMethodAccessorImpl.java:62)
	at java.base/jdk.internal.reflect.DelegatingMethodAccessorImpl.invoke(DelegatingMethodAccessorImpl.java:43)
	at java.base/java.lang.reflect.Method.invoke(Method.java:566)
	at org.testng.internal.MethodInvocationHelper.invokeMethod(MethodInvocationHelper.java:132)
	at org.testng.internal.TestInvoker.invokeMethod(TestInvoker.java:599)
	at org.testng.internal.TestInvoker.invokeTestMethod(TestInvoker.java:174)
	at org.testng.internal.MethodRunner.runInSequence(MethodRunner.java:46)
	at org.testng.internal.TestInvoker$MethodInvocationAgent.invoke(TestInvoker.java:822)
	at org.testng.internal.TestInvoker.invokeTestMethods(TestInvoker.java:147)
	at org.testng.internal.TestMethodWorker.invokeTestMethods(TestMethodWorker.java:146)
	at org.testng.internal.TestMethodWorker.run(TestMethodWorker.java:128)
	at java.base/java.util.concurrent.ThreadPoolExecutor.runWorker(ThreadPoolExecutor.java:1128)
	at java.base/java.util.concurrent.ThreadPoolExecutor$Worker.run(ThreadPoolExecutor.java:628)
	at java.base/java.lang.Thread.run(Thread.java:834)

2021-04-03 17:05:49,633 TestNG-test=Mortgage_Calculator-1 ERROR Unable to invoke factory method in class org.apache.logging.log4j.core.appender.FileAppender for element File: java.lang.IllegalStateException: No factory method found for class org.apache.logging.log4j.core.appender.FileAppender java.lang.IllegalStateException: No factory method found for class org.apache.logging.log4j.core.appender.FileAppender
	at org.apache.logging.log4j.core.config.plugins.util.PluginBuilder.findFactoryMethod(PluginBuilder.java:234)
	at org.apache.logging.log4j.core.config.plugins.util.PluginBuilder.build(PluginBuilder.java:134)
	at org.apache.logging.log4j.core.config.AbstractConfiguration.createPluginObject(AbstractConfiguration.java:1002)
	at org.apache.logging.log4j.core.config.AbstractConfiguration.createConfiguration(AbstractConfiguration.java:942)
	at org.apache.logging.log4j.core.appender.routing.RoutingAppender.createAppender(RoutingAppender.java:299)
	at org.apache.logging.log4j.core.appender.routing.RoutingAppender.getControl(RoutingAppender.java:271)
	at org.apache.logging.log4j.core.appender.routing.RoutingAppender.append(RoutingAppender.java:229)
	at org.apache.logging.log4j.core.config.AppenderControl.tryCallAppender(AppenderControl.java:156)
	at org.apache.logging.log4j.core.config.AppenderControl.callAppender0(AppenderControl.java:129)
	at org.apache.logging.log4j.core.config.AppenderControl.callAppenderPreventRecursion(AppenderControl.java:120)
	at org.apache.logging.log4j.core.config.AppenderControl.callAppender(AppenderControl.java:84)
	at org.apache.logging.log4j.core.config.LoggerConfig.callAppenders(LoggerConfig.java:543)
	at org.apache.logging.log4j.core.config.LoggerConfig.processLogEvent(LoggerConfig.java:502)
	at org.apache.logging.log4j.core.config.LoggerConfig.log(LoggerConfig.java:485)
	at org.apache.logging.log4j.core.config.LoggerConfig.log(LoggerConfig.java:460)
	at org.apache.logging.log4j.core.config.AwaitCompletionReliabilityStrategy.log(AwaitCompletionReliabilityStrategy.java:82)
	at org.apache.logging.log4j.core.Logger.log(Logger.java:161)
	at org.apache.logging.log4j.spi.AbstractLogger.tryLogMessage(AbstractLogger.java:2198)
	at org.apache.logging.log4j.spi.AbstractLogger.logMessageTrackRecursion(AbstractLogger.java:2152)
	at org.apache.logging.log4j.spi.AbstractLogger.logMessageSafely(AbstractLogger.java:2135)
	at org.apache.logging.log4j.spi.AbstractLogger.logMessage(AbstractLogger.java:2011)
	at org.apache.logging.log4j.spi.AbstractLogger.logIfEnabled(AbstractLogger.java:1983)
	at org.apache.logging.log4j.spi.AbstractLogger.debug(AbstractLogger.java:327)
	at page_objects.RealApr.clickCalculateButton(RealApr.java:66)
	at automation_test.mortgage_calculator.CalculateApr.calculateRealApr(CalculateApr.java:53)
	at java.base/jdk.internal.reflect.NativeMethodAccessorImpl.invoke0(Native Method)
	at java.base/jdk.internal.reflect.NativeMethodAccessorImpl.invoke(NativeMethodAccessorImpl.java:62)
	at java.base/jdk.internal.reflect.DelegatingMethodAccessorImpl.invoke(DelegatingMethodAccessorImpl.java:43)
	at java.base/java.lang.reflect.Method.invoke(Method.java:566)
	at org.testng.internal.MethodInvocationHelper.invokeMethod(MethodInvocationHelper.java:132)
	at org.testng.internal.TestInvoker.invokeMethod(TestInvoker.java:599)
	at org.testng.internal.TestInvoker.invokeTestMethod(TestInvoker.java:174)
	at org.testng.internal.MethodRunner.runInSequence(MethodRunner.java:46)
	at org.testng.internal.TestInvoker$MethodInvocationAgent.invoke(TestInvoker.java:822)
	at org.testng.internal.TestInvoker.invokeTestMethods(TestInvoker.java:147)
	at org.testng.internal.TestMethodWorker.invokeTestMethods(TestMethodWorker.java:146)
	at org.testng.internal.TestMethodWorker.run(TestMethodWorker.java:128)
	at java.base/java.util.concurrent.ThreadPoolExecutor.runWorker(ThreadPoolExecutor.java:1128)
	at java.base/java.util.concurrent.ThreadPoolExecutor$Worker.run(ThreadPoolExecutor.java:628)
	at java.base/java.lang.Thread.run(Thread.java:834)

2021-04-03 17:05:52,418 TestNG-test=Mortgage_Calculator-1 ERROR FileManager (logs/${ctx:threadName}.log) java.io.IOException: The filename, directory name, or volume label syntax is incorrect java.io.IOException: The filename, directory name, or volume label syntax is incorrect
	at java.base/java.io.WinNTFileSystem.canonicalize0(Native Method)
	at java.base/java.io.WinNTFileSystem.canonicalize(WinNTFileSystem.java:438)
	at java.base/java.io.File.getCanonicalPath(File.java:620)
	at java.base/java.io.File.getCanonicalFile(File.java:645)
	at org.apache.logging.log4j.core.util.FileUtils.makeParentDirs(FileUtils.java:133)
	at org.apache.logging.log4j.core.appender.FileManager$FileManagerFactory.createManager(FileManager.java:434)
	at org.apache.logging.log4j.core.appender.FileManager$FileManagerFactory.createManager(FileManager.java:422)
	at org.apache.logging.log4j.core.appender.AbstractManager.getManager(AbstractManager.java:113)
	at org.apache.logging.log4j.core.appender.OutputStreamManager.getManager(OutputStreamManager.java:100)
	at org.apache.logging.log4j.core.appender.FileManager.getFileManager(FileManager.java:182)
	at org.apache.logging.log4j.core.appender.FileAppender$Builder.build(FileAppender.java:96)
	at org.apache.logging.log4j.core.appender.FileAppender$Builder.build(FileAppender.java:52)
	at org.apache.logging.log4j.core.config.plugins.util.PluginBuilder.build(PluginBuilder.java:122)
	at org.apache.logging.log4j.core.config.AbstractConfiguration.createPluginObject(AbstractConfiguration.java:1002)
	at org.apache.logging.log4j.core.config.AbstractConfiguration.createConfiguration(AbstractConfiguration.java:942)
	at org.apache.logging.log4j.core.appender.routing.RoutingAppender.createAppender(RoutingAppender.java:299)
	at org.apache.logging.log4j.core.appender.routing.RoutingAppender.getControl(RoutingAppender.java:271)
	at org.apache.logging.log4j.core.appender.routing.RoutingAppender.append(RoutingAppender.java:229)
	at org.apache.logging.log4j.core.config.AppenderControl.tryCallAppender(AppenderControl.java:156)
	at org.apache.logging.log4j.core.config.AppenderControl.callAppender0(AppenderControl.java:129)
	at org.apache.logging.log4j.core.config.AppenderControl.callAppenderPreventRecursion(AppenderControl.java:120)
	at org.apache.logging.log4j.core.config.AppenderControl.callAppender(AppenderControl.java:84)
	at org.apache.logging.log4j.core.config.LoggerConfig.callAppenders(LoggerConfig.java:543)
	at org.apache.logging.log4j.core.config.LoggerConfig.processLogEvent(LoggerConfig.java:502)
	at org.apache.logging.log4j.core.config.LoggerConfig.log(LoggerConfig.java:485)
	at org.apache.logging.log4j.core.config.LoggerConfig.log(LoggerConfig.java:460)
	at org.apache.logging.log4j.core.config.AwaitCompletionReliabilityStrategy.log(AwaitCompletionReliabilityStrategy.java:82)
	at org.apache.logging.log4j.core.Logger.log(Logger.java:161)
	at org.apache.logging.log4j.spi.AbstractLogger.tryLogMessage(AbstractLogger.java:2198)
	at org.apache.logging.log4j.spi.AbstractLogger.logMessageTrackRecursion(AbstractLogger.java:2152)
	at org.apache.logging.log4j.spi.AbstractLogger.logMessageSafely(AbstractLogger.java:2135)
	at org.apache.logging.log4j.spi.AbstractLogger.logMessage(AbstractLogger.java:2011)
	at org.apache.logging.log4j.spi.AbstractLogger.logIfEnabled(AbstractLogger.java:1983)
	at org.apache.logging.log4j.spi.AbstractLogger.debug(AbstractLogger.java:327)
	at page_objects.RealApr.validateAPR(RealApr.java:75)
	at automation_test.mortgage_calculator.CalculateApr.calculateRealApr(CalculateApr.java:55)
	at java.base/jdk.internal.reflect.NativeMethodAccessorImpl.invoke0(Native Method)
	at java.base/jdk.internal.reflect.NativeMethodAccessorImpl.invoke(NativeMethodAccessorImpl.java:62)
	at java.base/jdk.internal.reflect.DelegatingMethodAccessorImpl.invoke(DelegatingMethodAccessorImpl.java:43)
	at java.base/java.lang.reflect.Method.invoke(Method.java:566)
	at org.testng.internal.MethodInvocationHelper.invokeMethod(MethodInvocationHelper.java:132)
	at org.testng.internal.TestInvoker.invokeMethod(TestInvoker.java:599)
	at org.testng.internal.TestInvoker.invokeTestMethod(TestInvoker.java:174)
	at org.testng.internal.MethodRunner.runInSequence(MethodRunner.java:46)
	at org.testng.internal.TestInvoker$MethodInvocationAgent.invoke(TestInvoker.java:822)
	at org.testng.internal.TestInvoker.invokeTestMethods(TestInvoker.java:147)
	at org.testng.internal.TestMethodWorker.invokeTestMethods(TestMethodWorker.java:146)
	at org.testng.internal.TestMethodWorker.run(TestMethodWorker.java:128)
	at java.base/java.util.concurrent.ThreadPoolExecutor.runWorker(ThreadPoolExecutor.java:1128)
	at java.base/java.util.concurrent.ThreadPoolExecutor$Worker.run(ThreadPoolExecutor.java:628)
	at java.base/java.lang.Thread.run(Thread.java:834)

2021-04-03 17:05:52,419 TestNG-test=Mortgage_Calculator-1 ERROR Could not create plugin of type class org.apache.logging.log4j.core.appender.FileAppender for element File: java.lang.IllegalStateException: ManagerFactory [org.apache.logging.log4j.core.appender.FileManager$FileManagerFactory@6f4b3b3a] unable to create manager for [logs/${ctx:threadName}.log] with data [org.apache.logging.log4j.core.appender.FileManager$FactoryData@74a9b1e9] java.lang.IllegalStateException: ManagerFactory [org.apache.logging.log4j.core.appender.FileManager$FileManagerFactory@6f4b3b3a] unable to create manager for [logs/${ctx:threadName}.log] with data [org.apache.logging.log4j.core.appender.FileManager$FactoryData@74a9b1e9]
	at org.apache.logging.log4j.core.appender.AbstractManager.getManager(AbstractManager.java:115)
	at org.apache.logging.log4j.core.appender.OutputStreamManager.getManager(OutputStreamManager.java:100)
	at org.apache.logging.log4j.core.appender.FileManager.getFileManager(FileManager.java:182)
	at org.apache.logging.log4j.core.appender.FileAppender$Builder.build(FileAppender.java:96)
	at org.apache.logging.log4j.core.appender.FileAppender$Builder.build(FileAppender.java:52)
	at org.apache.logging.log4j.core.config.plugins.util.PluginBuilder.build(PluginBuilder.java:122)
	at org.apache.logging.log4j.core.config.AbstractConfiguration.createPluginObject(AbstractConfiguration.java:1002)
	at org.apache.logging.log4j.core.config.AbstractConfiguration.createConfiguration(AbstractConfiguration.java:942)
	at org.apache.logging.log4j.core.appender.routing.RoutingAppender.createAppender(RoutingAppender.java:299)
	at org.apache.logging.log4j.core.appender.routing.RoutingAppender.getControl(RoutingAppender.java:271)
	at org.apache.logging.log4j.core.appender.routing.RoutingAppender.append(RoutingAppender.java:229)
	at org.apache.logging.log4j.core.config.AppenderControl.tryCallAppender(AppenderControl.java:156)
	at org.apache.logging.log4j.core.config.AppenderControl.callAppender0(AppenderControl.java:129)
	at org.apache.logging.log4j.core.config.AppenderControl.callAppenderPreventRecursion(AppenderControl.java:120)
	at org.apache.logging.log4j.core.config.AppenderControl.callAppender(AppenderControl.java:84)
	at org.apache.logging.log4j.core.config.LoggerConfig.callAppenders(LoggerConfig.java:543)
	at org.apache.logging.log4j.core.config.LoggerConfig.processLogEvent(LoggerConfig.java:502)
	at org.apache.logging.log4j.core.config.LoggerConfig.log(LoggerConfig.java:485)
	at org.apache.logging.log4j.core.config.LoggerConfig.log(LoggerConfig.java:460)
	at org.apache.logging.log4j.core.config.AwaitCompletionReliabilityStrategy.log(AwaitCompletionReliabilityStrategy.java:82)
	at org.apache.logging.log4j.core.Logger.log(Logger.java:161)
	at org.apache.logging.log4j.spi.AbstractLogger.tryLogMessage(AbstractLogger.java:2198)
	at org.apache.logging.log4j.spi.AbstractLogger.logMessageTrackRecursion(AbstractLogger.java:2152)
	at org.apache.logging.log4j.spi.AbstractLogger.logMessageSafely(AbstractLogger.java:2135)
	at org.apache.logging.log4j.spi.AbstractLogger.logMessage(AbstractLogger.java:2011)
	at org.apache.logging.log4j.spi.AbstractLogger.logIfEnabled(AbstractLogger.java:1983)
	at org.apache.logging.log4j.spi.AbstractLogger.debug(AbstractLogger.java:327)
	at page_objects.RealApr.validateAPR(RealApr.java:75)
	at automation_test.mortgage_calculator.CalculateApr.calculateRealApr(CalculateApr.java:55)
	at java.base/jdk.internal.reflect.NativeMethodAccessorImpl.invoke0(Native Method)
	at java.base/jdk.internal.reflect.NativeMethodAccessorImpl.invoke(NativeMethodAccessorImpl.java:62)
	at java.base/jdk.internal.reflect.DelegatingMethodAccessorImpl.invoke(DelegatingMethodAccessorImpl.java:43)
	at java.base/java.lang.reflect.Method.invoke(Method.java:566)
	at org.testng.internal.MethodInvocationHelper.invokeMethod(MethodInvocationHelper.java:132)
	at org.testng.internal.TestInvoker.invokeMethod(TestInvoker.java:599)
	at org.testng.internal.TestInvoker.invokeTestMethod(TestInvoker.java:174)
	at org.testng.internal.MethodRunner.runInSequence(MethodRunner.java:46)
	at org.testng.internal.TestInvoker$MethodInvocationAgent.invoke(TestInvoker.java:822)
	at org.testng.internal.TestInvoker.invokeTestMethods(TestInvoker.java:147)
	at org.testng.internal.TestMethodWorker.invokeTestMethods(TestMethodWorker.java:146)
	at org.testng.internal.TestMethodWorker.run(TestMethodWorker.java:128)
	at java.base/java.util.concurrent.ThreadPoolExecutor.runWorker(ThreadPoolExecutor.java:1128)
	at java.base/java.util.concurrent.ThreadPoolExecutor$Worker.run(ThreadPoolExecutor.java:628)
	at java.base/java.lang.Thread.run(Thread.java:834)

2021-04-03 17:05:52,420 TestNG-test=Mortgage_Calculator-1 ERROR Unable to invoke factory method in class org.apache.logging.log4j.core.appender.FileAppender for element File: java.lang.IllegalStateException: No factory method found for class org.apache.logging.log4j.core.appender.FileAppender java.lang.IllegalStateException: No factory method found for class org.apache.logging.log4j.core.appender.FileAppender
	at org.apache.logging.log4j.core.config.plugins.util.PluginBuilder.findFactoryMethod(PluginBuilder.java:234)
	at org.apache.logging.log4j.core.config.plugins.util.PluginBuilder.build(PluginBuilder.java:134)
	at org.apache.logging.log4j.core.config.AbstractConfiguration.createPluginObject(AbstractConfiguration.java:1002)
	at org.apache.logging.log4j.core.config.AbstractConfiguration.createConfiguration(AbstractConfiguration.java:942)
	at org.apache.logging.log4j.core.appender.routing.RoutingAppender.createAppender(RoutingAppender.java:299)
	at org.apache.logging.log4j.core.appender.routing.RoutingAppender.getControl(RoutingAppender.java:271)
	at org.apache.logging.log4j.core.appender.routing.RoutingAppender.append(RoutingAppender.java:229)
	at org.apache.logging.log4j.core.config.AppenderControl.tryCallAppender(AppenderControl.java:156)
	at org.apache.logging.log4j.core.config.AppenderControl.callAppender0(AppenderControl.java:129)
	at org.apache.logging.log4j.core.config.AppenderControl.callAppenderPreventRecursion(AppenderControl.java:120)
	at org.apache.logging.log4j.core.config.AppenderControl.callAppender(AppenderControl.java:84)
	at org.apache.logging.log4j.core.config.LoggerConfig.callAppenders(LoggerConfig.java:543)
	at org.apache.logging.log4j.core.config.LoggerConfig.processLogEvent(LoggerConfig.java:502)
	at org.apache.logging.log4j.core.config.LoggerConfig.log(LoggerConfig.java:485)
	at org.apache.logging.log4j.core.config.LoggerConfig.log(LoggerConfig.java:460)
	at org.apache.logging.log4j.core.config.AwaitCompletionReliabilityStrategy.log(AwaitCompletionReliabilityStrategy.java:82)
	at org.apache.logging.log4j.core.Logger.log(Logger.java:161)
	at org.apache.logging.log4j.spi.AbstractLogger.tryLogMessage(AbstractLogger.java:2198)
	at org.apache.logging.log4j.spi.AbstractLogger.logMessageTrackRecursion(AbstractLogger.java:2152)
	at org.apache.logging.log4j.spi.AbstractLogger.logMessageSafely(AbstractLogger.java:2135)
	at org.apache.logging.log4j.spi.AbstractLogger.logMessage(AbstractLogger.java:2011)
	at org.apache.logging.log4j.spi.AbstractLogger.logIfEnabled(AbstractLogger.java:1983)
	at org.apache.logging.log4j.spi.AbstractLogger.debug(AbstractLogger.java:327)
	at page_objects.RealApr.validateAPR(RealApr.java:75)
	at automation_test.mortgage_calculator.CalculateApr.calculateRealApr(CalculateApr.java:55)
	at java.base/jdk.internal.reflect.NativeMethodAccessorImpl.invoke0(Native Method)
	at java.base/jdk.internal.reflect.NativeMethodAccessorImpl.invoke(NativeMethodAccessorImpl.java:62)
	at java.base/jdk.internal.reflect.DelegatingMethodAccessorImpl.invoke(DelegatingMethodAccessorImpl.java:43)
	at java.base/java.lang.reflect.Method.invoke(Method.java:566)
	at org.testng.internal.MethodInvocationHelper.invokeMethod(MethodInvocationHelper.java:132)
	at org.testng.internal.TestInvoker.invokeMethod(TestInvoker.java:599)
	at org.testng.internal.TestInvoker.invokeTestMethod(TestInvoker.java:174)
	at org.testng.internal.MethodRunner.runInSequence(MethodRunner.java:46)
	at org.testng.internal.TestInvoker$MethodInvocationAgent.invoke(TestInvoker.java:822)
	at org.testng.internal.TestInvoker.invokeTestMethods(TestInvoker.java:147)
	at org.testng.internal.TestMethodWorker.invokeTestMethods(TestMethodWorker.java:146)
	at org.testng.internal.TestMethodWorker.run(TestMethodWorker.java:128)
	at java.base/java.util.concurrent.ThreadPoolExecutor.runWorker(ThreadPoolExecutor.java:1128)
	at java.base/java.util.concurrent.ThreadPoolExecutor$Worker.run(ThreadPoolExecutor.java:628)
	at java.base/java.lang.Thread.run(Thread.java:834)

]]></system-out>
  </testcase>
  <testcase name="calculateRealApr" classname="automation_test.mortgage_calculator.CalculateApr" time="0">
    <skipped message="expected [3.4%] but found [3.132%]"/>
    <system-out><![CDATA[17:05:53.717 [TestNG-test=Mortgage_Calculator-1] INFO  utilities.TestEnvironment - Execute test with chrome browser in local machine
2021-04-03 17:05:53,717 TestNG-test=Mortgage_Calculator-1 ERROR FileManager (logs/${ctx:threadName}.log) java.io.IOException: The filename, directory name, or volume label syntax is incorrect java.io.IOException: The filename, directory name, or volume label syntax is incorrect
	at java.base/java.io.WinNTFileSystem.canonicalize0(Native Method)
	at java.base/java.io.WinNTFileSystem.canonicalize(WinNTFileSystem.java:438)
	at java.base/java.io.File.getCanonicalPath(File.java:620)
	at java.base/java.io.File.getCanonicalFile(File.java:645)
	at org.apache.logging.log4j.core.util.FileUtils.makeParentDirs(FileUtils.java:133)
	at org.apache.logging.log4j.core.appender.FileManager$FileManagerFactory.createManager(FileManager.java:434)
	at org.apache.logging.log4j.core.appender.FileManager$FileManagerFactory.createManager(FileManager.java:422)
	at org.apache.logging.log4j.core.appender.AbstractManager.getManager(AbstractManager.java:113)
	at org.apache.logging.log4j.core.appender.OutputStreamManager.getManager(OutputStreamManager.java:100)
	at org.apache.logging.log4j.core.appender.FileManager.getFileManager(FileManager.java:182)
	at org.apache.logging.log4j.core.appender.FileAppender$Builder.build(FileAppender.java:96)
	at org.apache.logging.log4j.core.appender.FileAppender$Builder.build(FileAppender.java:52)
	at org.apache.logging.log4j.core.config.plugins.util.PluginBuilder.build(PluginBuilder.java:122)
	at org.apache.logging.log4j.core.config.AbstractConfiguration.createPluginObject(AbstractConfiguration.java:1002)
	at org.apache.logging.log4j.core.config.AbstractConfiguration.createConfiguration(AbstractConfiguration.java:942)
	at org.apache.logging.log4j.core.appender.routing.RoutingAppender.createAppender(RoutingAppender.java:299)
	at org.apache.logging.log4j.core.appender.routing.RoutingAppender.getControl(RoutingAppender.java:271)
	at org.apache.logging.log4j.core.appender.routing.RoutingAppender.append(RoutingAppender.java:229)
	at org.apache.logging.log4j.core.config.AppenderControl.tryCallAppender(AppenderControl.java:156)
	at org.apache.logging.log4j.core.config.AppenderControl.callAppender0(AppenderControl.java:129)
	at org.apache.logging.log4j.core.config.AppenderControl.callAppenderPreventRecursion(AppenderControl.java:120)
	at org.apache.logging.log4j.core.config.AppenderControl.callAppender(AppenderControl.java:84)
	at org.apache.logging.log4j.core.config.LoggerConfig.callAppenders(LoggerConfig.java:543)
	at org.apache.logging.log4j.core.config.LoggerConfig.processLogEvent(LoggerConfig.java:502)
	at org.apache.logging.log4j.core.config.LoggerConfig.log(LoggerConfig.java:485)
	at org.apache.logging.log4j.core.config.LoggerConfig.log(LoggerConfig.java:460)
	at org.apache.logging.log4j.core.config.AwaitCompletionReliabilityStrategy.log(AwaitCompletionReliabilityStrategy.java:82)
	at org.apache.logging.log4j.core.Logger.log(Logger.java:161)
	at org.apache.logging.log4j.spi.AbstractLogger.tryLogMessage(AbstractLogger.java:2198)
	at org.apache.logging.log4j.spi.AbstractLogger.logMessageTrackRecursion(AbstractLogger.java:2152)
	at org.apache.logging.log4j.spi.AbstractLogger.logMessageSafely(AbstractLogger.java:2135)
	at org.apache.logging.log4j.spi.AbstractLogger.logMessage(AbstractLogger.java:2011)
	at org.apache.logging.log4j.spi.AbstractLogger.logIfEnabled(AbstractLogger.java:1983)
	at org.apache.logging.log4j.spi.AbstractLogger.info(AbstractLogger.java:1320)
	at utilities.TestEnvironment.selectTestExecutionEnvironment(TestEnvironment.java:50)
	at automation_test.mortgage_calculator.CalculateApr.BrowserInitialization(CalculateApr.java:36)
	at java.base/jdk.internal.reflect.NativeMethodAccessorImpl.invoke0(Native Method)
	at java.base/jdk.internal.reflect.NativeMethodAccessorImpl.invoke(NativeMethodAccessorImpl.java:62)
	at java.base/jdk.internal.reflect.DelegatingMethodAccessorImpl.invoke(DelegatingMethodAccessorImpl.java:43)
	at java.base/java.lang.reflect.Method.invoke(Method.java:566)
	at org.testng.internal.MethodInvocationHelper.invokeMethod(MethodInvocationHelper.java:132)
	at org.testng.internal.MethodInvocationHelper.invokeMethodConsideringTimeout(MethodInvocationHelper.java:61)
	at org.testng.internal.ConfigInvoker.invokeConfigurationMethod(ConfigInvoker.java:366)
	at org.testng.internal.ConfigInvoker.invokeConfigurations(ConfigInvoker.java:320)
	at org.testng.internal.TestInvoker.runConfigMethods(TestInvoker.java:701)
	at org.testng.internal.TestInvoker.invokeMethod(TestInvoker.java:527)
	at org.testng.internal.TestInvoker.retryFailed(TestInvoker.java:214)
	at org.testng.internal.MethodRunner.runInSequence(MethodRunner.java:58)
	at org.testng.internal.TestInvoker$MethodInvocationAgent.invoke(TestInvoker.java:822)
	at org.testng.internal.TestInvoker.invokeTestMethods(TestInvoker.java:147)
	at org.testng.internal.TestMethodWorker.invokeTestMethods(TestMethodWorker.java:146)
	at org.testng.internal.TestMethodWorker.run(TestMethodWorker.java:128)
	at java.base/java.util.concurrent.ThreadPoolExecutor.runWorker(ThreadPoolExecutor.java:1128)
	at java.base/java.util.concurrent.ThreadPoolExecutor$Worker.run(ThreadPoolExecutor.java:628)
	at java.base/java.lang.Thread.run(Thread.java:834)

2021-04-03 17:05:53,717 TestNG-test=Mortgage_Calculator-1 ERROR Could not create plugin of type class org.apache.logging.log4j.core.appender.FileAppender for element File: java.lang.IllegalStateException: ManagerFactory [org.apache.logging.log4j.core.appender.FileManager$FileManagerFactory@6f4b3b3a] unable to create manager for [logs/${ctx:threadName}.log] with data [org.apache.logging.log4j.core.appender.FileManager$FactoryData@758fffd2] java.lang.IllegalStateException: ManagerFactory [org.apache.logging.log4j.core.appender.FileManager$FileManagerFactory@6f4b3b3a] unable to create manager for [logs/${ctx:threadName}.log] with data [org.apache.logging.log4j.core.appender.FileManager$FactoryData@758fffd2]
	at org.apache.logging.log4j.core.appender.AbstractManager.getManager(AbstractManager.java:115)
	at org.apache.logging.log4j.core.appender.OutputStreamManager.getManager(OutputStreamManager.java:100)
	at org.apache.logging.log4j.core.appender.FileManager.getFileManager(FileManager.java:182)
	at org.apache.logging.log4j.core.appender.FileAppender$Builder.build(FileAppender.java:96)
	at org.apache.logging.log4j.core.appender.FileAppender$Builder.build(FileAppender.java:52)
	at org.apache.logging.log4j.core.config.plugins.util.PluginBuilder.build(PluginBuilder.java:122)
	at org.apache.logging.log4j.core.config.AbstractConfiguration.createPluginObject(AbstractConfiguration.java:1002)
	at org.apache.logging.log4j.core.config.AbstractConfiguration.createConfiguration(AbstractConfiguration.java:942)
	at org.apache.logging.log4j.core.appender.routing.RoutingAppender.createAppender(RoutingAppender.java:299)
	at org.apache.logging.log4j.core.appender.routing.RoutingAppender.getControl(RoutingAppender.java:271)
	at org.apache.logging.log4j.core.appender.routing.RoutingAppender.append(RoutingAppender.java:229)
	at org.apache.logging.log4j.core.config.AppenderControl.tryCallAppender(AppenderControl.java:156)
	at org.apache.logging.log4j.core.config.AppenderControl.callAppender0(AppenderControl.java:129)
	at org.apache.logging.log4j.core.config.AppenderControl.callAppenderPreventRecursion(AppenderControl.java:120)
	at org.apache.logging.log4j.core.config.AppenderControl.callAppender(AppenderControl.java:84)
	at org.apache.logging.log4j.core.config.LoggerConfig.callAppenders(LoggerConfig.java:543)
	at org.apache.logging.log4j.core.config.LoggerConfig.processLogEvent(LoggerConfig.java:502)
	at org.apache.logging.log4j.core.config.LoggerConfig.log(LoggerConfig.java:485)
	at org.apache.logging.log4j.core.config.LoggerConfig.log(LoggerConfig.java:460)
	at org.apache.logging.log4j.core.config.AwaitCompletionReliabilityStrategy.log(AwaitCompletionReliabilityStrategy.java:82)
	at org.apache.logging.log4j.core.Logger.log(Logger.java:161)
	at org.apache.logging.log4j.spi.AbstractLogger.tryLogMessage(AbstractLogger.java:2198)
	at org.apache.logging.log4j.spi.AbstractLogger.logMessageTrackRecursion(AbstractLogger.java:2152)
	at org.apache.logging.log4j.spi.AbstractLogger.logMessageSafely(AbstractLogger.java:2135)
	at org.apache.logging.log4j.spi.AbstractLogger.logMessage(AbstractLogger.java:2011)
	at org.apache.logging.log4j.spi.AbstractLogger.logIfEnabled(AbstractLogger.java:1983)
	at org.apache.logging.log4j.spi.AbstractLogger.info(AbstractLogger.java:1320)
	at utilities.TestEnvironment.selectTestExecutionEnvironment(TestEnvironment.java:50)
	at automation_test.mortgage_calculator.CalculateApr.BrowserInitialization(CalculateApr.java:36)
	at java.base/jdk.internal.reflect.NativeMethodAccessorImpl.invoke0(Native Method)
	at java.base/jdk.internal.reflect.NativeMethodAccessorImpl.invoke(NativeMethodAccessorImpl.java:62)
	at java.base/jdk.internal.reflect.DelegatingMethodAccessorImpl.invoke(DelegatingMethodAccessorImpl.java:43)
	at java.base/java.lang.reflect.Method.invoke(Method.java:566)
	at org.testng.internal.MethodInvocationHelper.invokeMethod(MethodInvocationHelper.java:132)
	at org.testng.internal.MethodInvocationHelper.invokeMethodConsideringTimeout(MethodInvocationHelper.java:61)
	at org.testng.internal.ConfigInvoker.invokeConfigurationMethod(ConfigInvoker.java:366)
	at org.testng.internal.ConfigInvoker.invokeConfigurations(ConfigInvoker.java:320)
	at org.testng.internal.TestInvoker.runConfigMethods(TestInvoker.java:701)
	at org.testng.internal.TestInvoker.invokeMethod(TestInvoker.java:527)
	at org.testng.internal.TestInvoker.retryFailed(TestInvoker.java:214)
	at org.testng.internal.MethodRunner.runInSequence(MethodRunner.java:58)
	at org.testng.internal.TestInvoker$MethodInvocationAgent.invoke(TestInvoker.java:822)
	at org.testng.internal.TestInvoker.invokeTestMethods(TestInvoker.java:147)
	at org.testng.internal.TestMethodWorker.invokeTestMethods(TestMethodWorker.java:146)
	at org.testng.internal.TestMethodWorker.run(TestMethodWorker.java:128)
	at java.base/java.util.concurrent.ThreadPoolExecutor.runWorker(ThreadPoolExecutor.java:1128)
	at java.base/java.util.concurrent.ThreadPoolExecutor$Worker.run(ThreadPoolExecutor.java:628)
	at java.base/java.lang.Thread.run(Thread.java:834)

2021-04-03 17:05:53,717 TestNG-test=Mortgage_Calculator-1 ERROR Unable to invoke factory method in class org.apache.logging.log4j.core.appender.FileAppender for element File: java.lang.IllegalStateException: No factory method found for class org.apache.logging.log4j.core.appender.FileAppender java.lang.IllegalStateException: No factory method found for class org.apache.logging.log4j.core.appender.FileAppender
	at org.apache.logging.log4j.core.config.plugins.util.PluginBuilder.findFactoryMethod(PluginBuilder.java:234)
	at org.apache.logging.log4j.core.config.plugins.util.PluginBuilder.build(PluginBuilder.java:134)
	at org.apache.logging.log4j.core.config.AbstractConfiguration.createPluginObject(AbstractConfiguration.java:1002)
	at org.apache.logging.log4j.core.config.AbstractConfiguration.createConfiguration(AbstractConfiguration.java:942)
	at org.apache.logging.log4j.core.appender.routing.RoutingAppender.createAppender(RoutingAppender.java:299)
	at org.apache.logging.log4j.core.appender.routing.RoutingAppender.getControl(RoutingAppender.java:271)
	at org.apache.logging.log4j.core.appender.routing.RoutingAppender.append(RoutingAppender.java:229)
	at org.apache.logging.log4j.core.config.AppenderControl.tryCallAppender(AppenderControl.java:156)
	at org.apache.logging.log4j.core.config.AppenderControl.callAppender0(AppenderControl.java:129)
	at org.apache.logging.log4j.core.config.AppenderControl.callAppenderPreventRecursion(AppenderControl.java:120)
	at org.apache.logging.log4j.core.config.AppenderControl.callAppender(AppenderControl.java:84)
	at org.apache.logging.log4j.core.config.LoggerConfig.callAppenders(LoggerConfig.java:543)
	at org.apache.logging.log4j.core.config.LoggerConfig.processLogEvent(LoggerConfig.java:502)
	at org.apache.logging.log4j.core.config.LoggerConfig.log(LoggerConfig.java:485)
	at org.apache.logging.log4j.core.config.LoggerConfig.log(LoggerConfig.java:460)
	at org.apache.logging.log4j.core.config.AwaitCompletionReliabilityStrategy.log(AwaitCompletionReliabilityStrategy.java:82)
	at org.apache.logging.log4j.core.Logger.log(Logger.java:161)
	at org.apache.logging.log4j.spi.AbstractLogger.tryLogMessage(AbstractLogger.java:2198)
	at org.apache.logging.log4j.spi.AbstractLogger.logMessageTrackRecursion(AbstractLogger.java:2152)
	at org.apache.logging.log4j.spi.AbstractLogger.logMessageSafely(AbstractLogger.java:2135)
	at org.apache.logging.log4j.spi.AbstractLogger.logMessage(AbstractLogger.java:2011)
	at org.apache.logging.log4j.spi.AbstractLogger.logIfEnabled(AbstractLogger.java:1983)
	at org.apache.logging.log4j.spi.AbstractLogger.info(AbstractLogger.java:1320)
	at utilities.TestEnvironment.selectTestExecutionEnvironment(TestEnvironment.java:50)
	at automation_test.mortgage_calculator.CalculateApr.BrowserInitialization(CalculateApr.java:36)
	at java.base/jdk.internal.reflect.NativeMethodAccessorImpl.invoke0(Native Method)
	at java.base/jdk.internal.reflect.NativeMethodAccessorImpl.invoke(NativeMethodAccessorImpl.java:62)
	at java.base/jdk.internal.reflect.DelegatingMethodAccessorImpl.invoke(DelegatingMethodAccessorImpl.java:43)
	at java.base/java.lang.reflect.Method.invoke(Method.java:566)
	at org.testng.internal.MethodInvocationHelper.invokeMethod(MethodInvocationHelper.java:132)
	at org.testng.internal.MethodInvocationHelper.invokeMethodConsideringTimeout(MethodInvocationHelper.java:61)
	at org.testng.internal.ConfigInvoker.invokeConfigurationMethod(ConfigInvoker.java:366)
	at org.testng.internal.ConfigInvoker.invokeConfigurations(ConfigInvoker.java:320)
	at org.testng.internal.TestInvoker.runConfigMethods(TestInvoker.java:701)
	at org.testng.internal.TestInvoker.invokeMethod(TestInvoker.java:527)
	at org.testng.internal.TestInvoker.retryFailed(TestInvoker.java:214)
	at org.testng.internal.MethodRunner.runInSequence(MethodRunner.java:58)
	at org.testng.internal.TestInvoker$MethodInvocationAgent.invoke(TestInvoker.java:822)
	at org.testng.internal.TestInvoker.invokeTestMethods(TestInvoker.java:147)
	at org.testng.internal.TestMethodWorker.invokeTestMethods(TestMethodWorker.java:146)
	at org.testng.internal.TestMethodWorker.run(TestMethodWorker.java:128)
	at java.base/java.util.concurrent.ThreadPoolExecutor.runWorker(ThreadPoolExecutor.java:1128)
	at java.base/java.util.concurrent.ThreadPoolExecutor$Worker.run(ThreadPoolExecutor.java:628)
	at java.base/java.lang.Thread.run(Thread.java:834)

17:05:57.256 [TestNG-test=Mortgage_Calculator-1] INFO  Testing.TestNgMavenTest - Launch browser :https://www.mortgagecalculator.org/
2021-04-03 17:05:57,266 TestNG-test=Mortgage_Calculator-1 ERROR FileManager (logs/${ctx:threadName}.log) java.io.IOException: The filename, directory name, or volume label syntax is incorrect java.io.IOException: The filename, directory name, or volume label syntax is incorrect
	at java.base/java.io.WinNTFileSystem.canonicalize0(Native Method)
	at java.base/java.io.WinNTFileSystem.canonicalize(WinNTFileSystem.java:438)
	at java.base/java.io.File.getCanonicalPath(File.java:620)
	at java.base/java.io.File.getCanonicalFile(File.java:645)
	at org.apache.logging.log4j.core.util.FileUtils.makeParentDirs(FileUtils.java:133)
	at org.apache.logging.log4j.core.appender.FileManager$FileManagerFactory.createManager(FileManager.java:434)
	at org.apache.logging.log4j.core.appender.FileManager$FileManagerFactory.createManager(FileManager.java:422)
	at org.apache.logging.log4j.core.appender.AbstractManager.getManager(AbstractManager.java:113)
	at org.apache.logging.log4j.core.appender.OutputStreamManager.getManager(OutputStreamManager.java:100)
	at org.apache.logging.log4j.core.appender.FileManager.getFileManager(FileManager.java:182)
	at org.apache.logging.log4j.core.appender.FileAppender$Builder.build(FileAppender.java:96)
	at org.apache.logging.log4j.core.appender.FileAppender$Builder.build(FileAppender.java:52)
	at org.apache.logging.log4j.core.config.plugins.util.PluginBuilder.build(PluginBuilder.java:122)
	at org.apache.logging.log4j.core.config.AbstractConfiguration.createPluginObject(AbstractConfiguration.java:1002)
	at org.apache.logging.log4j.core.config.AbstractConfiguration.createConfiguration(AbstractConfiguration.java:942)
	at org.apache.logging.log4j.core.appender.routing.RoutingAppender.createAppender(RoutingAppender.java:299)
	at org.apache.logging.log4j.core.appender.routing.RoutingAppender.getControl(RoutingAppender.java:271)
	at org.apache.logging.log4j.core.appender.routing.RoutingAppender.append(RoutingAppender.java:229)
	at org.apache.logging.log4j.core.config.AppenderControl.tryCallAppender(AppenderControl.java:156)
	at org.apache.logging.log4j.core.config.AppenderControl.callAppender0(AppenderControl.java:129)
	at org.apache.logging.log4j.core.config.AppenderControl.callAppenderPreventRecursion(AppenderControl.java:120)
	at org.apache.logging.log4j.core.config.AppenderControl.callAppender(AppenderControl.java:84)
	at org.apache.logging.log4j.core.config.LoggerConfig.callAppenders(LoggerConfig.java:543)
	at org.apache.logging.log4j.core.config.LoggerConfig.processLogEvent(LoggerConfig.java:502)
	at org.apache.logging.log4j.core.config.LoggerConfig.log(LoggerConfig.java:485)
	at org.apache.logging.log4j.core.config.LoggerConfig.log(LoggerConfig.java:460)
	at org.apache.logging.log4j.core.config.AwaitCompletionReliabilityStrategy.log(AwaitCompletionReliabilityStrategy.java:82)
	at org.apache.logging.log4j.core.Logger.log(Logger.java:161)
	at org.apache.logging.log4j.spi.AbstractLogger.tryLogMessage(AbstractLogger.java:2198)
	at org.apache.logging.log4j.spi.AbstractLogger.logMessageTrackRecursion(AbstractLogger.java:2152)
	at org.apache.logging.log4j.spi.AbstractLogger.logMessageSafely(AbstractLogger.java:2135)
	at org.apache.logging.log4j.spi.AbstractLogger.logMessage(AbstractLogger.java:2011)
	at org.apache.logging.log4j.spi.AbstractLogger.logIfEnabled(AbstractLogger.java:1983)
	at org.apache.logging.log4j.spi.AbstractLogger.info(AbstractLogger.java:1320)
	at command_provider.BrowserActions.OPenBrowser(BrowserActions.java:21)
	at automation_test.mortgage_calculator.CalculateApr.BrowserInitialization(CalculateApr.java:38)
	at java.base/jdk.internal.reflect.NativeMethodAccessorImpl.invoke0(Native Method)
	at java.base/jdk.internal.reflect.NativeMethodAccessorImpl.invoke(NativeMethodAccessorImpl.java:62)
	at java.base/jdk.internal.reflect.DelegatingMethodAccessorImpl.invoke(DelegatingMethodAccessorImpl.java:43)
	at java.base/java.lang.reflect.Method.invoke(Method.java:566)
	at org.testng.internal.MethodInvocationHelper.invokeMethod(MethodInvocationHelper.java:132)
	at org.testng.internal.MethodInvocationHelper.invokeMethodConsideringTimeout(MethodInvocationHelper.java:61)
	at org.testng.internal.ConfigInvoker.invokeConfigurationMethod(ConfigInvoker.java:366)
	at org.testng.internal.ConfigInvoker.invokeConfigurations(ConfigInvoker.java:320)
	at org.testng.internal.TestInvoker.runConfigMethods(TestInvoker.java:701)
	at org.testng.internal.TestInvoker.invokeMethod(TestInvoker.java:527)
	at org.testng.internal.TestInvoker.retryFailed(TestInvoker.java:214)
	at org.testng.internal.MethodRunner.runInSequence(MethodRunner.java:58)
	at org.testng.internal.TestInvoker$MethodInvocationAgent.invoke(TestInvoker.java:822)
	at org.testng.internal.TestInvoker.invokeTestMethods(TestInvoker.java:147)
	at org.testng.internal.TestMethodWorker.invokeTestMethods(TestMethodWorker.java:146)
	at org.testng.internal.TestMethodWorker.run(TestMethodWorker.java:128)
	at java.base/java.util.concurrent.ThreadPoolExecutor.runWorker(ThreadPoolExecutor.java:1128)
	at java.base/java.util.concurrent.ThreadPoolExecutor$Worker.run(ThreadPoolExecutor.java:628)
	at java.base/java.lang.Thread.run(Thread.java:834)

2021-04-03 17:05:57,266 TestNG-test=Mortgage_Calculator-1 ERROR Could not create plugin of type class org.apache.logging.log4j.core.appender.FileAppender for element File: java.lang.IllegalStateException: ManagerFactory [org.apache.logging.log4j.core.appender.FileManager$FileManagerFactory@6f4b3b3a] unable to create manager for [logs/${ctx:threadName}.log] with data [org.apache.logging.log4j.core.appender.FileManager$FactoryData@5106443b] java.lang.IllegalStateException: ManagerFactory [org.apache.logging.log4j.core.appender.FileManager$FileManagerFactory@6f4b3b3a] unable to create manager for [logs/${ctx:threadName}.log] with data [org.apache.logging.log4j.core.appender.FileManager$FactoryData@5106443b]
	at org.apache.logging.log4j.core.appender.AbstractManager.getManager(AbstractManager.java:115)
	at org.apache.logging.log4j.core.appender.OutputStreamManager.getManager(OutputStreamManager.java:100)
	at org.apache.logging.log4j.core.appender.FileManager.getFileManager(FileManager.java:182)
	at org.apache.logging.log4j.core.appender.FileAppender$Builder.build(FileAppender.java:96)
	at org.apache.logging.log4j.core.appender.FileAppender$Builder.build(FileAppender.java:52)
	at org.apache.logging.log4j.core.config.plugins.util.PluginBuilder.build(PluginBuilder.java:122)
	at org.apache.logging.log4j.core.config.AbstractConfiguration.createPluginObject(AbstractConfiguration.java:1002)
	at org.apache.logging.log4j.core.config.AbstractConfiguration.createConfiguration(AbstractConfiguration.java:942)
	at org.apache.logging.log4j.core.appender.routing.RoutingAppender.createAppender(RoutingAppender.java:299)
	at org.apache.logging.log4j.core.appender.routing.RoutingAppender.getControl(RoutingAppender.java:271)
	at org.apache.logging.log4j.core.appender.routing.RoutingAppender.append(RoutingAppender.java:229)
	at org.apache.logging.log4j.core.config.AppenderControl.tryCallAppender(AppenderControl.java:156)
	at org.apache.logging.log4j.core.config.AppenderControl.callAppender0(AppenderControl.java:129)
	at org.apache.logging.log4j.core.config.AppenderControl.callAppenderPreventRecursion(AppenderControl.java:120)
	at org.apache.logging.log4j.core.config.AppenderControl.callAppender(AppenderControl.java:84)
	at org.apache.logging.log4j.core.config.LoggerConfig.callAppenders(LoggerConfig.java:543)
	at org.apache.logging.log4j.core.config.LoggerConfig.processLogEvent(LoggerConfig.java:502)
	at org.apache.logging.log4j.core.config.LoggerConfig.log(LoggerConfig.java:485)
	at org.apache.logging.log4j.core.config.LoggerConfig.log(LoggerConfig.java:460)
	at org.apache.logging.log4j.core.config.AwaitCompletionReliabilityStrategy.log(AwaitCompletionReliabilityStrategy.java:82)
	at org.apache.logging.log4j.core.Logger.log(Logger.java:161)
	at org.apache.logging.log4j.spi.AbstractLogger.tryLogMessage(AbstractLogger.java:2198)
	at org.apache.logging.log4j.spi.AbstractLogger.logMessageTrackRecursion(AbstractLogger.java:2152)
	at org.apache.logging.log4j.spi.AbstractLogger.logMessageSafely(AbstractLogger.java:2135)
	at org.apache.logging.log4j.spi.AbstractLogger.logMessage(AbstractLogger.java:2011)
	at org.apache.logging.log4j.spi.AbstractLogger.logIfEnabled(AbstractLogger.java:1983)
	at org.apache.logging.log4j.spi.AbstractLogger.info(AbstractLogger.java:1320)
	at command_provider.BrowserActions.OPenBrowser(BrowserActions.java:21)
	at automation_test.mortgage_calculator.CalculateApr.BrowserInitialization(CalculateApr.java:38)
	at java.base/jdk.internal.reflect.NativeMethodAccessorImpl.invoke0(Native Method)
	at java.base/jdk.internal.reflect.NativeMethodAccessorImpl.invoke(NativeMethodAccessorImpl.java:62)
	at java.base/jdk.internal.reflect.DelegatingMethodAccessorImpl.invoke(DelegatingMethodAccessorImpl.java:43)
	at java.base/java.lang.reflect.Method.invoke(Method.java:566)
	at org.testng.internal.MethodInvocationHelper.invokeMethod(MethodInvocationHelper.java:132)
	at org.testng.internal.MethodInvocationHelper.invokeMethodConsideringTimeout(MethodInvocationHelper.java:61)
	at org.testng.internal.ConfigInvoker.invokeConfigurationMethod(ConfigInvoker.java:366)
	at org.testng.internal.ConfigInvoker.invokeConfigurations(ConfigInvoker.java:320)
	at org.testng.internal.TestInvoker.runConfigMethods(TestInvoker.java:701)
	at org.testng.internal.TestInvoker.invokeMethod(TestInvoker.java:527)
	at org.testng.internal.TestInvoker.retryFailed(TestInvoker.java:214)
	at org.testng.internal.MethodRunner.runInSequence(MethodRunner.java:58)
	at org.testng.internal.TestInvoker$MethodInvocationAgent.invoke(TestInvoker.java:822)
	at org.testng.internal.TestInvoker.invokeTestMethods(TestInvoker.java:147)
	at org.testng.internal.TestMethodWorker.invokeTestMethods(TestMethodWorker.java:146)
	at org.testng.internal.TestMethodWorker.run(TestMethodWorker.java:128)
	at java.base/java.util.concurrent.ThreadPoolExecutor.runWorker(ThreadPoolExecutor.java:1128)
	at java.base/java.util.concurrent.ThreadPoolExecutor$Worker.run(ThreadPoolExecutor.java:628)
	at java.base/java.lang.Thread.run(Thread.java:834)

2021-04-03 17:05:57,266 TestNG-test=Mortgage_Calculator-1 ERROR Unable to invoke factory method in class org.apache.logging.log4j.core.appender.FileAppender for element File: java.lang.IllegalStateException: No factory method found for class org.apache.logging.log4j.core.appender.FileAppender java.lang.IllegalStateException: No factory method found for class org.apache.logging.log4j.core.appender.FileAppender
	at org.apache.logging.log4j.core.config.plugins.util.PluginBuilder.findFactoryMethod(PluginBuilder.java:234)
	at org.apache.logging.log4j.core.config.plugins.util.PluginBuilder.build(PluginBuilder.java:134)
	at org.apache.logging.log4j.core.config.AbstractConfiguration.createPluginObject(AbstractConfiguration.java:1002)
	at org.apache.logging.log4j.core.config.AbstractConfiguration.createConfiguration(AbstractConfiguration.java:942)
	at org.apache.logging.log4j.core.appender.routing.RoutingAppender.createAppender(RoutingAppender.java:299)
	at org.apache.logging.log4j.core.appender.routing.RoutingAppender.getControl(RoutingAppender.java:271)
	at org.apache.logging.log4j.core.appender.routing.RoutingAppender.append(RoutingAppender.java:229)
	at org.apache.logging.log4j.core.config.AppenderControl.tryCallAppender(AppenderControl.java:156)
	at org.apache.logging.log4j.core.config.AppenderControl.callAppender0(AppenderControl.java:129)
	at org.apache.logging.log4j.core.config.AppenderControl.callAppenderPreventRecursion(AppenderControl.java:120)
	at org.apache.logging.log4j.core.config.AppenderControl.callAppender(AppenderControl.java:84)
	at org.apache.logging.log4j.core.config.LoggerConfig.callAppenders(LoggerConfig.java:543)
	at org.apache.logging.log4j.core.config.LoggerConfig.processLogEvent(LoggerConfig.java:502)
	at org.apache.logging.log4j.core.config.LoggerConfig.log(LoggerConfig.java:485)
	at org.apache.logging.log4j.core.config.LoggerConfig.log(LoggerConfig.java:460)
	at org.apache.logging.log4j.core.config.AwaitCompletionReliabilityStrategy.log(AwaitCompletionReliabilityStrategy.java:82)
	at org.apache.logging.log4j.core.Logger.log(Logger.java:161)
	at org.apache.logging.log4j.spi.AbstractLogger.tryLogMessage(AbstractLogger.java:2198)
	at org.apache.logging.log4j.spi.AbstractLogger.logMessageTrackRecursion(AbstractLogger.java:2152)
	at org.apache.logging.log4j.spi.AbstractLogger.logMessageSafely(AbstractLogger.java:2135)
	at org.apache.logging.log4j.spi.AbstractLogger.logMessage(AbstractLogger.java:2011)
	at org.apache.logging.log4j.spi.AbstractLogger.logIfEnabled(AbstractLogger.java:1983)
	at org.apache.logging.log4j.spi.AbstractLogger.info(AbstractLogger.java:1320)
	at command_provider.BrowserActions.OPenBrowser(BrowserActions.java:21)
	at automation_test.mortgage_calculator.CalculateApr.BrowserInitialization(CalculateApr.java:38)
	at java.base/jdk.internal.reflect.NativeMethodAccessorImpl.invoke0(Native Method)
	at java.base/jdk.internal.reflect.NativeMethodAccessorImpl.invoke(NativeMethodAccessorImpl.java:62)
	at java.base/jdk.internal.reflect.DelegatingMethodAccessorImpl.invoke(DelegatingMethodAccessorImpl.java:43)
	at java.base/java.lang.reflect.Method.invoke(Method.java:566)
	at org.testng.internal.MethodInvocationHelper.invokeMethod(MethodInvocationHelper.java:132)
	at org.testng.internal.MethodInvocationHelper.invokeMethodConsideringTimeout(MethodInvocationHelper.java:61)
	at org.testng.internal.ConfigInvoker.invokeConfigurationMethod(ConfigInvoker.java:366)
	at org.testng.internal.ConfigInvoker.invokeConfigurations(ConfigInvoker.java:320)
	at org.testng.internal.TestInvoker.runConfigMethods(TestInvoker.java:701)
	at org.testng.internal.TestInvoker.invokeMethod(TestInvoker.java:527)
	at org.testng.internal.TestInvoker.retryFailed(TestInvoker.java:214)
	at org.testng.internal.MethodRunner.runInSequence(MethodRunner.java:58)
	at org.testng.internal.TestInvoker$MethodInvocationAgent.invoke(TestInvoker.java:822)
	at org.testng.internal.TestInvoker.invokeTestMethods(TestInvoker.java:147)
	at org.testng.internal.TestMethodWorker.invokeTestMethods(TestMethodWorker.java:146)
	at org.testng.internal.TestMethodWorker.run(TestMethodWorker.java:128)
	at java.base/java.util.concurrent.ThreadPoolExecutor.runWorker(ThreadPoolExecutor.java:1128)
	at java.base/java.util.concurrent.ThreadPoolExecutor$Worker.run(ThreadPoolExecutor.java:628)
	at java.base/java.lang.Thread.run(Thread.java:834)

2021-04-03 17:06:04,845 TestNG-test=Mortgage_Calculator-1 ERROR FileManager (logs/${ctx:threadName}.log) java.io.IOException: The filename, directory name, or volume label syntax is incorrect java.io.IOException: The filename, directory name, or volume label syntax is incorrect
	at java.base/java.io.WinNTFileSystem.canonicalize0(Native Method)
	at java.base/java.io.WinNTFileSystem.canonicalize(WinNTFileSystem.java:438)
	at java.base/java.io.File.getCanonicalPath(File.java:620)
	at java.base/java.io.File.getCanonicalFile(File.java:645)
	at org.apache.logging.log4j.core.util.FileUtils.makeParentDirs(FileUtils.java:133)
	at org.apache.logging.log4j.core.appender.FileManager$FileManagerFactory.createManager(FileManager.java:434)
	at org.apache.logging.log4j.core.appender.FileManager$FileManagerFactory.createManager(FileManager.java:422)
	at org.apache.logging.log4j.core.appender.AbstractManager.getManager(AbstractManager.java:113)
	at org.apache.logging.log4j.core.appender.OutputStreamManager.getManager(OutputStreamManager.java:100)
	at org.apache.logging.log4j.core.appender.FileManager.getFileManager(FileManager.java:182)
	at org.apache.logging.log4j.core.appender.FileAppender$Builder.build(FileAppender.java:96)
	at org.apache.logging.log4j.core.appender.FileAppender$Builder.build(FileAppender.java:52)
	at org.apache.logging.log4j.core.config.plugins.util.PluginBuilder.build(PluginBuilder.java:122)
	at org.apache.logging.log4j.core.config.AbstractConfiguration.createPluginObject(AbstractConfiguration.java:1002)
	at org.apache.logging.log4j.core.config.AbstractConfiguration.createConfiguration(AbstractConfiguration.java:942)
	at org.apache.logging.log4j.core.appender.routing.RoutingAppender.createAppender(RoutingAppender.java:299)
	at org.apache.logging.log4j.core.appender.routing.RoutingAppender.getControl(RoutingAppender.java:271)
	at org.apache.logging.log4j.core.appender.routing.RoutingAppender.append(RoutingAppender.java:229)
	at org.apache.logging.log4j.core.config.AppenderControl.tryCallAppender(AppenderControl.java:156)
	at org.apache.logging.log4j.core.config.AppenderControl.callAppender0(AppenderControl.java:129)
	at org.apache.logging.log4j.core.config.AppenderControl.callAppenderPreventRecursion(AppenderControl.java:120)
	at org.apache.logging.log4j.core.config.AppenderControl.callAppender(AppenderControl.java:84)
	at org.apache.logging.log4j.core.config.LoggerConfig.callAppenders(LoggerConfig.java:543)
	at org.apache.logging.log4j.core.config.LoggerConfig.processLogEvent(LoggerConfig.java:502)
	at org.apache.logging.log4j.core.config.LoggerConfig.log(LoggerConfig.java:485)
	at org.apache.logging.log4j.core.config.LoggerConfig.log(LoggerConfig.java:460)
	at org.apache.logging.log4j.core.config.AwaitCompletionReliabilityStrategy.log(AwaitCompletionReliabilityStrategy.java:82)
	at org.apache.logging.log4j.core.Logger.log(Logger.java:161)
	at org.apache.logging.log4j.spi.AbstractLogger.tryLogMessage(AbstractLogger.java:2198)
	at org.apache.logging.log4j.spi.AbstractLogger.logMessageTrackRecursion(AbstractLogger.java:2152)
	at org.apache.logging.log4j.spi.AbstractLogger.logMessageSafely(AbstractLogger.java:2135)
	at org.apache.logging.log4j.spi.AbstractLogger.logMessage(AbstractLogger.java:2011)
	at org.apache.logging.log4j.spi.AbstractLogger.logIfEnabled(AbstractLogger.java:1983)
	at org.apache.logging.log4j.spi.AbstractLogger.debug(AbstractLogger.java:327)
	at page_objects.NavigationBar.mouseHoverToRates(NavigationBar.java:34)
	at automation_test.mortgage_calculator.CalculateApr.calculateRealApr(CalculateApr.java:46)
	at java.base/jdk.internal.reflect.NativeMethodAccessorImpl.invoke0(Native Method)
	at java.base/jdk.internal.reflect.NativeMethodAccessorImpl.invoke(NativeMethodAccessorImpl.java:62)
	at java.base/jdk.internal.reflect.DelegatingMethodAccessorImpl.invoke(DelegatingMethodAccessorImpl.java:43)
	at java.base/java.lang.reflect.Method.invoke(Method.java:566)
	at org.testng.internal.MethodInvocationHelper.invokeMethod(MethodInvocationHelper.java:132)
	at org.testng.internal.TestInvoker.invokeMethod(TestInvoker.java:599)
	at org.testng.internal.TestInvoker.retryFailed(TestInvoker.java:214)
	at org.testng.internal.MethodRunner.runInSequence(MethodRunner.java:58)
	at org.testng.internal.TestInvoker$MethodInvocationAgent.invoke(TestInvoker.java:822)
	at org.testng.internal.TestInvoker.invokeTestMethods(TestInvoker.java:147)
	at org.testng.internal.TestMethodWorker.invokeTestMethods(TestMethodWorker.java:146)
	at org.testng.internal.TestMethodWorker.run(TestMethodWorker.java:128)
	at java.base/java.util.concurrent.ThreadPoolExecutor.runWorker(ThreadPoolExecutor.java:1128)
	at java.base/java.util.concurrent.ThreadPoolExecutor$Worker.run(ThreadPoolExecutor.java:628)
	at java.base/java.lang.Thread.run(Thread.java:834)

2021-04-03 17:06:04,846 TestNG-test=Mortgage_Calculator-1 ERROR Could not create plugin of type class org.apache.logging.log4j.core.appender.FileAppender for element File: java.lang.IllegalStateException: ManagerFactory [org.apache.logging.log4j.core.appender.FileManager$FileManagerFactory@6f4b3b3a] unable to create manager for [logs/${ctx:threadName}.log] with data [org.apache.logging.log4j.core.appender.FileManager$FactoryData@63fd248] java.lang.IllegalStateException: ManagerFactory [org.apache.logging.log4j.core.appender.FileManager$FileManagerFactory@6f4b3b3a] unable to create manager for [logs/${ctx:threadName}.log] with data [org.apache.logging.log4j.core.appender.FileManager$FactoryData@63fd248]
	at org.apache.logging.log4j.core.appender.AbstractManager.getManager(AbstractManager.java:115)
	at org.apache.logging.log4j.core.appender.OutputStreamManager.getManager(OutputStreamManager.java:100)
	at org.apache.logging.log4j.core.appender.FileManager.getFileManager(FileManager.java:182)
	at org.apache.logging.log4j.core.appender.FileAppender$Builder.build(FileAppender.java:96)
	at org.apache.logging.log4j.core.appender.FileAppender$Builder.build(FileAppender.java:52)
	at org.apache.logging.log4j.core.config.plugins.util.PluginBuilder.build(PluginBuilder.java:122)
	at org.apache.logging.log4j.core.config.AbstractConfiguration.createPluginObject(AbstractConfiguration.java:1002)
	at org.apache.logging.log4j.core.config.AbstractConfiguration.createConfiguration(AbstractConfiguration.java:942)
	at org.apache.logging.log4j.core.appender.routing.RoutingAppender.createAppender(RoutingAppender.java:299)
	at org.apache.logging.log4j.core.appender.routing.RoutingAppender.getControl(RoutingAppender.java:271)
	at org.apache.logging.log4j.core.appender.routing.RoutingAppender.append(RoutingAppender.java:229)
	at org.apache.logging.log4j.core.config.AppenderControl.tryCallAppender(AppenderControl.java:156)
	at org.apache.logging.log4j.core.config.AppenderControl.callAppender0(AppenderControl.java:129)
	at org.apache.logging.log4j.core.config.AppenderControl.callAppenderPreventRecursion(AppenderControl.java:120)
	at org.apache.logging.log4j.core.config.AppenderControl.callAppender(AppenderControl.java:84)
	at org.apache.logging.log4j.core.config.LoggerConfig.callAppenders(LoggerConfig.java:543)
	at org.apache.logging.log4j.core.config.LoggerConfig.processLogEvent(LoggerConfig.java:502)
	at org.apache.logging.log4j.core.config.LoggerConfig.log(LoggerConfig.java:485)
	at org.apache.logging.log4j.core.config.LoggerConfig.log(LoggerConfig.java:460)
	at org.apache.logging.log4j.core.config.AwaitCompletionReliabilityStrategy.log(AwaitCompletionReliabilityStrategy.java:82)
	at org.apache.logging.log4j.core.Logger.log(Logger.java:161)
	at org.apache.logging.log4j.spi.AbstractLogger.tryLogMessage(AbstractLogger.java:2198)
	at org.apache.logging.log4j.spi.AbstractLogger.logMessageTrackRecursion(AbstractLogger.java:2152)
	at org.apache.logging.log4j.spi.AbstractLogger.logMessageSafely(AbstractLogger.java:2135)
	at org.apache.logging.log4j.spi.AbstractLogger.logMessage(AbstractLogger.java:2011)
	at org.apache.logging.log4j.spi.AbstractLogger.logIfEnabled(AbstractLogger.java:1983)
	at org.apache.logging.log4j.spi.AbstractLogger.debug(AbstractLogger.java:327)
	at page_objects.NavigationBar.mouseHoverToRates(NavigationBar.java:34)
	at automation_test.mortgage_calculator.CalculateApr.calculateRealApr(CalculateApr.java:46)
	at java.base/jdk.internal.reflect.NativeMethodAccessorImpl.invoke0(Native Method)
	at java.base/jdk.internal.reflect.NativeMethodAccessorImpl.invoke(NativeMethodAccessorImpl.java:62)
	at java.base/jdk.internal.reflect.DelegatingMethodAccessorImpl.invoke(DelegatingMethodAccessorImpl.java:43)
	at java.base/java.lang.reflect.Method.invoke(Method.java:566)
	at org.testng.internal.MethodInvocationHelper.invokeMethod(MethodInvocationHelper.java:132)
	at org.testng.internal.TestInvoker.invokeMethod(TestInvoker.java:599)
	at org.testng.internal.TestInvoker.retryFailed(TestInvoker.java:214)
	at org.testng.internal.MethodRunner.runInSequence(MethodRunner.java:58)
	at org.testng.internal.TestInvoker$MethodInvocationAgent.invoke(TestInvoker.java:822)
	at org.testng.internal.TestInvoker.invokeTestMethods(TestInvoker.java:147)
	at org.testng.internal.TestMethodWorker.invokeTestMethods(TestMethodWorker.java:146)
	at org.testng.internal.TestMethodWorker.run(TestMethodWorker.java:128)
	at java.base/java.util.concurrent.ThreadPoolExecutor.runWorker(ThreadPoolExecutor.java:1128)
	at java.base/java.util.concurrent.ThreadPoolExecutor$Worker.run(ThreadPoolExecutor.java:628)
	at java.base/java.lang.Thread.run(Thread.java:834)

2021-04-03 17:06:04,847 TestNG-test=Mortgage_Calculator-1 ERROR Unable to invoke factory method in class org.apache.logging.log4j.core.appender.FileAppender for element File: java.lang.IllegalStateException: No factory method found for class org.apache.logging.log4j.core.appender.FileAppender java.lang.IllegalStateException: No factory method found for class org.apache.logging.log4j.core.appender.FileAppender
	at org.apache.logging.log4j.core.config.plugins.util.PluginBuilder.findFactoryMethod(PluginBuilder.java:234)
	at org.apache.logging.log4j.core.config.plugins.util.PluginBuilder.build(PluginBuilder.java:134)
	at org.apache.logging.log4j.core.config.AbstractConfiguration.createPluginObject(AbstractConfiguration.java:1002)
	at org.apache.logging.log4j.core.config.AbstractConfiguration.createConfiguration(AbstractConfiguration.java:942)
	at org.apache.logging.log4j.core.appender.routing.RoutingAppender.createAppender(RoutingAppender.java:299)
	at org.apache.logging.log4j.core.appender.routing.RoutingAppender.getControl(RoutingAppender.java:271)
	at org.apache.logging.log4j.core.appender.routing.RoutingAppender.append(RoutingAppender.java:229)
	at org.apache.logging.log4j.core.config.AppenderControl.tryCallAppender(AppenderControl.java:156)
	at org.apache.logging.log4j.core.config.AppenderControl.callAppender0(AppenderControl.java:129)
	at org.apache.logging.log4j.core.config.AppenderControl.callAppenderPreventRecursion(AppenderControl.java:120)
	at org.apache.logging.log4j.core.config.AppenderControl.callAppender(AppenderControl.java:84)
	at org.apache.logging.log4j.core.config.LoggerConfig.callAppenders(LoggerConfig.java:543)
	at org.apache.logging.log4j.core.config.LoggerConfig.processLogEvent(LoggerConfig.java:502)
	at org.apache.logging.log4j.core.config.LoggerConfig.log(LoggerConfig.java:485)
	at org.apache.logging.log4j.core.config.LoggerConfig.log(LoggerConfig.java:460)
	at org.apache.logging.log4j.core.config.AwaitCompletionReliabilityStrategy.log(AwaitCompletionReliabilityStrategy.java:82)
	at org.apache.logging.log4j.core.Logger.log(Logger.java:161)
	at org.apache.logging.log4j.spi.AbstractLogger.tryLogMessage(AbstractLogger.java:2198)
	at org.apache.logging.log4j.spi.AbstractLogger.logMessageTrackRecursion(AbstractLogger.java:2152)
	at org.apache.logging.log4j.spi.AbstractLogger.logMessageSafely(AbstractLogger.java:2135)
	at org.apache.logging.log4j.spi.AbstractLogger.logMessage(AbstractLogger.java:2011)
	at org.apache.logging.log4j.spi.AbstractLogger.logIfEnabled(AbstractLogger.java:1983)
	at org.apache.logging.log4j.spi.AbstractLogger.debug(AbstractLogger.java:327)
	at page_objects.NavigationBar.mouseHoverToRates(NavigationBar.java:34)
	at automation_test.mortgage_calculator.CalculateApr.calculateRealApr(CalculateApr.java:46)
	at java.base/jdk.internal.reflect.NativeMethodAccessorImpl.invoke0(Native Method)
	at java.base/jdk.internal.reflect.NativeMethodAccessorImpl.invoke(NativeMethodAccessorImpl.java:62)
	at java.base/jdk.internal.reflect.DelegatingMethodAccessorImpl.invoke(DelegatingMethodAccessorImpl.java:43)
	at java.base/java.lang.reflect.Method.invoke(Method.java:566)
	at org.testng.internal.MethodInvocationHelper.invokeMethod(MethodInvocationHelper.java:132)
	at org.testng.internal.TestInvoker.invokeMethod(TestInvoker.java:599)
	at org.testng.internal.TestInvoker.retryFailed(TestInvoker.java:214)
	at org.testng.internal.MethodRunner.runInSequence(MethodRunner.java:58)
	at org.testng.internal.TestInvoker$MethodInvocationAgent.invoke(TestInvoker.java:822)
	at org.testng.internal.TestInvoker.invokeTestMethods(TestInvoker.java:147)
	at org.testng.internal.TestMethodWorker.invokeTestMethods(TestMethodWorker.java:146)
	at org.testng.internal.TestMethodWorker.run(TestMethodWorker.java:128)
	at java.base/java.util.concurrent.ThreadPoolExecutor.runWorker(ThreadPoolExecutor.java:1128)
	at java.base/java.util.concurrent.ThreadPoolExecutor$Worker.run(ThreadPoolExecutor.java:628)
	at java.base/java.lang.Thread.run(Thread.java:834)

2021-04-03 17:06:05,042 TestNG-test=Mortgage_Calculator-1 ERROR FileManager (logs/${ctx:threadName}.log) java.io.IOException: The filename, directory name, or volume label syntax is incorrect java.io.IOException: The filename, directory name, or volume label syntax is incorrect
	at java.base/java.io.WinNTFileSystem.canonicalize0(Native Method)
	at java.base/java.io.WinNTFileSystem.canonicalize(WinNTFileSystem.java:438)
	at java.base/java.io.File.getCanonicalPath(File.java:620)
	at java.base/java.io.File.getCanonicalFile(File.java:645)
	at org.apache.logging.log4j.core.util.FileUtils.makeParentDirs(FileUtils.java:133)
	at org.apache.logging.log4j.core.appender.FileManager$FileManagerFactory.createManager(FileManager.java:434)
	at org.apache.logging.log4j.core.appender.FileManager$FileManagerFactory.createManager(FileManager.java:422)
	at org.apache.logging.log4j.core.appender.AbstractManager.getManager(AbstractManager.java:113)
	at org.apache.logging.log4j.core.appender.OutputStreamManager.getManager(OutputStreamManager.java:100)
	at org.apache.logging.log4j.core.appender.FileManager.getFileManager(FileManager.java:182)
	at org.apache.logging.log4j.core.appender.FileAppender$Builder.build(FileAppender.java:96)
	at org.apache.logging.log4j.core.appender.FileAppender$Builder.build(FileAppender.java:52)
	at org.apache.logging.log4j.core.config.plugins.util.PluginBuilder.build(PluginBuilder.java:122)
	at org.apache.logging.log4j.core.config.AbstractConfiguration.createPluginObject(AbstractConfiguration.java:1002)
	at org.apache.logging.log4j.core.config.AbstractConfiguration.createConfiguration(AbstractConfiguration.java:942)
	at org.apache.logging.log4j.core.appender.routing.RoutingAppender.createAppender(RoutingAppender.java:299)
	at org.apache.logging.log4j.core.appender.routing.RoutingAppender.getControl(RoutingAppender.java:271)
	at org.apache.logging.log4j.core.appender.routing.RoutingAppender.append(RoutingAppender.java:229)
	at org.apache.logging.log4j.core.config.AppenderControl.tryCallAppender(AppenderControl.java:156)
	at org.apache.logging.log4j.core.config.AppenderControl.callAppender0(AppenderControl.java:129)
	at org.apache.logging.log4j.core.config.AppenderControl.callAppenderPreventRecursion(AppenderControl.java:120)
	at org.apache.logging.log4j.core.config.AppenderControl.callAppender(AppenderControl.java:84)
	at org.apache.logging.log4j.core.config.LoggerConfig.callAppenders(LoggerConfig.java:543)
	at org.apache.logging.log4j.core.config.LoggerConfig.processLogEvent(LoggerConfig.java:502)
	at org.apache.logging.log4j.core.config.LoggerConfig.log(LoggerConfig.java:485)
	at org.apache.logging.log4j.core.config.LoggerConfig.log(LoggerConfig.java:460)
	at org.apache.logging.log4j.core.config.AwaitCompletionReliabilityStrategy.log(AwaitCompletionReliabilityStrategy.java:82)
	at org.apache.logging.log4j.core.Logger.log(Logger.java:161)
	at org.apache.logging.log4j.spi.AbstractLogger.tryLogMessage(AbstractLogger.java:2198)
	at org.apache.logging.log4j.spi.AbstractLogger.logMessageTrackRecursion(AbstractLogger.java:2152)
	at org.apache.logging.log4j.spi.AbstractLogger.logMessageSafely(AbstractLogger.java:2135)
	at org.apache.logging.log4j.spi.AbstractLogger.logMessage(AbstractLogger.java:2011)
	at org.apache.logging.log4j.spi.AbstractLogger.logIfEnabled(AbstractLogger.java:1983)
	at org.apache.logging.log4j.spi.AbstractLogger.debug(AbstractLogger.java:327)
	at page_objects.NavigationBar.navigateToRealApr(NavigationBar.java:40)
	at automation_test.mortgage_calculator.CalculateApr.calculateRealApr(CalculateApr.java:47)
	at java.base/jdk.internal.reflect.NativeMethodAccessorImpl.invoke0(Native Method)
	at java.base/jdk.internal.reflect.NativeMethodAccessorImpl.invoke(NativeMethodAccessorImpl.java:62)
	at java.base/jdk.internal.reflect.DelegatingMethodAccessorImpl.invoke(DelegatingMethodAccessorImpl.java:43)
	at java.base/java.lang.reflect.Method.invoke(Method.java:566)
	at org.testng.internal.MethodInvocationHelper.invokeMethod(MethodInvocationHelper.java:132)
	at org.testng.internal.TestInvoker.invokeMethod(TestInvoker.java:599)
	at org.testng.internal.TestInvoker.retryFailed(TestInvoker.java:214)
	at org.testng.internal.MethodRunner.runInSequence(MethodRunner.java:58)
	at org.testng.internal.TestInvoker$MethodInvocationAgent.invoke(TestInvoker.java:822)
	at org.testng.internal.TestInvoker.invokeTestMethods(TestInvoker.java:147)
	at org.testng.internal.TestMethodWorker.invokeTestMethods(TestMethodWorker.java:146)
	at org.testng.internal.TestMethodWorker.run(TestMethodWorker.java:128)
	at java.base/java.util.concurrent.ThreadPoolExecutor.runWorker(ThreadPoolExecutor.java:1128)
	at java.base/java.util.concurrent.ThreadPoolExecutor$Worker.run(ThreadPoolExecutor.java:628)
	at java.base/java.lang.Thread.run(Thread.java:834)

2021-04-03 17:06:05,042 TestNG-test=Mortgage_Calculator-1 ERROR Could not create plugin of type class org.apache.logging.log4j.core.appender.FileAppender for element File: java.lang.IllegalStateException: ManagerFactory [org.apache.logging.log4j.core.appender.FileManager$FileManagerFactory@6f4b3b3a] unable to create manager for [logs/${ctx:threadName}.log] with data [org.apache.logging.log4j.core.appender.FileManager$FactoryData@3cdb569a] java.lang.IllegalStateException: ManagerFactory [org.apache.logging.log4j.core.appender.FileManager$FileManagerFactory@6f4b3b3a] unable to create manager for [logs/${ctx:threadName}.log] with data [org.apache.logging.log4j.core.appender.FileManager$FactoryData@3cdb569a]
	at org.apache.logging.log4j.core.appender.AbstractManager.getManager(AbstractManager.java:115)
	at org.apache.logging.log4j.core.appender.OutputStreamManager.getManager(OutputStreamManager.java:100)
	at org.apache.logging.log4j.core.appender.FileManager.getFileManager(FileManager.java:182)
	at org.apache.logging.log4j.core.appender.FileAppender$Builder.build(FileAppender.java:96)
	at org.apache.logging.log4j.core.appender.FileAppender$Builder.build(FileAppender.java:52)
	at org.apache.logging.log4j.core.config.plugins.util.PluginBuilder.build(PluginBuilder.java:122)
	at org.apache.logging.log4j.core.config.AbstractConfiguration.createPluginObject(AbstractConfiguration.java:1002)
	at org.apache.logging.log4j.core.config.AbstractConfiguration.createConfiguration(AbstractConfiguration.java:942)
	at org.apache.logging.log4j.core.appender.routing.RoutingAppender.createAppender(RoutingAppender.java:299)
	at org.apache.logging.log4j.core.appender.routing.RoutingAppender.getControl(RoutingAppender.java:271)
	at org.apache.logging.log4j.core.appender.routing.RoutingAppender.append(RoutingAppender.java:229)
	at org.apache.logging.log4j.core.config.AppenderControl.tryCallAppender(AppenderControl.java:156)
	at org.apache.logging.log4j.core.config.AppenderControl.callAppender0(AppenderControl.java:129)
	at org.apache.logging.log4j.core.config.AppenderControl.callAppenderPreventRecursion(AppenderControl.java:120)
	at org.apache.logging.log4j.core.config.AppenderControl.callAppender(AppenderControl.java:84)
	at org.apache.logging.log4j.core.config.LoggerConfig.callAppenders(LoggerConfig.java:543)
	at org.apache.logging.log4j.core.config.LoggerConfig.processLogEvent(LoggerConfig.java:502)
	at org.apache.logging.log4j.core.config.LoggerConfig.log(LoggerConfig.java:485)
	at org.apache.logging.log4j.core.config.LoggerConfig.log(LoggerConfig.java:460)
	at org.apache.logging.log4j.core.config.AwaitCompletionReliabilityStrategy.log(AwaitCompletionReliabilityStrategy.java:82)
	at org.apache.logging.log4j.core.Logger.log(Logger.java:161)
	at org.apache.logging.log4j.spi.AbstractLogger.tryLogMessage(AbstractLogger.java:2198)
	at org.apache.logging.log4j.spi.AbstractLogger.logMessageTrackRecursion(AbstractLogger.java:2152)
	at org.apache.logging.log4j.spi.AbstractLogger.logMessageSafely(AbstractLogger.java:2135)
	at org.apache.logging.log4j.spi.AbstractLogger.logMessage(AbstractLogger.java:2011)
	at org.apache.logging.log4j.spi.AbstractLogger.logIfEnabled(AbstractLogger.java:1983)
	at org.apache.logging.log4j.spi.AbstractLogger.debug(AbstractLogger.java:327)
	at page_objects.NavigationBar.navigateToRealApr(NavigationBar.java:40)
	at automation_test.mortgage_calculator.CalculateApr.calculateRealApr(CalculateApr.java:47)
	at java.base/jdk.internal.reflect.NativeMethodAccessorImpl.invoke0(Native Method)
	at java.base/jdk.internal.reflect.NativeMethodAccessorImpl.invoke(NativeMethodAccessorImpl.java:62)
	at java.base/jdk.internal.reflect.DelegatingMethodAccessorImpl.invoke(DelegatingMethodAccessorImpl.java:43)
	at java.base/java.lang.reflect.Method.invoke(Method.java:566)
	at org.testng.internal.MethodInvocationHelper.invokeMethod(MethodInvocationHelper.java:132)
	at org.testng.internal.TestInvoker.invokeMethod(TestInvoker.java:599)
	at org.testng.internal.TestInvoker.retryFailed(TestInvoker.java:214)
	at org.testng.internal.MethodRunner.runInSequence(MethodRunner.java:58)
	at org.testng.internal.TestInvoker$MethodInvocationAgent.invoke(TestInvoker.java:822)
	at org.testng.internal.TestInvoker.invokeTestMethods(TestInvoker.java:147)
	at org.testng.internal.TestMethodWorker.invokeTestMethods(TestMethodWorker.java:146)
	at org.testng.internal.TestMethodWorker.run(TestMethodWorker.java:128)
	at java.base/java.util.concurrent.ThreadPoolExecutor.runWorker(ThreadPoolExecutor.java:1128)
	at java.base/java.util.concurrent.ThreadPoolExecutor$Worker.run(ThreadPoolExecutor.java:628)
	at java.base/java.lang.Thread.run(Thread.java:834)

2021-04-03 17:06:05,042 TestNG-test=Mortgage_Calculator-1 ERROR Unable to invoke factory method in class org.apache.logging.log4j.core.appender.FileAppender for element File: java.lang.IllegalStateException: No factory method found for class org.apache.logging.log4j.core.appender.FileAppender java.lang.IllegalStateException: No factory method found for class org.apache.logging.log4j.core.appender.FileAppender
	at org.apache.logging.log4j.core.config.plugins.util.PluginBuilder.findFactoryMethod(PluginBuilder.java:234)
	at org.apache.logging.log4j.core.config.plugins.util.PluginBuilder.build(PluginBuilder.java:134)
	at org.apache.logging.log4j.core.config.AbstractConfiguration.createPluginObject(AbstractConfiguration.java:1002)
	at org.apache.logging.log4j.core.config.AbstractConfiguration.createConfiguration(AbstractConfiguration.java:942)
	at org.apache.logging.log4j.core.appender.routing.RoutingAppender.createAppender(RoutingAppender.java:299)
	at org.apache.logging.log4j.core.appender.routing.RoutingAppender.getControl(RoutingAppender.java:271)
	at org.apache.logging.log4j.core.appender.routing.RoutingAppender.append(RoutingAppender.java:229)
	at org.apache.logging.log4j.core.config.AppenderControl.tryCallAppender(AppenderControl.java:156)
	at org.apache.logging.log4j.core.config.AppenderControl.callAppender0(AppenderControl.java:129)
	at org.apache.logging.log4j.core.config.AppenderControl.callAppenderPreventRecursion(AppenderControl.java:120)
	at org.apache.logging.log4j.core.config.AppenderControl.callAppender(AppenderControl.java:84)
	at org.apache.logging.log4j.core.config.LoggerConfig.callAppenders(LoggerConfig.java:543)
	at org.apache.logging.log4j.core.config.LoggerConfig.processLogEvent(LoggerConfig.java:502)
	at org.apache.logging.log4j.core.config.LoggerConfig.log(LoggerConfig.java:485)
	at org.apache.logging.log4j.core.config.LoggerConfig.log(LoggerConfig.java:460)
	at org.apache.logging.log4j.core.config.AwaitCompletionReliabilityStrategy.log(AwaitCompletionReliabilityStrategy.java:82)
	at org.apache.logging.log4j.core.Logger.log(Logger.java:161)
	at org.apache.logging.log4j.spi.AbstractLogger.tryLogMessage(AbstractLogger.java:2198)
	at org.apache.logging.log4j.spi.AbstractLogger.logMessageTrackRecursion(AbstractLogger.java:2152)
	at org.apache.logging.log4j.spi.AbstractLogger.logMessageSafely(AbstractLogger.java:2135)
	at org.apache.logging.log4j.spi.AbstractLogger.logMessage(AbstractLogger.java:2011)
	at org.apache.logging.log4j.spi.AbstractLogger.logIfEnabled(AbstractLogger.java:1983)
	at org.apache.logging.log4j.spi.AbstractLogger.debug(AbstractLogger.java:327)
	at page_objects.NavigationBar.navigateToRealApr(NavigationBar.java:40)
	at automation_test.mortgage_calculator.CalculateApr.calculateRealApr(CalculateApr.java:47)
	at java.base/jdk.internal.reflect.NativeMethodAccessorImpl.invoke0(Native Method)
	at java.base/jdk.internal.reflect.NativeMethodAccessorImpl.invoke(NativeMethodAccessorImpl.java:62)
	at java.base/jdk.internal.reflect.DelegatingMethodAccessorImpl.invoke(DelegatingMethodAccessorImpl.java:43)
	at java.base/java.lang.reflect.Method.invoke(Method.java:566)
	at org.testng.internal.MethodInvocationHelper.invokeMethod(MethodInvocationHelper.java:132)
	at org.testng.internal.TestInvoker.invokeMethod(TestInvoker.java:599)
	at org.testng.internal.TestInvoker.retryFailed(TestInvoker.java:214)
	at org.testng.internal.MethodRunner.runInSequence(MethodRunner.java:58)
	at org.testng.internal.TestInvoker$MethodInvocationAgent.invoke(TestInvoker.java:822)
	at org.testng.internal.TestInvoker.invokeTestMethods(TestInvoker.java:147)
	at org.testng.internal.TestMethodWorker.invokeTestMethods(TestMethodWorker.java:146)
	at org.testng.internal.TestMethodWorker.run(TestMethodWorker.java:128)
	at java.base/java.util.concurrent.ThreadPoolExecutor.runWorker(ThreadPoolExecutor.java:1128)
	at java.base/java.util.concurrent.ThreadPoolExecutor$Worker.run(ThreadPoolExecutor.java:628)
	at java.base/java.lang.Thread.run(Thread.java:834)

2021-04-03 17:06:09,541 TestNG-test=Mortgage_Calculator-1 ERROR FileManager (logs/${ctx:threadName}.log) java.io.IOException: The filename, directory name, or volume label syntax is incorrect java.io.IOException: The filename, directory name, or volume label syntax is incorrect
	at java.base/java.io.WinNTFileSystem.canonicalize0(Native Method)
	at java.base/java.io.WinNTFileSystem.canonicalize(WinNTFileSystem.java:438)
	at java.base/java.io.File.getCanonicalPath(File.java:620)
	at java.base/java.io.File.getCanonicalFile(File.java:645)
	at org.apache.logging.log4j.core.util.FileUtils.makeParentDirs(FileUtils.java:133)
	at org.apache.logging.log4j.core.appender.FileManager$FileManagerFactory.createManager(FileManager.java:434)
	at org.apache.logging.log4j.core.appender.FileManager$FileManagerFactory.createManager(FileManager.java:422)
	at org.apache.logging.log4j.core.appender.AbstractManager.getManager(AbstractManager.java:113)
	at org.apache.logging.log4j.core.appender.OutputStreamManager.getManager(OutputStreamManager.java:100)
	at org.apache.logging.log4j.core.appender.FileManager.getFileManager(FileManager.java:182)
	at org.apache.logging.log4j.core.appender.FileAppender$Builder.build(FileAppender.java:96)
	at org.apache.logging.log4j.core.appender.FileAppender$Builder.build(FileAppender.java:52)
	at org.apache.logging.log4j.core.config.plugins.util.PluginBuilder.build(PluginBuilder.java:122)
	at org.apache.logging.log4j.core.config.AbstractConfiguration.createPluginObject(AbstractConfiguration.java:1002)
	at org.apache.logging.log4j.core.config.AbstractConfiguration.createConfiguration(AbstractConfiguration.java:942)
	at org.apache.logging.log4j.core.appender.routing.RoutingAppender.createAppender(RoutingAppender.java:299)
	at org.apache.logging.log4j.core.appender.routing.RoutingAppender.getControl(RoutingAppender.java:271)
	at org.apache.logging.log4j.core.appender.routing.RoutingAppender.append(RoutingAppender.java:229)
	at org.apache.logging.log4j.core.config.AppenderControl.tryCallAppender(AppenderControl.java:156)
	at org.apache.logging.log4j.core.config.AppenderControl.callAppender0(AppenderControl.java:129)
	at org.apache.logging.log4j.core.config.AppenderControl.callAppenderPreventRecursion(AppenderControl.java:120)
	at org.apache.logging.log4j.core.config.AppenderControl.callAppender(AppenderControl.java:84)
	at org.apache.logging.log4j.core.config.LoggerConfig.callAppenders(LoggerConfig.java:543)
	at org.apache.logging.log4j.core.config.LoggerConfig.processLogEvent(LoggerConfig.java:502)
	at org.apache.logging.log4j.core.config.LoggerConfig.log(LoggerConfig.java:485)
	at org.apache.logging.log4j.core.config.LoggerConfig.log(LoggerConfig.java:460)
	at org.apache.logging.log4j.core.config.AwaitCompletionReliabilityStrategy.log(AwaitCompletionReliabilityStrategy.java:82)
	at org.apache.logging.log4j.core.Logger.log(Logger.java:161)
	at org.apache.logging.log4j.spi.AbstractLogger.tryLogMessage(AbstractLogger.java:2198)
	at org.apache.logging.log4j.spi.AbstractLogger.logMessageTrackRecursion(AbstractLogger.java:2152)
	at org.apache.logging.log4j.spi.AbstractLogger.logMessageSafely(AbstractLogger.java:2135)
	at org.apache.logging.log4j.spi.AbstractLogger.logMessage(AbstractLogger.java:2011)
	at org.apache.logging.log4j.spi.AbstractLogger.logIfEnabled(AbstractLogger.java:1983)
	at org.apache.logging.log4j.spi.AbstractLogger.debug(AbstractLogger.java:327)
	at page_objects.RealApr.typeHomPrice(RealApr.java:36)
	at automation_test.mortgage_calculator.CalculateApr.calculateRealApr(CalculateApr.java:48)
	at java.base/jdk.internal.reflect.NativeMethodAccessorImpl.invoke0(Native Method)
	at java.base/jdk.internal.reflect.NativeMethodAccessorImpl.invoke(NativeMethodAccessorImpl.java:62)
	at java.base/jdk.internal.reflect.DelegatingMethodAccessorImpl.invoke(DelegatingMethodAccessorImpl.java:43)
	at java.base/java.lang.reflect.Method.invoke(Method.java:566)
	at org.testng.internal.MethodInvocationHelper.invokeMethod(MethodInvocationHelper.java:132)
	at org.testng.internal.TestInvoker.invokeMethod(TestInvoker.java:599)
	at org.testng.internal.TestInvoker.retryFailed(TestInvoker.java:214)
	at org.testng.internal.MethodRunner.runInSequence(MethodRunner.java:58)
	at org.testng.internal.TestInvoker$MethodInvocationAgent.invoke(TestInvoker.java:822)
	at org.testng.internal.TestInvoker.invokeTestMethods(TestInvoker.java:147)
	at org.testng.internal.TestMethodWorker.invokeTestMethods(TestMethodWorker.java:146)
	at org.testng.internal.TestMethodWorker.run(TestMethodWorker.java:128)
	at java.base/java.util.concurrent.ThreadPoolExecutor.runWorker(ThreadPoolExecutor.java:1128)
	at java.base/java.util.concurrent.ThreadPoolExecutor$Worker.run(ThreadPoolExecutor.java:628)
	at java.base/java.lang.Thread.run(Thread.java:834)

2021-04-03 17:06:09,542 TestNG-test=Mortgage_Calculator-1 ERROR Could not create plugin of type class org.apache.logging.log4j.core.appender.FileAppender for element File: java.lang.IllegalStateException: ManagerFactory [org.apache.logging.log4j.core.appender.FileManager$FileManagerFactory@6f4b3b3a] unable to create manager for [logs/${ctx:threadName}.log] with data [org.apache.logging.log4j.core.appender.FileManager$FactoryData@607cf444] java.lang.IllegalStateException: ManagerFactory [org.apache.logging.log4j.core.appender.FileManager$FileManagerFactory@6f4b3b3a] unable to create manager for [logs/${ctx:threadName}.log] with data [org.apache.logging.log4j.core.appender.FileManager$FactoryData@607cf444]
	at org.apache.logging.log4j.core.appender.AbstractManager.getManager(AbstractManager.java:115)
	at org.apache.logging.log4j.core.appender.OutputStreamManager.getManager(OutputStreamManager.java:100)
	at org.apache.logging.log4j.core.appender.FileManager.getFileManager(FileManager.java:182)
	at org.apache.logging.log4j.core.appender.FileAppender$Builder.build(FileAppender.java:96)
	at org.apache.logging.log4j.core.appender.FileAppender$Builder.build(FileAppender.java:52)
	at org.apache.logging.log4j.core.config.plugins.util.PluginBuilder.build(PluginBuilder.java:122)
	at org.apache.logging.log4j.core.config.AbstractConfiguration.createPluginObject(AbstractConfiguration.java:1002)
	at org.apache.logging.log4j.core.config.AbstractConfiguration.createConfiguration(AbstractConfiguration.java:942)
	at org.apache.logging.log4j.core.appender.routing.RoutingAppender.createAppender(RoutingAppender.java:299)
	at org.apache.logging.log4j.core.appender.routing.RoutingAppender.getControl(RoutingAppender.java:271)
	at org.apache.logging.log4j.core.appender.routing.RoutingAppender.append(RoutingAppender.java:229)
	at org.apache.logging.log4j.core.config.AppenderControl.tryCallAppender(AppenderControl.java:156)
	at org.apache.logging.log4j.core.config.AppenderControl.callAppender0(AppenderControl.java:129)
	at org.apache.logging.log4j.core.config.AppenderControl.callAppenderPreventRecursion(AppenderControl.java:120)
	at org.apache.logging.log4j.core.config.AppenderControl.callAppender(AppenderControl.java:84)
	at org.apache.logging.log4j.core.config.LoggerConfig.callAppenders(LoggerConfig.java:543)
	at org.apache.logging.log4j.core.config.LoggerConfig.processLogEvent(LoggerConfig.java:502)
	at org.apache.logging.log4j.core.config.LoggerConfig.log(LoggerConfig.java:485)
	at org.apache.logging.log4j.core.config.LoggerConfig.log(LoggerConfig.java:460)
	at org.apache.logging.log4j.core.config.AwaitCompletionReliabilityStrategy.log(AwaitCompletionReliabilityStrategy.java:82)
	at org.apache.logging.log4j.core.Logger.log(Logger.java:161)
	at org.apache.logging.log4j.spi.AbstractLogger.tryLogMessage(AbstractLogger.java:2198)
	at org.apache.logging.log4j.spi.AbstractLogger.logMessageTrackRecursion(AbstractLogger.java:2152)
	at org.apache.logging.log4j.spi.AbstractLogger.logMessageSafely(AbstractLogger.java:2135)
	at org.apache.logging.log4j.spi.AbstractLogger.logMessage(AbstractLogger.java:2011)
	at org.apache.logging.log4j.spi.AbstractLogger.logIfEnabled(AbstractLogger.java:1983)
	at org.apache.logging.log4j.spi.AbstractLogger.debug(AbstractLogger.java:327)
	at page_objects.RealApr.typeHomPrice(RealApr.java:36)
	at automation_test.mortgage_calculator.CalculateApr.calculateRealApr(CalculateApr.java:48)
	at java.base/jdk.internal.reflect.NativeMethodAccessorImpl.invoke0(Native Method)
	at java.base/jdk.internal.reflect.NativeMethodAccessorImpl.invoke(NativeMethodAccessorImpl.java:62)
	at java.base/jdk.internal.reflect.DelegatingMethodAccessorImpl.invoke(DelegatingMethodAccessorImpl.java:43)
	at java.base/java.lang.reflect.Method.invoke(Method.java:566)
	at org.testng.internal.MethodInvocationHelper.invokeMethod(MethodInvocationHelper.java:132)
	at org.testng.internal.TestInvoker.invokeMethod(TestInvoker.java:599)
	at org.testng.internal.TestInvoker.retryFailed(TestInvoker.java:214)
	at org.testng.internal.MethodRunner.runInSequence(MethodRunner.java:58)
	at org.testng.internal.TestInvoker$MethodInvocationAgent.invoke(TestInvoker.java:822)
	at org.testng.internal.TestInvoker.invokeTestMethods(TestInvoker.java:147)
	at org.testng.internal.TestMethodWorker.invokeTestMethods(TestMethodWorker.java:146)
	at org.testng.internal.TestMethodWorker.run(TestMethodWorker.java:128)
	at java.base/java.util.concurrent.ThreadPoolExecutor.runWorker(ThreadPoolExecutor.java:1128)
	at java.base/java.util.concurrent.ThreadPoolExecutor$Worker.run(ThreadPoolExecutor.java:628)
	at java.base/java.lang.Thread.run(Thread.java:834)

2021-04-03 17:06:09,542 TestNG-test=Mortgage_Calculator-1 ERROR Unable to invoke factory method in class org.apache.logging.log4j.core.appender.FileAppender for element File: java.lang.IllegalStateException: No factory method found for class org.apache.logging.log4j.core.appender.FileAppender java.lang.IllegalStateException: No factory method found for class org.apache.logging.log4j.core.appender.FileAppender
	at org.apache.logging.log4j.core.config.plugins.util.PluginBuilder.findFactoryMethod(PluginBuilder.java:234)
	at org.apache.logging.log4j.core.config.plugins.util.PluginBuilder.build(PluginBuilder.java:134)
	at org.apache.logging.log4j.core.config.AbstractConfiguration.createPluginObject(AbstractConfiguration.java:1002)
	at org.apache.logging.log4j.core.config.AbstractConfiguration.createConfiguration(AbstractConfiguration.java:942)
	at org.apache.logging.log4j.core.appender.routing.RoutingAppender.createAppender(RoutingAppender.java:299)
	at org.apache.logging.log4j.core.appender.routing.RoutingAppender.getControl(RoutingAppender.java:271)
	at org.apache.logging.log4j.core.appender.routing.RoutingAppender.append(RoutingAppender.java:229)
	at org.apache.logging.log4j.core.config.AppenderControl.tryCallAppender(AppenderControl.java:156)
	at org.apache.logging.log4j.core.config.AppenderControl.callAppender0(AppenderControl.java:129)
	at org.apache.logging.log4j.core.config.AppenderControl.callAppenderPreventRecursion(AppenderControl.java:120)
	at org.apache.logging.log4j.core.config.AppenderControl.callAppender(AppenderControl.java:84)
	at org.apache.logging.log4j.core.config.LoggerConfig.callAppenders(LoggerConfig.java:543)
	at org.apache.logging.log4j.core.config.LoggerConfig.processLogEvent(LoggerConfig.java:502)
	at org.apache.logging.log4j.core.config.LoggerConfig.log(LoggerConfig.java:485)
	at org.apache.logging.log4j.core.config.LoggerConfig.log(LoggerConfig.java:460)
	at org.apache.logging.log4j.core.config.AwaitCompletionReliabilityStrategy.log(AwaitCompletionReliabilityStrategy.java:82)
	at org.apache.logging.log4j.core.Logger.log(Logger.java:161)
	at org.apache.logging.log4j.spi.AbstractLogger.tryLogMessage(AbstractLogger.java:2198)
	at org.apache.logging.log4j.spi.AbstractLogger.logMessageTrackRecursion(AbstractLogger.java:2152)
	at org.apache.logging.log4j.spi.AbstractLogger.logMessageSafely(AbstractLogger.java:2135)
	at org.apache.logging.log4j.spi.AbstractLogger.logMessage(AbstractLogger.java:2011)
	at org.apache.logging.log4j.spi.AbstractLogger.logIfEnabled(AbstractLogger.java:1983)
	at org.apache.logging.log4j.spi.AbstractLogger.debug(AbstractLogger.java:327)
	at page_objects.RealApr.typeHomPrice(RealApr.java:36)
	at automation_test.mortgage_calculator.CalculateApr.calculateRealApr(CalculateApr.java:48)
	at java.base/jdk.internal.reflect.NativeMethodAccessorImpl.invoke0(Native Method)
	at java.base/jdk.internal.reflect.NativeMethodAccessorImpl.invoke(NativeMethodAccessorImpl.java:62)
	at java.base/jdk.internal.reflect.DelegatingMethodAccessorImpl.invoke(DelegatingMethodAccessorImpl.java:43)
	at java.base/java.lang.reflect.Method.invoke(Method.java:566)
	at org.testng.internal.MethodInvocationHelper.invokeMethod(MethodInvocationHelper.java:132)
	at org.testng.internal.TestInvoker.invokeMethod(TestInvoker.java:599)
	at org.testng.internal.TestInvoker.retryFailed(TestInvoker.java:214)
	at org.testng.internal.MethodRunner.runInSequence(MethodRunner.java:58)
	at org.testng.internal.TestInvoker$MethodInvocationAgent.invoke(TestInvoker.java:822)
	at org.testng.internal.TestInvoker.invokeTestMethods(TestInvoker.java:147)
	at org.testng.internal.TestMethodWorker.invokeTestMethods(TestMethodWorker.java:146)
	at org.testng.internal.TestMethodWorker.run(TestMethodWorker.java:128)
	at java.base/java.util.concurrent.ThreadPoolExecutor.runWorker(ThreadPoolExecutor.java:1128)
	at java.base/java.util.concurrent.ThreadPoolExecutor$Worker.run(ThreadPoolExecutor.java:628)
	at java.base/java.lang.Thread.run(Thread.java:834)

2021-04-03 17:06:10,192 TestNG-test=Mortgage_Calculator-1 ERROR FileManager (logs/${ctx:threadName}.log) java.io.IOException: The filename, directory name, or volume label syntax is incorrect java.io.IOException: The filename, directory name, or volume label syntax is incorrect
	at java.base/java.io.WinNTFileSystem.canonicalize0(Native Method)
	at java.base/java.io.WinNTFileSystem.canonicalize(WinNTFileSystem.java:438)
	at java.base/java.io.File.getCanonicalPath(File.java:620)
	at java.base/java.io.File.getCanonicalFile(File.java:645)
	at org.apache.logging.log4j.core.util.FileUtils.makeParentDirs(FileUtils.java:133)
	at org.apache.logging.log4j.core.appender.FileManager$FileManagerFactory.createManager(FileManager.java:434)
	at org.apache.logging.log4j.core.appender.FileManager$FileManagerFactory.createManager(FileManager.java:422)
	at org.apache.logging.log4j.core.appender.AbstractManager.getManager(AbstractManager.java:113)
	at org.apache.logging.log4j.core.appender.OutputStreamManager.getManager(OutputStreamManager.java:100)
	at org.apache.logging.log4j.core.appender.FileManager.getFileManager(FileManager.java:182)
	at org.apache.logging.log4j.core.appender.FileAppender$Builder.build(FileAppender.java:96)
	at org.apache.logging.log4j.core.appender.FileAppender$Builder.build(FileAppender.java:52)
	at org.apache.logging.log4j.core.config.plugins.util.PluginBuilder.build(PluginBuilder.java:122)
	at org.apache.logging.log4j.core.config.AbstractConfiguration.createPluginObject(AbstractConfiguration.java:1002)
	at org.apache.logging.log4j.core.config.AbstractConfiguration.createConfiguration(AbstractConfiguration.java:942)
	at org.apache.logging.log4j.core.appender.routing.RoutingAppender.createAppender(RoutingAppender.java:299)
	at org.apache.logging.log4j.core.appender.routing.RoutingAppender.getControl(RoutingAppender.java:271)
	at org.apache.logging.log4j.core.appender.routing.RoutingAppender.append(RoutingAppender.java:229)
	at org.apache.logging.log4j.core.config.AppenderControl.tryCallAppender(AppenderControl.java:156)
	at org.apache.logging.log4j.core.config.AppenderControl.callAppender0(AppenderControl.java:129)
	at org.apache.logging.log4j.core.config.AppenderControl.callAppenderPreventRecursion(AppenderControl.java:120)
	at org.apache.logging.log4j.core.config.AppenderControl.callAppender(AppenderControl.java:84)
	at org.apache.logging.log4j.core.config.LoggerConfig.callAppenders(LoggerConfig.java:543)
	at org.apache.logging.log4j.core.config.LoggerConfig.processLogEvent(LoggerConfig.java:502)
	at org.apache.logging.log4j.core.config.LoggerConfig.log(LoggerConfig.java:485)
	at org.apache.logging.log4j.core.config.LoggerConfig.log(LoggerConfig.java:460)
	at org.apache.logging.log4j.core.config.AwaitCompletionReliabilityStrategy.log(AwaitCompletionReliabilityStrategy.java:82)
	at org.apache.logging.log4j.core.Logger.log(Logger.java:161)
	at org.apache.logging.log4j.spi.AbstractLogger.tryLogMessage(AbstractLogger.java:2198)
	at org.apache.logging.log4j.spi.AbstractLogger.logMessageTrackRecursion(AbstractLogger.java:2152)
	at org.apache.logging.log4j.spi.AbstractLogger.logMessageSafely(AbstractLogger.java:2135)
	at org.apache.logging.log4j.spi.AbstractLogger.logMessage(AbstractLogger.java:2011)
	at org.apache.logging.log4j.spi.AbstractLogger.logIfEnabled(AbstractLogger.java:1983)
	at org.apache.logging.log4j.spi.AbstractLogger.debug(AbstractLogger.java:327)
	at page_objects.RealApr.typeDownPayment(RealApr.java:42)
	at automation_test.mortgage_calculator.CalculateApr.calculateRealApr(CalculateApr.java:49)
	at java.base/jdk.internal.reflect.NativeMethodAccessorImpl.invoke0(Native Method)
	at java.base/jdk.internal.reflect.NativeMethodAccessorImpl.invoke(NativeMethodAccessorImpl.java:62)
	at java.base/jdk.internal.reflect.DelegatingMethodAccessorImpl.invoke(DelegatingMethodAccessorImpl.java:43)
	at java.base/java.lang.reflect.Method.invoke(Method.java:566)
	at org.testng.internal.MethodInvocationHelper.invokeMethod(MethodInvocationHelper.java:132)
	at org.testng.internal.TestInvoker.invokeMethod(TestInvoker.java:599)
	at org.testng.internal.TestInvoker.retryFailed(TestInvoker.java:214)
	at org.testng.internal.MethodRunner.runInSequence(MethodRunner.java:58)
	at org.testng.internal.TestInvoker$MethodInvocationAgent.invoke(TestInvoker.java:822)
	at org.testng.internal.TestInvoker.invokeTestMethods(TestInvoker.java:147)
	at org.testng.internal.TestMethodWorker.invokeTestMethods(TestMethodWorker.java:146)
	at org.testng.internal.TestMethodWorker.run(TestMethodWorker.java:128)
	at java.base/java.util.concurrent.ThreadPoolExecutor.runWorker(ThreadPoolExecutor.java:1128)
	at java.base/java.util.concurrent.ThreadPoolExecutor$Worker.run(ThreadPoolExecutor.java:628)
	at java.base/java.lang.Thread.run(Thread.java:834)

2021-04-03 17:06:10,193 TestNG-test=Mortgage_Calculator-1 ERROR Could not create plugin of type class org.apache.logging.log4j.core.appender.FileAppender for element File: java.lang.IllegalStateException: ManagerFactory [org.apache.logging.log4j.core.appender.FileManager$FileManagerFactory@6f4b3b3a] unable to create manager for [logs/${ctx:threadName}.log] with data [org.apache.logging.log4j.core.appender.FileManager$FactoryData@19e0f882] java.lang.IllegalStateException: ManagerFactory [org.apache.logging.log4j.core.appender.FileManager$FileManagerFactory@6f4b3b3a] unable to create manager for [logs/${ctx:threadName}.log] with data [org.apache.logging.log4j.core.appender.FileManager$FactoryData@19e0f882]
	at org.apache.logging.log4j.core.appender.AbstractManager.getManager(AbstractManager.java:115)
	at org.apache.logging.log4j.core.appender.OutputStreamManager.getManager(OutputStreamManager.java:100)
	at org.apache.logging.log4j.core.appender.FileManager.getFileManager(FileManager.java:182)
	at org.apache.logging.log4j.core.appender.FileAppender$Builder.build(FileAppender.java:96)
	at org.apache.logging.log4j.core.appender.FileAppender$Builder.build(FileAppender.java:52)
	at org.apache.logging.log4j.core.config.plugins.util.PluginBuilder.build(PluginBuilder.java:122)
	at org.apache.logging.log4j.core.config.AbstractConfiguration.createPluginObject(AbstractConfiguration.java:1002)
	at org.apache.logging.log4j.core.config.AbstractConfiguration.createConfiguration(AbstractConfiguration.java:942)
	at org.apache.logging.log4j.core.appender.routing.RoutingAppender.createAppender(RoutingAppender.java:299)
	at org.apache.logging.log4j.core.appender.routing.RoutingAppender.getControl(RoutingAppender.java:271)
	at org.apache.logging.log4j.core.appender.routing.RoutingAppender.append(RoutingAppender.java:229)
	at org.apache.logging.log4j.core.config.AppenderControl.tryCallAppender(AppenderControl.java:156)
	at org.apache.logging.log4j.core.config.AppenderControl.callAppender0(AppenderControl.java:129)
	at org.apache.logging.log4j.core.config.AppenderControl.callAppenderPreventRecursion(AppenderControl.java:120)
	at org.apache.logging.log4j.core.config.AppenderControl.callAppender(AppenderControl.java:84)
	at org.apache.logging.log4j.core.config.LoggerConfig.callAppenders(LoggerConfig.java:543)
	at org.apache.logging.log4j.core.config.LoggerConfig.processLogEvent(LoggerConfig.java:502)
	at org.apache.logging.log4j.core.config.LoggerConfig.log(LoggerConfig.java:485)
	at org.apache.logging.log4j.core.config.LoggerConfig.log(LoggerConfig.java:460)
	at org.apache.logging.log4j.core.config.AwaitCompletionReliabilityStrategy.log(AwaitCompletionReliabilityStrategy.java:82)
	at org.apache.logging.log4j.core.Logger.log(Logger.java:161)
	at org.apache.logging.log4j.spi.AbstractLogger.tryLogMessage(AbstractLogger.java:2198)
	at org.apache.logging.log4j.spi.AbstractLogger.logMessageTrackRecursion(AbstractLogger.java:2152)
	at org.apache.logging.log4j.spi.AbstractLogger.logMessageSafely(AbstractLogger.java:2135)
	at org.apache.logging.log4j.spi.AbstractLogger.logMessage(AbstractLogger.java:2011)
	at org.apache.logging.log4j.spi.AbstractLogger.logIfEnabled(AbstractLogger.java:1983)
	at org.apache.logging.log4j.spi.AbstractLogger.debug(AbstractLogger.java:327)
	at page_objects.RealApr.typeDownPayment(RealApr.java:42)
	at automation_test.mortgage_calculator.CalculateApr.calculateRealApr(CalculateApr.java:49)
	at java.base/jdk.internal.reflect.NativeMethodAccessorImpl.invoke0(Native Method)
	at java.base/jdk.internal.reflect.NativeMethodAccessorImpl.invoke(NativeMethodAccessorImpl.java:62)
	at java.base/jdk.internal.reflect.DelegatingMethodAccessorImpl.invoke(DelegatingMethodAccessorImpl.java:43)
	at java.base/java.lang.reflect.Method.invoke(Method.java:566)
	at org.testng.internal.MethodInvocationHelper.invokeMethod(MethodInvocationHelper.java:132)
	at org.testng.internal.TestInvoker.invokeMethod(TestInvoker.java:599)
	at org.testng.internal.TestInvoker.retryFailed(TestInvoker.java:214)
	at org.testng.internal.MethodRunner.runInSequence(MethodRunner.java:58)
	at org.testng.internal.TestInvoker$MethodInvocationAgent.invoke(TestInvoker.java:822)
	at org.testng.internal.TestInvoker.invokeTestMethods(TestInvoker.java:147)
	at org.testng.internal.TestMethodWorker.invokeTestMethods(TestMethodWorker.java:146)
	at org.testng.internal.TestMethodWorker.run(TestMethodWorker.java:128)
	at java.base/java.util.concurrent.ThreadPoolExecutor.runWorker(ThreadPoolExecutor.java:1128)
	at java.base/java.util.concurrent.ThreadPoolExecutor$Worker.run(ThreadPoolExecutor.java:628)
	at java.base/java.lang.Thread.run(Thread.java:834)

2021-04-03 17:06:10,194 TestNG-test=Mortgage_Calculator-1 ERROR Unable to invoke factory method in class org.apache.logging.log4j.core.appender.FileAppender for element File: java.lang.IllegalStateException: No factory method found for class org.apache.logging.log4j.core.appender.FileAppender java.lang.IllegalStateException: No factory method found for class org.apache.logging.log4j.core.appender.FileAppender
	at org.apache.logging.log4j.core.config.plugins.util.PluginBuilder.findFactoryMethod(PluginBuilder.java:234)
	at org.apache.logging.log4j.core.config.plugins.util.PluginBuilder.build(PluginBuilder.java:134)
	at org.apache.logging.log4j.core.config.AbstractConfiguration.createPluginObject(AbstractConfiguration.java:1002)
	at org.apache.logging.log4j.core.config.AbstractConfiguration.createConfiguration(AbstractConfiguration.java:942)
	at org.apache.logging.log4j.core.appender.routing.RoutingAppender.createAppender(RoutingAppender.java:299)
	at org.apache.logging.log4j.core.appender.routing.RoutingAppender.getControl(RoutingAppender.java:271)
	at org.apache.logging.log4j.core.appender.routing.RoutingAppender.append(RoutingAppender.java:229)
	at org.apache.logging.log4j.core.config.AppenderControl.tryCallAppender(AppenderControl.java:156)
	at org.apache.logging.log4j.core.config.AppenderControl.callAppender0(AppenderControl.java:129)
	at org.apache.logging.log4j.core.config.AppenderControl.callAppenderPreventRecursion(AppenderControl.java:120)
	at org.apache.logging.log4j.core.config.AppenderControl.callAppender(AppenderControl.java:84)
	at org.apache.logging.log4j.core.config.LoggerConfig.callAppenders(LoggerConfig.java:543)
	at org.apache.logging.log4j.core.config.LoggerConfig.processLogEvent(LoggerConfig.java:502)
	at org.apache.logging.log4j.core.config.LoggerConfig.log(LoggerConfig.java:485)
	at org.apache.logging.log4j.core.config.LoggerConfig.log(LoggerConfig.java:460)
	at org.apache.logging.log4j.core.config.AwaitCompletionReliabilityStrategy.log(AwaitCompletionReliabilityStrategy.java:82)
	at org.apache.logging.log4j.core.Logger.log(Logger.java:161)
	at org.apache.logging.log4j.spi.AbstractLogger.tryLogMessage(AbstractLogger.java:2198)
	at org.apache.logging.log4j.spi.AbstractLogger.logMessageTrackRecursion(AbstractLogger.java:2152)
	at org.apache.logging.log4j.spi.AbstractLogger.logMessageSafely(AbstractLogger.java:2135)
	at org.apache.logging.log4j.spi.AbstractLogger.logMessage(AbstractLogger.java:2011)
	at org.apache.logging.log4j.spi.AbstractLogger.logIfEnabled(AbstractLogger.java:1983)
	at org.apache.logging.log4j.spi.AbstractLogger.debug(AbstractLogger.java:327)
	at page_objects.RealApr.typeDownPayment(RealApr.java:42)
	at automation_test.mortgage_calculator.CalculateApr.calculateRealApr(CalculateApr.java:49)
	at java.base/jdk.internal.reflect.NativeMethodAccessorImpl.invoke0(Native Method)
	at java.base/jdk.internal.reflect.NativeMethodAccessorImpl.invoke(NativeMethodAccessorImpl.java:62)
	at java.base/jdk.internal.reflect.DelegatingMethodAccessorImpl.invoke(DelegatingMethodAccessorImpl.java:43)
	at java.base/java.lang.reflect.Method.invoke(Method.java:566)
	at org.testng.internal.MethodInvocationHelper.invokeMethod(MethodInvocationHelper.java:132)
	at org.testng.internal.TestInvoker.invokeMethod(TestInvoker.java:599)
	at org.testng.internal.TestInvoker.retryFailed(TestInvoker.java:214)
	at org.testng.internal.MethodRunner.runInSequence(MethodRunner.java:58)
	at org.testng.internal.TestInvoker$MethodInvocationAgent.invoke(TestInvoker.java:822)
	at org.testng.internal.TestInvoker.invokeTestMethods(TestInvoker.java:147)
	at org.testng.internal.TestMethodWorker.invokeTestMethods(TestMethodWorker.java:146)
	at org.testng.internal.TestMethodWorker.run(TestMethodWorker.java:128)
	at java.base/java.util.concurrent.ThreadPoolExecutor.runWorker(ThreadPoolExecutor.java:1128)
	at java.base/java.util.concurrent.ThreadPoolExecutor$Worker.run(ThreadPoolExecutor.java:628)
	at java.base/java.lang.Thread.run(Thread.java:834)

2021-04-03 17:06:10,620 TestNG-test=Mortgage_Calculator-1 ERROR FileManager (logs/${ctx:threadName}.log) java.io.IOException: The filename, directory name, or volume label syntax is incorrect java.io.IOException: The filename, directory name, or volume label syntax is incorrect
	at java.base/java.io.WinNTFileSystem.canonicalize0(Native Method)
	at java.base/java.io.WinNTFileSystem.canonicalize(WinNTFileSystem.java:438)
	at java.base/java.io.File.getCanonicalPath(File.java:620)
	at java.base/java.io.File.getCanonicalFile(File.java:645)
	at org.apache.logging.log4j.core.util.FileUtils.makeParentDirs(FileUtils.java:133)
	at org.apache.logging.log4j.core.appender.FileManager$FileManagerFactory.createManager(FileManager.java:434)
	at org.apache.logging.log4j.core.appender.FileManager$FileManagerFactory.createManager(FileManager.java:422)
	at org.apache.logging.log4j.core.appender.AbstractManager.getManager(AbstractManager.java:113)
	at org.apache.logging.log4j.core.appender.OutputStreamManager.getManager(OutputStreamManager.java:100)
	at org.apache.logging.log4j.core.appender.FileManager.getFileManager(FileManager.java:182)
	at org.apache.logging.log4j.core.appender.FileAppender$Builder.build(FileAppender.java:96)
	at org.apache.logging.log4j.core.appender.FileAppender$Builder.build(FileAppender.java:52)
	at org.apache.logging.log4j.core.config.plugins.util.PluginBuilder.build(PluginBuilder.java:122)
	at org.apache.logging.log4j.core.config.AbstractConfiguration.createPluginObject(AbstractConfiguration.java:1002)
	at org.apache.logging.log4j.core.config.AbstractConfiguration.createConfiguration(AbstractConfiguration.java:942)
	at org.apache.logging.log4j.core.appender.routing.RoutingAppender.createAppender(RoutingAppender.java:299)
	at org.apache.logging.log4j.core.appender.routing.RoutingAppender.getControl(RoutingAppender.java:271)
	at org.apache.logging.log4j.core.appender.routing.RoutingAppender.append(RoutingAppender.java:229)
	at org.apache.logging.log4j.core.config.AppenderControl.tryCallAppender(AppenderControl.java:156)
	at org.apache.logging.log4j.core.config.AppenderControl.callAppender0(AppenderControl.java:129)
	at org.apache.logging.log4j.core.config.AppenderControl.callAppenderPreventRecursion(AppenderControl.java:120)
	at org.apache.logging.log4j.core.config.AppenderControl.callAppender(AppenderControl.java:84)
	at org.apache.logging.log4j.core.config.LoggerConfig.callAppenders(LoggerConfig.java:543)
	at org.apache.logging.log4j.core.config.LoggerConfig.processLogEvent(LoggerConfig.java:502)
	at org.apache.logging.log4j.core.config.LoggerConfig.log(LoggerConfig.java:485)
	at org.apache.logging.log4j.core.config.LoggerConfig.log(LoggerConfig.java:460)
	at org.apache.logging.log4j.core.config.AwaitCompletionReliabilityStrategy.log(AwaitCompletionReliabilityStrategy.java:82)
	at org.apache.logging.log4j.core.Logger.log(Logger.java:161)
	at org.apache.logging.log4j.spi.AbstractLogger.tryLogMessage(AbstractLogger.java:2198)
	at org.apache.logging.log4j.spi.AbstractLogger.logMessageTrackRecursion(AbstractLogger.java:2152)
	at org.apache.logging.log4j.spi.AbstractLogger.logMessageSafely(AbstractLogger.java:2135)
	at org.apache.logging.log4j.spi.AbstractLogger.logMessage(AbstractLogger.java:2011)
	at org.apache.logging.log4j.spi.AbstractLogger.logIfEnabled(AbstractLogger.java:1983)
	at org.apache.logging.log4j.spi.AbstractLogger.debug(AbstractLogger.java:327)
	at page_objects.RealApr.clickDownPaymentInDollarRadioBtn(RealApr.java:48)
	at automation_test.mortgage_calculator.CalculateApr.calculateRealApr(CalculateApr.java:50)
	at java.base/jdk.internal.reflect.NativeMethodAccessorImpl.invoke0(Native Method)
	at java.base/jdk.internal.reflect.NativeMethodAccessorImpl.invoke(NativeMethodAccessorImpl.java:62)
	at java.base/jdk.internal.reflect.DelegatingMethodAccessorImpl.invoke(DelegatingMethodAccessorImpl.java:43)
	at java.base/java.lang.reflect.Method.invoke(Method.java:566)
	at org.testng.internal.MethodInvocationHelper.invokeMethod(MethodInvocationHelper.java:132)
	at org.testng.internal.TestInvoker.invokeMethod(TestInvoker.java:599)
	at org.testng.internal.TestInvoker.retryFailed(TestInvoker.java:214)
	at org.testng.internal.MethodRunner.runInSequence(MethodRunner.java:58)
	at org.testng.internal.TestInvoker$MethodInvocationAgent.invoke(TestInvoker.java:822)
	at org.testng.internal.TestInvoker.invokeTestMethods(TestInvoker.java:147)
	at org.testng.internal.TestMethodWorker.invokeTestMethods(TestMethodWorker.java:146)
	at org.testng.internal.TestMethodWorker.run(TestMethodWorker.java:128)
	at java.base/java.util.concurrent.ThreadPoolExecutor.runWorker(ThreadPoolExecutor.java:1128)
	at java.base/java.util.concurrent.ThreadPoolExecutor$Worker.run(ThreadPoolExecutor.java:628)
	at java.base/java.lang.Thread.run(Thread.java:834)

2021-04-03 17:06:10,621 TestNG-test=Mortgage_Calculator-1 ERROR Could not create plugin of type class org.apache.logging.log4j.core.appender.FileAppender for element File: java.lang.IllegalStateException: ManagerFactory [org.apache.logging.log4j.core.appender.FileManager$FileManagerFactory@6f4b3b3a] unable to create manager for [logs/${ctx:threadName}.log] with data [org.apache.logging.log4j.core.appender.FileManager$FactoryData@1456b166] java.lang.IllegalStateException: ManagerFactory [org.apache.logging.log4j.core.appender.FileManager$FileManagerFactory@6f4b3b3a] unable to create manager for [logs/${ctx:threadName}.log] with data [org.apache.logging.log4j.core.appender.FileManager$FactoryData@1456b166]
	at org.apache.logging.log4j.core.appender.AbstractManager.getManager(AbstractManager.java:115)
	at org.apache.logging.log4j.core.appender.OutputStreamManager.getManager(OutputStreamManager.java:100)
	at org.apache.logging.log4j.core.appender.FileManager.getFileManager(FileManager.java:182)
	at org.apache.logging.log4j.core.appender.FileAppender$Builder.build(FileAppender.java:96)
	at org.apache.logging.log4j.core.appender.FileAppender$Builder.build(FileAppender.java:52)
	at org.apache.logging.log4j.core.config.plugins.util.PluginBuilder.build(PluginBuilder.java:122)
	at org.apache.logging.log4j.core.config.AbstractConfiguration.createPluginObject(AbstractConfiguration.java:1002)
	at org.apache.logging.log4j.core.config.AbstractConfiguration.createConfiguration(AbstractConfiguration.java:942)
	at org.apache.logging.log4j.core.appender.routing.RoutingAppender.createAppender(RoutingAppender.java:299)
	at org.apache.logging.log4j.core.appender.routing.RoutingAppender.getControl(RoutingAppender.java:271)
	at org.apache.logging.log4j.core.appender.routing.RoutingAppender.append(RoutingAppender.java:229)
	at org.apache.logging.log4j.core.config.AppenderControl.tryCallAppender(AppenderControl.java:156)
	at org.apache.logging.log4j.core.config.AppenderControl.callAppender0(AppenderControl.java:129)
	at org.apache.logging.log4j.core.config.AppenderControl.callAppenderPreventRecursion(AppenderControl.java:120)
	at org.apache.logging.log4j.core.config.AppenderControl.callAppender(AppenderControl.java:84)
	at org.apache.logging.log4j.core.config.LoggerConfig.callAppenders(LoggerConfig.java:543)
	at org.apache.logging.log4j.core.config.LoggerConfig.processLogEvent(LoggerConfig.java:502)
	at org.apache.logging.log4j.core.config.LoggerConfig.log(LoggerConfig.java:485)
	at org.apache.logging.log4j.core.config.LoggerConfig.log(LoggerConfig.java:460)
	at org.apache.logging.log4j.core.config.AwaitCompletionReliabilityStrategy.log(AwaitCompletionReliabilityStrategy.java:82)
	at org.apache.logging.log4j.core.Logger.log(Logger.java:161)
	at org.apache.logging.log4j.spi.AbstractLogger.tryLogMessage(AbstractLogger.java:2198)
	at org.apache.logging.log4j.spi.AbstractLogger.logMessageTrackRecursion(AbstractLogger.java:2152)
	at org.apache.logging.log4j.spi.AbstractLogger.logMessageSafely(AbstractLogger.java:2135)
	at org.apache.logging.log4j.spi.AbstractLogger.logMessage(AbstractLogger.java:2011)
	at org.apache.logging.log4j.spi.AbstractLogger.logIfEnabled(AbstractLogger.java:1983)
	at org.apache.logging.log4j.spi.AbstractLogger.debug(AbstractLogger.java:327)
	at page_objects.RealApr.clickDownPaymentInDollarRadioBtn(RealApr.java:48)
	at automation_test.mortgage_calculator.CalculateApr.calculateRealApr(CalculateApr.java:50)
	at java.base/jdk.internal.reflect.NativeMethodAccessorImpl.invoke0(Native Method)
	at java.base/jdk.internal.reflect.NativeMethodAccessorImpl.invoke(NativeMethodAccessorImpl.java:62)
	at java.base/jdk.internal.reflect.DelegatingMethodAccessorImpl.invoke(DelegatingMethodAccessorImpl.java:43)
	at java.base/java.lang.reflect.Method.invoke(Method.java:566)
	at org.testng.internal.MethodInvocationHelper.invokeMethod(MethodInvocationHelper.java:132)
	at org.testng.internal.TestInvoker.invokeMethod(TestInvoker.java:599)
	at org.testng.internal.TestInvoker.retryFailed(TestInvoker.java:214)
	at org.testng.internal.MethodRunner.runInSequence(MethodRunner.java:58)
	at org.testng.internal.TestInvoker$MethodInvocationAgent.invoke(TestInvoker.java:822)
	at org.testng.internal.TestInvoker.invokeTestMethods(TestInvoker.java:147)
	at org.testng.internal.TestMethodWorker.invokeTestMethods(TestMethodWorker.java:146)
	at org.testng.internal.TestMethodWorker.run(TestMethodWorker.java:128)
	at java.base/java.util.concurrent.ThreadPoolExecutor.runWorker(ThreadPoolExecutor.java:1128)
	at java.base/java.util.concurrent.ThreadPoolExecutor$Worker.run(ThreadPoolExecutor.java:628)
	at java.base/java.lang.Thread.run(Thread.java:834)

2021-04-03 17:06:10,622 TestNG-test=Mortgage_Calculator-1 ERROR Unable to invoke factory method in class org.apache.logging.log4j.core.appender.FileAppender for element File: java.lang.IllegalStateException: No factory method found for class org.apache.logging.log4j.core.appender.FileAppender java.lang.IllegalStateException: No factory method found for class org.apache.logging.log4j.core.appender.FileAppender
	at org.apache.logging.log4j.core.config.plugins.util.PluginBuilder.findFactoryMethod(PluginBuilder.java:234)
	at org.apache.logging.log4j.core.config.plugins.util.PluginBuilder.build(PluginBuilder.java:134)
	at org.apache.logging.log4j.core.config.AbstractConfiguration.createPluginObject(AbstractConfiguration.java:1002)
	at org.apache.logging.log4j.core.config.AbstractConfiguration.createConfiguration(AbstractConfiguration.java:942)
	at org.apache.logging.log4j.core.appender.routing.RoutingAppender.createAppender(RoutingAppender.java:299)
	at org.apache.logging.log4j.core.appender.routing.RoutingAppender.getControl(RoutingAppender.java:271)
	at org.apache.logging.log4j.core.appender.routing.RoutingAppender.append(RoutingAppender.java:229)
	at org.apache.logging.log4j.core.config.AppenderControl.tryCallAppender(AppenderControl.java:156)
	at org.apache.logging.log4j.core.config.AppenderControl.callAppender0(AppenderControl.java:129)
	at org.apache.logging.log4j.core.config.AppenderControl.callAppenderPreventRecursion(AppenderControl.java:120)
	at org.apache.logging.log4j.core.config.AppenderControl.callAppender(AppenderControl.java:84)
	at org.apache.logging.log4j.core.config.LoggerConfig.callAppenders(LoggerConfig.java:543)
	at org.apache.logging.log4j.core.config.LoggerConfig.processLogEvent(LoggerConfig.java:502)
	at org.apache.logging.log4j.core.config.LoggerConfig.log(LoggerConfig.java:485)
	at org.apache.logging.log4j.core.config.LoggerConfig.log(LoggerConfig.java:460)
	at org.apache.logging.log4j.core.config.AwaitCompletionReliabilityStrategy.log(AwaitCompletionReliabilityStrategy.java:82)
	at org.apache.logging.log4j.core.Logger.log(Logger.java:161)
	at org.apache.logging.log4j.spi.AbstractLogger.tryLogMessage(AbstractLogger.java:2198)
	at org.apache.logging.log4j.spi.AbstractLogger.logMessageTrackRecursion(AbstractLogger.java:2152)
	at org.apache.logging.log4j.spi.AbstractLogger.logMessageSafely(AbstractLogger.java:2135)
	at org.apache.logging.log4j.spi.AbstractLogger.logMessage(AbstractLogger.java:2011)
	at org.apache.logging.log4j.spi.AbstractLogger.logIfEnabled(AbstractLogger.java:1983)
	at org.apache.logging.log4j.spi.AbstractLogger.debug(AbstractLogger.java:327)
	at page_objects.RealApr.clickDownPaymentInDollarRadioBtn(RealApr.java:48)
	at automation_test.mortgage_calculator.CalculateApr.calculateRealApr(CalculateApr.java:50)
	at java.base/jdk.internal.reflect.NativeMethodAccessorImpl.invoke0(Native Method)
	at java.base/jdk.internal.reflect.NativeMethodAccessorImpl.invoke(NativeMethodAccessorImpl.java:62)
	at java.base/jdk.internal.reflect.DelegatingMethodAccessorImpl.invoke(DelegatingMethodAccessorImpl.java:43)
	at java.base/java.lang.reflect.Method.invoke(Method.java:566)
	at org.testng.internal.MethodInvocationHelper.invokeMethod(MethodInvocationHelper.java:132)
	at org.testng.internal.TestInvoker.invokeMethod(TestInvoker.java:599)
	at org.testng.internal.TestInvoker.retryFailed(TestInvoker.java:214)
	at org.testng.internal.MethodRunner.runInSequence(MethodRunner.java:58)
	at org.testng.internal.TestInvoker$MethodInvocationAgent.invoke(TestInvoker.java:822)
	at org.testng.internal.TestInvoker.invokeTestMethods(TestInvoker.java:147)
	at org.testng.internal.TestMethodWorker.invokeTestMethods(TestMethodWorker.java:146)
	at org.testng.internal.TestMethodWorker.run(TestMethodWorker.java:128)
	at java.base/java.util.concurrent.ThreadPoolExecutor.runWorker(ThreadPoolExecutor.java:1128)
	at java.base/java.util.concurrent.ThreadPoolExecutor$Worker.run(ThreadPoolExecutor.java:628)
	at java.base/java.lang.Thread.run(Thread.java:834)

2021-04-03 17:06:10,848 TestNG-test=Mortgage_Calculator-1 ERROR FileManager (logs/${ctx:threadName}.log) java.io.IOException: The filename, directory name, or volume label syntax is incorrect java.io.IOException: The filename, directory name, or volume label syntax is incorrect
	at java.base/java.io.WinNTFileSystem.canonicalize0(Native Method)
	at java.base/java.io.WinNTFileSystem.canonicalize(WinNTFileSystem.java:438)
	at java.base/java.io.File.getCanonicalPath(File.java:620)
	at java.base/java.io.File.getCanonicalFile(File.java:645)
	at org.apache.logging.log4j.core.util.FileUtils.makeParentDirs(FileUtils.java:133)
	at org.apache.logging.log4j.core.appender.FileManager$FileManagerFactory.createManager(FileManager.java:434)
	at org.apache.logging.log4j.core.appender.FileManager$FileManagerFactory.createManager(FileManager.java:422)
	at org.apache.logging.log4j.core.appender.AbstractManager.getManager(AbstractManager.java:113)
	at org.apache.logging.log4j.core.appender.OutputStreamManager.getManager(OutputStreamManager.java:100)
	at org.apache.logging.log4j.core.appender.FileManager.getFileManager(FileManager.java:182)
	at org.apache.logging.log4j.core.appender.FileAppender$Builder.build(FileAppender.java:96)
	at org.apache.logging.log4j.core.appender.FileAppender$Builder.build(FileAppender.java:52)
	at org.apache.logging.log4j.core.config.plugins.util.PluginBuilder.build(PluginBuilder.java:122)
	at org.apache.logging.log4j.core.config.AbstractConfiguration.createPluginObject(AbstractConfiguration.java:1002)
	at org.apache.logging.log4j.core.config.AbstractConfiguration.createConfiguration(AbstractConfiguration.java:942)
	at org.apache.logging.log4j.core.appender.routing.RoutingAppender.createAppender(RoutingAppender.java:299)
	at org.apache.logging.log4j.core.appender.routing.RoutingAppender.getControl(RoutingAppender.java:271)
	at org.apache.logging.log4j.core.appender.routing.RoutingAppender.append(RoutingAppender.java:229)
	at org.apache.logging.log4j.core.config.AppenderControl.tryCallAppender(AppenderControl.java:156)
	at org.apache.logging.log4j.core.config.AppenderControl.callAppender0(AppenderControl.java:129)
	at org.apache.logging.log4j.core.config.AppenderControl.callAppenderPreventRecursion(AppenderControl.java:120)
	at org.apache.logging.log4j.core.config.AppenderControl.callAppender(AppenderControl.java:84)
	at org.apache.logging.log4j.core.config.LoggerConfig.callAppenders(LoggerConfig.java:543)
	at org.apache.logging.log4j.core.config.LoggerConfig.processLogEvent(LoggerConfig.java:502)
	at org.apache.logging.log4j.core.config.LoggerConfig.log(LoggerConfig.java:485)
	at org.apache.logging.log4j.core.config.LoggerConfig.log(LoggerConfig.java:460)
	at org.apache.logging.log4j.core.config.AwaitCompletionReliabilityStrategy.log(AwaitCompletionReliabilityStrategy.java:82)
	at org.apache.logging.log4j.core.Logger.log(Logger.java:161)
	at org.apache.logging.log4j.spi.AbstractLogger.tryLogMessage(AbstractLogger.java:2198)
	at org.apache.logging.log4j.spi.AbstractLogger.logMessageTrackRecursion(AbstractLogger.java:2152)
	at org.apache.logging.log4j.spi.AbstractLogger.logMessageSafely(AbstractLogger.java:2135)
	at org.apache.logging.log4j.spi.AbstractLogger.logMessage(AbstractLogger.java:2011)
	at org.apache.logging.log4j.spi.AbstractLogger.logIfEnabled(AbstractLogger.java:1983)
	at org.apache.logging.log4j.spi.AbstractLogger.debug(AbstractLogger.java:327)
	at page_objects.RealApr.typeInterestRate(RealApr.java:54)
	at automation_test.mortgage_calculator.CalculateApr.calculateRealApr(CalculateApr.java:51)
	at java.base/jdk.internal.reflect.NativeMethodAccessorImpl.invoke0(Native Method)
	at java.base/jdk.internal.reflect.NativeMethodAccessorImpl.invoke(NativeMethodAccessorImpl.java:62)
	at java.base/jdk.internal.reflect.DelegatingMethodAccessorImpl.invoke(DelegatingMethodAccessorImpl.java:43)
	at java.base/java.lang.reflect.Method.invoke(Method.java:566)
	at org.testng.internal.MethodInvocationHelper.invokeMethod(MethodInvocationHelper.java:132)
	at org.testng.internal.TestInvoker.invokeMethod(TestInvoker.java:599)
	at org.testng.internal.TestInvoker.retryFailed(TestInvoker.java:214)
	at org.testng.internal.MethodRunner.runInSequence(MethodRunner.java:58)
	at org.testng.internal.TestInvoker$MethodInvocationAgent.invoke(TestInvoker.java:822)
	at org.testng.internal.TestInvoker.invokeTestMethods(TestInvoker.java:147)
	at org.testng.internal.TestMethodWorker.invokeTestMethods(TestMethodWorker.java:146)
	at org.testng.internal.TestMethodWorker.run(TestMethodWorker.java:128)
	at java.base/java.util.concurrent.ThreadPoolExecutor.runWorker(ThreadPoolExecutor.java:1128)
	at java.base/java.util.concurrent.ThreadPoolExecutor$Worker.run(ThreadPoolExecutor.java:628)
	at java.base/java.lang.Thread.run(Thread.java:834)

2021-04-03 17:06:10,849 TestNG-test=Mortgage_Calculator-1 ERROR Could not create plugin of type class org.apache.logging.log4j.core.appender.FileAppender for element File: java.lang.IllegalStateException: ManagerFactory [org.apache.logging.log4j.core.appender.FileManager$FileManagerFactory@6f4b3b3a] unable to create manager for [logs/${ctx:threadName}.log] with data [org.apache.logging.log4j.core.appender.FileManager$FactoryData@69123e4f] java.lang.IllegalStateException: ManagerFactory [org.apache.logging.log4j.core.appender.FileManager$FileManagerFactory@6f4b3b3a] unable to create manager for [logs/${ctx:threadName}.log] with data [org.apache.logging.log4j.core.appender.FileManager$FactoryData@69123e4f]
	at org.apache.logging.log4j.core.appender.AbstractManager.getManager(AbstractManager.java:115)
	at org.apache.logging.log4j.core.appender.OutputStreamManager.getManager(OutputStreamManager.java:100)
	at org.apache.logging.log4j.core.appender.FileManager.getFileManager(FileManager.java:182)
	at org.apache.logging.log4j.core.appender.FileAppender$Builder.build(FileAppender.java:96)
	at org.apache.logging.log4j.core.appender.FileAppender$Builder.build(FileAppender.java:52)
	at org.apache.logging.log4j.core.config.plugins.util.PluginBuilder.build(PluginBuilder.java:122)
	at org.apache.logging.log4j.core.config.AbstractConfiguration.createPluginObject(AbstractConfiguration.java:1002)
	at org.apache.logging.log4j.core.config.AbstractConfiguration.createConfiguration(AbstractConfiguration.java:942)
	at org.apache.logging.log4j.core.appender.routing.RoutingAppender.createAppender(RoutingAppender.java:299)
	at org.apache.logging.log4j.core.appender.routing.RoutingAppender.getControl(RoutingAppender.java:271)
	at org.apache.logging.log4j.core.appender.routing.RoutingAppender.append(RoutingAppender.java:229)
	at org.apache.logging.log4j.core.config.AppenderControl.tryCallAppender(AppenderControl.java:156)
	at org.apache.logging.log4j.core.config.AppenderControl.callAppender0(AppenderControl.java:129)
	at org.apache.logging.log4j.core.config.AppenderControl.callAppenderPreventRecursion(AppenderControl.java:120)
	at org.apache.logging.log4j.core.config.AppenderControl.callAppender(AppenderControl.java:84)
	at org.apache.logging.log4j.core.config.LoggerConfig.callAppenders(LoggerConfig.java:543)
	at org.apache.logging.log4j.core.config.LoggerConfig.processLogEvent(LoggerConfig.java:502)
	at org.apache.logging.log4j.core.config.LoggerConfig.log(LoggerConfig.java:485)
	at org.apache.logging.log4j.core.config.LoggerConfig.log(LoggerConfig.java:460)
	at org.apache.logging.log4j.core.config.AwaitCompletionReliabilityStrategy.log(AwaitCompletionReliabilityStrategy.java:82)
	at org.apache.logging.log4j.core.Logger.log(Logger.java:161)
	at org.apache.logging.log4j.spi.AbstractLogger.tryLogMessage(AbstractLogger.java:2198)
	at org.apache.logging.log4j.spi.AbstractLogger.logMessageTrackRecursion(AbstractLogger.java:2152)
	at org.apache.logging.log4j.spi.AbstractLogger.logMessageSafely(AbstractLogger.java:2135)
	at org.apache.logging.log4j.spi.AbstractLogger.logMessage(AbstractLogger.java:2011)
	at org.apache.logging.log4j.spi.AbstractLogger.logIfEnabled(AbstractLogger.java:1983)
	at org.apache.logging.log4j.spi.AbstractLogger.debug(AbstractLogger.java:327)
	at page_objects.RealApr.typeInterestRate(RealApr.java:54)
	at automation_test.mortgage_calculator.CalculateApr.calculateRealApr(CalculateApr.java:51)
	at java.base/jdk.internal.reflect.NativeMethodAccessorImpl.invoke0(Native Method)
	at java.base/jdk.internal.reflect.NativeMethodAccessorImpl.invoke(NativeMethodAccessorImpl.java:62)
	at java.base/jdk.internal.reflect.DelegatingMethodAccessorImpl.invoke(DelegatingMethodAccessorImpl.java:43)
	at java.base/java.lang.reflect.Method.invoke(Method.java:566)
	at org.testng.internal.MethodInvocationHelper.invokeMethod(MethodInvocationHelper.java:132)
	at org.testng.internal.TestInvoker.invokeMethod(TestInvoker.java:599)
	at org.testng.internal.TestInvoker.retryFailed(TestInvoker.java:214)
	at org.testng.internal.MethodRunner.runInSequence(MethodRunner.java:58)
	at org.testng.internal.TestInvoker$MethodInvocationAgent.invoke(TestInvoker.java:822)
	at org.testng.internal.TestInvoker.invokeTestMethods(TestInvoker.java:147)
	at org.testng.internal.TestMethodWorker.invokeTestMethods(TestMethodWorker.java:146)
	at org.testng.internal.TestMethodWorker.run(TestMethodWorker.java:128)
	at java.base/java.util.concurrent.ThreadPoolExecutor.runWorker(ThreadPoolExecutor.java:1128)
	at java.base/java.util.concurrent.ThreadPoolExecutor$Worker.run(ThreadPoolExecutor.java:628)
	at java.base/java.lang.Thread.run(Thread.java:834)

2021-04-03 17:06:10,849 TestNG-test=Mortgage_Calculator-1 ERROR Unable to invoke factory method in class org.apache.logging.log4j.core.appender.FileAppender for element File: java.lang.IllegalStateException: No factory method found for class org.apache.logging.log4j.core.appender.FileAppender java.lang.IllegalStateException: No factory method found for class org.apache.logging.log4j.core.appender.FileAppender
	at org.apache.logging.log4j.core.config.plugins.util.PluginBuilder.findFactoryMethod(PluginBuilder.java:234)
	at org.apache.logging.log4j.core.config.plugins.util.PluginBuilder.build(PluginBuilder.java:134)
	at org.apache.logging.log4j.core.config.AbstractConfiguration.createPluginObject(AbstractConfiguration.java:1002)
	at org.apache.logging.log4j.core.config.AbstractConfiguration.createConfiguration(AbstractConfiguration.java:942)
	at org.apache.logging.log4j.core.appender.routing.RoutingAppender.createAppender(RoutingAppender.java:299)
	at org.apache.logging.log4j.core.appender.routing.RoutingAppender.getControl(RoutingAppender.java:271)
	at org.apache.logging.log4j.core.appender.routing.RoutingAppender.append(RoutingAppender.java:229)
	at org.apache.logging.log4j.core.config.AppenderControl.tryCallAppender(AppenderControl.java:156)
	at org.apache.logging.log4j.core.config.AppenderControl.callAppender0(AppenderControl.java:129)
	at org.apache.logging.log4j.core.config.AppenderControl.callAppenderPreventRecursion(AppenderControl.java:120)
	at org.apache.logging.log4j.core.config.AppenderControl.callAppender(AppenderControl.java:84)
	at org.apache.logging.log4j.core.config.LoggerConfig.callAppenders(LoggerConfig.java:543)
	at org.apache.logging.log4j.core.config.LoggerConfig.processLogEvent(LoggerConfig.java:502)
	at org.apache.logging.log4j.core.config.LoggerConfig.log(LoggerConfig.java:485)
	at org.apache.logging.log4j.core.config.LoggerConfig.log(LoggerConfig.java:460)
	at org.apache.logging.log4j.core.config.AwaitCompletionReliabilityStrategy.log(AwaitCompletionReliabilityStrategy.java:82)
	at org.apache.logging.log4j.core.Logger.log(Logger.java:161)
	at org.apache.logging.log4j.spi.AbstractLogger.tryLogMessage(AbstractLogger.java:2198)
	at org.apache.logging.log4j.spi.AbstractLogger.logMessageTrackRecursion(AbstractLogger.java:2152)
	at org.apache.logging.log4j.spi.AbstractLogger.logMessageSafely(AbstractLogger.java:2135)
	at org.apache.logging.log4j.spi.AbstractLogger.logMessage(AbstractLogger.java:2011)
	at org.apache.logging.log4j.spi.AbstractLogger.logIfEnabled(AbstractLogger.java:1983)
	at org.apache.logging.log4j.spi.AbstractLogger.debug(AbstractLogger.java:327)
	at page_objects.RealApr.typeInterestRate(RealApr.java:54)
	at automation_test.mortgage_calculator.CalculateApr.calculateRealApr(CalculateApr.java:51)
	at java.base/jdk.internal.reflect.NativeMethodAccessorImpl.invoke0(Native Method)
	at java.base/jdk.internal.reflect.NativeMethodAccessorImpl.invoke(NativeMethodAccessorImpl.java:62)
	at java.base/jdk.internal.reflect.DelegatingMethodAccessorImpl.invoke(DelegatingMethodAccessorImpl.java:43)
	at java.base/java.lang.reflect.Method.invoke(Method.java:566)
	at org.testng.internal.MethodInvocationHelper.invokeMethod(MethodInvocationHelper.java:132)
	at org.testng.internal.TestInvoker.invokeMethod(TestInvoker.java:599)
	at org.testng.internal.TestInvoker.retryFailed(TestInvoker.java:214)
	at org.testng.internal.MethodRunner.runInSequence(MethodRunner.java:58)
	at org.testng.internal.TestInvoker$MethodInvocationAgent.invoke(TestInvoker.java:822)
	at org.testng.internal.TestInvoker.invokeTestMethods(TestInvoker.java:147)
	at org.testng.internal.TestMethodWorker.invokeTestMethods(TestMethodWorker.java:146)
	at org.testng.internal.TestMethodWorker.run(TestMethodWorker.java:128)
	at java.base/java.util.concurrent.ThreadPoolExecutor.runWorker(ThreadPoolExecutor.java:1128)
	at java.base/java.util.concurrent.ThreadPoolExecutor$Worker.run(ThreadPoolExecutor.java:628)
	at java.base/java.lang.Thread.run(Thread.java:834)

2021-04-03 17:06:11,195 TestNG-test=Mortgage_Calculator-1 ERROR FileManager (logs/${ctx:threadName}.log) java.io.IOException: The filename, directory name, or volume label syntax is incorrect java.io.IOException: The filename, directory name, or volume label syntax is incorrect
	at java.base/java.io.WinNTFileSystem.canonicalize0(Native Method)
	at java.base/java.io.WinNTFileSystem.canonicalize(WinNTFileSystem.java:438)
	at java.base/java.io.File.getCanonicalPath(File.java:620)
	at java.base/java.io.File.getCanonicalFile(File.java:645)
	at org.apache.logging.log4j.core.util.FileUtils.makeParentDirs(FileUtils.java:133)
	at org.apache.logging.log4j.core.appender.FileManager$FileManagerFactory.createManager(FileManager.java:434)
	at org.apache.logging.log4j.core.appender.FileManager$FileManagerFactory.createManager(FileManager.java:422)
	at org.apache.logging.log4j.core.appender.AbstractManager.getManager(AbstractManager.java:113)
	at org.apache.logging.log4j.core.appender.OutputStreamManager.getManager(OutputStreamManager.java:100)
	at org.apache.logging.log4j.core.appender.FileManager.getFileManager(FileManager.java:182)
	at org.apache.logging.log4j.core.appender.FileAppender$Builder.build(FileAppender.java:96)
	at org.apache.logging.log4j.core.appender.FileAppender$Builder.build(FileAppender.java:52)
	at org.apache.logging.log4j.core.config.plugins.util.PluginBuilder.build(PluginBuilder.java:122)
	at org.apache.logging.log4j.core.config.AbstractConfiguration.createPluginObject(AbstractConfiguration.java:1002)
	at org.apache.logging.log4j.core.config.AbstractConfiguration.createConfiguration(AbstractConfiguration.java:942)
	at org.apache.logging.log4j.core.appender.routing.RoutingAppender.createAppender(RoutingAppender.java:299)
	at org.apache.logging.log4j.core.appender.routing.RoutingAppender.getControl(RoutingAppender.java:271)
	at org.apache.logging.log4j.core.appender.routing.RoutingAppender.append(RoutingAppender.java:229)
	at org.apache.logging.log4j.core.config.AppenderControl.tryCallAppender(AppenderControl.java:156)
	at org.apache.logging.log4j.core.config.AppenderControl.callAppender0(AppenderControl.java:129)
	at org.apache.logging.log4j.core.config.AppenderControl.callAppenderPreventRecursion(AppenderControl.java:120)
	at org.apache.logging.log4j.core.config.AppenderControl.callAppender(AppenderControl.java:84)
	at org.apache.logging.log4j.core.config.LoggerConfig.callAppenders(LoggerConfig.java:543)
	at org.apache.logging.log4j.core.config.LoggerConfig.processLogEvent(LoggerConfig.java:502)
	at org.apache.logging.log4j.core.config.LoggerConfig.log(LoggerConfig.java:485)
	at org.apache.logging.log4j.core.config.LoggerConfig.log(LoggerConfig.java:460)
	at org.apache.logging.log4j.core.config.AwaitCompletionReliabilityStrategy.log(AwaitCompletionReliabilityStrategy.java:82)
	at org.apache.logging.log4j.core.Logger.log(Logger.java:161)
	at org.apache.logging.log4j.spi.AbstractLogger.tryLogMessage(AbstractLogger.java:2198)
	at org.apache.logging.log4j.spi.AbstractLogger.logMessageTrackRecursion(AbstractLogger.java:2152)
	at org.apache.logging.log4j.spi.AbstractLogger.logMessageSafely(AbstractLogger.java:2135)
	at org.apache.logging.log4j.spi.AbstractLogger.logMessage(AbstractLogger.java:2011)
	at org.apache.logging.log4j.spi.AbstractLogger.logIfEnabled(AbstractLogger.java:1983)
	at org.apache.logging.log4j.spi.AbstractLogger.debug(AbstractLogger.java:327)
	at page_objects.RealApr.typeLength(RealApr.java:60)
	at automation_test.mortgage_calculator.CalculateApr.calculateRealApr(CalculateApr.java:52)
	at java.base/jdk.internal.reflect.NativeMethodAccessorImpl.invoke0(Native Method)
	at java.base/jdk.internal.reflect.NativeMethodAccessorImpl.invoke(NativeMethodAccessorImpl.java:62)
	at java.base/jdk.internal.reflect.DelegatingMethodAccessorImpl.invoke(DelegatingMethodAccessorImpl.java:43)
	at java.base/java.lang.reflect.Method.invoke(Method.java:566)
	at org.testng.internal.MethodInvocationHelper.invokeMethod(MethodInvocationHelper.java:132)
	at org.testng.internal.TestInvoker.invokeMethod(TestInvoker.java:599)
	at org.testng.internal.TestInvoker.retryFailed(TestInvoker.java:214)
	at org.testng.internal.MethodRunner.runInSequence(MethodRunner.java:58)
	at org.testng.internal.TestInvoker$MethodInvocationAgent.invoke(TestInvoker.java:822)
	at org.testng.internal.TestInvoker.invokeTestMethods(TestInvoker.java:147)
	at org.testng.internal.TestMethodWorker.invokeTestMethods(TestMethodWorker.java:146)
	at org.testng.internal.TestMethodWorker.run(TestMethodWorker.java:128)
	at java.base/java.util.concurrent.ThreadPoolExecutor.runWorker(ThreadPoolExecutor.java:1128)
	at java.base/java.util.concurrent.ThreadPoolExecutor$Worker.run(ThreadPoolExecutor.java:628)
	at java.base/java.lang.Thread.run(Thread.java:834)

2021-04-03 17:06:11,196 TestNG-test=Mortgage_Calculator-1 ERROR Could not create plugin of type class org.apache.logging.log4j.core.appender.FileAppender for element File: java.lang.IllegalStateException: ManagerFactory [org.apache.logging.log4j.core.appender.FileManager$FileManagerFactory@6f4b3b3a] unable to create manager for [logs/${ctx:threadName}.log] with data [org.apache.logging.log4j.core.appender.FileManager$FactoryData@77d051c4] java.lang.IllegalStateException: ManagerFactory [org.apache.logging.log4j.core.appender.FileManager$FileManagerFactory@6f4b3b3a] unable to create manager for [logs/${ctx:threadName}.log] with data [org.apache.logging.log4j.core.appender.FileManager$FactoryData@77d051c4]
	at org.apache.logging.log4j.core.appender.AbstractManager.getManager(AbstractManager.java:115)
	at org.apache.logging.log4j.core.appender.OutputStreamManager.getManager(OutputStreamManager.java:100)
	at org.apache.logging.log4j.core.appender.FileManager.getFileManager(FileManager.java:182)
	at org.apache.logging.log4j.core.appender.FileAppender$Builder.build(FileAppender.java:96)
	at org.apache.logging.log4j.core.appender.FileAppender$Builder.build(FileAppender.java:52)
	at org.apache.logging.log4j.core.config.plugins.util.PluginBuilder.build(PluginBuilder.java:122)
	at org.apache.logging.log4j.core.config.AbstractConfiguration.createPluginObject(AbstractConfiguration.java:1002)
	at org.apache.logging.log4j.core.config.AbstractConfiguration.createConfiguration(AbstractConfiguration.java:942)
	at org.apache.logging.log4j.core.appender.routing.RoutingAppender.createAppender(RoutingAppender.java:299)
	at org.apache.logging.log4j.core.appender.routing.RoutingAppender.getControl(RoutingAppender.java:271)
	at org.apache.logging.log4j.core.appender.routing.RoutingAppender.append(RoutingAppender.java:229)
	at org.apache.logging.log4j.core.config.AppenderControl.tryCallAppender(AppenderControl.java:156)
	at org.apache.logging.log4j.core.config.AppenderControl.callAppender0(AppenderControl.java:129)
	at org.apache.logging.log4j.core.config.AppenderControl.callAppenderPreventRecursion(AppenderControl.java:120)
	at org.apache.logging.log4j.core.config.AppenderControl.callAppender(AppenderControl.java:84)
	at org.apache.logging.log4j.core.config.LoggerConfig.callAppenders(LoggerConfig.java:543)
	at org.apache.logging.log4j.core.config.LoggerConfig.processLogEvent(LoggerConfig.java:502)
	at org.apache.logging.log4j.core.config.LoggerConfig.log(LoggerConfig.java:485)
	at org.apache.logging.log4j.core.config.LoggerConfig.log(LoggerConfig.java:460)
	at org.apache.logging.log4j.core.config.AwaitCompletionReliabilityStrategy.log(AwaitCompletionReliabilityStrategy.java:82)
	at org.apache.logging.log4j.core.Logger.log(Logger.java:161)
	at org.apache.logging.log4j.spi.AbstractLogger.tryLogMessage(AbstractLogger.java:2198)
	at org.apache.logging.log4j.spi.AbstractLogger.logMessageTrackRecursion(AbstractLogger.java:2152)
	at org.apache.logging.log4j.spi.AbstractLogger.logMessageSafely(AbstractLogger.java:2135)
	at org.apache.logging.log4j.spi.AbstractLogger.logMessage(AbstractLogger.java:2011)
	at org.apache.logging.log4j.spi.AbstractLogger.logIfEnabled(AbstractLogger.java:1983)
	at org.apache.logging.log4j.spi.AbstractLogger.debug(AbstractLogger.java:327)
	at page_objects.RealApr.typeLength(RealApr.java:60)
	at automation_test.mortgage_calculator.CalculateApr.calculateRealApr(CalculateApr.java:52)
	at java.base/jdk.internal.reflect.NativeMethodAccessorImpl.invoke0(Native Method)
	at java.base/jdk.internal.reflect.NativeMethodAccessorImpl.invoke(NativeMethodAccessorImpl.java:62)
	at java.base/jdk.internal.reflect.DelegatingMethodAccessorImpl.invoke(DelegatingMethodAccessorImpl.java:43)
	at java.base/java.lang.reflect.Method.invoke(Method.java:566)
	at org.testng.internal.MethodInvocationHelper.invokeMethod(MethodInvocationHelper.java:132)
	at org.testng.internal.TestInvoker.invokeMethod(TestInvoker.java:599)
	at org.testng.internal.TestInvoker.retryFailed(TestInvoker.java:214)
	at org.testng.internal.MethodRunner.runInSequence(MethodRunner.java:58)
	at org.testng.internal.TestInvoker$MethodInvocationAgent.invoke(TestInvoker.java:822)
	at org.testng.internal.TestInvoker.invokeTestMethods(TestInvoker.java:147)
	at org.testng.internal.TestMethodWorker.invokeTestMethods(TestMethodWorker.java:146)
	at org.testng.internal.TestMethodWorker.run(TestMethodWorker.java:128)
	at java.base/java.util.concurrent.ThreadPoolExecutor.runWorker(ThreadPoolExecutor.java:1128)
	at java.base/java.util.concurrent.ThreadPoolExecutor$Worker.run(ThreadPoolExecutor.java:628)
	at java.base/java.lang.Thread.run(Thread.java:834)

2021-04-03 17:06:11,197 TestNG-test=Mortgage_Calculator-1 ERROR Unable to invoke factory method in class org.apache.logging.log4j.core.appender.FileAppender for element File: java.lang.IllegalStateException: No factory method found for class org.apache.logging.log4j.core.appender.FileAppender java.lang.IllegalStateException: No factory method found for class org.apache.logging.log4j.core.appender.FileAppender
	at org.apache.logging.log4j.core.config.plugins.util.PluginBuilder.findFactoryMethod(PluginBuilder.java:234)
	at org.apache.logging.log4j.core.config.plugins.util.PluginBuilder.build(PluginBuilder.java:134)
	at org.apache.logging.log4j.core.config.AbstractConfiguration.createPluginObject(AbstractConfiguration.java:1002)
	at org.apache.logging.log4j.core.config.AbstractConfiguration.createConfiguration(AbstractConfiguration.java:942)
	at org.apache.logging.log4j.core.appender.routing.RoutingAppender.createAppender(RoutingAppender.java:299)
	at org.apache.logging.log4j.core.appender.routing.RoutingAppender.getControl(RoutingAppender.java:271)
	at org.apache.logging.log4j.core.appender.routing.RoutingAppender.append(RoutingAppender.java:229)
	at org.apache.logging.log4j.core.config.AppenderControl.tryCallAppender(AppenderControl.java:156)
	at org.apache.logging.log4j.core.config.AppenderControl.callAppender0(AppenderControl.java:129)
	at org.apache.logging.log4j.core.config.AppenderControl.callAppenderPreventRecursion(AppenderControl.java:120)
	at org.apache.logging.log4j.core.config.AppenderControl.callAppender(AppenderControl.java:84)
	at org.apache.logging.log4j.core.config.LoggerConfig.callAppenders(LoggerConfig.java:543)
	at org.apache.logging.log4j.core.config.LoggerConfig.processLogEvent(LoggerConfig.java:502)
	at org.apache.logging.log4j.core.config.LoggerConfig.log(LoggerConfig.java:485)
	at org.apache.logging.log4j.core.config.LoggerConfig.log(LoggerConfig.java:460)
	at org.apache.logging.log4j.core.config.AwaitCompletionReliabilityStrategy.log(AwaitCompletionReliabilityStrategy.java:82)
	at org.apache.logging.log4j.core.Logger.log(Logger.java:161)
	at org.apache.logging.log4j.spi.AbstractLogger.tryLogMessage(AbstractLogger.java:2198)
	at org.apache.logging.log4j.spi.AbstractLogger.logMessageTrackRecursion(AbstractLogger.java:2152)
	at org.apache.logging.log4j.spi.AbstractLogger.logMessageSafely(AbstractLogger.java:2135)
	at org.apache.logging.log4j.spi.AbstractLogger.logMessage(AbstractLogger.java:2011)
	at org.apache.logging.log4j.spi.AbstractLogger.logIfEnabled(AbstractLogger.java:1983)
	at org.apache.logging.log4j.spi.AbstractLogger.debug(AbstractLogger.java:327)
	at page_objects.RealApr.typeLength(RealApr.java:60)
	at automation_test.mortgage_calculator.CalculateApr.calculateRealApr(CalculateApr.java:52)
	at java.base/jdk.internal.reflect.NativeMethodAccessorImpl.invoke0(Native Method)
	at java.base/jdk.internal.reflect.NativeMethodAccessorImpl.invoke(NativeMethodAccessorImpl.java:62)
	at java.base/jdk.internal.reflect.DelegatingMethodAccessorImpl.invoke(DelegatingMethodAccessorImpl.java:43)
	at java.base/java.lang.reflect.Method.invoke(Method.java:566)
	at org.testng.internal.MethodInvocationHelper.invokeMethod(MethodInvocationHelper.java:132)
	at org.testng.internal.TestInvoker.invokeMethod(TestInvoker.java:599)
	at org.testng.internal.TestInvoker.retryFailed(TestInvoker.java:214)
	at org.testng.internal.MethodRunner.runInSequence(MethodRunner.java:58)
	at org.testng.internal.TestInvoker$MethodInvocationAgent.invoke(TestInvoker.java:822)
	at org.testng.internal.TestInvoker.invokeTestMethods(TestInvoker.java:147)
	at org.testng.internal.TestMethodWorker.invokeTestMethods(TestMethodWorker.java:146)
	at org.testng.internal.TestMethodWorker.run(TestMethodWorker.java:128)
	at java.base/java.util.concurrent.ThreadPoolExecutor.runWorker(ThreadPoolExecutor.java:1128)
	at java.base/java.util.concurrent.ThreadPoolExecutor$Worker.run(ThreadPoolExecutor.java:628)
	at java.base/java.lang.Thread.run(Thread.java:834)

2021-04-03 17:06:11,536 TestNG-test=Mortgage_Calculator-1 ERROR FileManager (logs/${ctx:threadName}.log) java.io.IOException: The filename, directory name, or volume label syntax is incorrect java.io.IOException: The filename, directory name, or volume label syntax is incorrect
	at java.base/java.io.WinNTFileSystem.canonicalize0(Native Method)
	at java.base/java.io.WinNTFileSystem.canonicalize(WinNTFileSystem.java:438)
	at java.base/java.io.File.getCanonicalPath(File.java:620)
	at java.base/java.io.File.getCanonicalFile(File.java:645)
	at org.apache.logging.log4j.core.util.FileUtils.makeParentDirs(FileUtils.java:133)
	at org.apache.logging.log4j.core.appender.FileManager$FileManagerFactory.createManager(FileManager.java:434)
	at org.apache.logging.log4j.core.appender.FileManager$FileManagerFactory.createManager(FileManager.java:422)
	at org.apache.logging.log4j.core.appender.AbstractManager.getManager(AbstractManager.java:113)
	at org.apache.logging.log4j.core.appender.OutputStreamManager.getManager(OutputStreamManager.java:100)
	at org.apache.logging.log4j.core.appender.FileManager.getFileManager(FileManager.java:182)
	at org.apache.logging.log4j.core.appender.FileAppender$Builder.build(FileAppender.java:96)
	at org.apache.logging.log4j.core.appender.FileAppender$Builder.build(FileAppender.java:52)
	at org.apache.logging.log4j.core.config.plugins.util.PluginBuilder.build(PluginBuilder.java:122)
	at org.apache.logging.log4j.core.config.AbstractConfiguration.createPluginObject(AbstractConfiguration.java:1002)
	at org.apache.logging.log4j.core.config.AbstractConfiguration.createConfiguration(AbstractConfiguration.java:942)
	at org.apache.logging.log4j.core.appender.routing.RoutingAppender.createAppender(RoutingAppender.java:299)
	at org.apache.logging.log4j.core.appender.routing.RoutingAppender.getControl(RoutingAppender.java:271)
	at org.apache.logging.log4j.core.appender.routing.RoutingAppender.append(RoutingAppender.java:229)
	at org.apache.logging.log4j.core.config.AppenderControl.tryCallAppender(AppenderControl.java:156)
	at org.apache.logging.log4j.core.config.AppenderControl.callAppender0(AppenderControl.java:129)
	at org.apache.logging.log4j.core.config.AppenderControl.callAppenderPreventRecursion(AppenderControl.java:120)
	at org.apache.logging.log4j.core.config.AppenderControl.callAppender(AppenderControl.java:84)
	at org.apache.logging.log4j.core.config.LoggerConfig.callAppenders(LoggerConfig.java:543)
	at org.apache.logging.log4j.core.config.LoggerConfig.processLogEvent(LoggerConfig.java:502)
	at org.apache.logging.log4j.core.config.LoggerConfig.log(LoggerConfig.java:485)
	at org.apache.logging.log4j.core.config.LoggerConfig.log(LoggerConfig.java:460)
	at org.apache.logging.log4j.core.config.AwaitCompletionReliabilityStrategy.log(AwaitCompletionReliabilityStrategy.java:82)
	at org.apache.logging.log4j.core.Logger.log(Logger.java:161)
	at org.apache.logging.log4j.spi.AbstractLogger.tryLogMessage(AbstractLogger.java:2198)
	at org.apache.logging.log4j.spi.AbstractLogger.logMessageTrackRecursion(AbstractLogger.java:2152)
	at org.apache.logging.log4j.spi.AbstractLogger.logMessageSafely(AbstractLogger.java:2135)
	at org.apache.logging.log4j.spi.AbstractLogger.logMessage(AbstractLogger.java:2011)
	at org.apache.logging.log4j.spi.AbstractLogger.logIfEnabled(AbstractLogger.java:1983)
	at org.apache.logging.log4j.spi.AbstractLogger.debug(AbstractLogger.java:327)
	at page_objects.RealApr.clickCalculateButton(RealApr.java:66)
	at automation_test.mortgage_calculator.CalculateApr.calculateRealApr(CalculateApr.java:53)
	at java.base/jdk.internal.reflect.NativeMethodAccessorImpl.invoke0(Native Method)
	at java.base/jdk.internal.reflect.NativeMethodAccessorImpl.invoke(NativeMethodAccessorImpl.java:62)
	at java.base/jdk.internal.reflect.DelegatingMethodAccessorImpl.invoke(DelegatingMethodAccessorImpl.java:43)
	at java.base/java.lang.reflect.Method.invoke(Method.java:566)
	at org.testng.internal.MethodInvocationHelper.invokeMethod(MethodInvocationHelper.java:132)
	at org.testng.internal.TestInvoker.invokeMethod(TestInvoker.java:599)
	at org.testng.internal.TestInvoker.retryFailed(TestInvoker.java:214)
	at org.testng.internal.MethodRunner.runInSequence(MethodRunner.java:58)
	at org.testng.internal.TestInvoker$MethodInvocationAgent.invoke(TestInvoker.java:822)
	at org.testng.internal.TestInvoker.invokeTestMethods(TestInvoker.java:147)
	at org.testng.internal.TestMethodWorker.invokeTestMethods(TestMethodWorker.java:146)
	at org.testng.internal.TestMethodWorker.run(TestMethodWorker.java:128)
	at java.base/java.util.concurrent.ThreadPoolExecutor.runWorker(ThreadPoolExecutor.java:1128)
	at java.base/java.util.concurrent.ThreadPoolExecutor$Worker.run(ThreadPoolExecutor.java:628)
	at java.base/java.lang.Thread.run(Thread.java:834)

2021-04-03 17:06:11,537 TestNG-test=Mortgage_Calculator-1 ERROR Could not create plugin of type class org.apache.logging.log4j.core.appender.FileAppender for element File: java.lang.IllegalStateException: ManagerFactory [org.apache.logging.log4j.core.appender.FileManager$FileManagerFactory@6f4b3b3a] unable to create manager for [logs/${ctx:threadName}.log] with data [org.apache.logging.log4j.core.appender.FileManager$FactoryData@244f29fd] java.lang.IllegalStateException: ManagerFactory [org.apache.logging.log4j.core.appender.FileManager$FileManagerFactory@6f4b3b3a] unable to create manager for [logs/${ctx:threadName}.log] with data [org.apache.logging.log4j.core.appender.FileManager$FactoryData@244f29fd]
	at org.apache.logging.log4j.core.appender.AbstractManager.getManager(AbstractManager.java:115)
	at org.apache.logging.log4j.core.appender.OutputStreamManager.getManager(OutputStreamManager.java:100)
	at org.apache.logging.log4j.core.appender.FileManager.getFileManager(FileManager.java:182)
	at org.apache.logging.log4j.core.appender.FileAppender$Builder.build(FileAppender.java:96)
	at org.apache.logging.log4j.core.appender.FileAppender$Builder.build(FileAppender.java:52)
	at org.apache.logging.log4j.core.config.plugins.util.PluginBuilder.build(PluginBuilder.java:122)
	at org.apache.logging.log4j.core.config.AbstractConfiguration.createPluginObject(AbstractConfiguration.java:1002)
	at org.apache.logging.log4j.core.config.AbstractConfiguration.createConfiguration(AbstractConfiguration.java:942)
	at org.apache.logging.log4j.core.appender.routing.RoutingAppender.createAppender(RoutingAppender.java:299)
	at org.apache.logging.log4j.core.appender.routing.RoutingAppender.getControl(RoutingAppender.java:271)
	at org.apache.logging.log4j.core.appender.routing.RoutingAppender.append(RoutingAppender.java:229)
	at org.apache.logging.log4j.core.config.AppenderControl.tryCallAppender(AppenderControl.java:156)
	at org.apache.logging.log4j.core.config.AppenderControl.callAppender0(AppenderControl.java:129)
	at org.apache.logging.log4j.core.config.AppenderControl.callAppenderPreventRecursion(AppenderControl.java:120)
	at org.apache.logging.log4j.core.config.AppenderControl.callAppender(AppenderControl.java:84)
	at org.apache.logging.log4j.core.config.LoggerConfig.callAppenders(LoggerConfig.java:543)
	at org.apache.logging.log4j.core.config.LoggerConfig.processLogEvent(LoggerConfig.java:502)
	at org.apache.logging.log4j.core.config.LoggerConfig.log(LoggerConfig.java:485)
	at org.apache.logging.log4j.core.config.LoggerConfig.log(LoggerConfig.java:460)
	at org.apache.logging.log4j.core.config.AwaitCompletionReliabilityStrategy.log(AwaitCompletionReliabilityStrategy.java:82)
	at org.apache.logging.log4j.core.Logger.log(Logger.java:161)
	at org.apache.logging.log4j.spi.AbstractLogger.tryLogMessage(AbstractLogger.java:2198)
	at org.apache.logging.log4j.spi.AbstractLogger.logMessageTrackRecursion(AbstractLogger.java:2152)
	at org.apache.logging.log4j.spi.AbstractLogger.logMessageSafely(AbstractLogger.java:2135)
	at org.apache.logging.log4j.spi.AbstractLogger.logMessage(AbstractLogger.java:2011)
	at org.apache.logging.log4j.spi.AbstractLogger.logIfEnabled(AbstractLogger.java:1983)
	at org.apache.logging.log4j.spi.AbstractLogger.debug(AbstractLogger.java:327)
	at page_objects.RealApr.clickCalculateButton(RealApr.java:66)
	at automation_test.mortgage_calculator.CalculateApr.calculateRealApr(CalculateApr.java:53)
	at java.base/jdk.internal.reflect.NativeMethodAccessorImpl.invoke0(Native Method)
	at java.base/jdk.internal.reflect.NativeMethodAccessorImpl.invoke(NativeMethodAccessorImpl.java:62)
	at java.base/jdk.internal.reflect.DelegatingMethodAccessorImpl.invoke(DelegatingMethodAccessorImpl.java:43)
	at java.base/java.lang.reflect.Method.invoke(Method.java:566)
	at org.testng.internal.MethodInvocationHelper.invokeMethod(MethodInvocationHelper.java:132)
	at org.testng.internal.TestInvoker.invokeMethod(TestInvoker.java:599)
	at org.testng.internal.TestInvoker.retryFailed(TestInvoker.java:214)
	at org.testng.internal.MethodRunner.runInSequence(MethodRunner.java:58)
	at org.testng.internal.TestInvoker$MethodInvocationAgent.invoke(TestInvoker.java:822)
	at org.testng.internal.TestInvoker.invokeTestMethods(TestInvoker.java:147)
	at org.testng.internal.TestMethodWorker.invokeTestMethods(TestMethodWorker.java:146)
	at org.testng.internal.TestMethodWorker.run(TestMethodWorker.java:128)
	at java.base/java.util.concurrent.ThreadPoolExecutor.runWorker(ThreadPoolExecutor.java:1128)
	at java.base/java.util.concurrent.ThreadPoolExecutor$Worker.run(ThreadPoolExecutor.java:628)
	at java.base/java.lang.Thread.run(Thread.java:834)

2021-04-03 17:06:11,538 TestNG-test=Mortgage_Calculator-1 ERROR Unable to invoke factory method in class org.apache.logging.log4j.core.appender.FileAppender for element File: java.lang.IllegalStateException: No factory method found for class org.apache.logging.log4j.core.appender.FileAppender java.lang.IllegalStateException: No factory method found for class org.apache.logging.log4j.core.appender.FileAppender
	at org.apache.logging.log4j.core.config.plugins.util.PluginBuilder.findFactoryMethod(PluginBuilder.java:234)
	at org.apache.logging.log4j.core.config.plugins.util.PluginBuilder.build(PluginBuilder.java:134)
	at org.apache.logging.log4j.core.config.AbstractConfiguration.createPluginObject(AbstractConfiguration.java:1002)
	at org.apache.logging.log4j.core.config.AbstractConfiguration.createConfiguration(AbstractConfiguration.java:942)
	at org.apache.logging.log4j.core.appender.routing.RoutingAppender.createAppender(RoutingAppender.java:299)
	at org.apache.logging.log4j.core.appender.routing.RoutingAppender.getControl(RoutingAppender.java:271)
	at org.apache.logging.log4j.core.appender.routing.RoutingAppender.append(RoutingAppender.java:229)
	at org.apache.logging.log4j.core.config.AppenderControl.tryCallAppender(AppenderControl.java:156)
	at org.apache.logging.log4j.core.config.AppenderControl.callAppender0(AppenderControl.java:129)
	at org.apache.logging.log4j.core.config.AppenderControl.callAppenderPreventRecursion(AppenderControl.java:120)
	at org.apache.logging.log4j.core.config.AppenderControl.callAppender(AppenderControl.java:84)
	at org.apache.logging.log4j.core.config.LoggerConfig.callAppenders(LoggerConfig.java:543)
	at org.apache.logging.log4j.core.config.LoggerConfig.processLogEvent(LoggerConfig.java:502)
	at org.apache.logging.log4j.core.config.LoggerConfig.log(LoggerConfig.java:485)
	at org.apache.logging.log4j.core.config.LoggerConfig.log(LoggerConfig.java:460)
	at org.apache.logging.log4j.core.config.AwaitCompletionReliabilityStrategy.log(AwaitCompletionReliabilityStrategy.java:82)
	at org.apache.logging.log4j.core.Logger.log(Logger.java:161)
	at org.apache.logging.log4j.spi.AbstractLogger.tryLogMessage(AbstractLogger.java:2198)
	at org.apache.logging.log4j.spi.AbstractLogger.logMessageTrackRecursion(AbstractLogger.java:2152)
	at org.apache.logging.log4j.spi.AbstractLogger.logMessageSafely(AbstractLogger.java:2135)
	at org.apache.logging.log4j.spi.AbstractLogger.logMessage(AbstractLogger.java:2011)
	at org.apache.logging.log4j.spi.AbstractLogger.logIfEnabled(AbstractLogger.java:1983)
	at org.apache.logging.log4j.spi.AbstractLogger.debug(AbstractLogger.java:327)
	at page_objects.RealApr.clickCalculateButton(RealApr.java:66)
	at automation_test.mortgage_calculator.CalculateApr.calculateRealApr(CalculateApr.java:53)
	at java.base/jdk.internal.reflect.NativeMethodAccessorImpl.invoke0(Native Method)
	at java.base/jdk.internal.reflect.NativeMethodAccessorImpl.invoke(NativeMethodAccessorImpl.java:62)
	at java.base/jdk.internal.reflect.DelegatingMethodAccessorImpl.invoke(DelegatingMethodAccessorImpl.java:43)
	at java.base/java.lang.reflect.Method.invoke(Method.java:566)
	at org.testng.internal.MethodInvocationHelper.invokeMethod(MethodInvocationHelper.java:132)
	at org.testng.internal.TestInvoker.invokeMethod(TestInvoker.java:599)
	at org.testng.internal.TestInvoker.retryFailed(TestInvoker.java:214)
	at org.testng.internal.MethodRunner.runInSequence(MethodRunner.java:58)
	at org.testng.internal.TestInvoker$MethodInvocationAgent.invoke(TestInvoker.java:822)
	at org.testng.internal.TestInvoker.invokeTestMethods(TestInvoker.java:147)
	at org.testng.internal.TestMethodWorker.invokeTestMethods(TestMethodWorker.java:146)
	at org.testng.internal.TestMethodWorker.run(TestMethodWorker.java:128)
	at java.base/java.util.concurrent.ThreadPoolExecutor.runWorker(ThreadPoolExecutor.java:1128)
	at java.base/java.util.concurrent.ThreadPoolExecutor$Worker.run(ThreadPoolExecutor.java:628)
	at java.base/java.lang.Thread.run(Thread.java:834)

2021-04-03 17:06:13,753 TestNG-test=Mortgage_Calculator-1 ERROR FileManager (logs/${ctx:threadName}.log) java.io.IOException: The filename, directory name, or volume label syntax is incorrect java.io.IOException: The filename, directory name, or volume label syntax is incorrect
	at java.base/java.io.WinNTFileSystem.canonicalize0(Native Method)
	at java.base/java.io.WinNTFileSystem.canonicalize(WinNTFileSystem.java:438)
	at java.base/java.io.File.getCanonicalPath(File.java:620)
	at java.base/java.io.File.getCanonicalFile(File.java:645)
	at org.apache.logging.log4j.core.util.FileUtils.makeParentDirs(FileUtils.java:133)
	at org.apache.logging.log4j.core.appender.FileManager$FileManagerFactory.createManager(FileManager.java:434)
	at org.apache.logging.log4j.core.appender.FileManager$FileManagerFactory.createManager(FileManager.java:422)
	at org.apache.logging.log4j.core.appender.AbstractManager.getManager(AbstractManager.java:113)
	at org.apache.logging.log4j.core.appender.OutputStreamManager.getManager(OutputStreamManager.java:100)
	at org.apache.logging.log4j.core.appender.FileManager.getFileManager(FileManager.java:182)
	at org.apache.logging.log4j.core.appender.FileAppender$Builder.build(FileAppender.java:96)
	at org.apache.logging.log4j.core.appender.FileAppender$Builder.build(FileAppender.java:52)
	at org.apache.logging.log4j.core.config.plugins.util.PluginBuilder.build(PluginBuilder.java:122)
	at org.apache.logging.log4j.core.config.AbstractConfiguration.createPluginObject(AbstractConfiguration.java:1002)
	at org.apache.logging.log4j.core.config.AbstractConfiguration.createConfiguration(AbstractConfiguration.java:942)
	at org.apache.logging.log4j.core.appender.routing.RoutingAppender.createAppender(RoutingAppender.java:299)
	at org.apache.logging.log4j.core.appender.routing.RoutingAppender.getControl(RoutingAppender.java:271)
	at org.apache.logging.log4j.core.appender.routing.RoutingAppender.append(RoutingAppender.java:229)
	at org.apache.logging.log4j.core.config.AppenderControl.tryCallAppender(AppenderControl.java:156)
	at org.apache.logging.log4j.core.config.AppenderControl.callAppender0(AppenderControl.java:129)
	at org.apache.logging.log4j.core.config.AppenderControl.callAppenderPreventRecursion(AppenderControl.java:120)
	at org.apache.logging.log4j.core.config.AppenderControl.callAppender(AppenderControl.java:84)
	at org.apache.logging.log4j.core.config.LoggerConfig.callAppenders(LoggerConfig.java:543)
	at org.apache.logging.log4j.core.config.LoggerConfig.processLogEvent(LoggerConfig.java:502)
	at org.apache.logging.log4j.core.config.LoggerConfig.log(LoggerConfig.java:485)
	at org.apache.logging.log4j.core.config.LoggerConfig.log(LoggerConfig.java:460)
	at org.apache.logging.log4j.core.config.AwaitCompletionReliabilityStrategy.log(AwaitCompletionReliabilityStrategy.java:82)
	at org.apache.logging.log4j.core.Logger.log(Logger.java:161)
	at org.apache.logging.log4j.spi.AbstractLogger.tryLogMessage(AbstractLogger.java:2198)
	at org.apache.logging.log4j.spi.AbstractLogger.logMessageTrackRecursion(AbstractLogger.java:2152)
	at org.apache.logging.log4j.spi.AbstractLogger.logMessageSafely(AbstractLogger.java:2135)
	at org.apache.logging.log4j.spi.AbstractLogger.logMessage(AbstractLogger.java:2011)
	at org.apache.logging.log4j.spi.AbstractLogger.logIfEnabled(AbstractLogger.java:1983)
	at org.apache.logging.log4j.spi.AbstractLogger.debug(AbstractLogger.java:327)
	at page_objects.RealApr.validateAPR(RealApr.java:75)
	at automation_test.mortgage_calculator.CalculateApr.calculateRealApr(CalculateApr.java:55)
	at java.base/jdk.internal.reflect.NativeMethodAccessorImpl.invoke0(Native Method)
	at java.base/jdk.internal.reflect.NativeMethodAccessorImpl.invoke(NativeMethodAccessorImpl.java:62)
	at java.base/jdk.internal.reflect.DelegatingMethodAccessorImpl.invoke(DelegatingMethodAccessorImpl.java:43)
	at java.base/java.lang.reflect.Method.invoke(Method.java:566)
	at org.testng.internal.MethodInvocationHelper.invokeMethod(MethodInvocationHelper.java:132)
	at org.testng.internal.TestInvoker.invokeMethod(TestInvoker.java:599)
	at org.testng.internal.TestInvoker.retryFailed(TestInvoker.java:214)
	at org.testng.internal.MethodRunner.runInSequence(MethodRunner.java:58)
	at org.testng.internal.TestInvoker$MethodInvocationAgent.invoke(TestInvoker.java:822)
	at org.testng.internal.TestInvoker.invokeTestMethods(TestInvoker.java:147)
	at org.testng.internal.TestMethodWorker.invokeTestMethods(TestMethodWorker.java:146)
	at org.testng.internal.TestMethodWorker.run(TestMethodWorker.java:128)
	at java.base/java.util.concurrent.ThreadPoolExecutor.runWorker(ThreadPoolExecutor.java:1128)
	at java.base/java.util.concurrent.ThreadPoolExecutor$Worker.run(ThreadPoolExecutor.java:628)
	at java.base/java.lang.Thread.run(Thread.java:834)

2021-04-03 17:06:13,753 TestNG-test=Mortgage_Calculator-1 ERROR Could not create plugin of type class org.apache.logging.log4j.core.appender.FileAppender for element File: java.lang.IllegalStateException: ManagerFactory [org.apache.logging.log4j.core.appender.FileManager$FileManagerFactory@6f4b3b3a] unable to create manager for [logs/${ctx:threadName}.log] with data [org.apache.logging.log4j.core.appender.FileManager$FactoryData@7afd84e8] java.lang.IllegalStateException: ManagerFactory [org.apache.logging.log4j.core.appender.FileManager$FileManagerFactory@6f4b3b3a] unable to create manager for [logs/${ctx:threadName}.log] with data [org.apache.logging.log4j.core.appender.FileManager$FactoryData@7afd84e8]
	at org.apache.logging.log4j.core.appender.AbstractManager.getManager(AbstractManager.java:115)
	at org.apache.logging.log4j.core.appender.OutputStreamManager.getManager(OutputStreamManager.java:100)
	at org.apache.logging.log4j.core.appender.FileManager.getFileManager(FileManager.java:182)
	at org.apache.logging.log4j.core.appender.FileAppender$Builder.build(FileAppender.java:96)
	at org.apache.logging.log4j.core.appender.FileAppender$Builder.build(FileAppender.java:52)
	at org.apache.logging.log4j.core.config.plugins.util.PluginBuilder.build(PluginBuilder.java:122)
	at org.apache.logging.log4j.core.config.AbstractConfiguration.createPluginObject(AbstractConfiguration.java:1002)
	at org.apache.logging.log4j.core.config.AbstractConfiguration.createConfiguration(AbstractConfiguration.java:942)
	at org.apache.logging.log4j.core.appender.routing.RoutingAppender.createAppender(RoutingAppender.java:299)
	at org.apache.logging.log4j.core.appender.routing.RoutingAppender.getControl(RoutingAppender.java:271)
	at org.apache.logging.log4j.core.appender.routing.RoutingAppender.append(RoutingAppender.java:229)
	at org.apache.logging.log4j.core.config.AppenderControl.tryCallAppender(AppenderControl.java:156)
	at org.apache.logging.log4j.core.config.AppenderControl.callAppender0(AppenderControl.java:129)
	at org.apache.logging.log4j.core.config.AppenderControl.callAppenderPreventRecursion(AppenderControl.java:120)
	at org.apache.logging.log4j.core.config.AppenderControl.callAppender(AppenderControl.java:84)
	at org.apache.logging.log4j.core.config.LoggerConfig.callAppenders(LoggerConfig.java:543)
	at org.apache.logging.log4j.core.config.LoggerConfig.processLogEvent(LoggerConfig.java:502)
	at org.apache.logging.log4j.core.config.LoggerConfig.log(LoggerConfig.java:485)
	at org.apache.logging.log4j.core.config.LoggerConfig.log(LoggerConfig.java:460)
	at org.apache.logging.log4j.core.config.AwaitCompletionReliabilityStrategy.log(AwaitCompletionReliabilityStrategy.java:82)
	at org.apache.logging.log4j.core.Logger.log(Logger.java:161)
	at org.apache.logging.log4j.spi.AbstractLogger.tryLogMessage(AbstractLogger.java:2198)
	at org.apache.logging.log4j.spi.AbstractLogger.logMessageTrackRecursion(AbstractLogger.java:2152)
	at org.apache.logging.log4j.spi.AbstractLogger.logMessageSafely(AbstractLogger.java:2135)
	at org.apache.logging.log4j.spi.AbstractLogger.logMessage(AbstractLogger.java:2011)
	at org.apache.logging.log4j.spi.AbstractLogger.logIfEnabled(AbstractLogger.java:1983)
	at org.apache.logging.log4j.spi.AbstractLogger.debug(AbstractLogger.java:327)
	at page_objects.RealApr.validateAPR(RealApr.java:75)
	at automation_test.mortgage_calculator.CalculateApr.calculateRealApr(CalculateApr.java:55)
	at java.base/jdk.internal.reflect.NativeMethodAccessorImpl.invoke0(Native Method)
	at java.base/jdk.internal.reflect.NativeMethodAccessorImpl.invoke(NativeMethodAccessorImpl.java:62)
	at java.base/jdk.internal.reflect.DelegatingMethodAccessorImpl.invoke(DelegatingMethodAccessorImpl.java:43)
	at java.base/java.lang.reflect.Method.invoke(Method.java:566)
	at org.testng.internal.MethodInvocationHelper.invokeMethod(MethodInvocationHelper.java:132)
	at org.testng.internal.TestInvoker.invokeMethod(TestInvoker.java:599)
	at org.testng.internal.TestInvoker.retryFailed(TestInvoker.java:214)
	at org.testng.internal.MethodRunner.runInSequence(MethodRunner.java:58)
	at org.testng.internal.TestInvoker$MethodInvocationAgent.invoke(TestInvoker.java:822)
	at org.testng.internal.TestInvoker.invokeTestMethods(TestInvoker.java:147)
	at org.testng.internal.TestMethodWorker.invokeTestMethods(TestMethodWorker.java:146)
	at org.testng.internal.TestMethodWorker.run(TestMethodWorker.java:128)
	at java.base/java.util.concurrent.ThreadPoolExecutor.runWorker(ThreadPoolExecutor.java:1128)
	at java.base/java.util.concurrent.ThreadPoolExecutor$Worker.run(ThreadPoolExecutor.java:628)
	at java.base/java.lang.Thread.run(Thread.java:834)

2021-04-03 17:06:13,754 TestNG-test=Mortgage_Calculator-1 ERROR Unable to invoke factory method in class org.apache.logging.log4j.core.appender.FileAppender for element File: java.lang.IllegalStateException: No factory method found for class org.apache.logging.log4j.core.appender.FileAppender java.lang.IllegalStateException: No factory method found for class org.apache.logging.log4j.core.appender.FileAppender
	at org.apache.logging.log4j.core.config.plugins.util.PluginBuilder.findFactoryMethod(PluginBuilder.java:234)
	at org.apache.logging.log4j.core.config.plugins.util.PluginBuilder.build(PluginBuilder.java:134)
	at org.apache.logging.log4j.core.config.AbstractConfiguration.createPluginObject(AbstractConfiguration.java:1002)
	at org.apache.logging.log4j.core.config.AbstractConfiguration.createConfiguration(AbstractConfiguration.java:942)
	at org.apache.logging.log4j.core.appender.routing.RoutingAppender.createAppender(RoutingAppender.java:299)
	at org.apache.logging.log4j.core.appender.routing.RoutingAppender.getControl(RoutingAppender.java:271)
	at org.apache.logging.log4j.core.appender.routing.RoutingAppender.append(RoutingAppender.java:229)
	at org.apache.logging.log4j.core.config.AppenderControl.tryCallAppender(AppenderControl.java:156)
	at org.apache.logging.log4j.core.config.AppenderControl.callAppender0(AppenderControl.java:129)
	at org.apache.logging.log4j.core.config.AppenderControl.callAppenderPreventRecursion(AppenderControl.java:120)
	at org.apache.logging.log4j.core.config.AppenderControl.callAppender(AppenderControl.java:84)
	at org.apache.logging.log4j.core.config.LoggerConfig.callAppenders(LoggerConfig.java:543)
	at org.apache.logging.log4j.core.config.LoggerConfig.processLogEvent(LoggerConfig.java:502)
	at org.apache.logging.log4j.core.config.LoggerConfig.log(LoggerConfig.java:485)
	at org.apache.logging.log4j.core.config.LoggerConfig.log(LoggerConfig.java:460)
	at org.apache.logging.log4j.core.config.AwaitCompletionReliabilityStrategy.log(AwaitCompletionReliabilityStrategy.java:82)
	at org.apache.logging.log4j.core.Logger.log(Logger.java:161)
	at org.apache.logging.log4j.spi.AbstractLogger.tryLogMessage(AbstractLogger.java:2198)
	at org.apache.logging.log4j.spi.AbstractLogger.logMessageTrackRecursion(AbstractLogger.java:2152)
	at org.apache.logging.log4j.spi.AbstractLogger.logMessageSafely(AbstractLogger.java:2135)
	at org.apache.logging.log4j.spi.AbstractLogger.logMessage(AbstractLogger.java:2011)
	at org.apache.logging.log4j.spi.AbstractLogger.logIfEnabled(AbstractLogger.java:1983)
	at org.apache.logging.log4j.spi.AbstractLogger.debug(AbstractLogger.java:327)
	at page_objects.RealApr.validateAPR(RealApr.java:75)
	at automation_test.mortgage_calculator.CalculateApr.calculateRealApr(CalculateApr.java:55)
	at java.base/jdk.internal.reflect.NativeMethodAccessorImpl.invoke0(Native Method)
	at java.base/jdk.internal.reflect.NativeMethodAccessorImpl.invoke(NativeMethodAccessorImpl.java:62)
	at java.base/jdk.internal.reflect.DelegatingMethodAccessorImpl.invoke(DelegatingMethodAccessorImpl.java:43)
	at java.base/java.lang.reflect.Method.invoke(Method.java:566)
	at org.testng.internal.MethodInvocationHelper.invokeMethod(MethodInvocationHelper.java:132)
	at org.testng.internal.TestInvoker.invokeMethod(TestInvoker.java:599)
	at org.testng.internal.TestInvoker.retryFailed(TestInvoker.java:214)
	at org.testng.internal.MethodRunner.runInSequence(MethodRunner.java:58)
	at org.testng.internal.TestInvoker$MethodInvocationAgent.invoke(TestInvoker.java:822)
	at org.testng.internal.TestInvoker.invokeTestMethods(TestInvoker.java:147)
	at org.testng.internal.TestMethodWorker.invokeTestMethods(TestMethodWorker.java:146)
	at org.testng.internal.TestMethodWorker.run(TestMethodWorker.java:128)
	at java.base/java.util.concurrent.ThreadPoolExecutor.runWorker(ThreadPoolExecutor.java:1128)
	at java.base/java.util.concurrent.ThreadPoolExecutor$Worker.run(ThreadPoolExecutor.java:628)
	at java.base/java.lang.Thread.run(Thread.java:834)

]]></system-out>
    <system-err><![CDATA[Starting ChromeDriver 89.0.4389.23 (61b08ee2c50024bab004e48d2b1b083cdbdac579-refs/branch-heads/4389@{#294}) on port 27776
Only local connections are allowed.
Please see https://chromedriver.chromium.org/security-considerations for suggestions on keeping ChromeDriver safe.
ChromeDriver was started successfully.
Apr 03, 2021 5:05:55 PM org.openqa.selenium.remote.ProtocolHandshake createSession
INFO: Detected dialect: W3C
]]></system-err>
  </testcase>
  <testcase name="calculateRealApr" classname="automation_test.mortgage_calculator.CalculateApr" time="8.189">
    <failure message="expected [3.4%] but found [3.132%]" type="java.lang.AssertionError"><![CDATA[java.lang.AssertionError: expected [3.4%] but found [3.132%]
	at automation_test.mortgage_calculator.CalculateApr.calculateRealApr(CalculateApr.java:55)
]]></failure>
    <system-out><![CDATA[17:06:15.647 [TestNG-test=Mortgage_Calculator-1] INFO  utilities.TestEnvironment - Execute test with chrome browser in local machine
2021-04-03 17:06:15,647 TestNG-test=Mortgage_Calculator-1 ERROR FileManager (logs/${ctx:threadName}.log) java.io.IOException: The filename, directory name, or volume label syntax is incorrect java.io.IOException: The filename, directory name, or volume label syntax is incorrect
	at java.base/java.io.WinNTFileSystem.canonicalize0(Native Method)
	at java.base/java.io.WinNTFileSystem.canonicalize(WinNTFileSystem.java:438)
	at java.base/java.io.File.getCanonicalPath(File.java:620)
	at java.base/java.io.File.getCanonicalFile(File.java:645)
	at org.apache.logging.log4j.core.util.FileUtils.makeParentDirs(FileUtils.java:133)
	at org.apache.logging.log4j.core.appender.FileManager$FileManagerFactory.createManager(FileManager.java:434)
	at org.apache.logging.log4j.core.appender.FileManager$FileManagerFactory.createManager(FileManager.java:422)
	at org.apache.logging.log4j.core.appender.AbstractManager.getManager(AbstractManager.java:113)
	at org.apache.logging.log4j.core.appender.OutputStreamManager.getManager(OutputStreamManager.java:100)
	at org.apache.logging.log4j.core.appender.FileManager.getFileManager(FileManager.java:182)
	at org.apache.logging.log4j.core.appender.FileAppender$Builder.build(FileAppender.java:96)
	at org.apache.logging.log4j.core.appender.FileAppender$Builder.build(FileAppender.java:52)
	at org.apache.logging.log4j.core.config.plugins.util.PluginBuilder.build(PluginBuilder.java:122)
	at org.apache.logging.log4j.core.config.AbstractConfiguration.createPluginObject(AbstractConfiguration.java:1002)
	at org.apache.logging.log4j.core.config.AbstractConfiguration.createConfiguration(AbstractConfiguration.java:942)
	at org.apache.logging.log4j.core.appender.routing.RoutingAppender.createAppender(RoutingAppender.java:299)
	at org.apache.logging.log4j.core.appender.routing.RoutingAppender.getControl(RoutingAppender.java:271)
	at org.apache.logging.log4j.core.appender.routing.RoutingAppender.append(RoutingAppender.java:229)
	at org.apache.logging.log4j.core.config.AppenderControl.tryCallAppender(AppenderControl.java:156)
	at org.apache.logging.log4j.core.config.AppenderControl.callAppender0(AppenderControl.java:129)
	at org.apache.logging.log4j.core.config.AppenderControl.callAppenderPreventRecursion(AppenderControl.java:120)
	at org.apache.logging.log4j.core.config.AppenderControl.callAppender(AppenderControl.java:84)
	at org.apache.logging.log4j.core.config.LoggerConfig.callAppenders(LoggerConfig.java:543)
	at org.apache.logging.log4j.core.config.LoggerConfig.processLogEvent(LoggerConfig.java:502)
	at org.apache.logging.log4j.core.config.LoggerConfig.log(LoggerConfig.java:485)
	at org.apache.logging.log4j.core.config.LoggerConfig.log(LoggerConfig.java:460)
	at org.apache.logging.log4j.core.config.AwaitCompletionReliabilityStrategy.log(AwaitCompletionReliabilityStrategy.java:82)
	at org.apache.logging.log4j.core.Logger.log(Logger.java:161)
	at org.apache.logging.log4j.spi.AbstractLogger.tryLogMessage(AbstractLogger.java:2198)
	at org.apache.logging.log4j.spi.AbstractLogger.logMessageTrackRecursion(AbstractLogger.java:2152)
	at org.apache.logging.log4j.spi.AbstractLogger.logMessageSafely(AbstractLogger.java:2135)
	at org.apache.logging.log4j.spi.AbstractLogger.logMessage(AbstractLogger.java:2011)
	at org.apache.logging.log4j.spi.AbstractLogger.logIfEnabled(AbstractLogger.java:1983)
	at org.apache.logging.log4j.spi.AbstractLogger.info(AbstractLogger.java:1320)
	at utilities.TestEnvironment.selectTestExecutionEnvironment(TestEnvironment.java:50)
	at automation_test.mortgage_calculator.CalculateApr.BrowserInitialization(CalculateApr.java:36)
	at java.base/jdk.internal.reflect.NativeMethodAccessorImpl.invoke0(Native Method)
	at java.base/jdk.internal.reflect.NativeMethodAccessorImpl.invoke(NativeMethodAccessorImpl.java:62)
	at java.base/jdk.internal.reflect.DelegatingMethodAccessorImpl.invoke(DelegatingMethodAccessorImpl.java:43)
	at java.base/java.lang.reflect.Method.invoke(Method.java:566)
	at org.testng.internal.MethodInvocationHelper.invokeMethod(MethodInvocationHelper.java:132)
	at org.testng.internal.MethodInvocationHelper.invokeMethodConsideringTimeout(MethodInvocationHelper.java:61)
	at org.testng.internal.ConfigInvoker.invokeConfigurationMethod(ConfigInvoker.java:366)
	at org.testng.internal.ConfigInvoker.invokeConfigurations(ConfigInvoker.java:320)
	at org.testng.internal.TestInvoker.runConfigMethods(TestInvoker.java:701)
	at org.testng.internal.TestInvoker.invokeMethod(TestInvoker.java:527)
	at org.testng.internal.TestInvoker.retryFailed(TestInvoker.java:214)
	at org.testng.internal.MethodRunner.runInSequence(MethodRunner.java:58)
	at org.testng.internal.TestInvoker$MethodInvocationAgent.invoke(TestInvoker.java:822)
	at org.testng.internal.TestInvoker.invokeTestMethods(TestInvoker.java:147)
	at org.testng.internal.TestMethodWorker.invokeTestMethods(TestMethodWorker.java:146)
	at org.testng.internal.TestMethodWorker.run(TestMethodWorker.java:128)
	at java.base/java.util.concurrent.ThreadPoolExecutor.runWorker(ThreadPoolExecutor.java:1128)
	at java.base/java.util.concurrent.ThreadPoolExecutor$Worker.run(ThreadPoolExecutor.java:628)
	at java.base/java.lang.Thread.run(Thread.java:834)

2021-04-03 17:06:15,647 TestNG-test=Mortgage_Calculator-1 ERROR Could not create plugin of type class org.apache.logging.log4j.core.appender.FileAppender for element File: java.lang.IllegalStateException: ManagerFactory [org.apache.logging.log4j.core.appender.FileManager$FileManagerFactory@6f4b3b3a] unable to create manager for [logs/${ctx:threadName}.log] with data [org.apache.logging.log4j.core.appender.FileManager$FactoryData@2ec03ad1] java.lang.IllegalStateException: ManagerFactory [org.apache.logging.log4j.core.appender.FileManager$FileManagerFactory@6f4b3b3a] unable to create manager for [logs/${ctx:threadName}.log] with data [org.apache.logging.log4j.core.appender.FileManager$FactoryData@2ec03ad1]
	at org.apache.logging.log4j.core.appender.AbstractManager.getManager(AbstractManager.java:115)
	at org.apache.logging.log4j.core.appender.OutputStreamManager.getManager(OutputStreamManager.java:100)
	at org.apache.logging.log4j.core.appender.FileManager.getFileManager(FileManager.java:182)
	at org.apache.logging.log4j.core.appender.FileAppender$Builder.build(FileAppender.java:96)
	at org.apache.logging.log4j.core.appender.FileAppender$Builder.build(FileAppender.java:52)
	at org.apache.logging.log4j.core.config.plugins.util.PluginBuilder.build(PluginBuilder.java:122)
	at org.apache.logging.log4j.core.config.AbstractConfiguration.createPluginObject(AbstractConfiguration.java:1002)
	at org.apache.logging.log4j.core.config.AbstractConfiguration.createConfiguration(AbstractConfiguration.java:942)
	at org.apache.logging.log4j.core.appender.routing.RoutingAppender.createAppender(RoutingAppender.java:299)
	at org.apache.logging.log4j.core.appender.routing.RoutingAppender.getControl(RoutingAppender.java:271)
	at org.apache.logging.log4j.core.appender.routing.RoutingAppender.append(RoutingAppender.java:229)
	at org.apache.logging.log4j.core.config.AppenderControl.tryCallAppender(AppenderControl.java:156)
	at org.apache.logging.log4j.core.config.AppenderControl.callAppender0(AppenderControl.java:129)
	at org.apache.logging.log4j.core.config.AppenderControl.callAppenderPreventRecursion(AppenderControl.java:120)
	at org.apache.logging.log4j.core.config.AppenderControl.callAppender(AppenderControl.java:84)
	at org.apache.logging.log4j.core.config.LoggerConfig.callAppenders(LoggerConfig.java:543)
	at org.apache.logging.log4j.core.config.LoggerConfig.processLogEvent(LoggerConfig.java:502)
	at org.apache.logging.log4j.core.config.LoggerConfig.log(LoggerConfig.java:485)
	at org.apache.logging.log4j.core.config.LoggerConfig.log(LoggerConfig.java:460)
	at org.apache.logging.log4j.core.config.AwaitCompletionReliabilityStrategy.log(AwaitCompletionReliabilityStrategy.java:82)
	at org.apache.logging.log4j.core.Logger.log(Logger.java:161)
	at org.apache.logging.log4j.spi.AbstractLogger.tryLogMessage(AbstractLogger.java:2198)
	at org.apache.logging.log4j.spi.AbstractLogger.logMessageTrackRecursion(AbstractLogger.java:2152)
	at org.apache.logging.log4j.spi.AbstractLogger.logMessageSafely(AbstractLogger.java:2135)
	at org.apache.logging.log4j.spi.AbstractLogger.logMessage(AbstractLogger.java:2011)
	at org.apache.logging.log4j.spi.AbstractLogger.logIfEnabled(AbstractLogger.java:1983)
	at org.apache.logging.log4j.spi.AbstractLogger.info(AbstractLogger.java:1320)
	at utilities.TestEnvironment.selectTestExecutionEnvironment(TestEnvironment.java:50)
	at automation_test.mortgage_calculator.CalculateApr.BrowserInitialization(CalculateApr.java:36)
	at java.base/jdk.internal.reflect.NativeMethodAccessorImpl.invoke0(Native Method)
	at java.base/jdk.internal.reflect.NativeMethodAccessorImpl.invoke(NativeMethodAccessorImpl.java:62)
	at java.base/jdk.internal.reflect.DelegatingMethodAccessorImpl.invoke(DelegatingMethodAccessorImpl.java:43)
	at java.base/java.lang.reflect.Method.invoke(Method.java:566)
	at org.testng.internal.MethodInvocationHelper.invokeMethod(MethodInvocationHelper.java:132)
	at org.testng.internal.MethodInvocationHelper.invokeMethodConsideringTimeout(MethodInvocationHelper.java:61)
	at org.testng.internal.ConfigInvoker.invokeConfigurationMethod(ConfigInvoker.java:366)
	at org.testng.internal.ConfigInvoker.invokeConfigurations(ConfigInvoker.java:320)
	at org.testng.internal.TestInvoker.runConfigMethods(TestInvoker.java:701)
	at org.testng.internal.TestInvoker.invokeMethod(TestInvoker.java:527)
	at org.testng.internal.TestInvoker.retryFailed(TestInvoker.java:214)
	at org.testng.internal.MethodRunner.runInSequence(MethodRunner.java:58)
	at org.testng.internal.TestInvoker$MethodInvocationAgent.invoke(TestInvoker.java:822)
	at org.testng.internal.TestInvoker.invokeTestMethods(TestInvoker.java:147)
	at org.testng.internal.TestMethodWorker.invokeTestMethods(TestMethodWorker.java:146)
	at org.testng.internal.TestMethodWorker.run(TestMethodWorker.java:128)
	at java.base/java.util.concurrent.ThreadPoolExecutor.runWorker(ThreadPoolExecutor.java:1128)
	at java.base/java.util.concurrent.ThreadPoolExecutor$Worker.run(ThreadPoolExecutor.java:628)
	at java.base/java.lang.Thread.run(Thread.java:834)

2021-04-03 17:06:15,647 TestNG-test=Mortgage_Calculator-1 ERROR Unable to invoke factory method in class org.apache.logging.log4j.core.appender.FileAppender for element File: java.lang.IllegalStateException: No factory method found for class org.apache.logging.log4j.core.appender.FileAppender java.lang.IllegalStateException: No factory method found for class org.apache.logging.log4j.core.appender.FileAppender
	at org.apache.logging.log4j.core.config.plugins.util.PluginBuilder.findFactoryMethod(PluginBuilder.java:234)
	at org.apache.logging.log4j.core.config.plugins.util.PluginBuilder.build(PluginBuilder.java:134)
	at org.apache.logging.log4j.core.config.AbstractConfiguration.createPluginObject(AbstractConfiguration.java:1002)
	at org.apache.logging.log4j.core.config.AbstractConfiguration.createConfiguration(AbstractConfiguration.java:942)
	at org.apache.logging.log4j.core.appender.routing.RoutingAppender.createAppender(RoutingAppender.java:299)
	at org.apache.logging.log4j.core.appender.routing.RoutingAppender.getControl(RoutingAppender.java:271)
	at org.apache.logging.log4j.core.appender.routing.RoutingAppender.append(RoutingAppender.java:229)
	at org.apache.logging.log4j.core.config.AppenderControl.tryCallAppender(AppenderControl.java:156)
	at org.apache.logging.log4j.core.config.AppenderControl.callAppender0(AppenderControl.java:129)
	at org.apache.logging.log4j.core.config.AppenderControl.callAppenderPreventRecursion(AppenderControl.java:120)
	at org.apache.logging.log4j.core.config.AppenderControl.callAppender(AppenderControl.java:84)
	at org.apache.logging.log4j.core.config.LoggerConfig.callAppenders(LoggerConfig.java:543)
	at org.apache.logging.log4j.core.config.LoggerConfig.processLogEvent(LoggerConfig.java:502)
	at org.apache.logging.log4j.core.config.LoggerConfig.log(LoggerConfig.java:485)
	at org.apache.logging.log4j.core.config.LoggerConfig.log(LoggerConfig.java:460)
	at org.apache.logging.log4j.core.config.AwaitCompletionReliabilityStrategy.log(AwaitCompletionReliabilityStrategy.java:82)
	at org.apache.logging.log4j.core.Logger.log(Logger.java:161)
	at org.apache.logging.log4j.spi.AbstractLogger.tryLogMessage(AbstractLogger.java:2198)
	at org.apache.logging.log4j.spi.AbstractLogger.logMessageTrackRecursion(AbstractLogger.java:2152)
	at org.apache.logging.log4j.spi.AbstractLogger.logMessageSafely(AbstractLogger.java:2135)
	at org.apache.logging.log4j.spi.AbstractLogger.logMessage(AbstractLogger.java:2011)
	at org.apache.logging.log4j.spi.AbstractLogger.logIfEnabled(AbstractLogger.java:1983)
	at org.apache.logging.log4j.spi.AbstractLogger.info(AbstractLogger.java:1320)
	at utilities.TestEnvironment.selectTestExecutionEnvironment(TestEnvironment.java:50)
	at automation_test.mortgage_calculator.CalculateApr.BrowserInitialization(CalculateApr.java:36)
	at java.base/jdk.internal.reflect.NativeMethodAccessorImpl.invoke0(Native Method)
	at java.base/jdk.internal.reflect.NativeMethodAccessorImpl.invoke(NativeMethodAccessorImpl.java:62)
	at java.base/jdk.internal.reflect.DelegatingMethodAccessorImpl.invoke(DelegatingMethodAccessorImpl.java:43)
	at java.base/java.lang.reflect.Method.invoke(Method.java:566)
	at org.testng.internal.MethodInvocationHelper.invokeMethod(MethodInvocationHelper.java:132)
	at org.testng.internal.MethodInvocationHelper.invokeMethodConsideringTimeout(MethodInvocationHelper.java:61)
	at org.testng.internal.ConfigInvoker.invokeConfigurationMethod(ConfigInvoker.java:366)
	at org.testng.internal.ConfigInvoker.invokeConfigurations(ConfigInvoker.java:320)
	at org.testng.internal.TestInvoker.runConfigMethods(TestInvoker.java:701)
	at org.testng.internal.TestInvoker.invokeMethod(TestInvoker.java:527)
	at org.testng.internal.TestInvoker.retryFailed(TestInvoker.java:214)
	at org.testng.internal.MethodRunner.runInSequence(MethodRunner.java:58)
	at org.testng.internal.TestInvoker$MethodInvocationAgent.invoke(TestInvoker.java:822)
	at org.testng.internal.TestInvoker.invokeTestMethods(TestInvoker.java:147)
	at org.testng.internal.TestMethodWorker.invokeTestMethods(TestMethodWorker.java:146)
	at org.testng.internal.TestMethodWorker.run(TestMethodWorker.java:128)
	at java.base/java.util.concurrent.ThreadPoolExecutor.runWorker(ThreadPoolExecutor.java:1128)
	at java.base/java.util.concurrent.ThreadPoolExecutor$Worker.run(ThreadPoolExecutor.java:628)
	at java.base/java.lang.Thread.run(Thread.java:834)

17:06:19.100 [TestNG-test=Mortgage_Calculator-1] INFO  Testing.TestNgMavenTest - Launch browser :https://www.mortgagecalculator.org/
2021-04-03 17:06:19,106 TestNG-test=Mortgage_Calculator-1 ERROR FileManager (logs/${ctx:threadName}.log) java.io.IOException: The filename, directory name, or volume label syntax is incorrect java.io.IOException: The filename, directory name, or volume label syntax is incorrect
	at java.base/java.io.WinNTFileSystem.canonicalize0(Native Method)
	at java.base/java.io.WinNTFileSystem.canonicalize(WinNTFileSystem.java:438)
	at java.base/java.io.File.getCanonicalPath(File.java:620)
	at java.base/java.io.File.getCanonicalFile(File.java:645)
	at org.apache.logging.log4j.core.util.FileUtils.makeParentDirs(FileUtils.java:133)
	at org.apache.logging.log4j.core.appender.FileManager$FileManagerFactory.createManager(FileManager.java:434)
	at org.apache.logging.log4j.core.appender.FileManager$FileManagerFactory.createManager(FileManager.java:422)
	at org.apache.logging.log4j.core.appender.AbstractManager.getManager(AbstractManager.java:113)
	at org.apache.logging.log4j.core.appender.OutputStreamManager.getManager(OutputStreamManager.java:100)
	at org.apache.logging.log4j.core.appender.FileManager.getFileManager(FileManager.java:182)
	at org.apache.logging.log4j.core.appender.FileAppender$Builder.build(FileAppender.java:96)
	at org.apache.logging.log4j.core.appender.FileAppender$Builder.build(FileAppender.java:52)
	at org.apache.logging.log4j.core.config.plugins.util.PluginBuilder.build(PluginBuilder.java:122)
	at org.apache.logging.log4j.core.config.AbstractConfiguration.createPluginObject(AbstractConfiguration.java:1002)
	at org.apache.logging.log4j.core.config.AbstractConfiguration.createConfiguration(AbstractConfiguration.java:942)
	at org.apache.logging.log4j.core.appender.routing.RoutingAppender.createAppender(RoutingAppender.java:299)
	at org.apache.logging.log4j.core.appender.routing.RoutingAppender.getControl(RoutingAppender.java:271)
	at org.apache.logging.log4j.core.appender.routing.RoutingAppender.append(RoutingAppender.java:229)
	at org.apache.logging.log4j.core.config.AppenderControl.tryCallAppender(AppenderControl.java:156)
	at org.apache.logging.log4j.core.config.AppenderControl.callAppender0(AppenderControl.java:129)
	at org.apache.logging.log4j.core.config.AppenderControl.callAppenderPreventRecursion(AppenderControl.java:120)
	at org.apache.logging.log4j.core.config.AppenderControl.callAppender(AppenderControl.java:84)
	at org.apache.logging.log4j.core.config.LoggerConfig.callAppenders(LoggerConfig.java:543)
	at org.apache.logging.log4j.core.config.LoggerConfig.processLogEvent(LoggerConfig.java:502)
	at org.apache.logging.log4j.core.config.LoggerConfig.log(LoggerConfig.java:485)
	at org.apache.logging.log4j.core.config.LoggerConfig.log(LoggerConfig.java:460)
	at org.apache.logging.log4j.core.config.AwaitCompletionReliabilityStrategy.log(AwaitCompletionReliabilityStrategy.java:82)
	at org.apache.logging.log4j.core.Logger.log(Logger.java:161)
	at org.apache.logging.log4j.spi.AbstractLogger.tryLogMessage(AbstractLogger.java:2198)
	at org.apache.logging.log4j.spi.AbstractLogger.logMessageTrackRecursion(AbstractLogger.java:2152)
	at org.apache.logging.log4j.spi.AbstractLogger.logMessageSafely(AbstractLogger.java:2135)
	at org.apache.logging.log4j.spi.AbstractLogger.logMessage(AbstractLogger.java:2011)
	at org.apache.logging.log4j.spi.AbstractLogger.logIfEnabled(AbstractLogger.java:1983)
	at org.apache.logging.log4j.spi.AbstractLogger.info(AbstractLogger.java:1320)
	at command_provider.BrowserActions.OPenBrowser(BrowserActions.java:21)
	at automation_test.mortgage_calculator.CalculateApr.BrowserInitialization(CalculateApr.java:38)
	at java.base/jdk.internal.reflect.NativeMethodAccessorImpl.invoke0(Native Method)
	at java.base/jdk.internal.reflect.NativeMethodAccessorImpl.invoke(NativeMethodAccessorImpl.java:62)
	at java.base/jdk.internal.reflect.DelegatingMethodAccessorImpl.invoke(DelegatingMethodAccessorImpl.java:43)
	at java.base/java.lang.reflect.Method.invoke(Method.java:566)
	at org.testng.internal.MethodInvocationHelper.invokeMethod(MethodInvocationHelper.java:132)
	at org.testng.internal.MethodInvocationHelper.invokeMethodConsideringTimeout(MethodInvocationHelper.java:61)
	at org.testng.internal.ConfigInvoker.invokeConfigurationMethod(ConfigInvoker.java:366)
	at org.testng.internal.ConfigInvoker.invokeConfigurations(ConfigInvoker.java:320)
	at org.testng.internal.TestInvoker.runConfigMethods(TestInvoker.java:701)
	at org.testng.internal.TestInvoker.invokeMethod(TestInvoker.java:527)
	at org.testng.internal.TestInvoker.retryFailed(TestInvoker.java:214)
	at org.testng.internal.MethodRunner.runInSequence(MethodRunner.java:58)
	at org.testng.internal.TestInvoker$MethodInvocationAgent.invoke(TestInvoker.java:822)
	at org.testng.internal.TestInvoker.invokeTestMethods(TestInvoker.java:147)
	at org.testng.internal.TestMethodWorker.invokeTestMethods(TestMethodWorker.java:146)
	at org.testng.internal.TestMethodWorker.run(TestMethodWorker.java:128)
	at java.base/java.util.concurrent.ThreadPoolExecutor.runWorker(ThreadPoolExecutor.java:1128)
	at java.base/java.util.concurrent.ThreadPoolExecutor$Worker.run(ThreadPoolExecutor.java:628)
	at java.base/java.lang.Thread.run(Thread.java:834)

2021-04-03 17:06:19,106 TestNG-test=Mortgage_Calculator-1 ERROR Could not create plugin of type class org.apache.logging.log4j.core.appender.FileAppender for element File: java.lang.IllegalStateException: ManagerFactory [org.apache.logging.log4j.core.appender.FileManager$FileManagerFactory@6f4b3b3a] unable to create manager for [logs/${ctx:threadName}.log] with data [org.apache.logging.log4j.core.appender.FileManager$FactoryData@5a537be] java.lang.IllegalStateException: ManagerFactory [org.apache.logging.log4j.core.appender.FileManager$FileManagerFactory@6f4b3b3a] unable to create manager for [logs/${ctx:threadName}.log] with data [org.apache.logging.log4j.core.appender.FileManager$FactoryData@5a537be]
	at org.apache.logging.log4j.core.appender.AbstractManager.getManager(AbstractManager.java:115)
	at org.apache.logging.log4j.core.appender.OutputStreamManager.getManager(OutputStreamManager.java:100)
	at org.apache.logging.log4j.core.appender.FileManager.getFileManager(FileManager.java:182)
	at org.apache.logging.log4j.core.appender.FileAppender$Builder.build(FileAppender.java:96)
	at org.apache.logging.log4j.core.appender.FileAppender$Builder.build(FileAppender.java:52)
	at org.apache.logging.log4j.core.config.plugins.util.PluginBuilder.build(PluginBuilder.java:122)
	at org.apache.logging.log4j.core.config.AbstractConfiguration.createPluginObject(AbstractConfiguration.java:1002)
	at org.apache.logging.log4j.core.config.AbstractConfiguration.createConfiguration(AbstractConfiguration.java:942)
	at org.apache.logging.log4j.core.appender.routing.RoutingAppender.createAppender(RoutingAppender.java:299)
	at org.apache.logging.log4j.core.appender.routing.RoutingAppender.getControl(RoutingAppender.java:271)
	at org.apache.logging.log4j.core.appender.routing.RoutingAppender.append(RoutingAppender.java:229)
	at org.apache.logging.log4j.core.config.AppenderControl.tryCallAppender(AppenderControl.java:156)
	at org.apache.logging.log4j.core.config.AppenderControl.callAppender0(AppenderControl.java:129)
	at org.apache.logging.log4j.core.config.AppenderControl.callAppenderPreventRecursion(AppenderControl.java:120)
	at org.apache.logging.log4j.core.config.AppenderControl.callAppender(AppenderControl.java:84)
	at org.apache.logging.log4j.core.config.LoggerConfig.callAppenders(LoggerConfig.java:543)
	at org.apache.logging.log4j.core.config.LoggerConfig.processLogEvent(LoggerConfig.java:502)
	at org.apache.logging.log4j.core.config.LoggerConfig.log(LoggerConfig.java:485)
	at org.apache.logging.log4j.core.config.LoggerConfig.log(LoggerConfig.java:460)
	at org.apache.logging.log4j.core.config.AwaitCompletionReliabilityStrategy.log(AwaitCompletionReliabilityStrategy.java:82)
	at org.apache.logging.log4j.core.Logger.log(Logger.java:161)
	at org.apache.logging.log4j.spi.AbstractLogger.tryLogMessage(AbstractLogger.java:2198)
	at org.apache.logging.log4j.spi.AbstractLogger.logMessageTrackRecursion(AbstractLogger.java:2152)
	at org.apache.logging.log4j.spi.AbstractLogger.logMessageSafely(AbstractLogger.java:2135)
	at org.apache.logging.log4j.spi.AbstractLogger.logMessage(AbstractLogger.java:2011)
	at org.apache.logging.log4j.spi.AbstractLogger.logIfEnabled(AbstractLogger.java:1983)
	at org.apache.logging.log4j.spi.AbstractLogger.info(AbstractLogger.java:1320)
	at command_provider.BrowserActions.OPenBrowser(BrowserActions.java:21)
	at automation_test.mortgage_calculator.CalculateApr.BrowserInitialization(CalculateApr.java:38)
	at java.base/jdk.internal.reflect.NativeMethodAccessorImpl.invoke0(Native Method)
	at java.base/jdk.internal.reflect.NativeMethodAccessorImpl.invoke(NativeMethodAccessorImpl.java:62)
	at java.base/jdk.internal.reflect.DelegatingMethodAccessorImpl.invoke(DelegatingMethodAccessorImpl.java:43)
	at java.base/java.lang.reflect.Method.invoke(Method.java:566)
	at org.testng.internal.MethodInvocationHelper.invokeMethod(MethodInvocationHelper.java:132)
	at org.testng.internal.MethodInvocationHelper.invokeMethodConsideringTimeout(MethodInvocationHelper.java:61)
	at org.testng.internal.ConfigInvoker.invokeConfigurationMethod(ConfigInvoker.java:366)
	at org.testng.internal.ConfigInvoker.invokeConfigurations(ConfigInvoker.java:320)
	at org.testng.internal.TestInvoker.runConfigMethods(TestInvoker.java:701)
	at org.testng.internal.TestInvoker.invokeMethod(TestInvoker.java:527)
	at org.testng.internal.TestInvoker.retryFailed(TestInvoker.java:214)
	at org.testng.internal.MethodRunner.runInSequence(MethodRunner.java:58)
	at org.testng.internal.TestInvoker$MethodInvocationAgent.invoke(TestInvoker.java:822)
	at org.testng.internal.TestInvoker.invokeTestMethods(TestInvoker.java:147)
	at org.testng.internal.TestMethodWorker.invokeTestMethods(TestMethodWorker.java:146)
	at org.testng.internal.TestMethodWorker.run(TestMethodWorker.java:128)
	at java.base/java.util.concurrent.ThreadPoolExecutor.runWorker(ThreadPoolExecutor.java:1128)
	at java.base/java.util.concurrent.ThreadPoolExecutor$Worker.run(ThreadPoolExecutor.java:628)
	at java.base/java.lang.Thread.run(Thread.java:834)

2021-04-03 17:06:19,106 TestNG-test=Mortgage_Calculator-1 ERROR Unable to invoke factory method in class org.apache.logging.log4j.core.appender.FileAppender for element File: java.lang.IllegalStateException: No factory method found for class org.apache.logging.log4j.core.appender.FileAppender java.lang.IllegalStateException: No factory method found for class org.apache.logging.log4j.core.appender.FileAppender
	at org.apache.logging.log4j.core.config.plugins.util.PluginBuilder.findFactoryMethod(PluginBuilder.java:234)
	at org.apache.logging.log4j.core.config.plugins.util.PluginBuilder.build(PluginBuilder.java:134)
	at org.apache.logging.log4j.core.config.AbstractConfiguration.createPluginObject(AbstractConfiguration.java:1002)
	at org.apache.logging.log4j.core.config.AbstractConfiguration.createConfiguration(AbstractConfiguration.java:942)
	at org.apache.logging.log4j.core.appender.routing.RoutingAppender.createAppender(RoutingAppender.java:299)
	at org.apache.logging.log4j.core.appender.routing.RoutingAppender.getControl(RoutingAppender.java:271)
	at org.apache.logging.log4j.core.appender.routing.RoutingAppender.append(RoutingAppender.java:229)
	at org.apache.logging.log4j.core.config.AppenderControl.tryCallAppender(AppenderControl.java:156)
	at org.apache.logging.log4j.core.config.AppenderControl.callAppender0(AppenderControl.java:129)
	at org.apache.logging.log4j.core.config.AppenderControl.callAppenderPreventRecursion(AppenderControl.java:120)
	at org.apache.logging.log4j.core.config.AppenderControl.callAppender(AppenderControl.java:84)
	at org.apache.logging.log4j.core.config.LoggerConfig.callAppenders(LoggerConfig.java:543)
	at org.apache.logging.log4j.core.config.LoggerConfig.processLogEvent(LoggerConfig.java:502)
	at org.apache.logging.log4j.core.config.LoggerConfig.log(LoggerConfig.java:485)
	at org.apache.logging.log4j.core.config.LoggerConfig.log(LoggerConfig.java:460)
	at org.apache.logging.log4j.core.config.AwaitCompletionReliabilityStrategy.log(AwaitCompletionReliabilityStrategy.java:82)
	at org.apache.logging.log4j.core.Logger.log(Logger.java:161)
	at org.apache.logging.log4j.spi.AbstractLogger.tryLogMessage(AbstractLogger.java:2198)
	at org.apache.logging.log4j.spi.AbstractLogger.logMessageTrackRecursion(AbstractLogger.java:2152)
	at org.apache.logging.log4j.spi.AbstractLogger.logMessageSafely(AbstractLogger.java:2135)
	at org.apache.logging.log4j.spi.AbstractLogger.logMessage(AbstractLogger.java:2011)
	at org.apache.logging.log4j.spi.AbstractLogger.logIfEnabled(AbstractLogger.java:1983)
	at org.apache.logging.log4j.spi.AbstractLogger.info(AbstractLogger.java:1320)
	at command_provider.BrowserActions.OPenBrowser(BrowserActions.java:21)
	at automation_test.mortgage_calculator.CalculateApr.BrowserInitialization(CalculateApr.java:38)
	at java.base/jdk.internal.reflect.NativeMethodAccessorImpl.invoke0(Native Method)
	at java.base/jdk.internal.reflect.NativeMethodAccessorImpl.invoke(NativeMethodAccessorImpl.java:62)
	at java.base/jdk.internal.reflect.DelegatingMethodAccessorImpl.invoke(DelegatingMethodAccessorImpl.java:43)
	at java.base/java.lang.reflect.Method.invoke(Method.java:566)
	at org.testng.internal.MethodInvocationHelper.invokeMethod(MethodInvocationHelper.java:132)
	at org.testng.internal.MethodInvocationHelper.invokeMethodConsideringTimeout(MethodInvocationHelper.java:61)
	at org.testng.internal.ConfigInvoker.invokeConfigurationMethod(ConfigInvoker.java:366)
	at org.testng.internal.ConfigInvoker.invokeConfigurations(ConfigInvoker.java:320)
	at org.testng.internal.TestInvoker.runConfigMethods(TestInvoker.java:701)
	at org.testng.internal.TestInvoker.invokeMethod(TestInvoker.java:527)
	at org.testng.internal.TestInvoker.retryFailed(TestInvoker.java:214)
	at org.testng.internal.MethodRunner.runInSequence(MethodRunner.java:58)
	at org.testng.internal.TestInvoker$MethodInvocationAgent.invoke(TestInvoker.java:822)
	at org.testng.internal.TestInvoker.invokeTestMethods(TestInvoker.java:147)
	at org.testng.internal.TestMethodWorker.invokeTestMethods(TestMethodWorker.java:146)
	at org.testng.internal.TestMethodWorker.run(TestMethodWorker.java:128)
	at java.base/java.util.concurrent.ThreadPoolExecutor.runWorker(ThreadPoolExecutor.java:1128)
	at java.base/java.util.concurrent.ThreadPoolExecutor$Worker.run(ThreadPoolExecutor.java:628)
	at java.base/java.lang.Thread.run(Thread.java:834)

2021-04-03 17:06:27,642 TestNG-test=Mortgage_Calculator-1 ERROR FileManager (logs/${ctx:threadName}.log) java.io.IOException: The filename, directory name, or volume label syntax is incorrect java.io.IOException: The filename, directory name, or volume label syntax is incorrect
	at java.base/java.io.WinNTFileSystem.canonicalize0(Native Method)
	at java.base/java.io.WinNTFileSystem.canonicalize(WinNTFileSystem.java:438)
	at java.base/java.io.File.getCanonicalPath(File.java:620)
	at java.base/java.io.File.getCanonicalFile(File.java:645)
	at org.apache.logging.log4j.core.util.FileUtils.makeParentDirs(FileUtils.java:133)
	at org.apache.logging.log4j.core.appender.FileManager$FileManagerFactory.createManager(FileManager.java:434)
	at org.apache.logging.log4j.core.appender.FileManager$FileManagerFactory.createManager(FileManager.java:422)
	at org.apache.logging.log4j.core.appender.AbstractManager.getManager(AbstractManager.java:113)
	at org.apache.logging.log4j.core.appender.OutputStreamManager.getManager(OutputStreamManager.java:100)
	at org.apache.logging.log4j.core.appender.FileManager.getFileManager(FileManager.java:182)
	at org.apache.logging.log4j.core.appender.FileAppender$Builder.build(FileAppender.java:96)
	at org.apache.logging.log4j.core.appender.FileAppender$Builder.build(FileAppender.java:52)
	at org.apache.logging.log4j.core.config.plugins.util.PluginBuilder.build(PluginBuilder.java:122)
	at org.apache.logging.log4j.core.config.AbstractConfiguration.createPluginObject(AbstractConfiguration.java:1002)
	at org.apache.logging.log4j.core.config.AbstractConfiguration.createConfiguration(AbstractConfiguration.java:942)
	at org.apache.logging.log4j.core.appender.routing.RoutingAppender.createAppender(RoutingAppender.java:299)
	at org.apache.logging.log4j.core.appender.routing.RoutingAppender.getControl(RoutingAppender.java:271)
	at org.apache.logging.log4j.core.appender.routing.RoutingAppender.append(RoutingAppender.java:229)
	at org.apache.logging.log4j.core.config.AppenderControl.tryCallAppender(AppenderControl.java:156)
	at org.apache.logging.log4j.core.config.AppenderControl.callAppender0(AppenderControl.java:129)
	at org.apache.logging.log4j.core.config.AppenderControl.callAppenderPreventRecursion(AppenderControl.java:120)
	at org.apache.logging.log4j.core.config.AppenderControl.callAppender(AppenderControl.java:84)
	at org.apache.logging.log4j.core.config.LoggerConfig.callAppenders(LoggerConfig.java:543)
	at org.apache.logging.log4j.core.config.LoggerConfig.processLogEvent(LoggerConfig.java:502)
	at org.apache.logging.log4j.core.config.LoggerConfig.log(LoggerConfig.java:485)
	at org.apache.logging.log4j.core.config.LoggerConfig.log(LoggerConfig.java:460)
	at org.apache.logging.log4j.core.config.AwaitCompletionReliabilityStrategy.log(AwaitCompletionReliabilityStrategy.java:82)
	at org.apache.logging.log4j.core.Logger.log(Logger.java:161)
	at org.apache.logging.log4j.spi.AbstractLogger.tryLogMessage(AbstractLogger.java:2198)
	at org.apache.logging.log4j.spi.AbstractLogger.logMessageTrackRecursion(AbstractLogger.java:2152)
	at org.apache.logging.log4j.spi.AbstractLogger.logMessageSafely(AbstractLogger.java:2135)
	at org.apache.logging.log4j.spi.AbstractLogger.logMessage(AbstractLogger.java:2011)
	at org.apache.logging.log4j.spi.AbstractLogger.logIfEnabled(AbstractLogger.java:1983)
	at org.apache.logging.log4j.spi.AbstractLogger.debug(AbstractLogger.java:327)
	at page_objects.NavigationBar.mouseHoverToRates(NavigationBar.java:34)
	at automation_test.mortgage_calculator.CalculateApr.calculateRealApr(CalculateApr.java:46)
	at java.base/jdk.internal.reflect.NativeMethodAccessorImpl.invoke0(Native Method)
	at java.base/jdk.internal.reflect.NativeMethodAccessorImpl.invoke(NativeMethodAccessorImpl.java:62)
	at java.base/jdk.internal.reflect.DelegatingMethodAccessorImpl.invoke(DelegatingMethodAccessorImpl.java:43)
	at java.base/java.lang.reflect.Method.invoke(Method.java:566)
	at org.testng.internal.MethodInvocationHelper.invokeMethod(MethodInvocationHelper.java:132)
	at org.testng.internal.TestInvoker.invokeMethod(TestInvoker.java:599)
	at org.testng.internal.TestInvoker.retryFailed(TestInvoker.java:214)
	at org.testng.internal.MethodRunner.runInSequence(MethodRunner.java:58)
	at org.testng.internal.TestInvoker$MethodInvocationAgent.invoke(TestInvoker.java:822)
	at org.testng.internal.TestInvoker.invokeTestMethods(TestInvoker.java:147)
	at org.testng.internal.TestMethodWorker.invokeTestMethods(TestMethodWorker.java:146)
	at org.testng.internal.TestMethodWorker.run(TestMethodWorker.java:128)
	at java.base/java.util.concurrent.ThreadPoolExecutor.runWorker(ThreadPoolExecutor.java:1128)
	at java.base/java.util.concurrent.ThreadPoolExecutor$Worker.run(ThreadPoolExecutor.java:628)
	at java.base/java.lang.Thread.run(Thread.java:834)

2021-04-03 17:06:27,643 TestNG-test=Mortgage_Calculator-1 ERROR Could not create plugin of type class org.apache.logging.log4j.core.appender.FileAppender for element File: java.lang.IllegalStateException: ManagerFactory [org.apache.logging.log4j.core.appender.FileManager$FileManagerFactory@6f4b3b3a] unable to create manager for [logs/${ctx:threadName}.log] with data [org.apache.logging.log4j.core.appender.FileManager$FactoryData@44a725da] java.lang.IllegalStateException: ManagerFactory [org.apache.logging.log4j.core.appender.FileManager$FileManagerFactory@6f4b3b3a] unable to create manager for [logs/${ctx:threadName}.log] with data [org.apache.logging.log4j.core.appender.FileManager$FactoryData@44a725da]
	at org.apache.logging.log4j.core.appender.AbstractManager.getManager(AbstractManager.java:115)
	at org.apache.logging.log4j.core.appender.OutputStreamManager.getManager(OutputStreamManager.java:100)
	at org.apache.logging.log4j.core.appender.FileManager.getFileManager(FileManager.java:182)
	at org.apache.logging.log4j.core.appender.FileAppender$Builder.build(FileAppender.java:96)
	at org.apache.logging.log4j.core.appender.FileAppender$Builder.build(FileAppender.java:52)
	at org.apache.logging.log4j.core.config.plugins.util.PluginBuilder.build(PluginBuilder.java:122)
	at org.apache.logging.log4j.core.config.AbstractConfiguration.createPluginObject(AbstractConfiguration.java:1002)
	at org.apache.logging.log4j.core.config.AbstractConfiguration.createConfiguration(AbstractConfiguration.java:942)
	at org.apache.logging.log4j.core.appender.routing.RoutingAppender.createAppender(RoutingAppender.java:299)
	at org.apache.logging.log4j.core.appender.routing.RoutingAppender.getControl(RoutingAppender.java:271)
	at org.apache.logging.log4j.core.appender.routing.RoutingAppender.append(RoutingAppender.java:229)
	at org.apache.logging.log4j.core.config.AppenderControl.tryCallAppender(AppenderControl.java:156)
	at org.apache.logging.log4j.core.config.AppenderControl.callAppender0(AppenderControl.java:129)
	at org.apache.logging.log4j.core.config.AppenderControl.callAppenderPreventRecursion(AppenderControl.java:120)
	at org.apache.logging.log4j.core.config.AppenderControl.callAppender(AppenderControl.java:84)
	at org.apache.logging.log4j.core.config.LoggerConfig.callAppenders(LoggerConfig.java:543)
	at org.apache.logging.log4j.core.config.LoggerConfig.processLogEvent(LoggerConfig.java:502)
	at org.apache.logging.log4j.core.config.LoggerConfig.log(LoggerConfig.java:485)
	at org.apache.logging.log4j.core.config.LoggerConfig.log(LoggerConfig.java:460)
	at org.apache.logging.log4j.core.config.AwaitCompletionReliabilityStrategy.log(AwaitCompletionReliabilityStrategy.java:82)
	at org.apache.logging.log4j.core.Logger.log(Logger.java:161)
	at org.apache.logging.log4j.spi.AbstractLogger.tryLogMessage(AbstractLogger.java:2198)
	at org.apache.logging.log4j.spi.AbstractLogger.logMessageTrackRecursion(AbstractLogger.java:2152)
	at org.apache.logging.log4j.spi.AbstractLogger.logMessageSafely(AbstractLogger.java:2135)
	at org.apache.logging.log4j.spi.AbstractLogger.logMessage(AbstractLogger.java:2011)
	at org.apache.logging.log4j.spi.AbstractLogger.logIfEnabled(AbstractLogger.java:1983)
	at org.apache.logging.log4j.spi.AbstractLogger.debug(AbstractLogger.java:327)
	at page_objects.NavigationBar.mouseHoverToRates(NavigationBar.java:34)
	at automation_test.mortgage_calculator.CalculateApr.calculateRealApr(CalculateApr.java:46)
	at java.base/jdk.internal.reflect.NativeMethodAccessorImpl.invoke0(Native Method)
	at java.base/jdk.internal.reflect.NativeMethodAccessorImpl.invoke(NativeMethodAccessorImpl.java:62)
	at java.base/jdk.internal.reflect.DelegatingMethodAccessorImpl.invoke(DelegatingMethodAccessorImpl.java:43)
	at java.base/java.lang.reflect.Method.invoke(Method.java:566)
	at org.testng.internal.MethodInvocationHelper.invokeMethod(MethodInvocationHelper.java:132)
	at org.testng.internal.TestInvoker.invokeMethod(TestInvoker.java:599)
	at org.testng.internal.TestInvoker.retryFailed(TestInvoker.java:214)
	at org.testng.internal.MethodRunner.runInSequence(MethodRunner.java:58)
	at org.testng.internal.TestInvoker$MethodInvocationAgent.invoke(TestInvoker.java:822)
	at org.testng.internal.TestInvoker.invokeTestMethods(TestInvoker.java:147)
	at org.testng.internal.TestMethodWorker.invokeTestMethods(TestMethodWorker.java:146)
	at org.testng.internal.TestMethodWorker.run(TestMethodWorker.java:128)
	at java.base/java.util.concurrent.ThreadPoolExecutor.runWorker(ThreadPoolExecutor.java:1128)
	at java.base/java.util.concurrent.ThreadPoolExecutor$Worker.run(ThreadPoolExecutor.java:628)
	at java.base/java.lang.Thread.run(Thread.java:834)

2021-04-03 17:06:27,644 TestNG-test=Mortgage_Calculator-1 ERROR Unable to invoke factory method in class org.apache.logging.log4j.core.appender.FileAppender for element File: java.lang.IllegalStateException: No factory method found for class org.apache.logging.log4j.core.appender.FileAppender java.lang.IllegalStateException: No factory method found for class org.apache.logging.log4j.core.appender.FileAppender
	at org.apache.logging.log4j.core.config.plugins.util.PluginBuilder.findFactoryMethod(PluginBuilder.java:234)
	at org.apache.logging.log4j.core.config.plugins.util.PluginBuilder.build(PluginBuilder.java:134)
	at org.apache.logging.log4j.core.config.AbstractConfiguration.createPluginObject(AbstractConfiguration.java:1002)
	at org.apache.logging.log4j.core.config.AbstractConfiguration.createConfiguration(AbstractConfiguration.java:942)
	at org.apache.logging.log4j.core.appender.routing.RoutingAppender.createAppender(RoutingAppender.java:299)
	at org.apache.logging.log4j.core.appender.routing.RoutingAppender.getControl(RoutingAppender.java:271)
	at org.apache.logging.log4j.core.appender.routing.RoutingAppender.append(RoutingAppender.java:229)
	at org.apache.logging.log4j.core.config.AppenderControl.tryCallAppender(AppenderControl.java:156)
	at org.apache.logging.log4j.core.config.AppenderControl.callAppender0(AppenderControl.java:129)
	at org.apache.logging.log4j.core.config.AppenderControl.callAppenderPreventRecursion(AppenderControl.java:120)
	at org.apache.logging.log4j.core.config.AppenderControl.callAppender(AppenderControl.java:84)
	at org.apache.logging.log4j.core.config.LoggerConfig.callAppenders(LoggerConfig.java:543)
	at org.apache.logging.log4j.core.config.LoggerConfig.processLogEvent(LoggerConfig.java:502)
	at org.apache.logging.log4j.core.config.LoggerConfig.log(LoggerConfig.java:485)
	at org.apache.logging.log4j.core.config.LoggerConfig.log(LoggerConfig.java:460)
	at org.apache.logging.log4j.core.config.AwaitCompletionReliabilityStrategy.log(AwaitCompletionReliabilityStrategy.java:82)
	at org.apache.logging.log4j.core.Logger.log(Logger.java:161)
	at org.apache.logging.log4j.spi.AbstractLogger.tryLogMessage(AbstractLogger.java:2198)
	at org.apache.logging.log4j.spi.AbstractLogger.logMessageTrackRecursion(AbstractLogger.java:2152)
	at org.apache.logging.log4j.spi.AbstractLogger.logMessageSafely(AbstractLogger.java:2135)
	at org.apache.logging.log4j.spi.AbstractLogger.logMessage(AbstractLogger.java:2011)
	at org.apache.logging.log4j.spi.AbstractLogger.logIfEnabled(AbstractLogger.java:1983)
	at org.apache.logging.log4j.spi.AbstractLogger.debug(AbstractLogger.java:327)
	at page_objects.NavigationBar.mouseHoverToRates(NavigationBar.java:34)
	at automation_test.mortgage_calculator.CalculateApr.calculateRealApr(CalculateApr.java:46)
	at java.base/jdk.internal.reflect.NativeMethodAccessorImpl.invoke0(Native Method)
	at java.base/jdk.internal.reflect.NativeMethodAccessorImpl.invoke(NativeMethodAccessorImpl.java:62)
	at java.base/jdk.internal.reflect.DelegatingMethodAccessorImpl.invoke(DelegatingMethodAccessorImpl.java:43)
	at java.base/java.lang.reflect.Method.invoke(Method.java:566)
	at org.testng.internal.MethodInvocationHelper.invokeMethod(MethodInvocationHelper.java:132)
	at org.testng.internal.TestInvoker.invokeMethod(TestInvoker.java:599)
	at org.testng.internal.TestInvoker.retryFailed(TestInvoker.java:214)
	at org.testng.internal.MethodRunner.runInSequence(MethodRunner.java:58)
	at org.testng.internal.TestInvoker$MethodInvocationAgent.invoke(TestInvoker.java:822)
	at org.testng.internal.TestInvoker.invokeTestMethods(TestInvoker.java:147)
	at org.testng.internal.TestMethodWorker.invokeTestMethods(TestMethodWorker.java:146)
	at org.testng.internal.TestMethodWorker.run(TestMethodWorker.java:128)
	at java.base/java.util.concurrent.ThreadPoolExecutor.runWorker(ThreadPoolExecutor.java:1128)
	at java.base/java.util.concurrent.ThreadPoolExecutor$Worker.run(ThreadPoolExecutor.java:628)
	at java.base/java.lang.Thread.run(Thread.java:834)

2021-04-03 17:06:27,866 TestNG-test=Mortgage_Calculator-1 ERROR FileManager (logs/${ctx:threadName}.log) java.io.IOException: The filename, directory name, or volume label syntax is incorrect java.io.IOException: The filename, directory name, or volume label syntax is incorrect
	at java.base/java.io.WinNTFileSystem.canonicalize0(Native Method)
	at java.base/java.io.WinNTFileSystem.canonicalize(WinNTFileSystem.java:438)
	at java.base/java.io.File.getCanonicalPath(File.java:620)
	at java.base/java.io.File.getCanonicalFile(File.java:645)
	at org.apache.logging.log4j.core.util.FileUtils.makeParentDirs(FileUtils.java:133)
	at org.apache.logging.log4j.core.appender.FileManager$FileManagerFactory.createManager(FileManager.java:434)
	at org.apache.logging.log4j.core.appender.FileManager$FileManagerFactory.createManager(FileManager.java:422)
	at org.apache.logging.log4j.core.appender.AbstractManager.getManager(AbstractManager.java:113)
	at org.apache.logging.log4j.core.appender.OutputStreamManager.getManager(OutputStreamManager.java:100)
	at org.apache.logging.log4j.core.appender.FileManager.getFileManager(FileManager.java:182)
	at org.apache.logging.log4j.core.appender.FileAppender$Builder.build(FileAppender.java:96)
	at org.apache.logging.log4j.core.appender.FileAppender$Builder.build(FileAppender.java:52)
	at org.apache.logging.log4j.core.config.plugins.util.PluginBuilder.build(PluginBuilder.java:122)
	at org.apache.logging.log4j.core.config.AbstractConfiguration.createPluginObject(AbstractConfiguration.java:1002)
	at org.apache.logging.log4j.core.config.AbstractConfiguration.createConfiguration(AbstractConfiguration.java:942)
	at org.apache.logging.log4j.core.appender.routing.RoutingAppender.createAppender(RoutingAppender.java:299)
	at org.apache.logging.log4j.core.appender.routing.RoutingAppender.getControl(RoutingAppender.java:271)
	at org.apache.logging.log4j.core.appender.routing.RoutingAppender.append(RoutingAppender.java:229)
	at org.apache.logging.log4j.core.config.AppenderControl.tryCallAppender(AppenderControl.java:156)
	at org.apache.logging.log4j.core.config.AppenderControl.callAppender0(AppenderControl.java:129)
	at org.apache.logging.log4j.core.config.AppenderControl.callAppenderPreventRecursion(AppenderControl.java:120)
	at org.apache.logging.log4j.core.config.AppenderControl.callAppender(AppenderControl.java:84)
	at org.apache.logging.log4j.core.config.LoggerConfig.callAppenders(LoggerConfig.java:543)
	at org.apache.logging.log4j.core.config.LoggerConfig.processLogEvent(LoggerConfig.java:502)
	at org.apache.logging.log4j.core.config.LoggerConfig.log(LoggerConfig.java:485)
	at org.apache.logging.log4j.core.config.LoggerConfig.log(LoggerConfig.java:460)
	at org.apache.logging.log4j.core.config.AwaitCompletionReliabilityStrategy.log(AwaitCompletionReliabilityStrategy.java:82)
	at org.apache.logging.log4j.core.Logger.log(Logger.java:161)
	at org.apache.logging.log4j.spi.AbstractLogger.tryLogMessage(AbstractLogger.java:2198)
	at org.apache.logging.log4j.spi.AbstractLogger.logMessageTrackRecursion(AbstractLogger.java:2152)
	at org.apache.logging.log4j.spi.AbstractLogger.logMessageSafely(AbstractLogger.java:2135)
	at org.apache.logging.log4j.spi.AbstractLogger.logMessage(AbstractLogger.java:2011)
	at org.apache.logging.log4j.spi.AbstractLogger.logIfEnabled(AbstractLogger.java:1983)
	at org.apache.logging.log4j.spi.AbstractLogger.debug(AbstractLogger.java:327)
	at page_objects.NavigationBar.navigateToRealApr(NavigationBar.java:40)
	at automation_test.mortgage_calculator.CalculateApr.calculateRealApr(CalculateApr.java:47)
	at java.base/jdk.internal.reflect.NativeMethodAccessorImpl.invoke0(Native Method)
	at java.base/jdk.internal.reflect.NativeMethodAccessorImpl.invoke(NativeMethodAccessorImpl.java:62)
	at java.base/jdk.internal.reflect.DelegatingMethodAccessorImpl.invoke(DelegatingMethodAccessorImpl.java:43)
	at java.base/java.lang.reflect.Method.invoke(Method.java:566)
	at org.testng.internal.MethodInvocationHelper.invokeMethod(MethodInvocationHelper.java:132)
	at org.testng.internal.TestInvoker.invokeMethod(TestInvoker.java:599)
	at org.testng.internal.TestInvoker.retryFailed(TestInvoker.java:214)
	at org.testng.internal.MethodRunner.runInSequence(MethodRunner.java:58)
	at org.testng.internal.TestInvoker$MethodInvocationAgent.invoke(TestInvoker.java:822)
	at org.testng.internal.TestInvoker.invokeTestMethods(TestInvoker.java:147)
	at org.testng.internal.TestMethodWorker.invokeTestMethods(TestMethodWorker.java:146)
	at org.testng.internal.TestMethodWorker.run(TestMethodWorker.java:128)
	at java.base/java.util.concurrent.ThreadPoolExecutor.runWorker(ThreadPoolExecutor.java:1128)
	at java.base/java.util.concurrent.ThreadPoolExecutor$Worker.run(ThreadPoolExecutor.java:628)
	at java.base/java.lang.Thread.run(Thread.java:834)

2021-04-03 17:06:27,866 TestNG-test=Mortgage_Calculator-1 ERROR Could not create plugin of type class org.apache.logging.log4j.core.appender.FileAppender for element File: java.lang.IllegalStateException: ManagerFactory [org.apache.logging.log4j.core.appender.FileManager$FileManagerFactory@6f4b3b3a] unable to create manager for [logs/${ctx:threadName}.log] with data [org.apache.logging.log4j.core.appender.FileManager$FactoryData@ba600c7] java.lang.IllegalStateException: ManagerFactory [org.apache.logging.log4j.core.appender.FileManager$FileManagerFactory@6f4b3b3a] unable to create manager for [logs/${ctx:threadName}.log] with data [org.apache.logging.log4j.core.appender.FileManager$FactoryData@ba600c7]
	at org.apache.logging.log4j.core.appender.AbstractManager.getManager(AbstractManager.java:115)
	at org.apache.logging.log4j.core.appender.OutputStreamManager.getManager(OutputStreamManager.java:100)
	at org.apache.logging.log4j.core.appender.FileManager.getFileManager(FileManager.java:182)
	at org.apache.logging.log4j.core.appender.FileAppender$Builder.build(FileAppender.java:96)
	at org.apache.logging.log4j.core.appender.FileAppender$Builder.build(FileAppender.java:52)
	at org.apache.logging.log4j.core.config.plugins.util.PluginBuilder.build(PluginBuilder.java:122)
	at org.apache.logging.log4j.core.config.AbstractConfiguration.createPluginObject(AbstractConfiguration.java:1002)
	at org.apache.logging.log4j.core.config.AbstractConfiguration.createConfiguration(AbstractConfiguration.java:942)
	at org.apache.logging.log4j.core.appender.routing.RoutingAppender.createAppender(RoutingAppender.java:299)
	at org.apache.logging.log4j.core.appender.routing.RoutingAppender.getControl(RoutingAppender.java:271)
	at org.apache.logging.log4j.core.appender.routing.RoutingAppender.append(RoutingAppender.java:229)
	at org.apache.logging.log4j.core.config.AppenderControl.tryCallAppender(AppenderControl.java:156)
	at org.apache.logging.log4j.core.config.AppenderControl.callAppender0(AppenderControl.java:129)
	at org.apache.logging.log4j.core.config.AppenderControl.callAppenderPreventRecursion(AppenderControl.java:120)
	at org.apache.logging.log4j.core.config.AppenderControl.callAppender(AppenderControl.java:84)
	at org.apache.logging.log4j.core.config.LoggerConfig.callAppenders(LoggerConfig.java:543)
	at org.apache.logging.log4j.core.config.LoggerConfig.processLogEvent(LoggerConfig.java:502)
	at org.apache.logging.log4j.core.config.LoggerConfig.log(LoggerConfig.java:485)
	at org.apache.logging.log4j.core.config.LoggerConfig.log(LoggerConfig.java:460)
	at org.apache.logging.log4j.core.config.AwaitCompletionReliabilityStrategy.log(AwaitCompletionReliabilityStrategy.java:82)
	at org.apache.logging.log4j.core.Logger.log(Logger.java:161)
	at org.apache.logging.log4j.spi.AbstractLogger.tryLogMessage(AbstractLogger.java:2198)
	at org.apache.logging.log4j.spi.AbstractLogger.logMessageTrackRecursion(AbstractLogger.java:2152)
	at org.apache.logging.log4j.spi.AbstractLogger.logMessageSafely(AbstractLogger.java:2135)
	at org.apache.logging.log4j.spi.AbstractLogger.logMessage(AbstractLogger.java:2011)
	at org.apache.logging.log4j.spi.AbstractLogger.logIfEnabled(AbstractLogger.java:1983)
	at org.apache.logging.log4j.spi.AbstractLogger.debug(AbstractLogger.java:327)
	at page_objects.NavigationBar.navigateToRealApr(NavigationBar.java:40)
	at automation_test.mortgage_calculator.CalculateApr.calculateRealApr(CalculateApr.java:47)
	at java.base/jdk.internal.reflect.NativeMethodAccessorImpl.invoke0(Native Method)
	at java.base/jdk.internal.reflect.NativeMethodAccessorImpl.invoke(NativeMethodAccessorImpl.java:62)
	at java.base/jdk.internal.reflect.DelegatingMethodAccessorImpl.invoke(DelegatingMethodAccessorImpl.java:43)
	at java.base/java.lang.reflect.Method.invoke(Method.java:566)
	at org.testng.internal.MethodInvocationHelper.invokeMethod(MethodInvocationHelper.java:132)
	at org.testng.internal.TestInvoker.invokeMethod(TestInvoker.java:599)
	at org.testng.internal.TestInvoker.retryFailed(TestInvoker.java:214)
	at org.testng.internal.MethodRunner.runInSequence(MethodRunner.java:58)
	at org.testng.internal.TestInvoker$MethodInvocationAgent.invoke(TestInvoker.java:822)
	at org.testng.internal.TestInvoker.invokeTestMethods(TestInvoker.java:147)
	at org.testng.internal.TestMethodWorker.invokeTestMethods(TestMethodWorker.java:146)
	at org.testng.internal.TestMethodWorker.run(TestMethodWorker.java:128)
	at java.base/java.util.concurrent.ThreadPoolExecutor.runWorker(ThreadPoolExecutor.java:1128)
	at java.base/java.util.concurrent.ThreadPoolExecutor$Worker.run(ThreadPoolExecutor.java:628)
	at java.base/java.lang.Thread.run(Thread.java:834)

2021-04-03 17:06:27,866 TestNG-test=Mortgage_Calculator-1 ERROR Unable to invoke factory method in class org.apache.logging.log4j.core.appender.FileAppender for element File: java.lang.IllegalStateException: No factory method found for class org.apache.logging.log4j.core.appender.FileAppender java.lang.IllegalStateException: No factory method found for class org.apache.logging.log4j.core.appender.FileAppender
	at org.apache.logging.log4j.core.config.plugins.util.PluginBuilder.findFactoryMethod(PluginBuilder.java:234)
	at org.apache.logging.log4j.core.config.plugins.util.PluginBuilder.build(PluginBuilder.java:134)
	at org.apache.logging.log4j.core.config.AbstractConfiguration.createPluginObject(AbstractConfiguration.java:1002)
	at org.apache.logging.log4j.core.config.AbstractConfiguration.createConfiguration(AbstractConfiguration.java:942)
	at org.apache.logging.log4j.core.appender.routing.RoutingAppender.createAppender(RoutingAppender.java:299)
	at org.apache.logging.log4j.core.appender.routing.RoutingAppender.getControl(RoutingAppender.java:271)
	at org.apache.logging.log4j.core.appender.routing.RoutingAppender.append(RoutingAppender.java:229)
	at org.apache.logging.log4j.core.config.AppenderControl.tryCallAppender(AppenderControl.java:156)
	at org.apache.logging.log4j.core.config.AppenderControl.callAppender0(AppenderControl.java:129)
	at org.apache.logging.log4j.core.config.AppenderControl.callAppenderPreventRecursion(AppenderControl.java:120)
	at org.apache.logging.log4j.core.config.AppenderControl.callAppender(AppenderControl.java:84)
	at org.apache.logging.log4j.core.config.LoggerConfig.callAppenders(LoggerConfig.java:543)
	at org.apache.logging.log4j.core.config.LoggerConfig.processLogEvent(LoggerConfig.java:502)
	at org.apache.logging.log4j.core.config.LoggerConfig.log(LoggerConfig.java:485)
	at org.apache.logging.log4j.core.config.LoggerConfig.log(LoggerConfig.java:460)
	at org.apache.logging.log4j.core.config.AwaitCompletionReliabilityStrategy.log(AwaitCompletionReliabilityStrategy.java:82)
	at org.apache.logging.log4j.core.Logger.log(Logger.java:161)
	at org.apache.logging.log4j.spi.AbstractLogger.tryLogMessage(AbstractLogger.java:2198)
	at org.apache.logging.log4j.spi.AbstractLogger.logMessageTrackRecursion(AbstractLogger.java:2152)
	at org.apache.logging.log4j.spi.AbstractLogger.logMessageSafely(AbstractLogger.java:2135)
	at org.apache.logging.log4j.spi.AbstractLogger.logMessage(AbstractLogger.java:2011)
	at org.apache.logging.log4j.spi.AbstractLogger.logIfEnabled(AbstractLogger.java:1983)
	at org.apache.logging.log4j.spi.AbstractLogger.debug(AbstractLogger.java:327)
	at page_objects.NavigationBar.navigateToRealApr(NavigationBar.java:40)
	at automation_test.mortgage_calculator.CalculateApr.calculateRealApr(CalculateApr.java:47)
	at java.base/jdk.internal.reflect.NativeMethodAccessorImpl.invoke0(Native Method)
	at java.base/jdk.internal.reflect.NativeMethodAccessorImpl.invoke(NativeMethodAccessorImpl.java:62)
	at java.base/jdk.internal.reflect.DelegatingMethodAccessorImpl.invoke(DelegatingMethodAccessorImpl.java:43)
	at java.base/java.lang.reflect.Method.invoke(Method.java:566)
	at org.testng.internal.MethodInvocationHelper.invokeMethod(MethodInvocationHelper.java:132)
	at org.testng.internal.TestInvoker.invokeMethod(TestInvoker.java:599)
	at org.testng.internal.TestInvoker.retryFailed(TestInvoker.java:214)
	at org.testng.internal.MethodRunner.runInSequence(MethodRunner.java:58)
	at org.testng.internal.TestInvoker$MethodInvocationAgent.invoke(TestInvoker.java:822)
	at org.testng.internal.TestInvoker.invokeTestMethods(TestInvoker.java:147)
	at org.testng.internal.TestMethodWorker.invokeTestMethods(TestMethodWorker.java:146)
	at org.testng.internal.TestMethodWorker.run(TestMethodWorker.java:128)
	at java.base/java.util.concurrent.ThreadPoolExecutor.runWorker(ThreadPoolExecutor.java:1128)
	at java.base/java.util.concurrent.ThreadPoolExecutor$Worker.run(ThreadPoolExecutor.java:628)
	at java.base/java.lang.Thread.run(Thread.java:834)

2021-04-03 17:06:31,343 TestNG-test=Mortgage_Calculator-1 ERROR FileManager (logs/${ctx:threadName}.log) java.io.IOException: The filename, directory name, or volume label syntax is incorrect java.io.IOException: The filename, directory name, or volume label syntax is incorrect
	at java.base/java.io.WinNTFileSystem.canonicalize0(Native Method)
	at java.base/java.io.WinNTFileSystem.canonicalize(WinNTFileSystem.java:438)
	at java.base/java.io.File.getCanonicalPath(File.java:620)
	at java.base/java.io.File.getCanonicalFile(File.java:645)
	at org.apache.logging.log4j.core.util.FileUtils.makeParentDirs(FileUtils.java:133)
	at org.apache.logging.log4j.core.appender.FileManager$FileManagerFactory.createManager(FileManager.java:434)
	at org.apache.logging.log4j.core.appender.FileManager$FileManagerFactory.createManager(FileManager.java:422)
	at org.apache.logging.log4j.core.appender.AbstractManager.getManager(AbstractManager.java:113)
	at org.apache.logging.log4j.core.appender.OutputStreamManager.getManager(OutputStreamManager.java:100)
	at org.apache.logging.log4j.core.appender.FileManager.getFileManager(FileManager.java:182)
	at org.apache.logging.log4j.core.appender.FileAppender$Builder.build(FileAppender.java:96)
	at org.apache.logging.log4j.core.appender.FileAppender$Builder.build(FileAppender.java:52)
	at org.apache.logging.log4j.core.config.plugins.util.PluginBuilder.build(PluginBuilder.java:122)
	at org.apache.logging.log4j.core.config.AbstractConfiguration.createPluginObject(AbstractConfiguration.java:1002)
	at org.apache.logging.log4j.core.config.AbstractConfiguration.createConfiguration(AbstractConfiguration.java:942)
	at org.apache.logging.log4j.core.appender.routing.RoutingAppender.createAppender(RoutingAppender.java:299)
	at org.apache.logging.log4j.core.appender.routing.RoutingAppender.getControl(RoutingAppender.java:271)
	at org.apache.logging.log4j.core.appender.routing.RoutingAppender.append(RoutingAppender.java:229)
	at org.apache.logging.log4j.core.config.AppenderControl.tryCallAppender(AppenderControl.java:156)
	at org.apache.logging.log4j.core.config.AppenderControl.callAppender0(AppenderControl.java:129)
	at org.apache.logging.log4j.core.config.AppenderControl.callAppenderPreventRecursion(AppenderControl.java:120)
	at org.apache.logging.log4j.core.config.AppenderControl.callAppender(AppenderControl.java:84)
	at org.apache.logging.log4j.core.config.LoggerConfig.callAppenders(LoggerConfig.java:543)
	at org.apache.logging.log4j.core.config.LoggerConfig.processLogEvent(LoggerConfig.java:502)
	at org.apache.logging.log4j.core.config.LoggerConfig.log(LoggerConfig.java:485)
	at org.apache.logging.log4j.core.config.LoggerConfig.log(LoggerConfig.java:460)
	at org.apache.logging.log4j.core.config.AwaitCompletionReliabilityStrategy.log(AwaitCompletionReliabilityStrategy.java:82)
	at org.apache.logging.log4j.core.Logger.log(Logger.java:161)
	at org.apache.logging.log4j.spi.AbstractLogger.tryLogMessage(AbstractLogger.java:2198)
	at org.apache.logging.log4j.spi.AbstractLogger.logMessageTrackRecursion(AbstractLogger.java:2152)
	at org.apache.logging.log4j.spi.AbstractLogger.logMessageSafely(AbstractLogger.java:2135)
	at org.apache.logging.log4j.spi.AbstractLogger.logMessage(AbstractLogger.java:2011)
	at org.apache.logging.log4j.spi.AbstractLogger.logIfEnabled(AbstractLogger.java:1983)
	at org.apache.logging.log4j.spi.AbstractLogger.debug(AbstractLogger.java:327)
	at page_objects.RealApr.typeHomPrice(RealApr.java:36)
	at automation_test.mortgage_calculator.CalculateApr.calculateRealApr(CalculateApr.java:48)
	at java.base/jdk.internal.reflect.NativeMethodAccessorImpl.invoke0(Native Method)
	at java.base/jdk.internal.reflect.NativeMethodAccessorImpl.invoke(NativeMethodAccessorImpl.java:62)
	at java.base/jdk.internal.reflect.DelegatingMethodAccessorImpl.invoke(DelegatingMethodAccessorImpl.java:43)
	at java.base/java.lang.reflect.Method.invoke(Method.java:566)
	at org.testng.internal.MethodInvocationHelper.invokeMethod(MethodInvocationHelper.java:132)
	at org.testng.internal.TestInvoker.invokeMethod(TestInvoker.java:599)
	at org.testng.internal.TestInvoker.retryFailed(TestInvoker.java:214)
	at org.testng.internal.MethodRunner.runInSequence(MethodRunner.java:58)
	at org.testng.internal.TestInvoker$MethodInvocationAgent.invoke(TestInvoker.java:822)
	at org.testng.internal.TestInvoker.invokeTestMethods(TestInvoker.java:147)
	at org.testng.internal.TestMethodWorker.invokeTestMethods(TestMethodWorker.java:146)
	at org.testng.internal.TestMethodWorker.run(TestMethodWorker.java:128)
	at java.base/java.util.concurrent.ThreadPoolExecutor.runWorker(ThreadPoolExecutor.java:1128)
	at java.base/java.util.concurrent.ThreadPoolExecutor$Worker.run(ThreadPoolExecutor.java:628)
	at java.base/java.lang.Thread.run(Thread.java:834)

2021-04-03 17:06:31,344 TestNG-test=Mortgage_Calculator-1 ERROR Could not create plugin of type class org.apache.logging.log4j.core.appender.FileAppender for element File: java.lang.IllegalStateException: ManagerFactory [org.apache.logging.log4j.core.appender.FileManager$FileManagerFactory@6f4b3b3a] unable to create manager for [logs/${ctx:threadName}.log] with data [org.apache.logging.log4j.core.appender.FileManager$FactoryData@5d6f41e1] java.lang.IllegalStateException: ManagerFactory [org.apache.logging.log4j.core.appender.FileManager$FileManagerFactory@6f4b3b3a] unable to create manager for [logs/${ctx:threadName}.log] with data [org.apache.logging.log4j.core.appender.FileManager$FactoryData@5d6f41e1]
	at org.apache.logging.log4j.core.appender.AbstractManager.getManager(AbstractManager.java:115)
	at org.apache.logging.log4j.core.appender.OutputStreamManager.getManager(OutputStreamManager.java:100)
	at org.apache.logging.log4j.core.appender.FileManager.getFileManager(FileManager.java:182)
	at org.apache.logging.log4j.core.appender.FileAppender$Builder.build(FileAppender.java:96)
	at org.apache.logging.log4j.core.appender.FileAppender$Builder.build(FileAppender.java:52)
	at org.apache.logging.log4j.core.config.plugins.util.PluginBuilder.build(PluginBuilder.java:122)
	at org.apache.logging.log4j.core.config.AbstractConfiguration.createPluginObject(AbstractConfiguration.java:1002)
	at org.apache.logging.log4j.core.config.AbstractConfiguration.createConfiguration(AbstractConfiguration.java:942)
	at org.apache.logging.log4j.core.appender.routing.RoutingAppender.createAppender(RoutingAppender.java:299)
	at org.apache.logging.log4j.core.appender.routing.RoutingAppender.getControl(RoutingAppender.java:271)
	at org.apache.logging.log4j.core.appender.routing.RoutingAppender.append(RoutingAppender.java:229)
	at org.apache.logging.log4j.core.config.AppenderControl.tryCallAppender(AppenderControl.java:156)
	at org.apache.logging.log4j.core.config.AppenderControl.callAppender0(AppenderControl.java:129)
	at org.apache.logging.log4j.core.config.AppenderControl.callAppenderPreventRecursion(AppenderControl.java:120)
	at org.apache.logging.log4j.core.config.AppenderControl.callAppender(AppenderControl.java:84)
	at org.apache.logging.log4j.core.config.LoggerConfig.callAppenders(LoggerConfig.java:543)
	at org.apache.logging.log4j.core.config.LoggerConfig.processLogEvent(LoggerConfig.java:502)
	at org.apache.logging.log4j.core.config.LoggerConfig.log(LoggerConfig.java:485)
	at org.apache.logging.log4j.core.config.LoggerConfig.log(LoggerConfig.java:460)
	at org.apache.logging.log4j.core.config.AwaitCompletionReliabilityStrategy.log(AwaitCompletionReliabilityStrategy.java:82)
	at org.apache.logging.log4j.core.Logger.log(Logger.java:161)
	at org.apache.logging.log4j.spi.AbstractLogger.tryLogMessage(AbstractLogger.java:2198)
	at org.apache.logging.log4j.spi.AbstractLogger.logMessageTrackRecursion(AbstractLogger.java:2152)
	at org.apache.logging.log4j.spi.AbstractLogger.logMessageSafely(AbstractLogger.java:2135)
	at org.apache.logging.log4j.spi.AbstractLogger.logMessage(AbstractLogger.java:2011)
	at org.apache.logging.log4j.spi.AbstractLogger.logIfEnabled(AbstractLogger.java:1983)
	at org.apache.logging.log4j.spi.AbstractLogger.debug(AbstractLogger.java:327)
	at page_objects.RealApr.typeHomPrice(RealApr.java:36)
	at automation_test.mortgage_calculator.CalculateApr.calculateRealApr(CalculateApr.java:48)
	at java.base/jdk.internal.reflect.NativeMethodAccessorImpl.invoke0(Native Method)
	at java.base/jdk.internal.reflect.NativeMethodAccessorImpl.invoke(NativeMethodAccessorImpl.java:62)
	at java.base/jdk.internal.reflect.DelegatingMethodAccessorImpl.invoke(DelegatingMethodAccessorImpl.java:43)
	at java.base/java.lang.reflect.Method.invoke(Method.java:566)
	at org.testng.internal.MethodInvocationHelper.invokeMethod(MethodInvocationHelper.java:132)
	at org.testng.internal.TestInvoker.invokeMethod(TestInvoker.java:599)
	at org.testng.internal.TestInvoker.retryFailed(TestInvoker.java:214)
	at org.testng.internal.MethodRunner.runInSequence(MethodRunner.java:58)
	at org.testng.internal.TestInvoker$MethodInvocationAgent.invoke(TestInvoker.java:822)
	at org.testng.internal.TestInvoker.invokeTestMethods(TestInvoker.java:147)
	at org.testng.internal.TestMethodWorker.invokeTestMethods(TestMethodWorker.java:146)
	at org.testng.internal.TestMethodWorker.run(TestMethodWorker.java:128)
	at java.base/java.util.concurrent.ThreadPoolExecutor.runWorker(ThreadPoolExecutor.java:1128)
	at java.base/java.util.concurrent.ThreadPoolExecutor$Worker.run(ThreadPoolExecutor.java:628)
	at java.base/java.lang.Thread.run(Thread.java:834)

2021-04-03 17:06:31,345 TestNG-test=Mortgage_Calculator-1 ERROR Unable to invoke factory method in class org.apache.logging.log4j.core.appender.FileAppender for element File: java.lang.IllegalStateException: No factory method found for class org.apache.logging.log4j.core.appender.FileAppender java.lang.IllegalStateException: No factory method found for class org.apache.logging.log4j.core.appender.FileAppender
	at org.apache.logging.log4j.core.config.plugins.util.PluginBuilder.findFactoryMethod(PluginBuilder.java:234)
	at org.apache.logging.log4j.core.config.plugins.util.PluginBuilder.build(PluginBuilder.java:134)
	at org.apache.logging.log4j.core.config.AbstractConfiguration.createPluginObject(AbstractConfiguration.java:1002)
	at org.apache.logging.log4j.core.config.AbstractConfiguration.createConfiguration(AbstractConfiguration.java:942)
	at org.apache.logging.log4j.core.appender.routing.RoutingAppender.createAppender(RoutingAppender.java:299)
	at org.apache.logging.log4j.core.appender.routing.RoutingAppender.getControl(RoutingAppender.java:271)
	at org.apache.logging.log4j.core.appender.routing.RoutingAppender.append(RoutingAppender.java:229)
	at org.apache.logging.log4j.core.config.AppenderControl.tryCallAppender(AppenderControl.java:156)
	at org.apache.logging.log4j.core.config.AppenderControl.callAppender0(AppenderControl.java:129)
	at org.apache.logging.log4j.core.config.AppenderControl.callAppenderPreventRecursion(AppenderControl.java:120)
	at org.apache.logging.log4j.core.config.AppenderControl.callAppender(AppenderControl.java:84)
	at org.apache.logging.log4j.core.config.LoggerConfig.callAppenders(LoggerConfig.java:543)
	at org.apache.logging.log4j.core.config.LoggerConfig.processLogEvent(LoggerConfig.java:502)
	at org.apache.logging.log4j.core.config.LoggerConfig.log(LoggerConfig.java:485)
	at org.apache.logging.log4j.core.config.LoggerConfig.log(LoggerConfig.java:460)
	at org.apache.logging.log4j.core.config.AwaitCompletionReliabilityStrategy.log(AwaitCompletionReliabilityStrategy.java:82)
	at org.apache.logging.log4j.core.Logger.log(Logger.java:161)
	at org.apache.logging.log4j.spi.AbstractLogger.tryLogMessage(AbstractLogger.java:2198)
	at org.apache.logging.log4j.spi.AbstractLogger.logMessageTrackRecursion(AbstractLogger.java:2152)
	at org.apache.logging.log4j.spi.AbstractLogger.logMessageSafely(AbstractLogger.java:2135)
	at org.apache.logging.log4j.spi.AbstractLogger.logMessage(AbstractLogger.java:2011)
	at org.apache.logging.log4j.spi.AbstractLogger.logIfEnabled(AbstractLogger.java:1983)
	at org.apache.logging.log4j.spi.AbstractLogger.debug(AbstractLogger.java:327)
	at page_objects.RealApr.typeHomPrice(RealApr.java:36)
	at automation_test.mortgage_calculator.CalculateApr.calculateRealApr(CalculateApr.java:48)
	at java.base/jdk.internal.reflect.NativeMethodAccessorImpl.invoke0(Native Method)
	at java.base/jdk.internal.reflect.NativeMethodAccessorImpl.invoke(NativeMethodAccessorImpl.java:62)
	at java.base/jdk.internal.reflect.DelegatingMethodAccessorImpl.invoke(DelegatingMethodAccessorImpl.java:43)
	at java.base/java.lang.reflect.Method.invoke(Method.java:566)
	at org.testng.internal.MethodInvocationHelper.invokeMethod(MethodInvocationHelper.java:132)
	at org.testng.internal.TestInvoker.invokeMethod(TestInvoker.java:599)
	at org.testng.internal.TestInvoker.retryFailed(TestInvoker.java:214)
	at org.testng.internal.MethodRunner.runInSequence(MethodRunner.java:58)
	at org.testng.internal.TestInvoker$MethodInvocationAgent.invoke(TestInvoker.java:822)
	at org.testng.internal.TestInvoker.invokeTestMethods(TestInvoker.java:147)
	at org.testng.internal.TestMethodWorker.invokeTestMethods(TestMethodWorker.java:146)
	at org.testng.internal.TestMethodWorker.run(TestMethodWorker.java:128)
	at java.base/java.util.concurrent.ThreadPoolExecutor.runWorker(ThreadPoolExecutor.java:1128)
	at java.base/java.util.concurrent.ThreadPoolExecutor$Worker.run(ThreadPoolExecutor.java:628)
	at java.base/java.lang.Thread.run(Thread.java:834)

2021-04-03 17:06:31,998 TestNG-test=Mortgage_Calculator-1 ERROR FileManager (logs/${ctx:threadName}.log) java.io.IOException: The filename, directory name, or volume label syntax is incorrect java.io.IOException: The filename, directory name, or volume label syntax is incorrect
	at java.base/java.io.WinNTFileSystem.canonicalize0(Native Method)
	at java.base/java.io.WinNTFileSystem.canonicalize(WinNTFileSystem.java:438)
	at java.base/java.io.File.getCanonicalPath(File.java:620)
	at java.base/java.io.File.getCanonicalFile(File.java:645)
	at org.apache.logging.log4j.core.util.FileUtils.makeParentDirs(FileUtils.java:133)
	at org.apache.logging.log4j.core.appender.FileManager$FileManagerFactory.createManager(FileManager.java:434)
	at org.apache.logging.log4j.core.appender.FileManager$FileManagerFactory.createManager(FileManager.java:422)
	at org.apache.logging.log4j.core.appender.AbstractManager.getManager(AbstractManager.java:113)
	at org.apache.logging.log4j.core.appender.OutputStreamManager.getManager(OutputStreamManager.java:100)
	at org.apache.logging.log4j.core.appender.FileManager.getFileManager(FileManager.java:182)
	at org.apache.logging.log4j.core.appender.FileAppender$Builder.build(FileAppender.java:96)
	at org.apache.logging.log4j.core.appender.FileAppender$Builder.build(FileAppender.java:52)
	at org.apache.logging.log4j.core.config.plugins.util.PluginBuilder.build(PluginBuilder.java:122)
	at org.apache.logging.log4j.core.config.AbstractConfiguration.createPluginObject(AbstractConfiguration.java:1002)
	at org.apache.logging.log4j.core.config.AbstractConfiguration.createConfiguration(AbstractConfiguration.java:942)
	at org.apache.logging.log4j.core.appender.routing.RoutingAppender.createAppender(RoutingAppender.java:299)
	at org.apache.logging.log4j.core.appender.routing.RoutingAppender.getControl(RoutingAppender.java:271)
	at org.apache.logging.log4j.core.appender.routing.RoutingAppender.append(RoutingAppender.java:229)
	at org.apache.logging.log4j.core.config.AppenderControl.tryCallAppender(AppenderControl.java:156)
	at org.apache.logging.log4j.core.config.AppenderControl.callAppender0(AppenderControl.java:129)
	at org.apache.logging.log4j.core.config.AppenderControl.callAppenderPreventRecursion(AppenderControl.java:120)
	at org.apache.logging.log4j.core.config.AppenderControl.callAppender(AppenderControl.java:84)
	at org.apache.logging.log4j.core.config.LoggerConfig.callAppenders(LoggerConfig.java:543)
	at org.apache.logging.log4j.core.config.LoggerConfig.processLogEvent(LoggerConfig.java:502)
	at org.apache.logging.log4j.core.config.LoggerConfig.log(LoggerConfig.java:485)
	at org.apache.logging.log4j.core.config.LoggerConfig.log(LoggerConfig.java:460)
	at org.apache.logging.log4j.core.config.AwaitCompletionReliabilityStrategy.log(AwaitCompletionReliabilityStrategy.java:82)
	at org.apache.logging.log4j.core.Logger.log(Logger.java:161)
	at org.apache.logging.log4j.spi.AbstractLogger.tryLogMessage(AbstractLogger.java:2198)
	at org.apache.logging.log4j.spi.AbstractLogger.logMessageTrackRecursion(AbstractLogger.java:2152)
	at org.apache.logging.log4j.spi.AbstractLogger.logMessageSafely(AbstractLogger.java:2135)
	at org.apache.logging.log4j.spi.AbstractLogger.logMessage(AbstractLogger.java:2011)
	at org.apache.logging.log4j.spi.AbstractLogger.logIfEnabled(AbstractLogger.java:1983)
	at org.apache.logging.log4j.spi.AbstractLogger.debug(AbstractLogger.java:327)
	at page_objects.RealApr.typeDownPayment(RealApr.java:42)
	at automation_test.mortgage_calculator.CalculateApr.calculateRealApr(CalculateApr.java:49)
	at java.base/jdk.internal.reflect.NativeMethodAccessorImpl.invoke0(Native Method)
	at java.base/jdk.internal.reflect.NativeMethodAccessorImpl.invoke(NativeMethodAccessorImpl.java:62)
	at java.base/jdk.internal.reflect.DelegatingMethodAccessorImpl.invoke(DelegatingMethodAccessorImpl.java:43)
	at java.base/java.lang.reflect.Method.invoke(Method.java:566)
	at org.testng.internal.MethodInvocationHelper.invokeMethod(MethodInvocationHelper.java:132)
	at org.testng.internal.TestInvoker.invokeMethod(TestInvoker.java:599)
	at org.testng.internal.TestInvoker.retryFailed(TestInvoker.java:214)
	at org.testng.internal.MethodRunner.runInSequence(MethodRunner.java:58)
	at org.testng.internal.TestInvoker$MethodInvocationAgent.invoke(TestInvoker.java:822)
	at org.testng.internal.TestInvoker.invokeTestMethods(TestInvoker.java:147)
	at org.testng.internal.TestMethodWorker.invokeTestMethods(TestMethodWorker.java:146)
	at org.testng.internal.TestMethodWorker.run(TestMethodWorker.java:128)
	at java.base/java.util.concurrent.ThreadPoolExecutor.runWorker(ThreadPoolExecutor.java:1128)
	at java.base/java.util.concurrent.ThreadPoolExecutor$Worker.run(ThreadPoolExecutor.java:628)
	at java.base/java.lang.Thread.run(Thread.java:834)

2021-04-03 17:06:31,999 TestNG-test=Mortgage_Calculator-1 ERROR Could not create plugin of type class org.apache.logging.log4j.core.appender.FileAppender for element File: java.lang.IllegalStateException: ManagerFactory [org.apache.logging.log4j.core.appender.FileManager$FileManagerFactory@6f4b3b3a] unable to create manager for [logs/${ctx:threadName}.log] with data [org.apache.logging.log4j.core.appender.FileManager$FactoryData@7705be3a] java.lang.IllegalStateException: ManagerFactory [org.apache.logging.log4j.core.appender.FileManager$FileManagerFactory@6f4b3b3a] unable to create manager for [logs/${ctx:threadName}.log] with data [org.apache.logging.log4j.core.appender.FileManager$FactoryData@7705be3a]
	at org.apache.logging.log4j.core.appender.AbstractManager.getManager(AbstractManager.java:115)
	at org.apache.logging.log4j.core.appender.OutputStreamManager.getManager(OutputStreamManager.java:100)
	at org.apache.logging.log4j.core.appender.FileManager.getFileManager(FileManager.java:182)
	at org.apache.logging.log4j.core.appender.FileAppender$Builder.build(FileAppender.java:96)
	at org.apache.logging.log4j.core.appender.FileAppender$Builder.build(FileAppender.java:52)
	at org.apache.logging.log4j.core.config.plugins.util.PluginBuilder.build(PluginBuilder.java:122)
	at org.apache.logging.log4j.core.config.AbstractConfiguration.createPluginObject(AbstractConfiguration.java:1002)
	at org.apache.logging.log4j.core.config.AbstractConfiguration.createConfiguration(AbstractConfiguration.java:942)
	at org.apache.logging.log4j.core.appender.routing.RoutingAppender.createAppender(RoutingAppender.java:299)
	at org.apache.logging.log4j.core.appender.routing.RoutingAppender.getControl(RoutingAppender.java:271)
	at org.apache.logging.log4j.core.appender.routing.RoutingAppender.append(RoutingAppender.java:229)
	at org.apache.logging.log4j.core.config.AppenderControl.tryCallAppender(AppenderControl.java:156)
	at org.apache.logging.log4j.core.config.AppenderControl.callAppender0(AppenderControl.java:129)
	at org.apache.logging.log4j.core.config.AppenderControl.callAppenderPreventRecursion(AppenderControl.java:120)
	at org.apache.logging.log4j.core.config.AppenderControl.callAppender(AppenderControl.java:84)
	at org.apache.logging.log4j.core.config.LoggerConfig.callAppenders(LoggerConfig.java:543)
	at org.apache.logging.log4j.core.config.LoggerConfig.processLogEvent(LoggerConfig.java:502)
	at org.apache.logging.log4j.core.config.LoggerConfig.log(LoggerConfig.java:485)
	at org.apache.logging.log4j.core.config.LoggerConfig.log(LoggerConfig.java:460)
	at org.apache.logging.log4j.core.config.AwaitCompletionReliabilityStrategy.log(AwaitCompletionReliabilityStrategy.java:82)
	at org.apache.logging.log4j.core.Logger.log(Logger.java:161)
	at org.apache.logging.log4j.spi.AbstractLogger.tryLogMessage(AbstractLogger.java:2198)
	at org.apache.logging.log4j.spi.AbstractLogger.logMessageTrackRecursion(AbstractLogger.java:2152)
	at org.apache.logging.log4j.spi.AbstractLogger.logMessageSafely(AbstractLogger.java:2135)
	at org.apache.logging.log4j.spi.AbstractLogger.logMessage(AbstractLogger.java:2011)
	at org.apache.logging.log4j.spi.AbstractLogger.logIfEnabled(AbstractLogger.java:1983)
	at org.apache.logging.log4j.spi.AbstractLogger.debug(AbstractLogger.java:327)
	at page_objects.RealApr.typeDownPayment(RealApr.java:42)
	at automation_test.mortgage_calculator.CalculateApr.calculateRealApr(CalculateApr.java:49)
	at java.base/jdk.internal.reflect.NativeMethodAccessorImpl.invoke0(Native Method)
	at java.base/jdk.internal.reflect.NativeMethodAccessorImpl.invoke(NativeMethodAccessorImpl.java:62)
	at java.base/jdk.internal.reflect.DelegatingMethodAccessorImpl.invoke(DelegatingMethodAccessorImpl.java:43)
	at java.base/java.lang.reflect.Method.invoke(Method.java:566)
	at org.testng.internal.MethodInvocationHelper.invokeMethod(MethodInvocationHelper.java:132)
	at org.testng.internal.TestInvoker.invokeMethod(TestInvoker.java:599)
	at org.testng.internal.TestInvoker.retryFailed(TestInvoker.java:214)
	at org.testng.internal.MethodRunner.runInSequence(MethodRunner.java:58)
	at org.testng.internal.TestInvoker$MethodInvocationAgent.invoke(TestInvoker.java:822)
	at org.testng.internal.TestInvoker.invokeTestMethods(TestInvoker.java:147)
	at org.testng.internal.TestMethodWorker.invokeTestMethods(TestMethodWorker.java:146)
	at org.testng.internal.TestMethodWorker.run(TestMethodWorker.java:128)
	at java.base/java.util.concurrent.ThreadPoolExecutor.runWorker(ThreadPoolExecutor.java:1128)
	at java.base/java.util.concurrent.ThreadPoolExecutor$Worker.run(ThreadPoolExecutor.java:628)
	at java.base/java.lang.Thread.run(Thread.java:834)

2021-04-03 17:06:31,999 TestNG-test=Mortgage_Calculator-1 ERROR Unable to invoke factory method in class org.apache.logging.log4j.core.appender.FileAppender for element File: java.lang.IllegalStateException: No factory method found for class org.apache.logging.log4j.core.appender.FileAppender java.lang.IllegalStateException: No factory method found for class org.apache.logging.log4j.core.appender.FileAppender
	at org.apache.logging.log4j.core.config.plugins.util.PluginBuilder.findFactoryMethod(PluginBuilder.java:234)
	at org.apache.logging.log4j.core.config.plugins.util.PluginBuilder.build(PluginBuilder.java:134)
	at org.apache.logging.log4j.core.config.AbstractConfiguration.createPluginObject(AbstractConfiguration.java:1002)
	at org.apache.logging.log4j.core.config.AbstractConfiguration.createConfiguration(AbstractConfiguration.java:942)
	at org.apache.logging.log4j.core.appender.routing.RoutingAppender.createAppender(RoutingAppender.java:299)
	at org.apache.logging.log4j.core.appender.routing.RoutingAppender.getControl(RoutingAppender.java:271)
	at org.apache.logging.log4j.core.appender.routing.RoutingAppender.append(RoutingAppender.java:229)
	at org.apache.logging.log4j.core.config.AppenderControl.tryCallAppender(AppenderControl.java:156)
	at org.apache.logging.log4j.core.config.AppenderControl.callAppender0(AppenderControl.java:129)
	at org.apache.logging.log4j.core.config.AppenderControl.callAppenderPreventRecursion(AppenderControl.java:120)
	at org.apache.logging.log4j.core.config.AppenderControl.callAppender(AppenderControl.java:84)
	at org.apache.logging.log4j.core.config.LoggerConfig.callAppenders(LoggerConfig.java:543)
	at org.apache.logging.log4j.core.config.LoggerConfig.processLogEvent(LoggerConfig.java:502)
	at org.apache.logging.log4j.core.config.LoggerConfig.log(LoggerConfig.java:485)
	at org.apache.logging.log4j.core.config.LoggerConfig.log(LoggerConfig.java:460)
	at org.apache.logging.log4j.core.config.AwaitCompletionReliabilityStrategy.log(AwaitCompletionReliabilityStrategy.java:82)
	at org.apache.logging.log4j.core.Logger.log(Logger.java:161)
	at org.apache.logging.log4j.spi.AbstractLogger.tryLogMessage(AbstractLogger.java:2198)
	at org.apache.logging.log4j.spi.AbstractLogger.logMessageTrackRecursion(AbstractLogger.java:2152)
	at org.apache.logging.log4j.spi.AbstractLogger.logMessageSafely(AbstractLogger.java:2135)
	at org.apache.logging.log4j.spi.AbstractLogger.logMessage(AbstractLogger.java:2011)
	at org.apache.logging.log4j.spi.AbstractLogger.logIfEnabled(AbstractLogger.java:1983)
	at org.apache.logging.log4j.spi.AbstractLogger.debug(AbstractLogger.java:327)
	at page_objects.RealApr.typeDownPayment(RealApr.java:42)
	at automation_test.mortgage_calculator.CalculateApr.calculateRealApr(CalculateApr.java:49)
	at java.base/jdk.internal.reflect.NativeMethodAccessorImpl.invoke0(Native Method)
	at java.base/jdk.internal.reflect.NativeMethodAccessorImpl.invoke(NativeMethodAccessorImpl.java:62)
	at java.base/jdk.internal.reflect.DelegatingMethodAccessorImpl.invoke(DelegatingMethodAccessorImpl.java:43)
	at java.base/java.lang.reflect.Method.invoke(Method.java:566)
	at org.testng.internal.MethodInvocationHelper.invokeMethod(MethodInvocationHelper.java:132)
	at org.testng.internal.TestInvoker.invokeMethod(TestInvoker.java:599)
	at org.testng.internal.TestInvoker.retryFailed(TestInvoker.java:214)
	at org.testng.internal.MethodRunner.runInSequence(MethodRunner.java:58)
	at org.testng.internal.TestInvoker$MethodInvocationAgent.invoke(TestInvoker.java:822)
	at org.testng.internal.TestInvoker.invokeTestMethods(TestInvoker.java:147)
	at org.testng.internal.TestMethodWorker.invokeTestMethods(TestMethodWorker.java:146)
	at org.testng.internal.TestMethodWorker.run(TestMethodWorker.java:128)
	at java.base/java.util.concurrent.ThreadPoolExecutor.runWorker(ThreadPoolExecutor.java:1128)
	at java.base/java.util.concurrent.ThreadPoolExecutor$Worker.run(ThreadPoolExecutor.java:628)
	at java.base/java.lang.Thread.run(Thread.java:834)

2021-04-03 17:06:32,551 TestNG-test=Mortgage_Calculator-1 ERROR FileManager (logs/${ctx:threadName}.log) java.io.IOException: The filename, directory name, or volume label syntax is incorrect java.io.IOException: The filename, directory name, or volume label syntax is incorrect
	at java.base/java.io.WinNTFileSystem.canonicalize0(Native Method)
	at java.base/java.io.WinNTFileSystem.canonicalize(WinNTFileSystem.java:438)
	at java.base/java.io.File.getCanonicalPath(File.java:620)
	at java.base/java.io.File.getCanonicalFile(File.java:645)
	at org.apache.logging.log4j.core.util.FileUtils.makeParentDirs(FileUtils.java:133)
	at org.apache.logging.log4j.core.appender.FileManager$FileManagerFactory.createManager(FileManager.java:434)
	at org.apache.logging.log4j.core.appender.FileManager$FileManagerFactory.createManager(FileManager.java:422)
	at org.apache.logging.log4j.core.appender.AbstractManager.getManager(AbstractManager.java:113)
	at org.apache.logging.log4j.core.appender.OutputStreamManager.getManager(OutputStreamManager.java:100)
	at org.apache.logging.log4j.core.appender.FileManager.getFileManager(FileManager.java:182)
	at org.apache.logging.log4j.core.appender.FileAppender$Builder.build(FileAppender.java:96)
	at org.apache.logging.log4j.core.appender.FileAppender$Builder.build(FileAppender.java:52)
	at org.apache.logging.log4j.core.config.plugins.util.PluginBuilder.build(PluginBuilder.java:122)
	at org.apache.logging.log4j.core.config.AbstractConfiguration.createPluginObject(AbstractConfiguration.java:1002)
	at org.apache.logging.log4j.core.config.AbstractConfiguration.createConfiguration(AbstractConfiguration.java:942)
	at org.apache.logging.log4j.core.appender.routing.RoutingAppender.createAppender(RoutingAppender.java:299)
	at org.apache.logging.log4j.core.appender.routing.RoutingAppender.getControl(RoutingAppender.java:271)
	at org.apache.logging.log4j.core.appender.routing.RoutingAppender.append(RoutingAppender.java:229)
	at org.apache.logging.log4j.core.config.AppenderControl.tryCallAppender(AppenderControl.java:156)
	at org.apache.logging.log4j.core.config.AppenderControl.callAppender0(AppenderControl.java:129)
	at org.apache.logging.log4j.core.config.AppenderControl.callAppenderPreventRecursion(AppenderControl.java:120)
	at org.apache.logging.log4j.core.config.AppenderControl.callAppender(AppenderControl.java:84)
	at org.apache.logging.log4j.core.config.LoggerConfig.callAppenders(LoggerConfig.java:543)
	at org.apache.logging.log4j.core.config.LoggerConfig.processLogEvent(LoggerConfig.java:502)
	at org.apache.logging.log4j.core.config.LoggerConfig.log(LoggerConfig.java:485)
	at org.apache.logging.log4j.core.config.LoggerConfig.log(LoggerConfig.java:460)
	at org.apache.logging.log4j.core.config.AwaitCompletionReliabilityStrategy.log(AwaitCompletionReliabilityStrategy.java:82)
	at org.apache.logging.log4j.core.Logger.log(Logger.java:161)
	at org.apache.logging.log4j.spi.AbstractLogger.tryLogMessage(AbstractLogger.java:2198)
	at org.apache.logging.log4j.spi.AbstractLogger.logMessageTrackRecursion(AbstractLogger.java:2152)
	at org.apache.logging.log4j.spi.AbstractLogger.logMessageSafely(AbstractLogger.java:2135)
	at org.apache.logging.log4j.spi.AbstractLogger.logMessage(AbstractLogger.java:2011)
	at org.apache.logging.log4j.spi.AbstractLogger.logIfEnabled(AbstractLogger.java:1983)
	at org.apache.logging.log4j.spi.AbstractLogger.debug(AbstractLogger.java:327)
	at page_objects.RealApr.clickDownPaymentInDollarRadioBtn(RealApr.java:48)
	at automation_test.mortgage_calculator.CalculateApr.calculateRealApr(CalculateApr.java:50)
	at java.base/jdk.internal.reflect.NativeMethodAccessorImpl.invoke0(Native Method)
	at java.base/jdk.internal.reflect.NativeMethodAccessorImpl.invoke(NativeMethodAccessorImpl.java:62)
	at java.base/jdk.internal.reflect.DelegatingMethodAccessorImpl.invoke(DelegatingMethodAccessorImpl.java:43)
	at java.base/java.lang.reflect.Method.invoke(Method.java:566)
	at org.testng.internal.MethodInvocationHelper.invokeMethod(MethodInvocationHelper.java:132)
	at org.testng.internal.TestInvoker.invokeMethod(TestInvoker.java:599)
	at org.testng.internal.TestInvoker.retryFailed(TestInvoker.java:214)
	at org.testng.internal.MethodRunner.runInSequence(MethodRunner.java:58)
	at org.testng.internal.TestInvoker$MethodInvocationAgent.invoke(TestInvoker.java:822)
	at org.testng.internal.TestInvoker.invokeTestMethods(TestInvoker.java:147)
	at org.testng.internal.TestMethodWorker.invokeTestMethods(TestMethodWorker.java:146)
	at org.testng.internal.TestMethodWorker.run(TestMethodWorker.java:128)
	at java.base/java.util.concurrent.ThreadPoolExecutor.runWorker(ThreadPoolExecutor.java:1128)
	at java.base/java.util.concurrent.ThreadPoolExecutor$Worker.run(ThreadPoolExecutor.java:628)
	at java.base/java.lang.Thread.run(Thread.java:834)

2021-04-03 17:06:32,552 TestNG-test=Mortgage_Calculator-1 ERROR Could not create plugin of type class org.apache.logging.log4j.core.appender.FileAppender for element File: java.lang.IllegalStateException: ManagerFactory [org.apache.logging.log4j.core.appender.FileManager$FileManagerFactory@6f4b3b3a] unable to create manager for [logs/${ctx:threadName}.log] with data [org.apache.logging.log4j.core.appender.FileManager$FactoryData@3c1890e9] java.lang.IllegalStateException: ManagerFactory [org.apache.logging.log4j.core.appender.FileManager$FileManagerFactory@6f4b3b3a] unable to create manager for [logs/${ctx:threadName}.log] with data [org.apache.logging.log4j.core.appender.FileManager$FactoryData@3c1890e9]
	at org.apache.logging.log4j.core.appender.AbstractManager.getManager(AbstractManager.java:115)
	at org.apache.logging.log4j.core.appender.OutputStreamManager.getManager(OutputStreamManager.java:100)
	at org.apache.logging.log4j.core.appender.FileManager.getFileManager(FileManager.java:182)
	at org.apache.logging.log4j.core.appender.FileAppender$Builder.build(FileAppender.java:96)
	at org.apache.logging.log4j.core.appender.FileAppender$Builder.build(FileAppender.java:52)
	at org.apache.logging.log4j.core.config.plugins.util.PluginBuilder.build(PluginBuilder.java:122)
	at org.apache.logging.log4j.core.config.AbstractConfiguration.createPluginObject(AbstractConfiguration.java:1002)
	at org.apache.logging.log4j.core.config.AbstractConfiguration.createConfiguration(AbstractConfiguration.java:942)
	at org.apache.logging.log4j.core.appender.routing.RoutingAppender.createAppender(RoutingAppender.java:299)
	at org.apache.logging.log4j.core.appender.routing.RoutingAppender.getControl(RoutingAppender.java:271)
	at org.apache.logging.log4j.core.appender.routing.RoutingAppender.append(RoutingAppender.java:229)
	at org.apache.logging.log4j.core.config.AppenderControl.tryCallAppender(AppenderControl.java:156)
	at org.apache.logging.log4j.core.config.AppenderControl.callAppender0(AppenderControl.java:129)
	at org.apache.logging.log4j.core.config.AppenderControl.callAppenderPreventRecursion(AppenderControl.java:120)
	at org.apache.logging.log4j.core.config.AppenderControl.callAppender(AppenderControl.java:84)
	at org.apache.logging.log4j.core.config.LoggerConfig.callAppenders(LoggerConfig.java:543)
	at org.apache.logging.log4j.core.config.LoggerConfig.processLogEvent(LoggerConfig.java:502)
	at org.apache.logging.log4j.core.config.LoggerConfig.log(LoggerConfig.java:485)
	at org.apache.logging.log4j.core.config.LoggerConfig.log(LoggerConfig.java:460)
	at org.apache.logging.log4j.core.config.AwaitCompletionReliabilityStrategy.log(AwaitCompletionReliabilityStrategy.java:82)
	at org.apache.logging.log4j.core.Logger.log(Logger.java:161)
	at org.apache.logging.log4j.spi.AbstractLogger.tryLogMessage(AbstractLogger.java:2198)
	at org.apache.logging.log4j.spi.AbstractLogger.logMessageTrackRecursion(AbstractLogger.java:2152)
	at org.apache.logging.log4j.spi.AbstractLogger.logMessageSafely(AbstractLogger.java:2135)
	at org.apache.logging.log4j.spi.AbstractLogger.logMessage(AbstractLogger.java:2011)
	at org.apache.logging.log4j.spi.AbstractLogger.logIfEnabled(AbstractLogger.java:1983)
	at org.apache.logging.log4j.spi.AbstractLogger.debug(AbstractLogger.java:327)
	at page_objects.RealApr.clickDownPaymentInDollarRadioBtn(RealApr.java:48)
	at automation_test.mortgage_calculator.CalculateApr.calculateRealApr(CalculateApr.java:50)
	at java.base/jdk.internal.reflect.NativeMethodAccessorImpl.invoke0(Native Method)
	at java.base/jdk.internal.reflect.NativeMethodAccessorImpl.invoke(NativeMethodAccessorImpl.java:62)
	at java.base/jdk.internal.reflect.DelegatingMethodAccessorImpl.invoke(DelegatingMethodAccessorImpl.java:43)
	at java.base/java.lang.reflect.Method.invoke(Method.java:566)
	at org.testng.internal.MethodInvocationHelper.invokeMethod(MethodInvocationHelper.java:132)
	at org.testng.internal.TestInvoker.invokeMethod(TestInvoker.java:599)
	at org.testng.internal.TestInvoker.retryFailed(TestInvoker.java:214)
	at org.testng.internal.MethodRunner.runInSequence(MethodRunner.java:58)
	at org.testng.internal.TestInvoker$MethodInvocationAgent.invoke(TestInvoker.java:822)
	at org.testng.internal.TestInvoker.invokeTestMethods(TestInvoker.java:147)
	at org.testng.internal.TestMethodWorker.invokeTestMethods(TestMethodWorker.java:146)
	at org.testng.internal.TestMethodWorker.run(TestMethodWorker.java:128)
	at java.base/java.util.concurrent.ThreadPoolExecutor.runWorker(ThreadPoolExecutor.java:1128)
	at java.base/java.util.concurrent.ThreadPoolExecutor$Worker.run(ThreadPoolExecutor.java:628)
	at java.base/java.lang.Thread.run(Thread.java:834)

2021-04-03 17:06:32,553 TestNG-test=Mortgage_Calculator-1 ERROR Unable to invoke factory method in class org.apache.logging.log4j.core.appender.FileAppender for element File: java.lang.IllegalStateException: No factory method found for class org.apache.logging.log4j.core.appender.FileAppender java.lang.IllegalStateException: No factory method found for class org.apache.logging.log4j.core.appender.FileAppender
	at org.apache.logging.log4j.core.config.plugins.util.PluginBuilder.findFactoryMethod(PluginBuilder.java:234)
	at org.apache.logging.log4j.core.config.plugins.util.PluginBuilder.build(PluginBuilder.java:134)
	at org.apache.logging.log4j.core.config.AbstractConfiguration.createPluginObject(AbstractConfiguration.java:1002)
	at org.apache.logging.log4j.core.config.AbstractConfiguration.createConfiguration(AbstractConfiguration.java:942)
	at org.apache.logging.log4j.core.appender.routing.RoutingAppender.createAppender(RoutingAppender.java:299)
	at org.apache.logging.log4j.core.appender.routing.RoutingAppender.getControl(RoutingAppender.java:271)
	at org.apache.logging.log4j.core.appender.routing.RoutingAppender.append(RoutingAppender.java:229)
	at org.apache.logging.log4j.core.config.AppenderControl.tryCallAppender(AppenderControl.java:156)
	at org.apache.logging.log4j.core.config.AppenderControl.callAppender0(AppenderControl.java:129)
	at org.apache.logging.log4j.core.config.AppenderControl.callAppenderPreventRecursion(AppenderControl.java:120)
	at org.apache.logging.log4j.core.config.AppenderControl.callAppender(AppenderControl.java:84)
	at org.apache.logging.log4j.core.config.LoggerConfig.callAppenders(LoggerConfig.java:543)
	at org.apache.logging.log4j.core.config.LoggerConfig.processLogEvent(LoggerConfig.java:502)
	at org.apache.logging.log4j.core.config.LoggerConfig.log(LoggerConfig.java:485)
	at org.apache.logging.log4j.core.config.LoggerConfig.log(LoggerConfig.java:460)
	at org.apache.logging.log4j.core.config.AwaitCompletionReliabilityStrategy.log(AwaitCompletionReliabilityStrategy.java:82)
	at org.apache.logging.log4j.core.Logger.log(Logger.java:161)
	at org.apache.logging.log4j.spi.AbstractLogger.tryLogMessage(AbstractLogger.java:2198)
	at org.apache.logging.log4j.spi.AbstractLogger.logMessageTrackRecursion(AbstractLogger.java:2152)
	at org.apache.logging.log4j.spi.AbstractLogger.logMessageSafely(AbstractLogger.java:2135)
	at org.apache.logging.log4j.spi.AbstractLogger.logMessage(AbstractLogger.java:2011)
	at org.apache.logging.log4j.spi.AbstractLogger.logIfEnabled(AbstractLogger.java:1983)
	at org.apache.logging.log4j.spi.AbstractLogger.debug(AbstractLogger.java:327)
	at page_objects.RealApr.clickDownPaymentInDollarRadioBtn(RealApr.java:48)
	at automation_test.mortgage_calculator.CalculateApr.calculateRealApr(CalculateApr.java:50)
	at java.base/jdk.internal.reflect.NativeMethodAccessorImpl.invoke0(Native Method)
	at java.base/jdk.internal.reflect.NativeMethodAccessorImpl.invoke(NativeMethodAccessorImpl.java:62)
	at java.base/jdk.internal.reflect.DelegatingMethodAccessorImpl.invoke(DelegatingMethodAccessorImpl.java:43)
	at java.base/java.lang.reflect.Method.invoke(Method.java:566)
	at org.testng.internal.MethodInvocationHelper.invokeMethod(MethodInvocationHelper.java:132)
	at org.testng.internal.TestInvoker.invokeMethod(TestInvoker.java:599)
	at org.testng.internal.TestInvoker.retryFailed(TestInvoker.java:214)
	at org.testng.internal.MethodRunner.runInSequence(MethodRunner.java:58)
	at org.testng.internal.TestInvoker$MethodInvocationAgent.invoke(TestInvoker.java:822)
	at org.testng.internal.TestInvoker.invokeTestMethods(TestInvoker.java:147)
	at org.testng.internal.TestMethodWorker.invokeTestMethods(TestMethodWorker.java:146)
	at org.testng.internal.TestMethodWorker.run(TestMethodWorker.java:128)
	at java.base/java.util.concurrent.ThreadPoolExecutor.runWorker(ThreadPoolExecutor.java:1128)
	at java.base/java.util.concurrent.ThreadPoolExecutor$Worker.run(ThreadPoolExecutor.java:628)
	at java.base/java.lang.Thread.run(Thread.java:834)

2021-04-03 17:06:32,783 TestNG-test=Mortgage_Calculator-1 ERROR FileManager (logs/${ctx:threadName}.log) java.io.IOException: The filename, directory name, or volume label syntax is incorrect java.io.IOException: The filename, directory name, or volume label syntax is incorrect
	at java.base/java.io.WinNTFileSystem.canonicalize0(Native Method)
	at java.base/java.io.WinNTFileSystem.canonicalize(WinNTFileSystem.java:438)
	at java.base/java.io.File.getCanonicalPath(File.java:620)
	at java.base/java.io.File.getCanonicalFile(File.java:645)
	at org.apache.logging.log4j.core.util.FileUtils.makeParentDirs(FileUtils.java:133)
	at org.apache.logging.log4j.core.appender.FileManager$FileManagerFactory.createManager(FileManager.java:434)
	at org.apache.logging.log4j.core.appender.FileManager$FileManagerFactory.createManager(FileManager.java:422)
	at org.apache.logging.log4j.core.appender.AbstractManager.getManager(AbstractManager.java:113)
	at org.apache.logging.log4j.core.appender.OutputStreamManager.getManager(OutputStreamManager.java:100)
	at org.apache.logging.log4j.core.appender.FileManager.getFileManager(FileManager.java:182)
	at org.apache.logging.log4j.core.appender.FileAppender$Builder.build(FileAppender.java:96)
	at org.apache.logging.log4j.core.appender.FileAppender$Builder.build(FileAppender.java:52)
	at org.apache.logging.log4j.core.config.plugins.util.PluginBuilder.build(PluginBuilder.java:122)
	at org.apache.logging.log4j.core.config.AbstractConfiguration.createPluginObject(AbstractConfiguration.java:1002)
	at org.apache.logging.log4j.core.config.AbstractConfiguration.createConfiguration(AbstractConfiguration.java:942)
	at org.apache.logging.log4j.core.appender.routing.RoutingAppender.createAppender(RoutingAppender.java:299)
	at org.apache.logging.log4j.core.appender.routing.RoutingAppender.getControl(RoutingAppender.java:271)
	at org.apache.logging.log4j.core.appender.routing.RoutingAppender.append(RoutingAppender.java:229)
	at org.apache.logging.log4j.core.config.AppenderControl.tryCallAppender(AppenderControl.java:156)
	at org.apache.logging.log4j.core.config.AppenderControl.callAppender0(AppenderControl.java:129)
	at org.apache.logging.log4j.core.config.AppenderControl.callAppenderPreventRecursion(AppenderControl.java:120)
	at org.apache.logging.log4j.core.config.AppenderControl.callAppender(AppenderControl.java:84)
	at org.apache.logging.log4j.core.config.LoggerConfig.callAppenders(LoggerConfig.java:543)
	at org.apache.logging.log4j.core.config.LoggerConfig.processLogEvent(LoggerConfig.java:502)
	at org.apache.logging.log4j.core.config.LoggerConfig.log(LoggerConfig.java:485)
	at org.apache.logging.log4j.core.config.LoggerConfig.log(LoggerConfig.java:460)
	at org.apache.logging.log4j.core.config.AwaitCompletionReliabilityStrategy.log(AwaitCompletionReliabilityStrategy.java:82)
	at org.apache.logging.log4j.core.Logger.log(Logger.java:161)
	at org.apache.logging.log4j.spi.AbstractLogger.tryLogMessage(AbstractLogger.java:2198)
	at org.apache.logging.log4j.spi.AbstractLogger.logMessageTrackRecursion(AbstractLogger.java:2152)
	at org.apache.logging.log4j.spi.AbstractLogger.logMessageSafely(AbstractLogger.java:2135)
	at org.apache.logging.log4j.spi.AbstractLogger.logMessage(AbstractLogger.java:2011)
	at org.apache.logging.log4j.spi.AbstractLogger.logIfEnabled(AbstractLogger.java:1983)
	at org.apache.logging.log4j.spi.AbstractLogger.debug(AbstractLogger.java:327)
	at page_objects.RealApr.typeInterestRate(RealApr.java:54)
	at automation_test.mortgage_calculator.CalculateApr.calculateRealApr(CalculateApr.java:51)
	at java.base/jdk.internal.reflect.NativeMethodAccessorImpl.invoke0(Native Method)
	at java.base/jdk.internal.reflect.NativeMethodAccessorImpl.invoke(NativeMethodAccessorImpl.java:62)
	at java.base/jdk.internal.reflect.DelegatingMethodAccessorImpl.invoke(DelegatingMethodAccessorImpl.java:43)
	at java.base/java.lang.reflect.Method.invoke(Method.java:566)
	at org.testng.internal.MethodInvocationHelper.invokeMethod(MethodInvocationHelper.java:132)
	at org.testng.internal.TestInvoker.invokeMethod(TestInvoker.java:599)
	at org.testng.internal.TestInvoker.retryFailed(TestInvoker.java:214)
	at org.testng.internal.MethodRunner.runInSequence(MethodRunner.java:58)
	at org.testng.internal.TestInvoker$MethodInvocationAgent.invoke(TestInvoker.java:822)
	at org.testng.internal.TestInvoker.invokeTestMethods(TestInvoker.java:147)
	at org.testng.internal.TestMethodWorker.invokeTestMethods(TestMethodWorker.java:146)
	at org.testng.internal.TestMethodWorker.run(TestMethodWorker.java:128)
	at java.base/java.util.concurrent.ThreadPoolExecutor.runWorker(ThreadPoolExecutor.java:1128)
	at java.base/java.util.concurrent.ThreadPoolExecutor$Worker.run(ThreadPoolExecutor.java:628)
	at java.base/java.lang.Thread.run(Thread.java:834)

2021-04-03 17:06:32,785 TestNG-test=Mortgage_Calculator-1 ERROR Could not create plugin of type class org.apache.logging.log4j.core.appender.FileAppender for element File: java.lang.IllegalStateException: ManagerFactory [org.apache.logging.log4j.core.appender.FileManager$FileManagerFactory@6f4b3b3a] unable to create manager for [logs/${ctx:threadName}.log] with data [org.apache.logging.log4j.core.appender.FileManager$FactoryData@4fd02b15] java.lang.IllegalStateException: ManagerFactory [org.apache.logging.log4j.core.appender.FileManager$FileManagerFactory@6f4b3b3a] unable to create manager for [logs/${ctx:threadName}.log] with data [org.apache.logging.log4j.core.appender.FileManager$FactoryData@4fd02b15]
	at org.apache.logging.log4j.core.appender.AbstractManager.getManager(AbstractManager.java:115)
	at org.apache.logging.log4j.core.appender.OutputStreamManager.getManager(OutputStreamManager.java:100)
	at org.apache.logging.log4j.core.appender.FileManager.getFileManager(FileManager.java:182)
	at org.apache.logging.log4j.core.appender.FileAppender$Builder.build(FileAppender.java:96)
	at org.apache.logging.log4j.core.appender.FileAppender$Builder.build(FileAppender.java:52)
	at org.apache.logging.log4j.core.config.plugins.util.PluginBuilder.build(PluginBuilder.java:122)
	at org.apache.logging.log4j.core.config.AbstractConfiguration.createPluginObject(AbstractConfiguration.java:1002)
	at org.apache.logging.log4j.core.config.AbstractConfiguration.createConfiguration(AbstractConfiguration.java:942)
	at org.apache.logging.log4j.core.appender.routing.RoutingAppender.createAppender(RoutingAppender.java:299)
	at org.apache.logging.log4j.core.appender.routing.RoutingAppender.getControl(RoutingAppender.java:271)
	at org.apache.logging.log4j.core.appender.routing.RoutingAppender.append(RoutingAppender.java:229)
	at org.apache.logging.log4j.core.config.AppenderControl.tryCallAppender(AppenderControl.java:156)
	at org.apache.logging.log4j.core.config.AppenderControl.callAppender0(AppenderControl.java:129)
	at org.apache.logging.log4j.core.config.AppenderControl.callAppenderPreventRecursion(AppenderControl.java:120)
	at org.apache.logging.log4j.core.config.AppenderControl.callAppender(AppenderControl.java:84)
	at org.apache.logging.log4j.core.config.LoggerConfig.callAppenders(LoggerConfig.java:543)
	at org.apache.logging.log4j.core.config.LoggerConfig.processLogEvent(LoggerConfig.java:502)
	at org.apache.logging.log4j.core.config.LoggerConfig.log(LoggerConfig.java:485)
	at org.apache.logging.log4j.core.config.LoggerConfig.log(LoggerConfig.java:460)
	at org.apache.logging.log4j.core.config.AwaitCompletionReliabilityStrategy.log(AwaitCompletionReliabilityStrategy.java:82)
	at org.apache.logging.log4j.core.Logger.log(Logger.java:161)
	at org.apache.logging.log4j.spi.AbstractLogger.tryLogMessage(AbstractLogger.java:2198)
	at org.apache.logging.log4j.spi.AbstractLogger.logMessageTrackRecursion(AbstractLogger.java:2152)
	at org.apache.logging.log4j.spi.AbstractLogger.logMessageSafely(AbstractLogger.java:2135)
	at org.apache.logging.log4j.spi.AbstractLogger.logMessage(AbstractLogger.java:2011)
	at org.apache.logging.log4j.spi.AbstractLogger.logIfEnabled(AbstractLogger.java:1983)
	at org.apache.logging.log4j.spi.AbstractLogger.debug(AbstractLogger.java:327)
	at page_objects.RealApr.typeInterestRate(RealApr.java:54)
	at automation_test.mortgage_calculator.CalculateApr.calculateRealApr(CalculateApr.java:51)
	at java.base/jdk.internal.reflect.NativeMethodAccessorImpl.invoke0(Native Method)
	at java.base/jdk.internal.reflect.NativeMethodAccessorImpl.invoke(NativeMethodAccessorImpl.java:62)
	at java.base/jdk.internal.reflect.DelegatingMethodAccessorImpl.invoke(DelegatingMethodAccessorImpl.java:43)
	at java.base/java.lang.reflect.Method.invoke(Method.java:566)
	at org.testng.internal.MethodInvocationHelper.invokeMethod(MethodInvocationHelper.java:132)
	at org.testng.internal.TestInvoker.invokeMethod(TestInvoker.java:599)
	at org.testng.internal.TestInvoker.retryFailed(TestInvoker.java:214)
	at org.testng.internal.MethodRunner.runInSequence(MethodRunner.java:58)
	at org.testng.internal.TestInvoker$MethodInvocationAgent.invoke(TestInvoker.java:822)
	at org.testng.internal.TestInvoker.invokeTestMethods(TestInvoker.java:147)
	at org.testng.internal.TestMethodWorker.invokeTestMethods(TestMethodWorker.java:146)
	at org.testng.internal.TestMethodWorker.run(TestMethodWorker.java:128)
	at java.base/java.util.concurrent.ThreadPoolExecutor.runWorker(ThreadPoolExecutor.java:1128)
	at java.base/java.util.concurrent.ThreadPoolExecutor$Worker.run(ThreadPoolExecutor.java:628)
	at java.base/java.lang.Thread.run(Thread.java:834)

2021-04-03 17:06:32,786 TestNG-test=Mortgage_Calculator-1 ERROR Unable to invoke factory method in class org.apache.logging.log4j.core.appender.FileAppender for element File: java.lang.IllegalStateException: No factory method found for class org.apache.logging.log4j.core.appender.FileAppender java.lang.IllegalStateException: No factory method found for class org.apache.logging.log4j.core.appender.FileAppender
	at org.apache.logging.log4j.core.config.plugins.util.PluginBuilder.findFactoryMethod(PluginBuilder.java:234)
	at org.apache.logging.log4j.core.config.plugins.util.PluginBuilder.build(PluginBuilder.java:134)
	at org.apache.logging.log4j.core.config.AbstractConfiguration.createPluginObject(AbstractConfiguration.java:1002)
	at org.apache.logging.log4j.core.config.AbstractConfiguration.createConfiguration(AbstractConfiguration.java:942)
	at org.apache.logging.log4j.core.appender.routing.RoutingAppender.createAppender(RoutingAppender.java:299)
	at org.apache.logging.log4j.core.appender.routing.RoutingAppender.getControl(RoutingAppender.java:271)
	at org.apache.logging.log4j.core.appender.routing.RoutingAppender.append(RoutingAppender.java:229)
	at org.apache.logging.log4j.core.config.AppenderControl.tryCallAppender(AppenderControl.java:156)
	at org.apache.logging.log4j.core.config.AppenderControl.callAppender0(AppenderControl.java:129)
	at org.apache.logging.log4j.core.config.AppenderControl.callAppenderPreventRecursion(AppenderControl.java:120)
	at org.apache.logging.log4j.core.config.AppenderControl.callAppender(AppenderControl.java:84)
	at org.apache.logging.log4j.core.config.LoggerConfig.callAppenders(LoggerConfig.java:543)
	at org.apache.logging.log4j.core.config.LoggerConfig.processLogEvent(LoggerConfig.java:502)
	at org.apache.logging.log4j.core.config.LoggerConfig.log(LoggerConfig.java:485)
	at org.apache.logging.log4j.core.config.LoggerConfig.log(LoggerConfig.java:460)
	at org.apache.logging.log4j.core.config.AwaitCompletionReliabilityStrategy.log(AwaitCompletionReliabilityStrategy.java:82)
	at org.apache.logging.log4j.core.Logger.log(Logger.java:161)
	at org.apache.logging.log4j.spi.AbstractLogger.tryLogMessage(AbstractLogger.java:2198)
	at org.apache.logging.log4j.spi.AbstractLogger.logMessageTrackRecursion(AbstractLogger.java:2152)
	at org.apache.logging.log4j.spi.AbstractLogger.logMessageSafely(AbstractLogger.java:2135)
	at org.apache.logging.log4j.spi.AbstractLogger.logMessage(AbstractLogger.java:2011)
	at org.apache.logging.log4j.spi.AbstractLogger.logIfEnabled(AbstractLogger.java:1983)
	at org.apache.logging.log4j.spi.AbstractLogger.debug(AbstractLogger.java:327)
	at page_objects.RealApr.typeInterestRate(RealApr.java:54)
	at automation_test.mortgage_calculator.CalculateApr.calculateRealApr(CalculateApr.java:51)
	at java.base/jdk.internal.reflect.NativeMethodAccessorImpl.invoke0(Native Method)
	at java.base/jdk.internal.reflect.NativeMethodAccessorImpl.invoke(NativeMethodAccessorImpl.java:62)
	at java.base/jdk.internal.reflect.DelegatingMethodAccessorImpl.invoke(DelegatingMethodAccessorImpl.java:43)
	at java.base/java.lang.reflect.Method.invoke(Method.java:566)
	at org.testng.internal.MethodInvocationHelper.invokeMethod(MethodInvocationHelper.java:132)
	at org.testng.internal.TestInvoker.invokeMethod(TestInvoker.java:599)
	at org.testng.internal.TestInvoker.retryFailed(TestInvoker.java:214)
	at org.testng.internal.MethodRunner.runInSequence(MethodRunner.java:58)
	at org.testng.internal.TestInvoker$MethodInvocationAgent.invoke(TestInvoker.java:822)
	at org.testng.internal.TestInvoker.invokeTestMethods(TestInvoker.java:147)
	at org.testng.internal.TestMethodWorker.invokeTestMethods(TestMethodWorker.java:146)
	at org.testng.internal.TestMethodWorker.run(TestMethodWorker.java:128)
	at java.base/java.util.concurrent.ThreadPoolExecutor.runWorker(ThreadPoolExecutor.java:1128)
	at java.base/java.util.concurrent.ThreadPoolExecutor$Worker.run(ThreadPoolExecutor.java:628)
	at java.base/java.lang.Thread.run(Thread.java:834)

2021-04-03 17:06:33,178 TestNG-test=Mortgage_Calculator-1 ERROR FileManager (logs/${ctx:threadName}.log) java.io.IOException: The filename, directory name, or volume label syntax is incorrect java.io.IOException: The filename, directory name, or volume label syntax is incorrect
	at java.base/java.io.WinNTFileSystem.canonicalize0(Native Method)
	at java.base/java.io.WinNTFileSystem.canonicalize(WinNTFileSystem.java:438)
	at java.base/java.io.File.getCanonicalPath(File.java:620)
	at java.base/java.io.File.getCanonicalFile(File.java:645)
	at org.apache.logging.log4j.core.util.FileUtils.makeParentDirs(FileUtils.java:133)
	at org.apache.logging.log4j.core.appender.FileManager$FileManagerFactory.createManager(FileManager.java:434)
	at org.apache.logging.log4j.core.appender.FileManager$FileManagerFactory.createManager(FileManager.java:422)
	at org.apache.logging.log4j.core.appender.AbstractManager.getManager(AbstractManager.java:113)
	at org.apache.logging.log4j.core.appender.OutputStreamManager.getManager(OutputStreamManager.java:100)
	at org.apache.logging.log4j.core.appender.FileManager.getFileManager(FileManager.java:182)
	at org.apache.logging.log4j.core.appender.FileAppender$Builder.build(FileAppender.java:96)
	at org.apache.logging.log4j.core.appender.FileAppender$Builder.build(FileAppender.java:52)
	at org.apache.logging.log4j.core.config.plugins.util.PluginBuilder.build(PluginBuilder.java:122)
	at org.apache.logging.log4j.core.config.AbstractConfiguration.createPluginObject(AbstractConfiguration.java:1002)
	at org.apache.logging.log4j.core.config.AbstractConfiguration.createConfiguration(AbstractConfiguration.java:942)
	at org.apache.logging.log4j.core.appender.routing.RoutingAppender.createAppender(RoutingAppender.java:299)
	at org.apache.logging.log4j.core.appender.routing.RoutingAppender.getControl(RoutingAppender.java:271)
	at org.apache.logging.log4j.core.appender.routing.RoutingAppender.append(RoutingAppender.java:229)
	at org.apache.logging.log4j.core.config.AppenderControl.tryCallAppender(AppenderControl.java:156)
	at org.apache.logging.log4j.core.config.AppenderControl.callAppender0(AppenderControl.java:129)
	at org.apache.logging.log4j.core.config.AppenderControl.callAppenderPreventRecursion(AppenderControl.java:120)
	at org.apache.logging.log4j.core.config.AppenderControl.callAppender(AppenderControl.java:84)
	at org.apache.logging.log4j.core.config.LoggerConfig.callAppenders(LoggerConfig.java:543)
	at org.apache.logging.log4j.core.config.LoggerConfig.processLogEvent(LoggerConfig.java:502)
	at org.apache.logging.log4j.core.config.LoggerConfig.log(LoggerConfig.java:485)
	at org.apache.logging.log4j.core.config.LoggerConfig.log(LoggerConfig.java:460)
	at org.apache.logging.log4j.core.config.AwaitCompletionReliabilityStrategy.log(AwaitCompletionReliabilityStrategy.java:82)
	at org.apache.logging.log4j.core.Logger.log(Logger.java:161)
	at org.apache.logging.log4j.spi.AbstractLogger.tryLogMessage(AbstractLogger.java:2198)
	at org.apache.logging.log4j.spi.AbstractLogger.logMessageTrackRecursion(AbstractLogger.java:2152)
	at org.apache.logging.log4j.spi.AbstractLogger.logMessageSafely(AbstractLogger.java:2135)
	at org.apache.logging.log4j.spi.AbstractLogger.logMessage(AbstractLogger.java:2011)
	at org.apache.logging.log4j.spi.AbstractLogger.logIfEnabled(AbstractLogger.java:1983)
	at org.apache.logging.log4j.spi.AbstractLogger.debug(AbstractLogger.java:327)
	at page_objects.RealApr.typeLength(RealApr.java:60)
	at automation_test.mortgage_calculator.CalculateApr.calculateRealApr(CalculateApr.java:52)
	at java.base/jdk.internal.reflect.NativeMethodAccessorImpl.invoke0(Native Method)
	at java.base/jdk.internal.reflect.NativeMethodAccessorImpl.invoke(NativeMethodAccessorImpl.java:62)
	at java.base/jdk.internal.reflect.DelegatingMethodAccessorImpl.invoke(DelegatingMethodAccessorImpl.java:43)
	at java.base/java.lang.reflect.Method.invoke(Method.java:566)
	at org.testng.internal.MethodInvocationHelper.invokeMethod(MethodInvocationHelper.java:132)
	at org.testng.internal.TestInvoker.invokeMethod(TestInvoker.java:599)
	at org.testng.internal.TestInvoker.retryFailed(TestInvoker.java:214)
	at org.testng.internal.MethodRunner.runInSequence(MethodRunner.java:58)
	at org.testng.internal.TestInvoker$MethodInvocationAgent.invoke(TestInvoker.java:822)
	at org.testng.internal.TestInvoker.invokeTestMethods(TestInvoker.java:147)
	at org.testng.internal.TestMethodWorker.invokeTestMethods(TestMethodWorker.java:146)
	at org.testng.internal.TestMethodWorker.run(TestMethodWorker.java:128)
	at java.base/java.util.concurrent.ThreadPoolExecutor.runWorker(ThreadPoolExecutor.java:1128)
	at java.base/java.util.concurrent.ThreadPoolExecutor$Worker.run(ThreadPoolExecutor.java:628)
	at java.base/java.lang.Thread.run(Thread.java:834)

2021-04-03 17:06:33,179 TestNG-test=Mortgage_Calculator-1 ERROR Could not create plugin of type class org.apache.logging.log4j.core.appender.FileAppender for element File: java.lang.IllegalStateException: ManagerFactory [org.apache.logging.log4j.core.appender.FileManager$FileManagerFactory@6f4b3b3a] unable to create manager for [logs/${ctx:threadName}.log] with data [org.apache.logging.log4j.core.appender.FileManager$FactoryData@24bb00] java.lang.IllegalStateException: ManagerFactory [org.apache.logging.log4j.core.appender.FileManager$FileManagerFactory@6f4b3b3a] unable to create manager for [logs/${ctx:threadName}.log] with data [org.apache.logging.log4j.core.appender.FileManager$FactoryData@24bb00]
	at org.apache.logging.log4j.core.appender.AbstractManager.getManager(AbstractManager.java:115)
	at org.apache.logging.log4j.core.appender.OutputStreamManager.getManager(OutputStreamManager.java:100)
	at org.apache.logging.log4j.core.appender.FileManager.getFileManager(FileManager.java:182)
	at org.apache.logging.log4j.core.appender.FileAppender$Builder.build(FileAppender.java:96)
	at org.apache.logging.log4j.core.appender.FileAppender$Builder.build(FileAppender.java:52)
	at org.apache.logging.log4j.core.config.plugins.util.PluginBuilder.build(PluginBuilder.java:122)
	at org.apache.logging.log4j.core.config.AbstractConfiguration.createPluginObject(AbstractConfiguration.java:1002)
	at org.apache.logging.log4j.core.config.AbstractConfiguration.createConfiguration(AbstractConfiguration.java:942)
	at org.apache.logging.log4j.core.appender.routing.RoutingAppender.createAppender(RoutingAppender.java:299)
	at org.apache.logging.log4j.core.appender.routing.RoutingAppender.getControl(RoutingAppender.java:271)
	at org.apache.logging.log4j.core.appender.routing.RoutingAppender.append(RoutingAppender.java:229)
	at org.apache.logging.log4j.core.config.AppenderControl.tryCallAppender(AppenderControl.java:156)
	at org.apache.logging.log4j.core.config.AppenderControl.callAppender0(AppenderControl.java:129)
	at org.apache.logging.log4j.core.config.AppenderControl.callAppenderPreventRecursion(AppenderControl.java:120)
	at org.apache.logging.log4j.core.config.AppenderControl.callAppender(AppenderControl.java:84)
	at org.apache.logging.log4j.core.config.LoggerConfig.callAppenders(LoggerConfig.java:543)
	at org.apache.logging.log4j.core.config.LoggerConfig.processLogEvent(LoggerConfig.java:502)
	at org.apache.logging.log4j.core.config.LoggerConfig.log(LoggerConfig.java:485)
	at org.apache.logging.log4j.core.config.LoggerConfig.log(LoggerConfig.java:460)
	at org.apache.logging.log4j.core.config.AwaitCompletionReliabilityStrategy.log(AwaitCompletionReliabilityStrategy.java:82)
	at org.apache.logging.log4j.core.Logger.log(Logger.java:161)
	at org.apache.logging.log4j.spi.AbstractLogger.tryLogMessage(AbstractLogger.java:2198)
	at org.apache.logging.log4j.spi.AbstractLogger.logMessageTrackRecursion(AbstractLogger.java:2152)
	at org.apache.logging.log4j.spi.AbstractLogger.logMessageSafely(AbstractLogger.java:2135)
	at org.apache.logging.log4j.spi.AbstractLogger.logMessage(AbstractLogger.java:2011)
	at org.apache.logging.log4j.spi.AbstractLogger.logIfEnabled(AbstractLogger.java:1983)
	at org.apache.logging.log4j.spi.AbstractLogger.debug(AbstractLogger.java:327)
	at page_objects.RealApr.typeLength(RealApr.java:60)
	at automation_test.mortgage_calculator.CalculateApr.calculateRealApr(CalculateApr.java:52)
	at java.base/jdk.internal.reflect.NativeMethodAccessorImpl.invoke0(Native Method)
	at java.base/jdk.internal.reflect.NativeMethodAccessorImpl.invoke(NativeMethodAccessorImpl.java:62)
	at java.base/jdk.internal.reflect.DelegatingMethodAccessorImpl.invoke(DelegatingMethodAccessorImpl.java:43)
	at java.base/java.lang.reflect.Method.invoke(Method.java:566)
	at org.testng.internal.MethodInvocationHelper.invokeMethod(MethodInvocationHelper.java:132)
	at org.testng.internal.TestInvoker.invokeMethod(TestInvoker.java:599)
	at org.testng.internal.TestInvoker.retryFailed(TestInvoker.java:214)
	at org.testng.internal.MethodRunner.runInSequence(MethodRunner.java:58)
	at org.testng.internal.TestInvoker$MethodInvocationAgent.invoke(TestInvoker.java:822)
	at org.testng.internal.TestInvoker.invokeTestMethods(TestInvoker.java:147)
	at org.testng.internal.TestMethodWorker.invokeTestMethods(TestMethodWorker.java:146)
	at org.testng.internal.TestMethodWorker.run(TestMethodWorker.java:128)
	at java.base/java.util.concurrent.ThreadPoolExecutor.runWorker(ThreadPoolExecutor.java:1128)
	at java.base/java.util.concurrent.ThreadPoolExecutor$Worker.run(ThreadPoolExecutor.java:628)
	at java.base/java.lang.Thread.run(Thread.java:834)

2021-04-03 17:06:33,179 TestNG-test=Mortgage_Calculator-1 ERROR Unable to invoke factory method in class org.apache.logging.log4j.core.appender.FileAppender for element File: java.lang.IllegalStateException: No factory method found for class org.apache.logging.log4j.core.appender.FileAppender java.lang.IllegalStateException: No factory method found for class org.apache.logging.log4j.core.appender.FileAppender
	at org.apache.logging.log4j.core.config.plugins.util.PluginBuilder.findFactoryMethod(PluginBuilder.java:234)
	at org.apache.logging.log4j.core.config.plugins.util.PluginBuilder.build(PluginBuilder.java:134)
	at org.apache.logging.log4j.core.config.AbstractConfiguration.createPluginObject(AbstractConfiguration.java:1002)
	at org.apache.logging.log4j.core.config.AbstractConfiguration.createConfiguration(AbstractConfiguration.java:942)
	at org.apache.logging.log4j.core.appender.routing.RoutingAppender.createAppender(RoutingAppender.java:299)
	at org.apache.logging.log4j.core.appender.routing.RoutingAppender.getControl(RoutingAppender.java:271)
	at org.apache.logging.log4j.core.appender.routing.RoutingAppender.append(RoutingAppender.java:229)
	at org.apache.logging.log4j.core.config.AppenderControl.tryCallAppender(AppenderControl.java:156)
	at org.apache.logging.log4j.core.config.AppenderControl.callAppender0(AppenderControl.java:129)
	at org.apache.logging.log4j.core.config.AppenderControl.callAppenderPreventRecursion(AppenderControl.java:120)
	at org.apache.logging.log4j.core.config.AppenderControl.callAppender(AppenderControl.java:84)
	at org.apache.logging.log4j.core.config.LoggerConfig.callAppenders(LoggerConfig.java:543)
	at org.apache.logging.log4j.core.config.LoggerConfig.processLogEvent(LoggerConfig.java:502)
	at org.apache.logging.log4j.core.config.LoggerConfig.log(LoggerConfig.java:485)
	at org.apache.logging.log4j.core.config.LoggerConfig.log(LoggerConfig.java:460)
	at org.apache.logging.log4j.core.config.AwaitCompletionReliabilityStrategy.log(AwaitCompletionReliabilityStrategy.java:82)
	at org.apache.logging.log4j.core.Logger.log(Logger.java:161)
	at org.apache.logging.log4j.spi.AbstractLogger.tryLogMessage(AbstractLogger.java:2198)
	at org.apache.logging.log4j.spi.AbstractLogger.logMessageTrackRecursion(AbstractLogger.java:2152)
	at org.apache.logging.log4j.spi.AbstractLogger.logMessageSafely(AbstractLogger.java:2135)
	at org.apache.logging.log4j.spi.AbstractLogger.logMessage(AbstractLogger.java:2011)
	at org.apache.logging.log4j.spi.AbstractLogger.logIfEnabled(AbstractLogger.java:1983)
	at org.apache.logging.log4j.spi.AbstractLogger.debug(AbstractLogger.java:327)
	at page_objects.RealApr.typeLength(RealApr.java:60)
	at automation_test.mortgage_calculator.CalculateApr.calculateRealApr(CalculateApr.java:52)
	at java.base/jdk.internal.reflect.NativeMethodAccessorImpl.invoke0(Native Method)
	at java.base/jdk.internal.reflect.NativeMethodAccessorImpl.invoke(NativeMethodAccessorImpl.java:62)
	at java.base/jdk.internal.reflect.DelegatingMethodAccessorImpl.invoke(DelegatingMethodAccessorImpl.java:43)
	at java.base/java.lang.reflect.Method.invoke(Method.java:566)
	at org.testng.internal.MethodInvocationHelper.invokeMethod(MethodInvocationHelper.java:132)
	at org.testng.internal.TestInvoker.invokeMethod(TestInvoker.java:599)
	at org.testng.internal.TestInvoker.retryFailed(TestInvoker.java:214)
	at org.testng.internal.MethodRunner.runInSequence(MethodRunner.java:58)
	at org.testng.internal.TestInvoker$MethodInvocationAgent.invoke(TestInvoker.java:822)
	at org.testng.internal.TestInvoker.invokeTestMethods(TestInvoker.java:147)
	at org.testng.internal.TestMethodWorker.invokeTestMethods(TestMethodWorker.java:146)
	at org.testng.internal.TestMethodWorker.run(TestMethodWorker.java:128)
	at java.base/java.util.concurrent.ThreadPoolExecutor.runWorker(ThreadPoolExecutor.java:1128)
	at java.base/java.util.concurrent.ThreadPoolExecutor$Worker.run(ThreadPoolExecutor.java:628)
	at java.base/java.lang.Thread.run(Thread.java:834)

2021-04-03 17:06:33,614 TestNG-test=Mortgage_Calculator-1 ERROR FileManager (logs/${ctx:threadName}.log) java.io.IOException: The filename, directory name, or volume label syntax is incorrect java.io.IOException: The filename, directory name, or volume label syntax is incorrect
	at java.base/java.io.WinNTFileSystem.canonicalize0(Native Method)
	at java.base/java.io.WinNTFileSystem.canonicalize(WinNTFileSystem.java:438)
	at java.base/java.io.File.getCanonicalPath(File.java:620)
	at java.base/java.io.File.getCanonicalFile(File.java:645)
	at org.apache.logging.log4j.core.util.FileUtils.makeParentDirs(FileUtils.java:133)
	at org.apache.logging.log4j.core.appender.FileManager$FileManagerFactory.createManager(FileManager.java:434)
	at org.apache.logging.log4j.core.appender.FileManager$FileManagerFactory.createManager(FileManager.java:422)
	at org.apache.logging.log4j.core.appender.AbstractManager.getManager(AbstractManager.java:113)
	at org.apache.logging.log4j.core.appender.OutputStreamManager.getManager(OutputStreamManager.java:100)
	at org.apache.logging.log4j.core.appender.FileManager.getFileManager(FileManager.java:182)
	at org.apache.logging.log4j.core.appender.FileAppender$Builder.build(FileAppender.java:96)
	at org.apache.logging.log4j.core.appender.FileAppender$Builder.build(FileAppender.java:52)
	at org.apache.logging.log4j.core.config.plugins.util.PluginBuilder.build(PluginBuilder.java:122)
	at org.apache.logging.log4j.core.config.AbstractConfiguration.createPluginObject(AbstractConfiguration.java:1002)
	at org.apache.logging.log4j.core.config.AbstractConfiguration.createConfiguration(AbstractConfiguration.java:942)
	at org.apache.logging.log4j.core.appender.routing.RoutingAppender.createAppender(RoutingAppender.java:299)
	at org.apache.logging.log4j.core.appender.routing.RoutingAppender.getControl(RoutingAppender.java:271)
	at org.apache.logging.log4j.core.appender.routing.RoutingAppender.append(RoutingAppender.java:229)
	at org.apache.logging.log4j.core.config.AppenderControl.tryCallAppender(AppenderControl.java:156)
	at org.apache.logging.log4j.core.config.AppenderControl.callAppender0(AppenderControl.java:129)
	at org.apache.logging.log4j.core.config.AppenderControl.callAppenderPreventRecursion(AppenderControl.java:120)
	at org.apache.logging.log4j.core.config.AppenderControl.callAppender(AppenderControl.java:84)
	at org.apache.logging.log4j.core.config.LoggerConfig.callAppenders(LoggerConfig.java:543)
	at org.apache.logging.log4j.core.config.LoggerConfig.processLogEvent(LoggerConfig.java:502)
	at org.apache.logging.log4j.core.config.LoggerConfig.log(LoggerConfig.java:485)
	at org.apache.logging.log4j.core.config.LoggerConfig.log(LoggerConfig.java:460)
	at org.apache.logging.log4j.core.config.AwaitCompletionReliabilityStrategy.log(AwaitCompletionReliabilityStrategy.java:82)
	at org.apache.logging.log4j.core.Logger.log(Logger.java:161)
	at org.apache.logging.log4j.spi.AbstractLogger.tryLogMessage(AbstractLogger.java:2198)
	at org.apache.logging.log4j.spi.AbstractLogger.logMessageTrackRecursion(AbstractLogger.java:2152)
	at org.apache.logging.log4j.spi.AbstractLogger.logMessageSafely(AbstractLogger.java:2135)
	at org.apache.logging.log4j.spi.AbstractLogger.logMessage(AbstractLogger.java:2011)
	at org.apache.logging.log4j.spi.AbstractLogger.logIfEnabled(AbstractLogger.java:1983)
	at org.apache.logging.log4j.spi.AbstractLogger.debug(AbstractLogger.java:327)
	at page_objects.RealApr.clickCalculateButton(RealApr.java:66)
	at automation_test.mortgage_calculator.CalculateApr.calculateRealApr(CalculateApr.java:53)
	at java.base/jdk.internal.reflect.NativeMethodAccessorImpl.invoke0(Native Method)
	at java.base/jdk.internal.reflect.NativeMethodAccessorImpl.invoke(NativeMethodAccessorImpl.java:62)
	at java.base/jdk.internal.reflect.DelegatingMethodAccessorImpl.invoke(DelegatingMethodAccessorImpl.java:43)
	at java.base/java.lang.reflect.Method.invoke(Method.java:566)
	at org.testng.internal.MethodInvocationHelper.invokeMethod(MethodInvocationHelper.java:132)
	at org.testng.internal.TestInvoker.invokeMethod(TestInvoker.java:599)
	at org.testng.internal.TestInvoker.retryFailed(TestInvoker.java:214)
	at org.testng.internal.MethodRunner.runInSequence(MethodRunner.java:58)
	at org.testng.internal.TestInvoker$MethodInvocationAgent.invoke(TestInvoker.java:822)
	at org.testng.internal.TestInvoker.invokeTestMethods(TestInvoker.java:147)
	at org.testng.internal.TestMethodWorker.invokeTestMethods(TestMethodWorker.java:146)
	at org.testng.internal.TestMethodWorker.run(TestMethodWorker.java:128)
	at java.base/java.util.concurrent.ThreadPoolExecutor.runWorker(ThreadPoolExecutor.java:1128)
	at java.base/java.util.concurrent.ThreadPoolExecutor$Worker.run(ThreadPoolExecutor.java:628)
	at java.base/java.lang.Thread.run(Thread.java:834)

2021-04-03 17:06:33,615 TestNG-test=Mortgage_Calculator-1 ERROR Could not create plugin of type class org.apache.logging.log4j.core.appender.FileAppender for element File: java.lang.IllegalStateException: ManagerFactory [org.apache.logging.log4j.core.appender.FileManager$FileManagerFactory@6f4b3b3a] unable to create manager for [logs/${ctx:threadName}.log] with data [org.apache.logging.log4j.core.appender.FileManager$FactoryData@22e89208] java.lang.IllegalStateException: ManagerFactory [org.apache.logging.log4j.core.appender.FileManager$FileManagerFactory@6f4b3b3a] unable to create manager for [logs/${ctx:threadName}.log] with data [org.apache.logging.log4j.core.appender.FileManager$FactoryData@22e89208]
	at org.apache.logging.log4j.core.appender.AbstractManager.getManager(AbstractManager.java:115)
	at org.apache.logging.log4j.core.appender.OutputStreamManager.getManager(OutputStreamManager.java:100)
	at org.apache.logging.log4j.core.appender.FileManager.getFileManager(FileManager.java:182)
	at org.apache.logging.log4j.core.appender.FileAppender$Builder.build(FileAppender.java:96)
	at org.apache.logging.log4j.core.appender.FileAppender$Builder.build(FileAppender.java:52)
	at org.apache.logging.log4j.core.config.plugins.util.PluginBuilder.build(PluginBuilder.java:122)
	at org.apache.logging.log4j.core.config.AbstractConfiguration.createPluginObject(AbstractConfiguration.java:1002)
	at org.apache.logging.log4j.core.config.AbstractConfiguration.createConfiguration(AbstractConfiguration.java:942)
	at org.apache.logging.log4j.core.appender.routing.RoutingAppender.createAppender(RoutingAppender.java:299)
	at org.apache.logging.log4j.core.appender.routing.RoutingAppender.getControl(RoutingAppender.java:271)
	at org.apache.logging.log4j.core.appender.routing.RoutingAppender.append(RoutingAppender.java:229)
	at org.apache.logging.log4j.core.config.AppenderControl.tryCallAppender(AppenderControl.java:156)
	at org.apache.logging.log4j.core.config.AppenderControl.callAppender0(AppenderControl.java:129)
	at org.apache.logging.log4j.core.config.AppenderControl.callAppenderPreventRecursion(AppenderControl.java:120)
	at org.apache.logging.log4j.core.config.AppenderControl.callAppender(AppenderControl.java:84)
	at org.apache.logging.log4j.core.config.LoggerConfig.callAppenders(LoggerConfig.java:543)
	at org.apache.logging.log4j.core.config.LoggerConfig.processLogEvent(LoggerConfig.java:502)
	at org.apache.logging.log4j.core.config.LoggerConfig.log(LoggerConfig.java:485)
	at org.apache.logging.log4j.core.config.LoggerConfig.log(LoggerConfig.java:460)
	at org.apache.logging.log4j.core.config.AwaitCompletionReliabilityStrategy.log(AwaitCompletionReliabilityStrategy.java:82)
	at org.apache.logging.log4j.core.Logger.log(Logger.java:161)
	at org.apache.logging.log4j.spi.AbstractLogger.tryLogMessage(AbstractLogger.java:2198)
	at org.apache.logging.log4j.spi.AbstractLogger.logMessageTrackRecursion(AbstractLogger.java:2152)
	at org.apache.logging.log4j.spi.AbstractLogger.logMessageSafely(AbstractLogger.java:2135)
	at org.apache.logging.log4j.spi.AbstractLogger.logMessage(AbstractLogger.java:2011)
	at org.apache.logging.log4j.spi.AbstractLogger.logIfEnabled(AbstractLogger.java:1983)
	at org.apache.logging.log4j.spi.AbstractLogger.debug(AbstractLogger.java:327)
	at page_objects.RealApr.clickCalculateButton(RealApr.java:66)
	at automation_test.mortgage_calculator.CalculateApr.calculateRealApr(CalculateApr.java:53)
	at java.base/jdk.internal.reflect.NativeMethodAccessorImpl.invoke0(Native Method)
	at java.base/jdk.internal.reflect.NativeMethodAccessorImpl.invoke(NativeMethodAccessorImpl.java:62)
	at java.base/jdk.internal.reflect.DelegatingMethodAccessorImpl.invoke(DelegatingMethodAccessorImpl.java:43)
	at java.base/java.lang.reflect.Method.invoke(Method.java:566)
	at org.testng.internal.MethodInvocationHelper.invokeMethod(MethodInvocationHelper.java:132)
	at org.testng.internal.TestInvoker.invokeMethod(TestInvoker.java:599)
	at org.testng.internal.TestInvoker.retryFailed(TestInvoker.java:214)
	at org.testng.internal.MethodRunner.runInSequence(MethodRunner.java:58)
	at org.testng.internal.TestInvoker$MethodInvocationAgent.invoke(TestInvoker.java:822)
	at org.testng.internal.TestInvoker.invokeTestMethods(TestInvoker.java:147)
	at org.testng.internal.TestMethodWorker.invokeTestMethods(TestMethodWorker.java:146)
	at org.testng.internal.TestMethodWorker.run(TestMethodWorker.java:128)
	at java.base/java.util.concurrent.ThreadPoolExecutor.runWorker(ThreadPoolExecutor.java:1128)
	at java.base/java.util.concurrent.ThreadPoolExecutor$Worker.run(ThreadPoolExecutor.java:628)
	at java.base/java.lang.Thread.run(Thread.java:834)

2021-04-03 17:06:33,616 TestNG-test=Mortgage_Calculator-1 ERROR Unable to invoke factory method in class org.apache.logging.log4j.core.appender.FileAppender for element File: java.lang.IllegalStateException: No factory method found for class org.apache.logging.log4j.core.appender.FileAppender java.lang.IllegalStateException: No factory method found for class org.apache.logging.log4j.core.appender.FileAppender
	at org.apache.logging.log4j.core.config.plugins.util.PluginBuilder.findFactoryMethod(PluginBuilder.java:234)
	at org.apache.logging.log4j.core.config.plugins.util.PluginBuilder.build(PluginBuilder.java:134)
	at org.apache.logging.log4j.core.config.AbstractConfiguration.createPluginObject(AbstractConfiguration.java:1002)
	at org.apache.logging.log4j.core.config.AbstractConfiguration.createConfiguration(AbstractConfiguration.java:942)
	at org.apache.logging.log4j.core.appender.routing.RoutingAppender.createAppender(RoutingAppender.java:299)
	at org.apache.logging.log4j.core.appender.routing.RoutingAppender.getControl(RoutingAppender.java:271)
	at org.apache.logging.log4j.core.appender.routing.RoutingAppender.append(RoutingAppender.java:229)
	at org.apache.logging.log4j.core.config.AppenderControl.tryCallAppender(AppenderControl.java:156)
	at org.apache.logging.log4j.core.config.AppenderControl.callAppender0(AppenderControl.java:129)
	at org.apache.logging.log4j.core.config.AppenderControl.callAppenderPreventRecursion(AppenderControl.java:120)
	at org.apache.logging.log4j.core.config.AppenderControl.callAppender(AppenderControl.java:84)
	at org.apache.logging.log4j.core.config.LoggerConfig.callAppenders(LoggerConfig.java:543)
	at org.apache.logging.log4j.core.config.LoggerConfig.processLogEvent(LoggerConfig.java:502)
	at org.apache.logging.log4j.core.config.LoggerConfig.log(LoggerConfig.java:485)
	at org.apache.logging.log4j.core.config.LoggerConfig.log(LoggerConfig.java:460)
	at org.apache.logging.log4j.core.config.AwaitCompletionReliabilityStrategy.log(AwaitCompletionReliabilityStrategy.java:82)
	at org.apache.logging.log4j.core.Logger.log(Logger.java:161)
	at org.apache.logging.log4j.spi.AbstractLogger.tryLogMessage(AbstractLogger.java:2198)
	at org.apache.logging.log4j.spi.AbstractLogger.logMessageTrackRecursion(AbstractLogger.java:2152)
	at org.apache.logging.log4j.spi.AbstractLogger.logMessageSafely(AbstractLogger.java:2135)
	at org.apache.logging.log4j.spi.AbstractLogger.logMessage(AbstractLogger.java:2011)
	at org.apache.logging.log4j.spi.AbstractLogger.logIfEnabled(AbstractLogger.java:1983)
	at org.apache.logging.log4j.spi.AbstractLogger.debug(AbstractLogger.java:327)
	at page_objects.RealApr.clickCalculateButton(RealApr.java:66)
	at automation_test.mortgage_calculator.CalculateApr.calculateRealApr(CalculateApr.java:53)
	at java.base/jdk.internal.reflect.NativeMethodAccessorImpl.invoke0(Native Method)
	at java.base/jdk.internal.reflect.NativeMethodAccessorImpl.invoke(NativeMethodAccessorImpl.java:62)
	at java.base/jdk.internal.reflect.DelegatingMethodAccessorImpl.invoke(DelegatingMethodAccessorImpl.java:43)
	at java.base/java.lang.reflect.Method.invoke(Method.java:566)
	at org.testng.internal.MethodInvocationHelper.invokeMethod(MethodInvocationHelper.java:132)
	at org.testng.internal.TestInvoker.invokeMethod(TestInvoker.java:599)
	at org.testng.internal.TestInvoker.retryFailed(TestInvoker.java:214)
	at org.testng.internal.MethodRunner.runInSequence(MethodRunner.java:58)
	at org.testng.internal.TestInvoker$MethodInvocationAgent.invoke(TestInvoker.java:822)
	at org.testng.internal.TestInvoker.invokeTestMethods(TestInvoker.java:147)
	at org.testng.internal.TestMethodWorker.invokeTestMethods(TestMethodWorker.java:146)
	at org.testng.internal.TestMethodWorker.run(TestMethodWorker.java:128)
	at java.base/java.util.concurrent.ThreadPoolExecutor.runWorker(ThreadPoolExecutor.java:1128)
	at java.base/java.util.concurrent.ThreadPoolExecutor$Worker.run(ThreadPoolExecutor.java:628)
	at java.base/java.lang.Thread.run(Thread.java:834)

2021-04-03 17:06:36,057 TestNG-test=Mortgage_Calculator-1 ERROR FileManager (logs/${ctx:threadName}.log) java.io.IOException: The filename, directory name, or volume label syntax is incorrect java.io.IOException: The filename, directory name, or volume label syntax is incorrect
	at java.base/java.io.WinNTFileSystem.canonicalize0(Native Method)
	at java.base/java.io.WinNTFileSystem.canonicalize(WinNTFileSystem.java:438)
	at java.base/java.io.File.getCanonicalPath(File.java:620)
	at java.base/java.io.File.getCanonicalFile(File.java:645)
	at org.apache.logging.log4j.core.util.FileUtils.makeParentDirs(FileUtils.java:133)
	at org.apache.logging.log4j.core.appender.FileManager$FileManagerFactory.createManager(FileManager.java:434)
	at org.apache.logging.log4j.core.appender.FileManager$FileManagerFactory.createManager(FileManager.java:422)
	at org.apache.logging.log4j.core.appender.AbstractManager.getManager(AbstractManager.java:113)
	at org.apache.logging.log4j.core.appender.OutputStreamManager.getManager(OutputStreamManager.java:100)
	at org.apache.logging.log4j.core.appender.FileManager.getFileManager(FileManager.java:182)
	at org.apache.logging.log4j.core.appender.FileAppender$Builder.build(FileAppender.java:96)
	at org.apache.logging.log4j.core.appender.FileAppender$Builder.build(FileAppender.java:52)
	at org.apache.logging.log4j.core.config.plugins.util.PluginBuilder.build(PluginBuilder.java:122)
	at org.apache.logging.log4j.core.config.AbstractConfiguration.createPluginObject(AbstractConfiguration.java:1002)
	at org.apache.logging.log4j.core.config.AbstractConfiguration.createConfiguration(AbstractConfiguration.java:942)
	at org.apache.logging.log4j.core.appender.routing.RoutingAppender.createAppender(RoutingAppender.java:299)
	at org.apache.logging.log4j.core.appender.routing.RoutingAppender.getControl(RoutingAppender.java:271)
	at org.apache.logging.log4j.core.appender.routing.RoutingAppender.append(RoutingAppender.java:229)
	at org.apache.logging.log4j.core.config.AppenderControl.tryCallAppender(AppenderControl.java:156)
	at org.apache.logging.log4j.core.config.AppenderControl.callAppender0(AppenderControl.java:129)
	at org.apache.logging.log4j.core.config.AppenderControl.callAppenderPreventRecursion(AppenderControl.java:120)
	at org.apache.logging.log4j.core.config.AppenderControl.callAppender(AppenderControl.java:84)
	at org.apache.logging.log4j.core.config.LoggerConfig.callAppenders(LoggerConfig.java:543)
	at org.apache.logging.log4j.core.config.LoggerConfig.processLogEvent(LoggerConfig.java:502)
	at org.apache.logging.log4j.core.config.LoggerConfig.log(LoggerConfig.java:485)
	at org.apache.logging.log4j.core.config.LoggerConfig.log(LoggerConfig.java:460)
	at org.apache.logging.log4j.core.config.AwaitCompletionReliabilityStrategy.log(AwaitCompletionReliabilityStrategy.java:82)
	at org.apache.logging.log4j.core.Logger.log(Logger.java:161)
	at org.apache.logging.log4j.spi.AbstractLogger.tryLogMessage(AbstractLogger.java:2198)
	at org.apache.logging.log4j.spi.AbstractLogger.logMessageTrackRecursion(AbstractLogger.java:2152)
	at org.apache.logging.log4j.spi.AbstractLogger.logMessageSafely(AbstractLogger.java:2135)
	at org.apache.logging.log4j.spi.AbstractLogger.logMessage(AbstractLogger.java:2011)
	at org.apache.logging.log4j.spi.AbstractLogger.logIfEnabled(AbstractLogger.java:1983)
	at org.apache.logging.log4j.spi.AbstractLogger.debug(AbstractLogger.java:327)
	at page_objects.RealApr.validateAPR(RealApr.java:75)
	at automation_test.mortgage_calculator.CalculateApr.calculateRealApr(CalculateApr.java:55)
	at java.base/jdk.internal.reflect.NativeMethodAccessorImpl.invoke0(Native Method)
	at java.base/jdk.internal.reflect.NativeMethodAccessorImpl.invoke(NativeMethodAccessorImpl.java:62)
	at java.base/jdk.internal.reflect.DelegatingMethodAccessorImpl.invoke(DelegatingMethodAccessorImpl.java:43)
	at java.base/java.lang.reflect.Method.invoke(Method.java:566)
	at org.testng.internal.MethodInvocationHelper.invokeMethod(MethodInvocationHelper.java:132)
	at org.testng.internal.TestInvoker.invokeMethod(TestInvoker.java:599)
	at org.testng.internal.TestInvoker.retryFailed(TestInvoker.java:214)
	at org.testng.internal.MethodRunner.runInSequence(MethodRunner.java:58)
	at org.testng.internal.TestInvoker$MethodInvocationAgent.invoke(TestInvoker.java:822)
	at org.testng.internal.TestInvoker.invokeTestMethods(TestInvoker.java:147)
	at org.testng.internal.TestMethodWorker.invokeTestMethods(TestMethodWorker.java:146)
	at org.testng.internal.TestMethodWorker.run(TestMethodWorker.java:128)
	at java.base/java.util.concurrent.ThreadPoolExecutor.runWorker(ThreadPoolExecutor.java:1128)
	at java.base/java.util.concurrent.ThreadPoolExecutor$Worker.run(ThreadPoolExecutor.java:628)
	at java.base/java.lang.Thread.run(Thread.java:834)

2021-04-03 17:06:36,058 TestNG-test=Mortgage_Calculator-1 ERROR Could not create plugin of type class org.apache.logging.log4j.core.appender.FileAppender for element File: java.lang.IllegalStateException: ManagerFactory [org.apache.logging.log4j.core.appender.FileManager$FileManagerFactory@6f4b3b3a] unable to create manager for [logs/${ctx:threadName}.log] with data [org.apache.logging.log4j.core.appender.FileManager$FactoryData@74479489] java.lang.IllegalStateException: ManagerFactory [org.apache.logging.log4j.core.appender.FileManager$FileManagerFactory@6f4b3b3a] unable to create manager for [logs/${ctx:threadName}.log] with data [org.apache.logging.log4j.core.appender.FileManager$FactoryData@74479489]
	at org.apache.logging.log4j.core.appender.AbstractManager.getManager(AbstractManager.java:115)
	at org.apache.logging.log4j.core.appender.OutputStreamManager.getManager(OutputStreamManager.java:100)
	at org.apache.logging.log4j.core.appender.FileManager.getFileManager(FileManager.java:182)
	at org.apache.logging.log4j.core.appender.FileAppender$Builder.build(FileAppender.java:96)
	at org.apache.logging.log4j.core.appender.FileAppender$Builder.build(FileAppender.java:52)
	at org.apache.logging.log4j.core.config.plugins.util.PluginBuilder.build(PluginBuilder.java:122)
	at org.apache.logging.log4j.core.config.AbstractConfiguration.createPluginObject(AbstractConfiguration.java:1002)
	at org.apache.logging.log4j.core.config.AbstractConfiguration.createConfiguration(AbstractConfiguration.java:942)
	at org.apache.logging.log4j.core.appender.routing.RoutingAppender.createAppender(RoutingAppender.java:299)
	at org.apache.logging.log4j.core.appender.routing.RoutingAppender.getControl(RoutingAppender.java:271)
	at org.apache.logging.log4j.core.appender.routing.RoutingAppender.append(RoutingAppender.java:229)
	at org.apache.logging.log4j.core.config.AppenderControl.tryCallAppender(AppenderControl.java:156)
	at org.apache.logging.log4j.core.config.AppenderControl.callAppender0(AppenderControl.java:129)
	at org.apache.logging.log4j.core.config.AppenderControl.callAppenderPreventRecursion(AppenderControl.java:120)
	at org.apache.logging.log4j.core.config.AppenderControl.callAppender(AppenderControl.java:84)
	at org.apache.logging.log4j.core.config.LoggerConfig.callAppenders(LoggerConfig.java:543)
	at org.apache.logging.log4j.core.config.LoggerConfig.processLogEvent(LoggerConfig.java:502)
	at org.apache.logging.log4j.core.config.LoggerConfig.log(LoggerConfig.java:485)
	at org.apache.logging.log4j.core.config.LoggerConfig.log(LoggerConfig.java:460)
	at org.apache.logging.log4j.core.config.AwaitCompletionReliabilityStrategy.log(AwaitCompletionReliabilityStrategy.java:82)
	at org.apache.logging.log4j.core.Logger.log(Logger.java:161)
	at org.apache.logging.log4j.spi.AbstractLogger.tryLogMessage(AbstractLogger.java:2198)
	at org.apache.logging.log4j.spi.AbstractLogger.logMessageTrackRecursion(AbstractLogger.java:2152)
	at org.apache.logging.log4j.spi.AbstractLogger.logMessageSafely(AbstractLogger.java:2135)
	at org.apache.logging.log4j.spi.AbstractLogger.logMessage(AbstractLogger.java:2011)
	at org.apache.logging.log4j.spi.AbstractLogger.logIfEnabled(AbstractLogger.java:1983)
	at org.apache.logging.log4j.spi.AbstractLogger.debug(AbstractLogger.java:327)
	at page_objects.RealApr.validateAPR(RealApr.java:75)
	at automation_test.mortgage_calculator.CalculateApr.calculateRealApr(CalculateApr.java:55)
	at java.base/jdk.internal.reflect.NativeMethodAccessorImpl.invoke0(Native Method)
	at java.base/jdk.internal.reflect.NativeMethodAccessorImpl.invoke(NativeMethodAccessorImpl.java:62)
	at java.base/jdk.internal.reflect.DelegatingMethodAccessorImpl.invoke(DelegatingMethodAccessorImpl.java:43)
	at java.base/java.lang.reflect.Method.invoke(Method.java:566)
	at org.testng.internal.MethodInvocationHelper.invokeMethod(MethodInvocationHelper.java:132)
	at org.testng.internal.TestInvoker.invokeMethod(TestInvoker.java:599)
	at org.testng.internal.TestInvoker.retryFailed(TestInvoker.java:214)
	at org.testng.internal.MethodRunner.runInSequence(MethodRunner.java:58)
	at org.testng.internal.TestInvoker$MethodInvocationAgent.invoke(TestInvoker.java:822)
	at org.testng.internal.TestInvoker.invokeTestMethods(TestInvoker.java:147)
	at org.testng.internal.TestMethodWorker.invokeTestMethods(TestMethodWorker.java:146)
	at org.testng.internal.TestMethodWorker.run(TestMethodWorker.java:128)
	at java.base/java.util.concurrent.ThreadPoolExecutor.runWorker(ThreadPoolExecutor.java:1128)
	at java.base/java.util.concurrent.ThreadPoolExecutor$Worker.run(ThreadPoolExecutor.java:628)
	at java.base/java.lang.Thread.run(Thread.java:834)

2021-04-03 17:06:36,059 TestNG-test=Mortgage_Calculator-1 ERROR Unable to invoke factory method in class org.apache.logging.log4j.core.appender.FileAppender for element File: java.lang.IllegalStateException: No factory method found for class org.apache.logging.log4j.core.appender.FileAppender java.lang.IllegalStateException: No factory method found for class org.apache.logging.log4j.core.appender.FileAppender
	at org.apache.logging.log4j.core.config.plugins.util.PluginBuilder.findFactoryMethod(PluginBuilder.java:234)
	at org.apache.logging.log4j.core.config.plugins.util.PluginBuilder.build(PluginBuilder.java:134)
	at org.apache.logging.log4j.core.config.AbstractConfiguration.createPluginObject(AbstractConfiguration.java:1002)
	at org.apache.logging.log4j.core.config.AbstractConfiguration.createConfiguration(AbstractConfiguration.java:942)
	at org.apache.logging.log4j.core.appender.routing.RoutingAppender.createAppender(RoutingAppender.java:299)
	at org.apache.logging.log4j.core.appender.routing.RoutingAppender.getControl(RoutingAppender.java:271)
	at org.apache.logging.log4j.core.appender.routing.RoutingAppender.append(RoutingAppender.java:229)
	at org.apache.logging.log4j.core.config.AppenderControl.tryCallAppender(AppenderControl.java:156)
	at org.apache.logging.log4j.core.config.AppenderControl.callAppender0(AppenderControl.java:129)
	at org.apache.logging.log4j.core.config.AppenderControl.callAppenderPreventRecursion(AppenderControl.java:120)
	at org.apache.logging.log4j.core.config.AppenderControl.callAppender(AppenderControl.java:84)
	at org.apache.logging.log4j.core.config.LoggerConfig.callAppenders(LoggerConfig.java:543)
	at org.apache.logging.log4j.core.config.LoggerConfig.processLogEvent(LoggerConfig.java:502)
	at org.apache.logging.log4j.core.config.LoggerConfig.log(LoggerConfig.java:485)
	at org.apache.logging.log4j.core.config.LoggerConfig.log(LoggerConfig.java:460)
	at org.apache.logging.log4j.core.config.AwaitCompletionReliabilityStrategy.log(AwaitCompletionReliabilityStrategy.java:82)
	at org.apache.logging.log4j.core.Logger.log(Logger.java:161)
	at org.apache.logging.log4j.spi.AbstractLogger.tryLogMessage(AbstractLogger.java:2198)
	at org.apache.logging.log4j.spi.AbstractLogger.logMessageTrackRecursion(AbstractLogger.java:2152)
	at org.apache.logging.log4j.spi.AbstractLogger.logMessageSafely(AbstractLogger.java:2135)
	at org.apache.logging.log4j.spi.AbstractLogger.logMessage(AbstractLogger.java:2011)
	at org.apache.logging.log4j.spi.AbstractLogger.logIfEnabled(AbstractLogger.java:1983)
	at org.apache.logging.log4j.spi.AbstractLogger.debug(AbstractLogger.java:327)
	at page_objects.RealApr.validateAPR(RealApr.java:75)
	at automation_test.mortgage_calculator.CalculateApr.calculateRealApr(CalculateApr.java:55)
	at java.base/jdk.internal.reflect.NativeMethodAccessorImpl.invoke0(Native Method)
	at java.base/jdk.internal.reflect.NativeMethodAccessorImpl.invoke(NativeMethodAccessorImpl.java:62)
	at java.base/jdk.internal.reflect.DelegatingMethodAccessorImpl.invoke(DelegatingMethodAccessorImpl.java:43)
	at java.base/java.lang.reflect.Method.invoke(Method.java:566)
	at org.testng.internal.MethodInvocationHelper.invokeMethod(MethodInvocationHelper.java:132)
	at org.testng.internal.TestInvoker.invokeMethod(TestInvoker.java:599)
	at org.testng.internal.TestInvoker.retryFailed(TestInvoker.java:214)
	at org.testng.internal.MethodRunner.runInSequence(MethodRunner.java:58)
	at org.testng.internal.TestInvoker$MethodInvocationAgent.invoke(TestInvoker.java:822)
	at org.testng.internal.TestInvoker.invokeTestMethods(TestInvoker.java:147)
	at org.testng.internal.TestMethodWorker.invokeTestMethods(TestMethodWorker.java:146)
	at org.testng.internal.TestMethodWorker.run(TestMethodWorker.java:128)
	at java.base/java.util.concurrent.ThreadPoolExecutor.runWorker(ThreadPoolExecutor.java:1128)
	at java.base/java.util.concurrent.ThreadPoolExecutor$Worker.run(ThreadPoolExecutor.java:628)
	at java.base/java.lang.Thread.run(Thread.java:834)

]]></system-out>
    <system-err><![CDATA[Starting ChromeDriver 89.0.4389.23 (61b08ee2c50024bab004e48d2b1b083cdbdac579-refs/branch-heads/4389@{#294}) on port 42617
Only local connections are allowed.
Please see https://chromedriver.chromium.org/security-considerations for suggestions on keeping ChromeDriver safe.
ChromeDriver was started successfully.
Apr 03, 2021 5:06:17 PM org.openqa.selenium.remote.ProtocolHandshake createSession
INFO: Detected dialect: W3C
]]></system-err>
  </testcase>
</testsuite>