<?xml version="1.0" encoding="UTF-8"?>
<!-- Generated by org.testng.reporters.JUnitReportReporter -->
<testsuite hostname="Sohel-PC" failures="0" tests="1" name="automation_test.mortgage_calculator.CalculateMonthlyPayment" time="36.139" errors="0" timestamp="2021-04-03T17:06:37 EDT" skipped="0">
  <testcase classname="automation_test.mortgage_calculator.CalculateMonthlyPayment" name="calculateRate" time="36.139"/>
  <system-out/>
</testsuite> <!-- automation_test.mortgage_calculator.CalculateMonthlyPayment -->
